[2025-03-02T10:13:33.201+0000] {processor.py:186} INFO - Started process (PID=72) to work on /opt/airflow/dags/mainDag.py
[2025-03-02T10:13:33.216+0000] {processor.py:914} INFO - Processing file /opt/airflow/dags/mainDag.py for tasks to queue
[2025-03-02T10:13:33.235+0000] {logging_mixin.py:190} INFO - [2025-03-02T10:13:33.234+0000] {dagbag.py:588} INFO - Filling up the DagBag from /opt/airflow/dags/mainDag.py
[2025-03-02T10:13:33.343+0000] {logging_mixin.py:190} INFO - [2025-03-02T10:13:33.328+0000] {dagbag.py:387} ERROR - Failed to import: /opt/airflow/dags/mainDag.py
Traceback (most recent call last):
  File "/home/airflow/.local/lib/python3.12/site-packages/airflow/models/dagbag.py", line 383, in parse
    loader.exec_module(new_module)
  File "<frozen importlib._bootstrap_external>", line 999, in exec_module
  File "<frozen importlib._bootstrap>", line 488, in _call_with_frames_removed
  File "/opt/airflow/dags/mainDag.py", line 4, in <module>
    from airflow.scripts.extract import extract_data
ModuleNotFoundError: No module named 'airflow.scripts'
[2025-03-02T10:13:33.345+0000] {processor.py:927} WARNING - No viable dags retrieved from /opt/airflow/dags/mainDag.py
[2025-03-02T10:13:33.486+0000] {processor.py:208} INFO - Processing /opt/airflow/dags/mainDag.py took 0.343 seconds
[2025-03-02T10:14:04.141+0000] {processor.py:186} INFO - Started process (PID=79) to work on /opt/airflow/dags/mainDag.py
[2025-03-02T10:14:04.144+0000] {processor.py:914} INFO - Processing file /opt/airflow/dags/mainDag.py for tasks to queue
[2025-03-02T10:14:04.174+0000] {logging_mixin.py:190} INFO - [2025-03-02T10:14:04.171+0000] {dagbag.py:588} INFO - Filling up the DagBag from /opt/airflow/dags/mainDag.py
[2025-03-02T10:14:04.231+0000] {logging_mixin.py:190} INFO - [2025-03-02T10:14:04.218+0000] {dagbag.py:387} ERROR - Failed to import: /opt/airflow/dags/mainDag.py
Traceback (most recent call last):
  File "/home/airflow/.local/lib/python3.12/site-packages/airflow/models/dagbag.py", line 383, in parse
    loader.exec_module(new_module)
  File "<frozen importlib._bootstrap_external>", line 999, in exec_module
  File "<frozen importlib._bootstrap>", line 488, in _call_with_frames_removed
  File "/opt/airflow/dags/mainDag.py", line 4, in <module>
    from airflow.scripts.extract import extract_data
ModuleNotFoundError: No module named 'airflow.scripts'
[2025-03-02T10:14:04.234+0000] {processor.py:927} WARNING - No viable dags retrieved from /opt/airflow/dags/mainDag.py
[2025-03-02T10:14:04.516+0000] {processor.py:208} INFO - Processing /opt/airflow/dags/mainDag.py took 0.443 seconds
[2025-03-02T10:14:34.889+0000] {processor.py:186} INFO - Started process (PID=86) to work on /opt/airflow/dags/mainDag.py
[2025-03-02T10:14:34.893+0000] {processor.py:914} INFO - Processing file /opt/airflow/dags/mainDag.py for tasks to queue
[2025-03-02T10:14:35.006+0000] {logging_mixin.py:190} INFO - [2025-03-02T10:14:35.005+0000] {dagbag.py:588} INFO - Filling up the DagBag from /opt/airflow/dags/mainDag.py
[2025-03-02T10:14:35.063+0000] {logging_mixin.py:190} INFO - [2025-03-02T10:14:35.027+0000] {dagbag.py:387} ERROR - Failed to import: /opt/airflow/dags/mainDag.py
Traceback (most recent call last):
  File "/home/airflow/.local/lib/python3.12/site-packages/airflow/models/dagbag.py", line 383, in parse
    loader.exec_module(new_module)
  File "<frozen importlib._bootstrap_external>", line 999, in exec_module
  File "<frozen importlib._bootstrap>", line 488, in _call_with_frames_removed
  File "/opt/airflow/dags/mainDag.py", line 4, in <module>
    from airflow.scripts.extract import extract_data
ModuleNotFoundError: No module named 'airflow.scripts'
[2025-03-02T10:14:35.065+0000] {processor.py:927} WARNING - No viable dags retrieved from /opt/airflow/dags/mainDag.py
[2025-03-02T10:14:35.150+0000] {processor.py:208} INFO - Processing /opt/airflow/dags/mainDag.py took 0.293 seconds
[2025-03-02T10:15:05.804+0000] {processor.py:186} INFO - Started process (PID=93) to work on /opt/airflow/dags/mainDag.py
[2025-03-02T10:15:05.806+0000] {processor.py:914} INFO - Processing file /opt/airflow/dags/mainDag.py for tasks to queue
[2025-03-02T10:15:05.811+0000] {logging_mixin.py:190} INFO - [2025-03-02T10:15:05.811+0000] {dagbag.py:588} INFO - Filling up the DagBag from /opt/airflow/dags/mainDag.py
[2025-03-02T10:15:05.831+0000] {logging_mixin.py:190} INFO - [2025-03-02T10:15:05.827+0000] {dagbag.py:387} ERROR - Failed to import: /opt/airflow/dags/mainDag.py
Traceback (most recent call last):
  File "/home/airflow/.local/lib/python3.12/site-packages/airflow/models/dagbag.py", line 383, in parse
    loader.exec_module(new_module)
  File "<frozen importlib._bootstrap_external>", line 999, in exec_module
  File "<frozen importlib._bootstrap>", line 488, in _call_with_frames_removed
  File "/opt/airflow/dags/mainDag.py", line 4, in <module>
    from airflow.scripts.extract import extract_data
ModuleNotFoundError: No module named 'airflow.scripts'
[2025-03-02T10:15:05.834+0000] {processor.py:927} WARNING - No viable dags retrieved from /opt/airflow/dags/mainDag.py
[2025-03-02T10:15:05.875+0000] {processor.py:208} INFO - Processing /opt/airflow/dags/mainDag.py took 0.080 seconds
[2025-03-02T10:15:36.165+0000] {processor.py:186} INFO - Started process (PID=100) to work on /opt/airflow/dags/mainDag.py
[2025-03-02T10:15:36.167+0000] {processor.py:914} INFO - Processing file /opt/airflow/dags/mainDag.py for tasks to queue
[2025-03-02T10:15:36.171+0000] {logging_mixin.py:190} INFO - [2025-03-02T10:15:36.171+0000] {dagbag.py:588} INFO - Filling up the DagBag from /opt/airflow/dags/mainDag.py
[2025-03-02T10:15:36.186+0000] {logging_mixin.py:190} INFO - [2025-03-02T10:15:36.182+0000] {dagbag.py:387} ERROR - Failed to import: /opt/airflow/dags/mainDag.py
Traceback (most recent call last):
  File "/home/airflow/.local/lib/python3.12/site-packages/airflow/models/dagbag.py", line 383, in parse
    loader.exec_module(new_module)
  File "<frozen importlib._bootstrap_external>", line 999, in exec_module
  File "<frozen importlib._bootstrap>", line 488, in _call_with_frames_removed
  File "/opt/airflow/dags/mainDag.py", line 4, in <module>
    from airflow.scripts.extract import extract_data
ModuleNotFoundError: No module named 'airflow.scripts'
[2025-03-02T10:15:36.188+0000] {processor.py:927} WARNING - No viable dags retrieved from /opt/airflow/dags/mainDag.py
[2025-03-02T10:15:36.214+0000] {processor.py:208} INFO - Processing /opt/airflow/dags/mainDag.py took 0.082 seconds
[2025-03-02T10:19:36.563+0000] {processor.py:186} INFO - Started process (PID=72) to work on /opt/airflow/dags/mainDag.py
[2025-03-02T10:19:36.572+0000] {processor.py:914} INFO - Processing file /opt/airflow/dags/mainDag.py for tasks to queue
[2025-03-02T10:19:36.676+0000] {logging_mixin.py:190} INFO - [2025-03-02T10:19:36.619+0000] {dagbag.py:588} INFO - Filling up the DagBag from /opt/airflow/dags/mainDag.py
[2025-03-02T10:19:48.095+0000] {processor.py:925} INFO - DAG(s) 'solar_energy_crops_pipeline' retrieved from /opt/airflow/dags/mainDag.py
[2025-03-02T10:19:48.847+0000] {logging_mixin.py:190} INFO - [2025-03-02T10:19:48.839+0000] {override.py:1911} INFO - Created Permission View: can read on DAG:solar_energy_crops_pipeline
[2025-03-02T10:19:48.863+0000] {logging_mixin.py:190} INFO - [2025-03-02T10:19:48.863+0000] {override.py:1911} INFO - Created Permission View: can delete on DAG:solar_energy_crops_pipeline
[2025-03-02T10:19:48.875+0000] {logging_mixin.py:190} INFO - [2025-03-02T10:19:48.875+0000] {override.py:1911} INFO - Created Permission View: can edit on DAG:solar_energy_crops_pipeline
[2025-03-02T10:19:48.888+0000] {logging_mixin.py:190} INFO - [2025-03-02T10:19:48.887+0000] {override.py:1911} INFO - Created Permission View: can read on DAG Run:solar_energy_crops_pipeline
[2025-03-02T10:19:48.896+0000] {logging_mixin.py:190} INFO - [2025-03-02T10:19:48.896+0000] {override.py:1911} INFO - Created Permission View: can delete on DAG Run:solar_energy_crops_pipeline
[2025-03-02T10:19:48.908+0000] {logging_mixin.py:190} INFO - [2025-03-02T10:19:48.907+0000] {override.py:1911} INFO - Created Permission View: menu access on DAG Run:solar_energy_crops_pipeline
[2025-03-02T10:19:48.918+0000] {logging_mixin.py:190} INFO - [2025-03-02T10:19:48.918+0000] {override.py:1911} INFO - Created Permission View: can create on DAG Run:solar_energy_crops_pipeline
[2025-03-02T10:19:48.919+0000] {logging_mixin.py:190} INFO - [2025-03-02T10:19:48.919+0000] {dag.py:3239} INFO - Sync 1 DAGs
[2025-03-02T10:19:48.941+0000] {logging_mixin.py:190} INFO - [2025-03-02T10:19:48.940+0000] {dag.py:3262} INFO - Creating ORM DAG for solar_energy_crops_pipeline
[2025-03-02T10:19:48.958+0000] {logging_mixin.py:190} INFO - [2025-03-02T10:19:48.958+0000] {dag.py:4180} INFO - Setting next_dagrun for solar_energy_crops_pipeline to 2025-03-01 00:00:00+00:00, run_after=2025-03-02 00:00:00+00:00
[2025-03-02T10:19:48.989+0000] {processor.py:208} INFO - Processing /opt/airflow/dags/mainDag.py took 12.541 seconds
[2025-03-02T10:20:19.565+0000] {processor.py:186} INFO - Started process (PID=80) to work on /opt/airflow/dags/mainDag.py
[2025-03-02T10:20:19.568+0000] {processor.py:914} INFO - Processing file /opt/airflow/dags/mainDag.py for tasks to queue
[2025-03-02T10:20:19.599+0000] {logging_mixin.py:190} INFO - [2025-03-02T10:20:19.593+0000] {dagbag.py:588} INFO - Filling up the DagBag from /opt/airflow/dags/mainDag.py
[2025-03-02T10:20:22.368+0000] {processor.py:925} INFO - DAG(s) 'solar_energy_crops_pipeline' retrieved from /opt/airflow/dags/mainDag.py
[2025-03-02T10:20:22.411+0000] {logging_mixin.py:190} INFO - [2025-03-02T10:20:22.411+0000] {dag.py:3239} INFO - Sync 1 DAGs
[2025-03-02T10:20:22.445+0000] {logging_mixin.py:190} INFO - [2025-03-02T10:20:22.445+0000] {dag.py:4180} INFO - Setting next_dagrun for solar_energy_crops_pipeline to 2025-03-01 00:00:00+00:00, run_after=2025-03-02 00:00:00+00:00
[2025-03-02T10:20:22.474+0000] {processor.py:208} INFO - Processing /opt/airflow/dags/mainDag.py took 2.959 seconds
[2025-03-02T10:20:52.790+0000] {processor.py:186} INFO - Started process (PID=88) to work on /opt/airflow/dags/mainDag.py
[2025-03-02T10:20:52.792+0000] {processor.py:914} INFO - Processing file /opt/airflow/dags/mainDag.py for tasks to queue
[2025-03-02T10:20:52.796+0000] {logging_mixin.py:190} INFO - [2025-03-02T10:20:52.794+0000] {dagbag.py:588} INFO - Filling up the DagBag from /opt/airflow/dags/mainDag.py
[2025-03-02T10:20:53.500+0000] {processor.py:925} INFO - DAG(s) 'solar_energy_crops_pipeline' retrieved from /opt/airflow/dags/mainDag.py
[2025-03-02T10:20:53.526+0000] {logging_mixin.py:190} INFO - [2025-03-02T10:20:53.526+0000] {dag.py:3239} INFO - Sync 1 DAGs
[2025-03-02T10:20:53.547+0000] {logging_mixin.py:190} INFO - [2025-03-02T10:20:53.546+0000] {dag.py:4180} INFO - Setting next_dagrun for solar_energy_crops_pipeline to 2025-03-01 00:00:00+00:00, run_after=2025-03-02 00:00:00+00:00
[2025-03-02T10:20:53.570+0000] {processor.py:208} INFO - Processing /opt/airflow/dags/mainDag.py took 0.785 seconds
[2025-03-02T10:21:23.877+0000] {processor.py:186} INFO - Started process (PID=96) to work on /opt/airflow/dags/mainDag.py
[2025-03-02T10:21:23.878+0000] {processor.py:914} INFO - Processing file /opt/airflow/dags/mainDag.py for tasks to queue
[2025-03-02T10:21:23.882+0000] {logging_mixin.py:190} INFO - [2025-03-02T10:21:23.881+0000] {dagbag.py:588} INFO - Filling up the DagBag from /opt/airflow/dags/mainDag.py
[2025-03-02T10:21:24.507+0000] {processor.py:925} INFO - DAG(s) 'solar_energy_crops_pipeline' retrieved from /opt/airflow/dags/mainDag.py
[2025-03-02T10:21:24.535+0000] {logging_mixin.py:190} INFO - [2025-03-02T10:21:24.534+0000] {dag.py:3239} INFO - Sync 1 DAGs
[2025-03-02T10:21:24.561+0000] {logging_mixin.py:190} INFO - [2025-03-02T10:21:24.560+0000] {dag.py:4180} INFO - Setting next_dagrun for solar_energy_crops_pipeline to 2025-03-01 00:00:00+00:00, run_after=2025-03-02 00:00:00+00:00
[2025-03-02T10:21:24.587+0000] {processor.py:208} INFO - Processing /opt/airflow/dags/mainDag.py took 0.718 seconds
[2025-03-02T10:21:55.587+0000] {processor.py:186} INFO - Started process (PID=108) to work on /opt/airflow/dags/mainDag.py
[2025-03-02T10:21:55.589+0000] {processor.py:914} INFO - Processing file /opt/airflow/dags/mainDag.py for tasks to queue
[2025-03-02T10:21:55.598+0000] {logging_mixin.py:190} INFO - [2025-03-02T10:21:55.596+0000] {dagbag.py:588} INFO - Filling up the DagBag from /opt/airflow/dags/mainDag.py
[2025-03-02T10:21:56.995+0000] {processor.py:925} INFO - DAG(s) 'solar_energy_crops_pipeline' retrieved from /opt/airflow/dags/mainDag.py
[2025-03-02T10:21:57.018+0000] {logging_mixin.py:190} INFO - [2025-03-02T10:21:57.017+0000] {dag.py:3239} INFO - Sync 1 DAGs
[2025-03-02T10:21:57.039+0000] {logging_mixin.py:190} INFO - [2025-03-02T10:21:57.039+0000] {dag.py:4180} INFO - Setting next_dagrun for solar_energy_crops_pipeline to 2025-03-02 00:00:00+00:00, run_after=2025-03-03 00:00:00+00:00
[2025-03-02T10:21:57.063+0000] {processor.py:208} INFO - Processing /opt/airflow/dags/mainDag.py took 1.493 seconds
[2025-03-02T10:22:27.398+0000] {processor.py:186} INFO - Started process (PID=116) to work on /opt/airflow/dags/mainDag.py
[2025-03-02T10:22:27.399+0000] {processor.py:914} INFO - Processing file /opt/airflow/dags/mainDag.py for tasks to queue
[2025-03-02T10:22:27.402+0000] {logging_mixin.py:190} INFO - [2025-03-02T10:22:27.401+0000] {dagbag.py:588} INFO - Filling up the DagBag from /opt/airflow/dags/mainDag.py
[2025-03-02T10:22:27.855+0000] {processor.py:925} INFO - DAG(s) 'solar_energy_crops_pipeline' retrieved from /opt/airflow/dags/mainDag.py
[2025-03-02T10:22:27.882+0000] {logging_mixin.py:190} INFO - [2025-03-02T10:22:27.882+0000] {dag.py:3239} INFO - Sync 1 DAGs
[2025-03-02T10:22:27.902+0000] {logging_mixin.py:190} INFO - [2025-03-02T10:22:27.902+0000] {dag.py:4180} INFO - Setting next_dagrun for solar_energy_crops_pipeline to 2025-03-02 00:00:00+00:00, run_after=2025-03-03 00:00:00+00:00
[2025-03-02T10:22:27.925+0000] {processor.py:208} INFO - Processing /opt/airflow/dags/mainDag.py took 0.535 seconds
[2025-03-02T10:22:58.129+0000] {processor.py:186} INFO - Started process (PID=124) to work on /opt/airflow/dags/mainDag.py
[2025-03-02T10:22:58.130+0000] {processor.py:914} INFO - Processing file /opt/airflow/dags/mainDag.py for tasks to queue
[2025-03-02T10:22:58.134+0000] {logging_mixin.py:190} INFO - [2025-03-02T10:22:58.133+0000] {dagbag.py:588} INFO - Filling up the DagBag from /opt/airflow/dags/mainDag.py
[2025-03-02T10:22:58.556+0000] {processor.py:925} INFO - DAG(s) 'solar_energy_crops_pipeline' retrieved from /opt/airflow/dags/mainDag.py
[2025-03-02T10:22:58.580+0000] {logging_mixin.py:190} INFO - [2025-03-02T10:22:58.580+0000] {dag.py:3239} INFO - Sync 1 DAGs
[2025-03-02T10:22:58.599+0000] {logging_mixin.py:190} INFO - [2025-03-02T10:22:58.598+0000] {dag.py:4180} INFO - Setting next_dagrun for solar_energy_crops_pipeline to 2025-03-02 00:00:00+00:00, run_after=2025-03-03 00:00:00+00:00
[2025-03-02T10:22:58.620+0000] {processor.py:208} INFO - Processing /opt/airflow/dags/mainDag.py took 0.499 seconds
[2025-03-02T10:23:28.937+0000] {processor.py:186} INFO - Started process (PID=132) to work on /opt/airflow/dags/mainDag.py
[2025-03-02T10:23:28.938+0000] {processor.py:914} INFO - Processing file /opt/airflow/dags/mainDag.py for tasks to queue
[2025-03-02T10:23:28.942+0000] {logging_mixin.py:190} INFO - [2025-03-02T10:23:28.941+0000] {dagbag.py:588} INFO - Filling up the DagBag from /opt/airflow/dags/mainDag.py
[2025-03-02T10:23:29.459+0000] {processor.py:925} INFO - DAG(s) 'solar_energy_crops_pipeline' retrieved from /opt/airflow/dags/mainDag.py
[2025-03-02T10:23:29.487+0000] {logging_mixin.py:190} INFO - [2025-03-02T10:23:29.487+0000] {dag.py:3239} INFO - Sync 1 DAGs
[2025-03-02T10:23:29.514+0000] {logging_mixin.py:190} INFO - [2025-03-02T10:23:29.514+0000] {dag.py:4180} INFO - Setting next_dagrun for solar_energy_crops_pipeline to 2025-03-02 00:00:00+00:00, run_after=2025-03-03 00:00:00+00:00
[2025-03-02T10:23:29.540+0000] {processor.py:208} INFO - Processing /opt/airflow/dags/mainDag.py took 0.613 seconds
[2025-03-02T10:23:59.827+0000] {processor.py:186} INFO - Started process (PID=140) to work on /opt/airflow/dags/mainDag.py
[2025-03-02T10:23:59.828+0000] {processor.py:914} INFO - Processing file /opt/airflow/dags/mainDag.py for tasks to queue
[2025-03-02T10:23:59.831+0000] {logging_mixin.py:190} INFO - [2025-03-02T10:23:59.831+0000] {dagbag.py:588} INFO - Filling up the DagBag from /opt/airflow/dags/mainDag.py
[2025-03-02T10:24:00.328+0000] {processor.py:925} INFO - DAG(s) 'solar_energy_crops_pipeline' retrieved from /opt/airflow/dags/mainDag.py
[2025-03-02T10:24:00.350+0000] {logging_mixin.py:190} INFO - [2025-03-02T10:24:00.349+0000] {dag.py:3239} INFO - Sync 1 DAGs
[2025-03-02T10:24:00.371+0000] {logging_mixin.py:190} INFO - [2025-03-02T10:24:00.371+0000] {dag.py:4180} INFO - Setting next_dagrun for solar_energy_crops_pipeline to 2025-03-02 00:00:00+00:00, run_after=2025-03-03 00:00:00+00:00
[2025-03-02T10:24:00.397+0000] {processor.py:208} INFO - Processing /opt/airflow/dags/mainDag.py took 0.601 seconds
[2025-03-02T10:24:30.755+0000] {processor.py:186} INFO - Started process (PID=148) to work on /opt/airflow/dags/mainDag.py
[2025-03-02T10:24:30.758+0000] {processor.py:914} INFO - Processing file /opt/airflow/dags/mainDag.py for tasks to queue
[2025-03-02T10:24:30.763+0000] {logging_mixin.py:190} INFO - [2025-03-02T10:24:30.763+0000] {dagbag.py:588} INFO - Filling up the DagBag from /opt/airflow/dags/mainDag.py
[2025-03-02T10:24:31.286+0000] {processor.py:925} INFO - DAG(s) 'solar_energy_crops_pipeline' retrieved from /opt/airflow/dags/mainDag.py
[2025-03-02T10:24:31.310+0000] {logging_mixin.py:190} INFO - [2025-03-02T10:24:31.310+0000] {dag.py:3239} INFO - Sync 1 DAGs
[2025-03-02T10:24:31.332+0000] {logging_mixin.py:190} INFO - [2025-03-02T10:24:31.332+0000] {dag.py:4180} INFO - Setting next_dagrun for solar_energy_crops_pipeline to 2025-03-02 00:00:00+00:00, run_after=2025-03-03 00:00:00+00:00
[2025-03-02T10:24:31.356+0000] {processor.py:208} INFO - Processing /opt/airflow/dags/mainDag.py took 0.612 seconds
[2025-03-02T10:25:01.436+0000] {processor.py:186} INFO - Started process (PID=156) to work on /opt/airflow/dags/mainDag.py
[2025-03-02T10:25:01.438+0000] {processor.py:914} INFO - Processing file /opt/airflow/dags/mainDag.py for tasks to queue
[2025-03-02T10:25:01.441+0000] {logging_mixin.py:190} INFO - [2025-03-02T10:25:01.440+0000] {dagbag.py:588} INFO - Filling up the DagBag from /opt/airflow/dags/mainDag.py
[2025-03-02T10:25:01.905+0000] {processor.py:925} INFO - DAG(s) 'solar_energy_crops_pipeline' retrieved from /opt/airflow/dags/mainDag.py
[2025-03-02T10:25:01.930+0000] {logging_mixin.py:190} INFO - [2025-03-02T10:25:01.930+0000] {dag.py:3239} INFO - Sync 1 DAGs
[2025-03-02T10:25:01.951+0000] {logging_mixin.py:190} INFO - [2025-03-02T10:25:01.951+0000] {dag.py:4180} INFO - Setting next_dagrun for solar_energy_crops_pipeline to 2025-03-02 00:00:00+00:00, run_after=2025-03-03 00:00:00+00:00
[2025-03-02T10:25:01.976+0000] {processor.py:208} INFO - Processing /opt/airflow/dags/mainDag.py took 0.548 seconds
[2025-03-02T10:25:32.309+0000] {processor.py:186} INFO - Started process (PID=164) to work on /opt/airflow/dags/mainDag.py
[2025-03-02T10:25:32.310+0000] {processor.py:914} INFO - Processing file /opt/airflow/dags/mainDag.py for tasks to queue
[2025-03-02T10:25:32.313+0000] {logging_mixin.py:190} INFO - [2025-03-02T10:25:32.312+0000] {dagbag.py:588} INFO - Filling up the DagBag from /opt/airflow/dags/mainDag.py
[2025-03-02T10:25:32.775+0000] {processor.py:925} INFO - DAG(s) 'solar_energy_crops_pipeline' retrieved from /opt/airflow/dags/mainDag.py
[2025-03-02T10:25:32.800+0000] {logging_mixin.py:190} INFO - [2025-03-02T10:25:32.799+0000] {dag.py:3239} INFO - Sync 1 DAGs
[2025-03-02T10:25:32.820+0000] {logging_mixin.py:190} INFO - [2025-03-02T10:25:32.820+0000] {dag.py:4180} INFO - Setting next_dagrun for solar_energy_crops_pipeline to 2025-03-02 00:00:00+00:00, run_after=2025-03-03 00:00:00+00:00
[2025-03-02T10:25:32.849+0000] {processor.py:208} INFO - Processing /opt/airflow/dags/mainDag.py took 0.547 seconds
[2025-03-02T10:26:03.132+0000] {processor.py:186} INFO - Started process (PID=172) to work on /opt/airflow/dags/mainDag.py
[2025-03-02T10:26:03.134+0000] {processor.py:914} INFO - Processing file /opt/airflow/dags/mainDag.py for tasks to queue
[2025-03-02T10:26:03.136+0000] {logging_mixin.py:190} INFO - [2025-03-02T10:26:03.136+0000] {dagbag.py:588} INFO - Filling up the DagBag from /opt/airflow/dags/mainDag.py
[2025-03-02T10:26:03.581+0000] {processor.py:925} INFO - DAG(s) 'solar_energy_crops_pipeline' retrieved from /opt/airflow/dags/mainDag.py
[2025-03-02T10:26:03.604+0000] {logging_mixin.py:190} INFO - [2025-03-02T10:26:03.603+0000] {dag.py:3239} INFO - Sync 1 DAGs
[2025-03-02T10:26:03.626+0000] {logging_mixin.py:190} INFO - [2025-03-02T10:26:03.625+0000] {dag.py:4180} INFO - Setting next_dagrun for solar_energy_crops_pipeline to 2025-03-02 00:00:00+00:00, run_after=2025-03-03 00:00:00+00:00
[2025-03-02T10:26:03.650+0000] {processor.py:208} INFO - Processing /opt/airflow/dags/mainDag.py took 0.525 seconds
[2025-03-02T10:26:33.902+0000] {processor.py:186} INFO - Started process (PID=180) to work on /opt/airflow/dags/mainDag.py
[2025-03-02T10:26:33.904+0000] {processor.py:914} INFO - Processing file /opt/airflow/dags/mainDag.py for tasks to queue
[2025-03-02T10:26:33.906+0000] {logging_mixin.py:190} INFO - [2025-03-02T10:26:33.906+0000] {dagbag.py:588} INFO - Filling up the DagBag from /opt/airflow/dags/mainDag.py
[2025-03-02T10:26:34.328+0000] {processor.py:925} INFO - DAG(s) 'solar_energy_crops_pipeline' retrieved from /opt/airflow/dags/mainDag.py
[2025-03-02T10:26:34.352+0000] {logging_mixin.py:190} INFO - [2025-03-02T10:26:34.351+0000] {dag.py:3239} INFO - Sync 1 DAGs
[2025-03-02T10:26:34.371+0000] {logging_mixin.py:190} INFO - [2025-03-02T10:26:34.371+0000] {dag.py:4180} INFO - Setting next_dagrun for solar_energy_crops_pipeline to 2025-03-02 00:00:00+00:00, run_after=2025-03-03 00:00:00+00:00
[2025-03-02T10:26:34.397+0000] {processor.py:208} INFO - Processing /opt/airflow/dags/mainDag.py took 0.500 seconds
[2025-03-02T10:27:04.742+0000] {processor.py:186} INFO - Started process (PID=189) to work on /opt/airflow/dags/mainDag.py
[2025-03-02T10:27:04.743+0000] {processor.py:914} INFO - Processing file /opt/airflow/dags/mainDag.py for tasks to queue
[2025-03-02T10:27:04.746+0000] {logging_mixin.py:190} INFO - [2025-03-02T10:27:04.745+0000] {dagbag.py:588} INFO - Filling up the DagBag from /opt/airflow/dags/mainDag.py
[2025-03-02T10:27:05.201+0000] {processor.py:925} INFO - DAG(s) 'solar_energy_crops_pipeline' retrieved from /opt/airflow/dags/mainDag.py
[2025-03-02T10:27:05.237+0000] {logging_mixin.py:190} INFO - [2025-03-02T10:27:05.237+0000] {dag.py:3239} INFO - Sync 1 DAGs
[2025-03-02T10:27:05.264+0000] {logging_mixin.py:190} INFO - [2025-03-02T10:27:05.263+0000] {dag.py:4180} INFO - Setting next_dagrun for solar_energy_crops_pipeline to 2025-03-02 00:00:00+00:00, run_after=2025-03-03 00:00:00+00:00
[2025-03-02T10:27:05.293+0000] {processor.py:208} INFO - Processing /opt/airflow/dags/mainDag.py took 0.558 seconds
[2025-03-02T10:27:35.571+0000] {processor.py:186} INFO - Started process (PID=204) to work on /opt/airflow/dags/mainDag.py
[2025-03-02T10:27:35.572+0000] {processor.py:914} INFO - Processing file /opt/airflow/dags/mainDag.py for tasks to queue
[2025-03-02T10:27:35.575+0000] {logging_mixin.py:190} INFO - [2025-03-02T10:27:35.575+0000] {dagbag.py:588} INFO - Filling up the DagBag from /opt/airflow/dags/mainDag.py
[2025-03-02T10:27:36.037+0000] {processor.py:925} INFO - DAG(s) 'solar_energy_crops_pipeline' retrieved from /opt/airflow/dags/mainDag.py
[2025-03-02T10:27:36.061+0000] {logging_mixin.py:190} INFO - [2025-03-02T10:27:36.061+0000] {dag.py:3239} INFO - Sync 1 DAGs
[2025-03-02T10:27:36.084+0000] {logging_mixin.py:190} INFO - [2025-03-02T10:27:36.084+0000] {dag.py:4180} INFO - Setting next_dagrun for solar_energy_crops_pipeline to 2025-03-02 00:00:00+00:00, run_after=2025-03-03 00:00:00+00:00
[2025-03-02T10:27:36.107+0000] {processor.py:208} INFO - Processing /opt/airflow/dags/mainDag.py took 0.542 seconds
[2025-03-02T10:28:06.414+0000] {processor.py:186} INFO - Started process (PID=212) to work on /opt/airflow/dags/mainDag.py
[2025-03-02T10:28:06.416+0000] {processor.py:914} INFO - Processing file /opt/airflow/dags/mainDag.py for tasks to queue
[2025-03-02T10:28:06.419+0000] {logging_mixin.py:190} INFO - [2025-03-02T10:28:06.418+0000] {dagbag.py:588} INFO - Filling up the DagBag from /opt/airflow/dags/mainDag.py
[2025-03-02T10:28:06.853+0000] {processor.py:925} INFO - DAG(s) 'solar_energy_crops_pipeline' retrieved from /opt/airflow/dags/mainDag.py
[2025-03-02T10:28:06.877+0000] {logging_mixin.py:190} INFO - [2025-03-02T10:28:06.877+0000] {dag.py:3239} INFO - Sync 1 DAGs
[2025-03-02T10:28:06.897+0000] {logging_mixin.py:190} INFO - [2025-03-02T10:28:06.897+0000] {dag.py:4180} INFO - Setting next_dagrun for solar_energy_crops_pipeline to 2025-03-02 00:00:00+00:00, run_after=2025-03-03 00:00:00+00:00
[2025-03-02T10:28:06.921+0000] {processor.py:208} INFO - Processing /opt/airflow/dags/mainDag.py took 0.513 seconds
[2025-03-02T10:28:37.175+0000] {processor.py:186} INFO - Started process (PID=220) to work on /opt/airflow/dags/mainDag.py
[2025-03-02T10:28:37.176+0000] {processor.py:914} INFO - Processing file /opt/airflow/dags/mainDag.py for tasks to queue
[2025-03-02T10:28:37.179+0000] {logging_mixin.py:190} INFO - [2025-03-02T10:28:37.179+0000] {dagbag.py:588} INFO - Filling up the DagBag from /opt/airflow/dags/mainDag.py
[2025-03-02T10:28:37.648+0000] {processor.py:925} INFO - DAG(s) 'solar_energy_crops_pipeline' retrieved from /opt/airflow/dags/mainDag.py
[2025-03-02T10:28:37.673+0000] {logging_mixin.py:190} INFO - [2025-03-02T10:28:37.673+0000] {dag.py:3239} INFO - Sync 1 DAGs
[2025-03-02T10:28:37.692+0000] {logging_mixin.py:190} INFO - [2025-03-02T10:28:37.692+0000] {dag.py:4180} INFO - Setting next_dagrun for solar_energy_crops_pipeline to 2025-03-02 00:00:00+00:00, run_after=2025-03-03 00:00:00+00:00
[2025-03-02T10:28:37.719+0000] {processor.py:208} INFO - Processing /opt/airflow/dags/mainDag.py took 0.549 seconds
[2025-03-02T10:29:08.052+0000] {processor.py:186} INFO - Started process (PID=228) to work on /opt/airflow/dags/mainDag.py
[2025-03-02T10:29:08.054+0000] {processor.py:914} INFO - Processing file /opt/airflow/dags/mainDag.py for tasks to queue
[2025-03-02T10:29:08.057+0000] {logging_mixin.py:190} INFO - [2025-03-02T10:29:08.057+0000] {dagbag.py:588} INFO - Filling up the DagBag from /opt/airflow/dags/mainDag.py
[2025-03-02T10:29:08.497+0000] {processor.py:925} INFO - DAG(s) 'solar_energy_crops_pipeline' retrieved from /opt/airflow/dags/mainDag.py
[2025-03-02T10:29:08.523+0000] {logging_mixin.py:190} INFO - [2025-03-02T10:29:08.522+0000] {dag.py:3239} INFO - Sync 1 DAGs
[2025-03-02T10:29:08.542+0000] {logging_mixin.py:190} INFO - [2025-03-02T10:29:08.542+0000] {dag.py:4180} INFO - Setting next_dagrun for solar_energy_crops_pipeline to 2025-03-02 00:00:00+00:00, run_after=2025-03-03 00:00:00+00:00
[2025-03-02T10:29:08.566+0000] {processor.py:208} INFO - Processing /opt/airflow/dags/mainDag.py took 0.520 seconds
[2025-03-02T10:29:38.922+0000] {processor.py:186} INFO - Started process (PID=237) to work on /opt/airflow/dags/mainDag.py
[2025-03-02T10:29:38.924+0000] {processor.py:914} INFO - Processing file /opt/airflow/dags/mainDag.py for tasks to queue
[2025-03-02T10:29:38.926+0000] {logging_mixin.py:190} INFO - [2025-03-02T10:29:38.926+0000] {dagbag.py:588} INFO - Filling up the DagBag from /opt/airflow/dags/mainDag.py
[2025-03-02T10:29:39.512+0000] {processor.py:925} INFO - DAG(s) 'solar_energy_crops_pipeline' retrieved from /opt/airflow/dags/mainDag.py
[2025-03-02T10:29:39.535+0000] {logging_mixin.py:190} INFO - [2025-03-02T10:29:39.535+0000] {dag.py:3239} INFO - Sync 1 DAGs
[2025-03-02T10:29:39.556+0000] {logging_mixin.py:190} INFO - [2025-03-02T10:29:39.555+0000] {dag.py:4180} INFO - Setting next_dagrun for solar_energy_crops_pipeline to 2025-03-02 00:00:00+00:00, run_after=2025-03-03 00:00:00+00:00
[2025-03-02T10:29:39.579+0000] {processor.py:208} INFO - Processing /opt/airflow/dags/mainDag.py took 0.662 seconds
[2025-03-02T10:30:09.984+0000] {processor.py:186} INFO - Started process (PID=245) to work on /opt/airflow/dags/mainDag.py
[2025-03-02T10:30:09.986+0000] {processor.py:914} INFO - Processing file /opt/airflow/dags/mainDag.py for tasks to queue
[2025-03-02T10:30:09.990+0000] {logging_mixin.py:190} INFO - [2025-03-02T10:30:09.989+0000] {dagbag.py:588} INFO - Filling up the DagBag from /opt/airflow/dags/mainDag.py
[2025-03-02T10:30:10.545+0000] {processor.py:925} INFO - DAG(s) 'solar_energy_crops_pipeline' retrieved from /opt/airflow/dags/mainDag.py
[2025-03-02T10:30:10.575+0000] {logging_mixin.py:190} INFO - [2025-03-02T10:30:10.574+0000] {dag.py:3239} INFO - Sync 1 DAGs
[2025-03-02T10:30:10.597+0000] {logging_mixin.py:190} INFO - [2025-03-02T10:30:10.597+0000] {dag.py:4180} INFO - Setting next_dagrun for solar_energy_crops_pipeline to 2025-03-02 00:00:00+00:00, run_after=2025-03-03 00:00:00+00:00
[2025-03-02T10:30:10.621+0000] {processor.py:208} INFO - Processing /opt/airflow/dags/mainDag.py took 0.646 seconds
[2025-03-02T10:30:41.048+0000] {processor.py:186} INFO - Started process (PID=253) to work on /opt/airflow/dags/mainDag.py
[2025-03-02T10:30:41.051+0000] {processor.py:914} INFO - Processing file /opt/airflow/dags/mainDag.py for tasks to queue
[2025-03-02T10:30:41.054+0000] {logging_mixin.py:190} INFO - [2025-03-02T10:30:41.053+0000] {dagbag.py:588} INFO - Filling up the DagBag from /opt/airflow/dags/mainDag.py
[2025-03-02T10:30:41.585+0000] {processor.py:925} INFO - DAG(s) 'solar_energy_crops_pipeline' retrieved from /opt/airflow/dags/mainDag.py
[2025-03-02T10:30:41.611+0000] {logging_mixin.py:190} INFO - [2025-03-02T10:30:41.611+0000] {dag.py:3239} INFO - Sync 1 DAGs
[2025-03-02T10:30:41.631+0000] {logging_mixin.py:190} INFO - [2025-03-02T10:30:41.631+0000] {dag.py:4180} INFO - Setting next_dagrun for solar_energy_crops_pipeline to 2025-03-02 00:00:00+00:00, run_after=2025-03-03 00:00:00+00:00
[2025-03-02T10:30:41.656+0000] {processor.py:208} INFO - Processing /opt/airflow/dags/mainDag.py took 0.619 seconds
[2025-03-02T10:31:11.890+0000] {processor.py:186} INFO - Started process (PID=261) to work on /opt/airflow/dags/mainDag.py
[2025-03-02T10:31:11.891+0000] {processor.py:914} INFO - Processing file /opt/airflow/dags/mainDag.py for tasks to queue
[2025-03-02T10:31:11.894+0000] {logging_mixin.py:190} INFO - [2025-03-02T10:31:11.893+0000] {dagbag.py:588} INFO - Filling up the DagBag from /opt/airflow/dags/mainDag.py
[2025-03-02T10:31:12.335+0000] {processor.py:925} INFO - DAG(s) 'solar_energy_crops_pipeline' retrieved from /opt/airflow/dags/mainDag.py
[2025-03-02T10:31:12.358+0000] {logging_mixin.py:190} INFO - [2025-03-02T10:31:12.358+0000] {dag.py:3239} INFO - Sync 1 DAGs
[2025-03-02T10:31:12.379+0000] {logging_mixin.py:190} INFO - [2025-03-02T10:31:12.379+0000] {dag.py:4180} INFO - Setting next_dagrun for solar_energy_crops_pipeline to 2025-03-02 00:00:00+00:00, run_after=2025-03-03 00:00:00+00:00
[2025-03-02T10:31:12.401+0000] {processor.py:208} INFO - Processing /opt/airflow/dags/mainDag.py took 0.520 seconds
[2025-03-02T10:31:42.835+0000] {processor.py:186} INFO - Started process (PID=269) to work on /opt/airflow/dags/mainDag.py
[2025-03-02T10:31:42.837+0000] {processor.py:914} INFO - Processing file /opt/airflow/dags/mainDag.py for tasks to queue
[2025-03-02T10:31:42.842+0000] {logging_mixin.py:190} INFO - [2025-03-02T10:31:42.842+0000] {dagbag.py:588} INFO - Filling up the DagBag from /opt/airflow/dags/mainDag.py
[2025-03-02T10:31:43.309+0000] {processor.py:925} INFO - DAG(s) 'solar_energy_crops_pipeline' retrieved from /opt/airflow/dags/mainDag.py
[2025-03-02T10:31:43.334+0000] {logging_mixin.py:190} INFO - [2025-03-02T10:31:43.333+0000] {dag.py:3239} INFO - Sync 1 DAGs
[2025-03-02T10:31:43.353+0000] {logging_mixin.py:190} INFO - [2025-03-02T10:31:43.353+0000] {dag.py:4180} INFO - Setting next_dagrun for solar_energy_crops_pipeline to 2025-03-02 00:00:00+00:00, run_after=2025-03-03 00:00:00+00:00
[2025-03-02T10:31:43.377+0000] {processor.py:208} INFO - Processing /opt/airflow/dags/mainDag.py took 0.552 seconds
