[2025-02-23T18:32:00.658+0000] {manager.py:483} INFO - Processing files using up to 2 processes at a time 
[2025-02-23T18:32:00.684+0000] {manager.py:484} INFO - Process each file at most once every 30 seconds
[2025-02-23T18:32:00.685+0000] {manager.py:485} INFO - Checking for new files in /opt/airflow/dags every 300 seconds
[2025-02-23T18:32:00.686+0000] {manager.py:821} INFO - Searching for files in /opt/airflow/dags
[2025-02-23T18:32:00.699+0000] {manager.py:824} INFO - There are 0 files in /opt/airflow/dags
[2025-02-23T18:33:18.526+0000] {manager.py:465} INFO - Exiting gracefully upon receiving signal 15
[2025-03-02T10:13:31.895+0000] {manager.py:483} INFO - Processing files using up to 2 processes at a time 
[2025-03-02T10:13:31.897+0000] {manager.py:484} INFO - Process each file at most once every 30 seconds
[2025-03-02T10:13:31.898+0000] {manager.py:485} INFO - Checking for new files in /opt/airflow/dags every 300 seconds
[2025-03-02T10:13:31.898+0000] {manager.py:821} INFO - Searching for files in /opt/airflow/dags
[2025-03-02T10:13:32.694+0000] {manager.py:824} INFO - There are 1 files in /opt/airflow/dags
[2025-03-02T10:13:33.244+0000] {manager.py:997} INFO - 
================================================================================
DAG File Processing Stats

File Path                       PID  Runtime      # DAGs    # Errors  Last Runtime    Last Run      Last # of DB Queries
----------------------------  -----  ---------  --------  ----------  --------------  ----------  ----------------------
/opt/airflow/dags/mainDag.py     72  0.22s             0           0                                                   0
================================================================================
[2025-03-02T10:14:04.022+0000] {manager.py:997} INFO - 
================================================================================
DAG File Processing Stats

File Path                       PID  Runtime      # DAGs    # Errors  Last Runtime    Last Run               Last # of DB Queries
----------------------------  -----  ---------  --------  ----------  --------------  -------------------  ----------------------
/opt/airflow/dags/mainDag.py     79  0.05s             0           1  0.51s           2025-03-02T10:13:33                       3
================================================================================
[2025-03-02T10:14:34.348+0000] {manager.py:997} INFO - 
================================================================================
DAG File Processing Stats

File Path                     PID    Runtime      # DAGs    # Errors  Last Runtime    Last Run               Last # of DB Queries
----------------------------  -----  ---------  --------  ----------  --------------  -------------------  ----------------------
/opt/airflow/dags/mainDag.py                           0           1  0.62s           2025-03-02T10:14:04                       5
================================================================================
[2025-03-02T10:15:04.754+0000] {manager.py:997} INFO - 
================================================================================
DAG File Processing Stats

File Path                     PID    Runtime      # DAGs    # Errors  Last Runtime    Last Run               Last # of DB Queries
----------------------------  -----  ---------  --------  ----------  --------------  -------------------  ----------------------
/opt/airflow/dags/mainDag.py                           0           1  0.35s           2025-03-02T10:14:35                       5
================================================================================
[2025-03-02T10:15:35.098+0000] {manager.py:997} INFO - 
================================================================================
DAG File Processing Stats

File Path                     PID    Runtime      # DAGs    # Errors  Last Runtime    Last Run               Last # of DB Queries
----------------------------  -----  ---------  --------  ----------  --------------  -------------------  ----------------------
/opt/airflow/dags/mainDag.py                           0           1  0.10s           2025-03-02T10:15:05                       5
================================================================================
[2025-03-02T10:15:59.693+0000] {manager.py:465} INFO - Exiting gracefully upon receiving signal 15
[2025-03-02T10:19:35.712+0000] {manager.py:483} INFO - Processing files using up to 2 processes at a time 
[2025-03-02T10:19:35.718+0000] {manager.py:484} INFO - Process each file at most once every 30 seconds
[2025-03-02T10:19:35.719+0000] {manager.py:485} INFO - Checking for new files in /opt/airflow/dags every 300 seconds
[2025-03-02T10:19:35.720+0000] {manager.py:821} INFO - Searching for files in /opt/airflow/dags
[2025-03-02T10:19:35.988+0000] {manager.py:824} INFO - There are 1 files in /opt/airflow/dags
[2025-03-02T10:19:36.680+0000] {manager.py:997} INFO - 
================================================================================
DAG File Processing Stats

File Path                       PID  Runtime      # DAGs    # Errors  Last Runtime    Last Run      Last # of DB Queries
----------------------------  -----  ---------  --------  ----------  --------------  ----------  ----------------------
/opt/airflow/dags/mainDag.py     72  0.34s             0           0                                                   0
================================================================================
[2025-03-02T10:20:07.305+0000] {manager.py:997} INFO - 
================================================================================
DAG File Processing Stats

File Path                     PID    Runtime      # DAGs    # Errors  Last Runtime    Last Run               Last # of DB Queries
----------------------------  -----  ---------  --------  ----------  --------------  -------------------  ----------------------
/opt/airflow/dags/mainDag.py                           1           0  12.71s          2025-03-02T10:19:49                      45
================================================================================
[2025-03-02T10:20:37.622+0000] {manager.py:997} INFO - 
================================================================================
DAG File Processing Stats

File Path                     PID    Runtime      # DAGs    # Errors  Last Runtime    Last Run               Last # of DB Queries
----------------------------  -----  ---------  --------  ----------  --------------  -------------------  ----------------------
/opt/airflow/dags/mainDag.py                           1           0  3.03s           2025-03-02T10:20:22                      12
================================================================================
[2025-03-02T10:21:07.709+0000] {manager.py:997} INFO - 
================================================================================
DAG File Processing Stats

File Path                     PID    Runtime      # DAGs    # Errors  Last Runtime    Last Run               Last # of DB Queries
----------------------------  -----  ---------  --------  ----------  --------------  -------------------  ----------------------
/opt/airflow/dags/mainDag.py                           1           0  0.81s           2025-03-02T10:20:53                      12
================================================================================
[2025-03-02T10:21:37.721+0000] {manager.py:997} INFO - 
================================================================================
DAG File Processing Stats

File Path                     PID    Runtime      # DAGs    # Errors  Last Runtime    Last Run               Last # of DB Queries
----------------------------  -----  ---------  --------  ----------  --------------  -------------------  ----------------------
/opt/airflow/dags/mainDag.py                           1           0  0.75s           2025-03-02T10:21:24                      12
================================================================================
[2025-03-02T10:22:08.192+0000] {manager.py:997} INFO - 
================================================================================
DAG File Processing Stats

File Path                     PID    Runtime      # DAGs    # Errors  Last Runtime    Last Run               Last # of DB Queries
----------------------------  -----  ---------  --------  ----------  --------------  -------------------  ----------------------
/opt/airflow/dags/mainDag.py                           1           0  1.52s           2025-03-02T10:21:57                      12
================================================================================
[2025-03-02T10:22:38.928+0000] {manager.py:997} INFO - 
================================================================================
DAG File Processing Stats

File Path                     PID    Runtime      # DAGs    # Errors  Last Runtime    Last Run               Last # of DB Queries
----------------------------  -----  ---------  --------  ----------  --------------  -------------------  ----------------------
/opt/airflow/dags/mainDag.py                           1           0  0.56s           2025-03-02T10:22:27                      12
================================================================================
[2025-03-02T10:23:09.268+0000] {manager.py:997} INFO - 
================================================================================
DAG File Processing Stats

File Path                     PID    Runtime      # DAGs    # Errors  Last Runtime    Last Run               Last # of DB Queries
----------------------------  -----  ---------  --------  ----------  --------------  -------------------  ----------------------
/opt/airflow/dags/mainDag.py                           1           0  0.53s           2025-03-02T10:22:58                      12
================================================================================
[2025-03-02T10:23:39.548+0000] {manager.py:997} INFO - 
================================================================================
DAG File Processing Stats

File Path                     PID    Runtime      # DAGs    # Errors  Last Runtime    Last Run               Last # of DB Queries
----------------------------  -----  ---------  --------  ----------  --------------  -------------------  ----------------------
/opt/airflow/dags/mainDag.py                           1           0  0.65s           2025-03-02T10:23:29                      12
================================================================================
[2025-03-02T10:24:09.874+0000] {manager.py:997} INFO - 
================================================================================
DAG File Processing Stats

File Path                     PID    Runtime      # DAGs    # Errors  Last Runtime    Last Run               Last # of DB Queries
----------------------------  -----  ---------  --------  ----------  --------------  -------------------  ----------------------
/opt/airflow/dags/mainDag.py                           1           0  0.65s           2025-03-02T10:24:00                      12
================================================================================
[2025-03-02T10:24:36.110+0000] {manager.py:821} INFO - Searching for files in /opt/airflow/dags
[2025-03-02T10:24:36.140+0000] {manager.py:824} INFO - There are 1 files in /opt/airflow/dags
[2025-03-02T10:24:40.191+0000] {manager.py:997} INFO - 
================================================================================
DAG File Processing Stats

File Path                     PID    Runtime      # DAGs    # Errors  Last Runtime    Last Run               Last # of DB Queries
----------------------------  -----  ---------  --------  ----------  --------------  -------------------  ----------------------
/opt/airflow/dags/mainDag.py                           1           0  0.66s           2025-03-02T10:24:31                      12
================================================================================
[2025-03-02T10:25:10.725+0000] {manager.py:997} INFO - 
================================================================================
DAG File Processing Stats

File Path                     PID    Runtime      # DAGs    # Errors  Last Runtime    Last Run               Last # of DB Queries
----------------------------  -----  ---------  --------  ----------  --------------  -------------------  ----------------------
/opt/airflow/dags/mainDag.py                           1           0  0.58s           2025-03-02T10:25:01                      12
================================================================================
[2025-03-02T10:25:40.932+0000] {manager.py:997} INFO - 
================================================================================
DAG File Processing Stats

File Path                     PID    Runtime      # DAGs    # Errors  Last Runtime    Last Run               Last # of DB Queries
----------------------------  -----  ---------  --------  ----------  --------------  -------------------  ----------------------
/opt/airflow/dags/mainDag.py                           1           0  0.57s           2025-03-02T10:25:32                      12
================================================================================
[2025-03-02T10:26:11.632+0000] {manager.py:997} INFO - 
================================================================================
DAG File Processing Stats

File Path                     PID    Runtime      # DAGs    # Errors  Last Runtime    Last Run               Last # of DB Queries
----------------------------  -----  ---------  --------  ----------  --------------  -------------------  ----------------------
/opt/airflow/dags/mainDag.py                           1           0  0.55s           2025-03-02T10:26:03                      12
================================================================================
[2025-03-02T10:26:42.032+0000] {manager.py:997} INFO - 
================================================================================
DAG File Processing Stats

File Path                     PID    Runtime      # DAGs    # Errors  Last Runtime    Last Run               Last # of DB Queries
----------------------------  -----  ---------  --------  ----------  --------------  -------------------  ----------------------
/opt/airflow/dags/mainDag.py                           1           0  0.53s           2025-03-02T10:26:34                      12
================================================================================
[2025-03-02T10:27:12.312+0000] {manager.py:997} INFO - 
================================================================================
DAG File Processing Stats

File Path                     PID    Runtime      # DAGs    # Errors  Last Runtime    Last Run               Last # of DB Queries
----------------------------  -----  ---------  --------  ----------  --------------  -------------------  ----------------------
/opt/airflow/dags/mainDag.py                           1           0  0.59s           2025-03-02T10:27:05                      12
================================================================================
[2025-03-02T10:27:42.644+0000] {manager.py:997} INFO - 
================================================================================
DAG File Processing Stats

File Path                     PID    Runtime      # DAGs    # Errors  Last Runtime    Last Run               Last # of DB Queries
----------------------------  -----  ---------  --------  ----------  --------------  -------------------  ----------------------
/opt/airflow/dags/mainDag.py                           1           0  0.57s           2025-03-02T10:27:36                      12
================================================================================
[2025-03-02T10:28:12.928+0000] {manager.py:997} INFO - 
================================================================================
DAG File Processing Stats

File Path                     PID    Runtime      # DAGs    # Errors  Last Runtime    Last Run               Last # of DB Queries
----------------------------  -----  ---------  --------  ----------  --------------  -------------------  ----------------------
/opt/airflow/dags/mainDag.py                           1           0  0.54s           2025-03-02T10:28:06                      12
================================================================================
[2025-03-02T10:28:43.227+0000] {manager.py:997} INFO - 
================================================================================
DAG File Processing Stats

File Path                     PID    Runtime      # DAGs    # Errors  Last Runtime    Last Run               Last # of DB Queries
----------------------------  -----  ---------  --------  ----------  --------------  -------------------  ----------------------
/opt/airflow/dags/mainDag.py                           1           0  0.58s           2025-03-02T10:28:37                      12
================================================================================
[2025-03-02T10:29:13.501+0000] {manager.py:997} INFO - 
================================================================================
DAG File Processing Stats

File Path                     PID    Runtime      # DAGs    # Errors  Last Runtime    Last Run               Last # of DB Queries
----------------------------  -----  ---------  --------  ----------  --------------  -------------------  ----------------------
/opt/airflow/dags/mainDag.py                           1           0  0.55s           2025-03-02T10:29:08                      12
================================================================================
[2025-03-02T10:29:36.760+0000] {manager.py:821} INFO - Searching for files in /opt/airflow/dags
[2025-03-02T10:29:36.844+0000] {manager.py:824} INFO - There are 1 files in /opt/airflow/dags
[2025-03-02T10:29:43.635+0000] {manager.py:997} INFO - 
================================================================================
DAG File Processing Stats

File Path                     PID    Runtime      # DAGs    # Errors  Last Runtime    Last Run               Last # of DB Queries
----------------------------  -----  ---------  --------  ----------  --------------  -------------------  ----------------------
/opt/airflow/dags/mainDag.py                           1           0  0.69s           2025-03-02T10:29:39                      12
================================================================================
[2025-03-02T10:30:13.669+0000] {manager.py:997} INFO - 
================================================================================
DAG File Processing Stats

File Path                     PID    Runtime      # DAGs    # Errors  Last Runtime    Last Run               Last # of DB Queries
----------------------------  -----  ---------  --------  ----------  --------------  -------------------  ----------------------
/opt/airflow/dags/mainDag.py                           1           0  0.70s           2025-03-02T10:30:10                      12
================================================================================
[2025-03-02T10:30:43.695+0000] {manager.py:997} INFO - 
================================================================================
DAG File Processing Stats

File Path                     PID    Runtime      # DAGs    # Errors  Last Runtime    Last Run               Last # of DB Queries
----------------------------  -----  ---------  --------  ----------  --------------  -------------------  ----------------------
/opt/airflow/dags/mainDag.py                           1           0  0.68s           2025-03-02T10:30:41                      12
================================================================================
[2025-03-02T10:31:14.003+0000] {manager.py:997} INFO - 
================================================================================
DAG File Processing Stats

File Path                     PID    Runtime      # DAGs    # Errors  Last Runtime    Last Run               Last # of DB Queries
----------------------------  -----  ---------  --------  ----------  --------------  -------------------  ----------------------
/opt/airflow/dags/mainDag.py                           1           0  0.55s           2025-03-02T10:31:12                      12
================================================================================
[2025-03-02T10:31:44.311+0000] {manager.py:997} INFO - 
================================================================================
DAG File Processing Stats

File Path                     PID    Runtime      # DAGs    # Errors  Last Runtime    Last Run               Last # of DB Queries
----------------------------  -----  ---------  --------  ----------  --------------  -------------------  ----------------------
/opt/airflow/dags/mainDag.py                           1           0  0.61s           2025-03-02T10:31:43                      12
================================================================================
[2025-03-02T10:31:54.254+0000] {manager.py:465} INFO - Exiting gracefully upon receiving signal 15
