[2025-03-15T17:56:16.648+0000] {local_task_job_runner.py:123} INFO - ::group::Pre task execution logs
[2025-03-15T17:56:16.667+0000] {taskinstance.py:2614} INFO - Dependencies all met for dep_context=non-requeueable deps ti=<TaskInstance: solar_energy_crops_pipeline.start manual__2025-03-15T17:56:15.831063+00:00 [queued]>
[2025-03-15T17:56:16.678+0000] {taskinstance.py:2614} INFO - Dependencies all met for dep_context=requeueable deps ti=<TaskInstance: solar_energy_crops_pipeline.start manual__2025-03-15T17:56:15.831063+00:00 [queued]>
[2025-03-15T17:56:16.679+0000] {taskinstance.py:2867} INFO - Starting attempt 1 of 2
[2025-03-15T17:56:16.695+0000] {taskinstance.py:2890} INFO - Executing <Task(PythonOperator): start> on 2025-03-15 17:56:15.831063+00:00
[2025-03-15T17:56:16.702+0000] {warnings.py:112} WARNING - /home/***/.local/lib/python3.12/site-packages/***/task/task_runner/standard_task_runner.py:70: DeprecationWarning: This process (pid=121) is multi-threaded, use of fork() may lead to deadlocks in the child.
  pid = os.fork()

[2025-03-15T17:56:16.704+0000] {standard_task_runner.py:72} INFO - Started process 122 to run task
[2025-03-15T17:56:16.705+0000] {standard_task_runner.py:104} INFO - Running: ['***', 'tasks', 'run', 'solar_energy_crops_pipeline', 'start', 'manual__2025-03-15T17:56:15.831063+00:00', '--job-id', '102', '--raw', '--subdir', 'DAGS_FOLDER/mainDag.py', '--cfg-path', '/tmp/tmpwdduc_9w']
[2025-03-15T17:56:16.707+0000] {standard_task_runner.py:105} INFO - Job 102: Subtask start
[2025-03-15T17:56:16.762+0000] {task_command.py:467} INFO - Running <TaskInstance: solar_energy_crops_pipeline.start manual__2025-03-15T17:56:15.831063+00:00 [running]> on host dffd4e276c09
[2025-03-15T17:56:16.858+0000] {taskinstance.py:3134} INFO - Exporting env vars: AIRFLOW_CTX_DAG_OWNER='***' AIRFLOW_CTX_DAG_ID='solar_energy_crops_pipeline' AIRFLOW_CTX_TASK_ID='start' AIRFLOW_CTX_EXECUTION_DATE='2025-03-15T17:56:15.831063+00:00' AIRFLOW_CTX_TRY_NUMBER='1' AIRFLOW_CTX_DAG_RUN_ID='manual__2025-03-15T17:56:15.831063+00:00'
[2025-03-15T17:56:16.860+0000] {taskinstance.py:732} INFO - ::endgroup::
[2025-03-15T17:56:16.883+0000] {logging_mixin.py:190} INFO - Jobs started
[2025-03-15T17:56:16.884+0000] {python.py:240} INFO - Done. Returned value was: None
[2025-03-15T17:56:16.900+0000] {taskinstance.py:341} INFO - ::group::Post task execution logs
[2025-03-15T17:56:16.901+0000] {taskinstance.py:353} INFO - Marking task as SUCCESS. dag_id=solar_energy_crops_pipeline, task_id=start, run_id=manual__2025-03-15T17:56:15.831063+00:00, execution_date=20250315T175615, start_date=20250315T175616, end_date=20250315T175616
[2025-03-15T17:56:16.961+0000] {local_task_job_runner.py:266} INFO - Task exited with return code 0
[2025-03-15T17:56:17.002+0000] {taskinstance.py:3901} INFO - 1 downstream tasks scheduled from follow-on schedule check
[2025-03-15T17:56:17.007+0000] {local_task_job_runner.py:245} INFO - ::endgroup::
