[2025-03-23T17:18:12.797+0000] {local_task_job_runner.py:123} INFO - ::group::Pre task execution logs
[2025-03-23T17:18:12.841+0000] {taskinstance.py:2614} INFO - Dependencies all met for dep_context=non-requeueable deps ti=<TaskInstance: solar_energy_crops_pipeline.extract_data manual__2025-03-23T17:18:05.200372+00:00 [queued]>
[2025-03-23T17:18:12.861+0000] {taskinstance.py:2614} INFO - Dependencies all met for dep_context=requeueable deps ti=<TaskInstance: solar_energy_crops_pipeline.extract_data manual__2025-03-23T17:18:05.200372+00:00 [queued]>
[2025-03-23T17:18:12.862+0000] {taskinstance.py:2867} INFO - Starting attempt 1 of 2
[2025-03-23T17:18:12.889+0000] {taskinstance.py:2890} INFO - Executing <Task(PythonOperator): extract_data> on 2025-03-23 17:18:05.200372+00:00
[2025-03-23T17:18:12.905+0000] {warnings.py:112} WARNING - /home/***/.local/lib/python3.12/site-packages/***/task/task_runner/standard_task_runner.py:70: DeprecationWarning: This process (pid=108) is multi-threaded, use of fork() may lead to deadlocks in the child.
  pid = os.fork()

[2025-03-23T17:18:12.909+0000] {standard_task_runner.py:72} INFO - Started process 110 to run task
[2025-03-23T17:18:12.910+0000] {standard_task_runner.py:104} INFO - Running: ['***', 'tasks', 'run', 'solar_energy_crops_pipeline', 'extract_data', 'manual__2025-03-23T17:18:05.200372+00:00', '--job-id', '10', '--raw', '--subdir', 'DAGS_FOLDER/mainDag.py', '--cfg-path', '/tmp/tmpouin_g7q']
[2025-03-23T17:18:12.912+0000] {standard_task_runner.py:105} INFO - Job 10: Subtask extract_data
[2025-03-23T17:18:13.014+0000] {task_command.py:467} INFO - Running <TaskInstance: solar_energy_crops_pipeline.extract_data manual__2025-03-23T17:18:05.200372+00:00 [running]> on host c5bae578e6c2
[2025-03-23T17:18:13.178+0000] {taskinstance.py:3134} INFO - Exporting env vars: AIRFLOW_CTX_DAG_OWNER='***' AIRFLOW_CTX_DAG_ID='solar_energy_crops_pipeline' AIRFLOW_CTX_TASK_ID='extract_data' AIRFLOW_CTX_EXECUTION_DATE='2025-03-23T17:18:05.200372+00:00' AIRFLOW_CTX_TRY_NUMBER='1' AIRFLOW_CTX_DAG_RUN_ID='manual__2025-03-23T17:18:05.200372+00:00'
[2025-03-23T17:18:13.183+0000] {taskinstance.py:732} INFO - ::endgroup::
[2025-03-23T17:18:13.211+0000] {logging_mixin.py:190} INFO - Extracting data from API...
[2025-03-23T17:18:13.215+0000] {logging_mixin.py:190} INFO - Fetching data for year 1967
[2025-03-23T17:18:14.307+0000] {logging_mixin.py:190} INFO - Failed to fetch data for 1967: 429
[2025-03-23T17:18:14.308+0000] {logging_mixin.py:190} INFO - Sleeping for a while to respect API rate limits...
[2025-03-23T17:19:14.353+0000] {logging_mixin.py:190} INFO - Fetching data for year 1968
[2025-03-23T17:19:15.396+0000] {logging_mixin.py:190} INFO - Failed to fetch data for 1968: 429
[2025-03-23T17:19:15.399+0000] {logging_mixin.py:190} INFO - Sleeping for a while to respect API rate limits...
[2025-03-23T17:20:15.440+0000] {logging_mixin.py:190} INFO - Fetching data for year 1969
[2025-03-23T17:20:16.474+0000] {logging_mixin.py:190} INFO - Failed to fetch data for 1969: 429
[2025-03-23T17:20:16.475+0000] {logging_mixin.py:190} INFO - Sleeping for a while to respect API rate limits...
[2025-03-23T17:21:16.498+0000] {logging_mixin.py:190} INFO - Done fetching all years!
[2025-03-23T17:21:16.499+0000] {logging_mixin.py:190} INFO - Extraction completed
[2025-03-23T17:21:16.499+0000] {logging_mixin.py:190} INFO - Skipping empty response...
[2025-03-23T17:21:16.500+0000] {logging_mixin.py:190} INFO - Skipping empty response...
[2025-03-23T17:21:16.500+0000] {logging_mixin.py:190} INFO - Skipping empty response...
[2025-03-23T17:21:16.500+0000] {python.py:240} INFO - Done. Returned value was: None
[2025-03-23T17:21:16.525+0000] {taskinstance.py:341} INFO - ::group::Post task execution logs
[2025-03-23T17:21:16.525+0000] {taskinstance.py:353} INFO - Marking task as SUCCESS. dag_id=solar_energy_crops_pipeline, task_id=extract_data, run_id=manual__2025-03-23T17:18:05.200372+00:00, execution_date=20250323T171805, start_date=20250323T171812, end_date=20250323T172116
[2025-03-23T17:21:16.617+0000] {local_task_job_runner.py:266} INFO - Task exited with return code 0
[2025-03-23T17:21:16.687+0000] {taskinstance.py:3901} INFO - 1 downstream tasks scheduled from follow-on schedule check
[2025-03-23T17:21:16.691+0000] {local_task_job_runner.py:245} INFO - ::endgroup::
