[2025-03-14T19:18:44.428+0000] {local_task_job_runner.py:123} INFO - ::group::Pre task execution logs
[2025-03-14T19:18:44.473+0000] {taskinstance.py:2614} INFO - Dependencies all met for dep_context=non-requeueable deps ti=<TaskInstance: solar_energy_crops_pipeline.submit_spark_job scheduled__2025-03-13T00:00:00+00:00 [queued]>
[2025-03-14T19:18:44.485+0000] {taskinstance.py:2614} INFO - Dependencies all met for dep_context=requeueable deps ti=<TaskInstance: solar_energy_crops_pipeline.submit_spark_job scheduled__2025-03-13T00:00:00+00:00 [queued]>
[2025-03-14T19:18:44.487+0000] {taskinstance.py:2867} INFO - Starting attempt 3 of 4
[2025-03-14T19:18:44.508+0000] {taskinstance.py:2890} INFO - Executing <Task(SparkSubmitOperator): submit_spark_job> on 2025-03-13 00:00:00+00:00
[2025-03-14T19:18:44.526+0000] {standard_task_runner.py:104} INFO - Running: ['***', 'tasks', 'run', 'solar_energy_crops_pipeline', 'submit_spark_job', 'scheduled__2025-03-13T00:00:00+00:00', '--job-id', '62', '--raw', '--subdir', 'DAGS_FOLDER/mainDag.py', '--cfg-path', '/tmp/tmpd_g_qrte']
[2025-03-14T19:18:44.524+0000] {warnings.py:112} WARNING - /home/***/.local/lib/python3.12/site-packages/***/task/task_runner/standard_task_runner.py:70: DeprecationWarning: This process (pid=137) is multi-threaded, use of fork() may lead to deadlocks in the child.
  pid = os.fork()

[2025-03-14T19:18:44.533+0000] {standard_task_runner.py:105} INFO - Job 62: Subtask submit_spark_job
[2025-03-14T19:18:44.533+0000] {standard_task_runner.py:72} INFO - Started process 138 to run task
[2025-03-14T19:18:44.640+0000] {task_command.py:467} INFO - Running <TaskInstance: solar_energy_crops_pipeline.submit_spark_job scheduled__2025-03-13T00:00:00+00:00 [running]> on host 87bb601a2791
[2025-03-14T19:18:44.785+0000] {taskinstance.py:3134} INFO - Exporting env vars: AIRFLOW_CTX_DAG_OWNER='***' AIRFLOW_CTX_DAG_ID='solar_energy_crops_pipeline' AIRFLOW_CTX_TASK_ID='submit_spark_job' AIRFLOW_CTX_EXECUTION_DATE='2025-03-13T00:00:00+00:00' AIRFLOW_CTX_TRY_NUMBER='3' AIRFLOW_CTX_DAG_RUN_ID='scheduled__2025-03-13T00:00:00+00:00'
[2025-03-14T19:18:44.788+0000] {taskinstance.py:732} INFO - ::endgroup::
[2025-03-14T19:18:44.876+0000] {base.py:84} INFO - Retrieving connection 'spark_default'
[2025-03-14T19:18:44.879+0000] {spark_submit.py:335} INFO - Spark-Submit cmd: spark-submit --master spark-master:7077 --conf spark.master=spark://spark-master:7077 --packages org.postgresql:postgresql:42.2.5 --name arrow-spark ./dags/transform.py
[2025-03-14T19:18:51.350+0000] {spark_submit.py:488} INFO - :: loading settings :: url = jar:file:/home/***/.local/lib/python3.12/site-packages/pyspark/jars/ivy-2.5.1.jar!/org/apache/ivy/core/settings/ivysettings.xml
[2025-03-14T19:18:51.483+0000] {spark_submit.py:488} INFO - Ivy Default Cache set to: /home/***/.ivy2/cache
[2025-03-14T19:18:51.484+0000] {spark_submit.py:488} INFO - The jars for the packages stored in: /home/***/.ivy2/jars
[2025-03-14T19:18:51.511+0000] {spark_submit.py:488} INFO - org.postgresql#postgresql added as a dependency
[2025-03-14T19:18:51.512+0000] {spark_submit.py:488} INFO - :: resolving dependencies :: org.apache.spark#spark-submit-parent-02863df3-1d51-4a9f-bd7c-6660749eec32;1.0
[2025-03-14T19:18:51.513+0000] {spark_submit.py:488} INFO - confs: [default]
[2025-03-14T19:18:51.729+0000] {spark_submit.py:488} INFO - found org.postgresql#postgresql;42.2.5 in central
[2025-03-14T19:18:51.742+0000] {spark_submit.py:488} INFO - :: resolution report :: resolve 249ms :: artifacts dl 3ms
[2025-03-14T19:18:51.743+0000] {spark_submit.py:488} INFO - :: modules in use:
[2025-03-14T19:18:51.744+0000] {spark_submit.py:488} INFO - org.postgresql#postgresql;42.2.5 from central in [default]
[2025-03-14T19:18:51.744+0000] {spark_submit.py:488} INFO - ---------------------------------------------------------------------
[2025-03-14T19:18:51.745+0000] {spark_submit.py:488} INFO - |                  |            modules            ||   artifacts   |
[2025-03-14T19:18:51.745+0000] {spark_submit.py:488} INFO - |       conf       | number| search|dwnlded|evicted|| number|dwnlded|
[2025-03-14T19:18:51.746+0000] {spark_submit.py:488} INFO - ---------------------------------------------------------------------
[2025-03-14T19:18:51.747+0000] {spark_submit.py:488} INFO - |      default     |   1   |   0   |   0   |   0   ||   1   |   0   |
[2025-03-14T19:18:51.748+0000] {spark_submit.py:488} INFO - ---------------------------------------------------------------------
[2025-03-14T19:18:51.748+0000] {spark_submit.py:488} INFO - :: retrieving :: org.apache.spark#spark-submit-parent-02863df3-1d51-4a9f-bd7c-6660749eec32
[2025-03-14T19:18:51.749+0000] {spark_submit.py:488} INFO - confs: [default]
[2025-03-14T19:18:51.754+0000] {spark_submit.py:488} INFO - 0 artifacts copied, 1 already retrieved (0kB/6ms)
[2025-03-14T19:18:52.457+0000] {spark_submit.py:488} INFO - 25/03/14 19:18:52 WARN NativeCodeLoader: Unable to load native-hadoop library for your platform... using builtin-java classes where applicable
[2025-03-14T19:18:56.884+0000] {spark_submit.py:488} INFO - 25/03/14 19:18:56 INFO SparkContext: Running Spark version 3.5.5
[2025-03-14T19:18:56.885+0000] {spark_submit.py:488} INFO - 25/03/14 19:18:56 INFO SparkContext: OS info Linux, 5.15.167.4-microsoft-standard-WSL2, amd64
[2025-03-14T19:18:56.885+0000] {spark_submit.py:488} INFO - 25/03/14 19:18:56 INFO SparkContext: Java version 17.0.14
[2025-03-14T19:18:56.911+0000] {spark_submit.py:488} INFO - 25/03/14 19:18:56 INFO ResourceUtils: ==============================================================
[2025-03-14T19:18:56.911+0000] {spark_submit.py:488} INFO - 25/03/14 19:18:56 INFO ResourceUtils: No custom resources configured for spark.driver.
[2025-03-14T19:18:56.912+0000] {spark_submit.py:488} INFO - 25/03/14 19:18:56 INFO ResourceUtils: ==============================================================
[2025-03-14T19:18:56.912+0000] {spark_submit.py:488} INFO - 25/03/14 19:18:56 INFO SparkContext: Submitted application: WeatherDataTransformation
[2025-03-14T19:18:56.960+0000] {spark_submit.py:488} INFO - 25/03/14 19:18:56 INFO ResourceProfile: Default ResourceProfile created, executor resources: Map(cores -> name: cores, amount: 1, script: , vendor: , memory -> name: memory, amount: 1024, script: , vendor: , offHeap -> name: offHeap, amount: 0, script: , vendor: ), task resources: Map(cpus -> name: cpus, amount: 1.0)
[2025-03-14T19:18:56.970+0000] {spark_submit.py:488} INFO - 25/03/14 19:18:56 INFO ResourceProfile: Limiting resource is cpu
[2025-03-14T19:18:56.971+0000] {spark_submit.py:488} INFO - 25/03/14 19:18:56 INFO ResourceProfileManager: Added ResourceProfile id: 0
[2025-03-14T19:18:57.244+0000] {spark_submit.py:488} INFO - 25/03/14 19:18:57 INFO SecurityManager: Changing view acls to: ***
[2025-03-14T19:18:57.245+0000] {spark_submit.py:488} INFO - 25/03/14 19:18:57 INFO SecurityManager: Changing modify acls to: ***
[2025-03-14T19:18:57.246+0000] {spark_submit.py:488} INFO - 25/03/14 19:18:57 INFO SecurityManager: Changing view acls groups to:
[2025-03-14T19:18:57.246+0000] {spark_submit.py:488} INFO - 25/03/14 19:18:57 INFO SecurityManager: Changing modify acls groups to:
[2025-03-14T19:18:57.247+0000] {spark_submit.py:488} INFO - 25/03/14 19:18:57 INFO SecurityManager: SecurityManager: authentication disabled; ui acls disabled; users with view permissions: ***; groups with view permissions: EMPTY; users with modify permissions: ***; groups with modify permissions: EMPTY
[2025-03-14T19:18:57.646+0000] {spark_submit.py:488} INFO - 25/03/14 19:18:57 INFO Utils: Successfully started service 'sparkDriver' on port 36387.
[2025-03-14T19:18:58.217+0000] {spark_submit.py:488} INFO - 25/03/14 19:18:58 INFO SparkEnv: Registering MapOutputTracker
[2025-03-14T19:18:59.078+0000] {spark_submit.py:488} INFO - 25/03/14 19:18:59 INFO SparkEnv: Registering BlockManagerMaster
[2025-03-14T19:18:59.139+0000] {spark_submit.py:488} INFO - 25/03/14 19:18:59 INFO BlockManagerMasterEndpoint: Using org.apache.spark.storage.DefaultTopologyMapper for getting topology information
[2025-03-14T19:18:59.140+0000] {spark_submit.py:488} INFO - 25/03/14 19:18:59 INFO BlockManagerMasterEndpoint: BlockManagerMasterEndpoint up
[2025-03-14T19:18:59.147+0000] {spark_submit.py:488} INFO - 25/03/14 19:18:59 INFO SparkEnv: Registering BlockManagerMasterHeartbeat
[2025-03-14T19:18:59.190+0000] {spark_submit.py:488} INFO - 25/03/14 19:18:59 INFO DiskBlockManager: Created local directory at /tmp/blockmgr-eb5ab17e-ebd8-4a48-84f9-d38ae80b828d
[2025-03-14T19:18:59.214+0000] {spark_submit.py:488} INFO - 25/03/14 19:18:59 INFO MemoryStore: MemoryStore started with capacity 413.9 MiB
[2025-03-14T19:18:59.233+0000] {spark_submit.py:488} INFO - 25/03/14 19:18:59 INFO SparkEnv: Registering OutputCommitCoordinator
[2025-03-14T19:18:59.823+0000] {spark_submit.py:488} INFO - 25/03/14 19:18:59 INFO JettyUtils: Start Jetty 0.0.0.0:4040 for SparkUI
[2025-03-14T19:18:59.956+0000] {spark_submit.py:488} INFO - 25/03/14 19:18:59 INFO Utils: Successfully started service 'SparkUI' on port 4040.
[2025-03-14T19:19:00.144+0000] {spark_submit.py:488} INFO - 25/03/14 19:19:00 INFO SparkContext: Added JAR file:///home/***/.ivy2/jars/org.postgresql_postgresql-42.2.5.jar at spark://87bb601a2791:36387/jars/org.postgresql_postgresql-42.2.5.jar with timestamp 1741979936873
[2025-03-14T19:19:00.149+0000] {spark_submit.py:488} INFO - 25/03/14 19:19:00 INFO SparkContext: Added file file:///home/***/.ivy2/jars/org.postgresql_postgresql-42.2.5.jar at spark://87bb601a2791:36387/files/org.postgresql_postgresql-42.2.5.jar with timestamp 1741979936873
[2025-03-14T19:19:00.153+0000] {spark_submit.py:488} INFO - 25/03/14 19:19:00 INFO Utils: Copying /home/***/.ivy2/jars/org.postgresql_postgresql-42.2.5.jar to /tmp/spark-748ac293-dd50-4c87-8d77-0e5b68ff4d6d/userFiles-cbe932fc-3b22-4a1b-8e0c-41bff34c8109/org.postgresql_postgresql-42.2.5.jar
[2025-03-14T19:19:00.276+0000] {spark_submit.py:488} INFO - 25/03/14 19:19:00 ERROR SparkContext: Error initializing SparkContext.
[2025-03-14T19:19:00.277+0000] {spark_submit.py:488} INFO - org.apache.spark.SparkException: Could not parse Master URL: 'spark-master:7077'
[2025-03-14T19:19:00.278+0000] {spark_submit.py:488} INFO - at org.apache.spark.SparkContext$.org$apache$spark$SparkContext$$createTaskScheduler(SparkContext.scala:3194)
[2025-03-14T19:19:00.311+0000] {spark_submit.py:488} INFO - at org.apache.spark.SparkContext.<init>(SparkContext.scala:577)
[2025-03-14T19:19:00.312+0000] {spark_submit.py:488} INFO - at org.apache.spark.api.java.JavaSparkContext.<init>(JavaSparkContext.scala:58)
[2025-03-14T19:19:00.313+0000] {spark_submit.py:488} INFO - at java.base/jdk.internal.reflect.NativeConstructorAccessorImpl.newInstance0(Native Method)
[2025-03-14T19:19:00.314+0000] {spark_submit.py:488} INFO - at java.base/jdk.internal.reflect.NativeConstructorAccessorImpl.newInstance(NativeConstructorAccessorImpl.java:77)
[2025-03-14T19:19:00.315+0000] {spark_submit.py:488} INFO - at java.base/jdk.internal.reflect.DelegatingConstructorAccessorImpl.newInstance(DelegatingConstructorAccessorImpl.java:45)
[2025-03-14T19:19:00.315+0000] {spark_submit.py:488} INFO - at java.base/java.lang.reflect.Constructor.newInstanceWithCaller(Constructor.java:500)
[2025-03-14T19:19:00.316+0000] {spark_submit.py:488} INFO - at java.base/java.lang.reflect.Constructor.newInstance(Constructor.java:481)
[2025-03-14T19:19:00.316+0000] {spark_submit.py:488} INFO - at py4j.reflection.MethodInvoker.invoke(MethodInvoker.java:247)
[2025-03-14T19:19:00.316+0000] {spark_submit.py:488} INFO - at py4j.reflection.ReflectionEngine.invoke(ReflectionEngine.java:374)
[2025-03-14T19:19:00.317+0000] {spark_submit.py:488} INFO - at py4j.Gateway.invoke(Gateway.java:238)
[2025-03-14T19:19:00.317+0000] {spark_submit.py:488} INFO - at py4j.commands.ConstructorCommand.invokeConstructor(ConstructorCommand.java:80)
[2025-03-14T19:19:00.317+0000] {spark_submit.py:488} INFO - at py4j.commands.ConstructorCommand.execute(ConstructorCommand.java:69)
[2025-03-14T19:19:00.318+0000] {spark_submit.py:488} INFO - at py4j.ClientServerConnection.waitForCommands(ClientServerConnection.java:182)
[2025-03-14T19:19:00.319+0000] {spark_submit.py:488} INFO - at py4j.ClientServerConnection.run(ClientServerConnection.java:106)
[2025-03-14T19:19:00.319+0000] {spark_submit.py:488} INFO - at java.base/java.lang.Thread.run(Thread.java:840)
[2025-03-14T19:19:00.320+0000] {spark_submit.py:488} INFO - 25/03/14 19:19:00 INFO SparkContext: SparkContext is stopping with exitCode 0.
[2025-03-14T19:19:00.329+0000] {spark_submit.py:488} INFO - 25/03/14 19:19:00 INFO SparkUI: Stopped Spark web UI at http://87bb601a2791:4040
[2025-03-14T19:19:00.418+0000] {spark_submit.py:488} INFO - 25/03/14 19:19:00 INFO MapOutputTrackerMasterEndpoint: MapOutputTrackerMasterEndpoint stopped!
[2025-03-14T19:19:00.436+0000] {spark_submit.py:488} INFO - 25/03/14 19:19:00 INFO MemoryStore: MemoryStore cleared
[2025-03-14T19:19:00.437+0000] {spark_submit.py:488} INFO - 25/03/14 19:19:00 INFO BlockManager: BlockManager stopped
[2025-03-14T19:19:00.445+0000] {spark_submit.py:488} INFO - 25/03/14 19:19:00 INFO BlockManagerMaster: BlockManagerMaster stopped
[2025-03-14T19:19:00.446+0000] {spark_submit.py:488} INFO - 25/03/14 19:19:00 WARN MetricsSystem: Stopping a MetricsSystem that is not running
[2025-03-14T19:19:00.449+0000] {spark_submit.py:488} INFO - 25/03/14 19:19:00 INFO OutputCommitCoordinator$OutputCommitCoordinatorEndpoint: OutputCommitCoordinator stopped!
[2025-03-14T19:19:00.523+0000] {spark_submit.py:488} INFO - 25/03/14 19:19:00 INFO SparkContext: Successfully stopped SparkContext
[2025-03-14T19:19:00.524+0000] {spark_submit.py:488} INFO - ERROR:root:Error initializing Spark session: An error occurred while calling None.org.apache.spark.api.java.JavaSparkContext.
[2025-03-14T19:19:00.525+0000] {spark_submit.py:488} INFO - : org.apache.spark.SparkException: Could not parse Master URL: 'spark-master:7077'
[2025-03-14T19:19:00.526+0000] {spark_submit.py:488} INFO - at org.apache.spark.SparkContext$.org$apache$spark$SparkContext$$createTaskScheduler(SparkContext.scala:3194)
[2025-03-14T19:19:00.527+0000] {spark_submit.py:488} INFO - at org.apache.spark.SparkContext.<init>(SparkContext.scala:577)
[2025-03-14T19:19:00.527+0000] {spark_submit.py:488} INFO - at org.apache.spark.api.java.JavaSparkContext.<init>(JavaSparkContext.scala:58)
[2025-03-14T19:19:00.528+0000] {spark_submit.py:488} INFO - at java.base/jdk.internal.reflect.NativeConstructorAccessorImpl.newInstance0(Native Method)
[2025-03-14T19:19:00.529+0000] {spark_submit.py:488} INFO - at java.base/jdk.internal.reflect.NativeConstructorAccessorImpl.newInstance(NativeConstructorAccessorImpl.java:77)
[2025-03-14T19:19:00.530+0000] {spark_submit.py:488} INFO - at java.base/jdk.internal.reflect.DelegatingConstructorAccessorImpl.newInstance(DelegatingConstructorAccessorImpl.java:45)
[2025-03-14T19:19:00.530+0000] {spark_submit.py:488} INFO - at java.base/java.lang.reflect.Constructor.newInstanceWithCaller(Constructor.java:500)
[2025-03-14T19:19:00.531+0000] {spark_submit.py:488} INFO - at java.base/java.lang.reflect.Constructor.newInstance(Constructor.java:481)
[2025-03-14T19:19:00.532+0000] {spark_submit.py:488} INFO - at py4j.reflection.MethodInvoker.invoke(MethodInvoker.java:247)
[2025-03-14T19:19:00.532+0000] {spark_submit.py:488} INFO - at py4j.reflection.ReflectionEngine.invoke(ReflectionEngine.java:374)
[2025-03-14T19:19:00.533+0000] {spark_submit.py:488} INFO - at py4j.Gateway.invoke(Gateway.java:238)
[2025-03-14T19:19:00.533+0000] {spark_submit.py:488} INFO - at py4j.commands.ConstructorCommand.invokeConstructor(ConstructorCommand.java:80)
[2025-03-14T19:19:00.534+0000] {spark_submit.py:488} INFO - at py4j.commands.ConstructorCommand.execute(ConstructorCommand.java:69)
[2025-03-14T19:19:00.534+0000] {spark_submit.py:488} INFO - at py4j.ClientServerConnection.waitForCommands(ClientServerConnection.java:182)
[2025-03-14T19:19:00.535+0000] {spark_submit.py:488} INFO - at py4j.ClientServerConnection.run(ClientServerConnection.java:106)
[2025-03-14T19:19:00.535+0000] {spark_submit.py:488} INFO - at java.base/java.lang.Thread.run(Thread.java:840)
[2025-03-14T19:19:00.536+0000] {spark_submit.py:488} INFO - 
[2025-03-14T19:19:00.630+0000] {spark_submit.py:488} INFO - 25/03/14 19:19:00 INFO ShutdownHookManager: Shutdown hook called
[2025-03-14T19:19:00.631+0000] {spark_submit.py:488} INFO - 25/03/14 19:19:00 INFO ShutdownHookManager: Deleting directory /tmp/spark-748ac293-dd50-4c87-8d77-0e5b68ff4d6d
[2025-03-14T19:19:00.636+0000] {spark_submit.py:488} INFO - 25/03/14 19:19:00 INFO ShutdownHookManager: Deleting directory /tmp/spark-0472e9e6-4445-4246-b90f-2ea31d0c971f
[2025-03-14T19:19:00.685+0000] {taskinstance.py:3313} ERROR - Task failed with exception
Traceback (most recent call last):
  File "/home/airflow/.local/lib/python3.12/site-packages/airflow/models/taskinstance.py", line 768, in _execute_task
    result = _execute_callable(context=context, **execute_callable_kwargs)
             ^^^^^^^^^^^^^^^^^^^^^^^^^^^^^^^^^^^^^^^^^^^^^^^^^^^^^^^^^^^^^
  File "/home/airflow/.local/lib/python3.12/site-packages/airflow/models/taskinstance.py", line 734, in _execute_callable
    return ExecutionCallableRunner(
           ^^^^^^^^^^^^^^^^^^^^^^^^
  File "/home/airflow/.local/lib/python3.12/site-packages/airflow/utils/operator_helpers.py", line 252, in run
    return self.func(*args, **kwargs)
           ^^^^^^^^^^^^^^^^^^^^^^^^^^
  File "/home/airflow/.local/lib/python3.12/site-packages/airflow/models/baseoperator.py", line 424, in wrapper
    return func(self, *args, **kwargs)
           ^^^^^^^^^^^^^^^^^^^^^^^^^^^
  File "/home/airflow/.local/lib/python3.12/site-packages/airflow/providers/apache/spark/operators/spark_submit.py", line 157, in execute
    self._hook.submit(self._application)
  File "/home/airflow/.local/lib/python3.12/site-packages/airflow/providers/apache/spark/hooks/spark_submit.py", line 419, in submit
    raise AirflowException(
airflow.exceptions.AirflowException: Cannot execute: spark-submit --master spark-master:7077 --conf spark.master=spark://spark-master:7077 --packages org.postgresql:postgresql:42.2.5 --name arrow-spark ./dags/transform.py. Error code is: 1.
[2025-03-14T19:19:00.729+0000] {taskinstance.py:1226} INFO - Marking task as UP_FOR_RETRY. dag_id=solar_energy_crops_pipeline, task_id=submit_spark_job, run_id=scheduled__2025-03-13T00:00:00+00:00, execution_date=20250313T000000, start_date=20250314T191844, end_date=20250314T191900
[2025-03-14T19:19:00.784+0000] {taskinstance.py:341} INFO - ::group::Post task execution logs
[2025-03-14T19:19:00.785+0000] {standard_task_runner.py:124} ERROR - Failed to execute job 62 for task submit_spark_job (Cannot execute: spark-submit --master spark-master:7077 --conf spark.master=spark://spark-master:7077 --packages org.postgresql:postgresql:42.2.5 --name arrow-spark ./dags/transform.py. Error code is: 1.; 138)
Traceback (most recent call last):
  File "/home/airflow/.local/lib/python3.12/site-packages/airflow/task/task_runner/standard_task_runner.py", line 117, in _start_by_fork
    ret = args.func(args, dag=self.dag)
          ^^^^^^^^^^^^^^^^^^^^^^^^^^^^^
  File "/home/airflow/.local/lib/python3.12/site-packages/airflow/cli/cli_config.py", line 49, in command
    return func(*args, **kwargs)
           ^^^^^^^^^^^^^^^^^^^^^
  File "/home/airflow/.local/lib/python3.12/site-packages/airflow/utils/cli.py", line 116, in wrapper
    return f(*args, **kwargs)
           ^^^^^^^^^^^^^^^^^^
  File "/home/airflow/.local/lib/python3.12/site-packages/airflow/cli/commands/task_command.py", line 483, in task_run
    task_return_code = _run_task_by_selected_method(args, _dag, ti)
                       ^^^^^^^^^^^^^^^^^^^^^^^^^^^^^^^^^^^^^^^^^^^^
  File "/home/airflow/.local/lib/python3.12/site-packages/airflow/cli/commands/task_command.py", line 256, in _run_task_by_selected_method
    return _run_raw_task(args, ti)
           ^^^^^^^^^^^^^^^^^^^^^^^
  File "/home/airflow/.local/lib/python3.12/site-packages/airflow/cli/commands/task_command.py", line 341, in _run_raw_task
    return ti._run_raw_task(
           ^^^^^^^^^^^^^^^^^
  File "/home/airflow/.local/lib/python3.12/site-packages/airflow/utils/session.py", line 97, in wrapper
    return func(*args, session=session, **kwargs)
           ^^^^^^^^^^^^^^^^^^^^^^^^^^^^^^^^^^^^^^
  File "/home/airflow/.local/lib/python3.12/site-packages/airflow/models/taskinstance.py", line 3006, in _run_raw_task
    return _run_raw_task(
           ^^^^^^^^^^^^^^
  File "/home/airflow/.local/lib/python3.12/site-packages/airflow/models/taskinstance.py", line 274, in _run_raw_task
    TaskInstance._execute_task_with_callbacks(
  File "/home/airflow/.local/lib/python3.12/site-packages/airflow/models/taskinstance.py", line 3161, in _execute_task_with_callbacks
    result = self._execute_task(context, task_orig)
             ^^^^^^^^^^^^^^^^^^^^^^^^^^^^^^^^^^^^^^
  File "/home/airflow/.local/lib/python3.12/site-packages/airflow/models/taskinstance.py", line 3185, in _execute_task
    return _execute_task(self, context, task_orig)
           ^^^^^^^^^^^^^^^^^^^^^^^^^^^^^^^^^^^^^^^
  File "/home/airflow/.local/lib/python3.12/site-packages/airflow/models/taskinstance.py", line 768, in _execute_task
    result = _execute_callable(context=context, **execute_callable_kwargs)
             ^^^^^^^^^^^^^^^^^^^^^^^^^^^^^^^^^^^^^^^^^^^^^^^^^^^^^^^^^^^^^
  File "/home/airflow/.local/lib/python3.12/site-packages/airflow/models/taskinstance.py", line 734, in _execute_callable
    return ExecutionCallableRunner(
           ^^^^^^^^^^^^^^^^^^^^^^^^
  File "/home/airflow/.local/lib/python3.12/site-packages/airflow/utils/operator_helpers.py", line 252, in run
    return self.func(*args, **kwargs)
           ^^^^^^^^^^^^^^^^^^^^^^^^^^
  File "/home/airflow/.local/lib/python3.12/site-packages/airflow/models/baseoperator.py", line 424, in wrapper
    return func(self, *args, **kwargs)
           ^^^^^^^^^^^^^^^^^^^^^^^^^^^
  File "/home/airflow/.local/lib/python3.12/site-packages/airflow/providers/apache/spark/operators/spark_submit.py", line 157, in execute
    self._hook.submit(self._application)
  File "/home/airflow/.local/lib/python3.12/site-packages/airflow/providers/apache/spark/hooks/spark_submit.py", line 419, in submit
    raise AirflowException(
airflow.exceptions.AirflowException: Cannot execute: spark-submit --master spark-master:7077 --conf spark.master=spark://spark-master:7077 --packages org.postgresql:postgresql:42.2.5 --name arrow-spark ./dags/transform.py. Error code is: 1.
[2025-03-14T19:19:00.833+0000] {local_task_job_runner.py:266} INFO - Task exited with return code 1
[2025-03-14T19:19:00.856+0000] {taskinstance.py:3901} INFO - 0 downstream tasks scheduled from follow-on schedule check
[2025-03-14T19:19:00.862+0000] {local_task_job_runner.py:245} INFO - ::endgroup::
