[2025-03-14T18:48:08.914+0000] {local_task_job_runner.py:123} INFO - ::group::Pre task execution logs
[2025-03-14T18:48:09.116+0000] {taskinstance.py:2614} INFO - Dependencies all met for dep_context=non-requeueable deps ti=<TaskInstance: solar_energy_crops_pipeline.submit_spark_job scheduled__2025-03-13T00:00:00+00:00 [queued]>
[2025-03-14T18:48:09.136+0000] {taskinstance.py:2614} INFO - Dependencies all met for dep_context=requeueable deps ti=<TaskInstance: solar_energy_crops_pipeline.submit_spark_job scheduled__2025-03-13T00:00:00+00:00 [queued]>
[2025-03-14T18:48:09.138+0000] {taskinstance.py:2867} INFO - Starting attempt 1 of 4
[2025-03-14T18:48:09.162+0000] {taskinstance.py:2890} INFO - Executing <Task(SparkSubmitOperator): submit_spark_job> on 2025-03-13 00:00:00+00:00
[2025-03-14T18:48:09.181+0000] {standard_task_runner.py:104} INFO - Running: ['***', 'tasks', 'run', 'solar_energy_crops_pipeline', 'submit_spark_job', 'scheduled__2025-03-13T00:00:00+00:00', '--job-id', '57', '--raw', '--subdir', 'DAGS_FOLDER/mainDag.py', '--cfg-path', '/tmp/tmpgivq1g04']
[2025-03-14T18:48:09.185+0000] {standard_task_runner.py:105} INFO - Job 57: Subtask submit_spark_job
[2025-03-14T18:48:09.180+0000] {warnings.py:112} WARNING - /home/***/.local/lib/python3.12/site-packages/***/task/task_runner/standard_task_runner.py:70: DeprecationWarning: This process (pid=79) is multi-threaded, use of fork() may lead to deadlocks in the child.
  pid = os.fork()

[2025-03-14T18:48:09.210+0000] {standard_task_runner.py:72} INFO - Started process 148 to run task
[2025-03-14T18:48:10.613+0000] {task_command.py:467} INFO - Running <TaskInstance: solar_energy_crops_pipeline.submit_spark_job scheduled__2025-03-13T00:00:00+00:00 [running]> on host 87bb601a2791
[2025-03-14T18:48:11.508+0000] {taskinstance.py:3134} INFO - Exporting env vars: AIRFLOW_CTX_DAG_OWNER='***' AIRFLOW_CTX_DAG_ID='solar_energy_crops_pipeline' AIRFLOW_CTX_TASK_ID='submit_spark_job' AIRFLOW_CTX_EXECUTION_DATE='2025-03-13T00:00:00+00:00' AIRFLOW_CTX_TRY_NUMBER='1' AIRFLOW_CTX_DAG_RUN_ID='scheduled__2025-03-13T00:00:00+00:00'
[2025-03-14T18:48:11.510+0000] {taskinstance.py:732} INFO - ::endgroup::
[2025-03-14T18:48:12.113+0000] {base.py:84} INFO - Retrieving connection 'spark_default'
[2025-03-14T18:48:12.120+0000] {spark_submit.py:335} INFO - Spark-Submit cmd: spark-submit --master spark-master:7077 --conf spark.master=spark://spark-master:7077 --packages org.postgresql:postgresql:42.2.5 --name arrow-spark ./dags/transform.py
[2025-03-14T18:48:26.012+0000] {spark_submit.py:488} INFO - :: loading settings :: url = jar:file:/home/***/.local/lib/python3.12/site-packages/pyspark/jars/ivy-2.5.1.jar!/org/apache/ivy/core/settings/ivysettings.xml
[2025-03-14T18:48:26.119+0000] {spark_submit.py:488} INFO - Ivy Default Cache set to: /home/***/.ivy2/cache
[2025-03-14T18:48:26.120+0000] {spark_submit.py:488} INFO - The jars for the packages stored in: /home/***/.ivy2/jars
[2025-03-14T18:48:26.124+0000] {spark_submit.py:488} INFO - org.postgresql#postgresql added as a dependency
[2025-03-14T18:48:26.125+0000] {spark_submit.py:488} INFO - :: resolving dependencies :: org.apache.spark#spark-submit-parent-6ec96ec3-bddd-4899-b170-4d99f5b859b0;1.0
[2025-03-14T18:48:26.126+0000] {spark_submit.py:488} INFO - confs: [default]
[2025-03-14T18:48:30.500+0000] {spark_submit.py:488} INFO - found org.postgresql#postgresql;42.2.5 in central
[2025-03-14T18:48:30.812+0000] {spark_submit.py:488} INFO - downloading https://repo1.maven.org/maven2/org/postgresql/postgresql/42.2.5/postgresql-42.2.5.jar ...
[2025-03-14T18:48:31.904+0000] {spark_submit.py:488} INFO - [SUCCESSFUL ] org.postgresql#postgresql;42.2.5!postgresql.jar(bundle) (1301ms)
[2025-03-14T18:48:31.925+0000] {spark_submit.py:488} INFO - :: resolution report :: resolve 4388ms :: artifacts dl 1391ms
[2025-03-14T18:48:31.928+0000] {spark_submit.py:488} INFO - :: modules in use:
[2025-03-14T18:48:31.938+0000] {spark_submit.py:488} INFO - org.postgresql#postgresql;42.2.5 from central in [default]
[2025-03-14T18:48:31.942+0000] {spark_submit.py:488} INFO - ---------------------------------------------------------------------
[2025-03-14T18:48:31.947+0000] {spark_submit.py:488} INFO - |                  |            modules            ||   artifacts   |
[2025-03-14T18:48:31.948+0000] {spark_submit.py:488} INFO - |       conf       | number| search|dwnlded|evicted|| number|dwnlded|
[2025-03-14T18:48:31.948+0000] {spark_submit.py:488} INFO - ---------------------------------------------------------------------
[2025-03-14T18:48:31.949+0000] {spark_submit.py:488} INFO - |      default     |   1   |   1   |   1   |   0   ||   1   |   1   |
[2025-03-14T18:48:31.950+0000] {spark_submit.py:488} INFO - ---------------------------------------------------------------------
[2025-03-14T18:48:32.001+0000] {spark_submit.py:488} INFO - :: retrieving :: org.apache.spark#spark-submit-parent-6ec96ec3-bddd-4899-b170-4d99f5b859b0
[2025-03-14T18:48:32.002+0000] {spark_submit.py:488} INFO - confs: [default]
[2025-03-14T18:48:32.029+0000] {spark_submit.py:488} INFO - 1 artifacts copied, 0 already retrieved (806kB/28ms)
[2025-03-14T18:48:34.597+0000] {spark_submit.py:488} INFO - 25/03/14 18:48:34 WARN NativeCodeLoader: Unable to load native-hadoop library for your platform... using builtin-java classes where applicable
[2025-03-14T18:48:37.701+0000] {spark_submit.py:488} INFO - 25/03/14 18:48:37 INFO SparkContext: Running Spark version 3.5.5
[2025-03-14T18:48:37.703+0000] {spark_submit.py:488} INFO - 25/03/14 18:48:37 INFO SparkContext: OS info Linux, 5.15.167.4-microsoft-standard-WSL2, amd64
[2025-03-14T18:48:37.704+0000] {spark_submit.py:488} INFO - 25/03/14 18:48:37 INFO SparkContext: Java version 17.0.14
[2025-03-14T18:48:37.735+0000] {spark_submit.py:488} INFO - 25/03/14 18:48:37 INFO ResourceUtils: ==============================================================
[2025-03-14T18:48:37.736+0000] {spark_submit.py:488} INFO - 25/03/14 18:48:37 INFO ResourceUtils: No custom resources configured for spark.driver.
[2025-03-14T18:48:37.798+0000] {spark_submit.py:488} INFO - 25/03/14 18:48:37 INFO ResourceUtils: ==============================================================
[2025-03-14T18:48:37.799+0000] {spark_submit.py:488} INFO - 25/03/14 18:48:37 INFO SparkContext: Submitted application: WeatherDataTransformation
[2025-03-14T18:48:37.905+0000] {spark_submit.py:488} INFO - 25/03/14 18:48:37 INFO ResourceProfile: Default ResourceProfile created, executor resources: Map(cores -> name: cores, amount: 1, script: , vendor: , memory -> name: memory, amount: 1024, script: , vendor: , offHeap -> name: offHeap, amount: 0, script: , vendor: ), task resources: Map(cpus -> name: cpus, amount: 1.0)
[2025-03-14T18:48:37.928+0000] {spark_submit.py:488} INFO - 25/03/14 18:48:37 INFO ResourceProfile: Limiting resource is cpu
[2025-03-14T18:48:37.929+0000] {spark_submit.py:488} INFO - 25/03/14 18:48:37 INFO ResourceProfileManager: Added ResourceProfile id: 0
[2025-03-14T18:48:38.335+0000] {spark_submit.py:488} INFO - 25/03/14 18:48:38 INFO SecurityManager: Changing view acls to: ***
[2025-03-14T18:48:38.336+0000] {spark_submit.py:488} INFO - 25/03/14 18:48:38 INFO SecurityManager: Changing modify acls to: ***
[2025-03-14T18:48:38.337+0000] {spark_submit.py:488} INFO - 25/03/14 18:48:38 INFO SecurityManager: Changing view acls groups to:
[2025-03-14T18:48:38.338+0000] {spark_submit.py:488} INFO - 25/03/14 18:48:38 INFO SecurityManager: Changing modify acls groups to:
[2025-03-14T18:48:38.338+0000] {spark_submit.py:488} INFO - 25/03/14 18:48:38 INFO SecurityManager: SecurityManager: authentication disabled; ui acls disabled; users with view permissions: ***; groups with view permissions: EMPTY; users with modify permissions: ***; groups with modify permissions: EMPTY
[2025-03-14T18:48:39.101+0000] {spark_submit.py:488} INFO - 25/03/14 18:48:39 INFO Utils: Successfully started service 'sparkDriver' on port 35229.
[2025-03-14T18:48:39.225+0000] {spark_submit.py:488} INFO - 25/03/14 18:48:39 INFO SparkEnv: Registering MapOutputTracker
[2025-03-14T18:48:39.314+0000] {spark_submit.py:488} INFO - 25/03/14 18:48:39 INFO SparkEnv: Registering BlockManagerMaster
[2025-03-14T18:48:39.343+0000] {spark_submit.py:488} INFO - 25/03/14 18:48:39 INFO BlockManagerMasterEndpoint: Using org.apache.spark.storage.DefaultTopologyMapper for getting topology information
[2025-03-14T18:48:39.344+0000] {spark_submit.py:488} INFO - 25/03/14 18:48:39 INFO BlockManagerMasterEndpoint: BlockManagerMasterEndpoint up
[2025-03-14T18:48:39.349+0000] {spark_submit.py:488} INFO - 25/03/14 18:48:39 INFO SparkEnv: Registering BlockManagerMasterHeartbeat
[2025-03-14T18:48:39.418+0000] {spark_submit.py:488} INFO - 25/03/14 18:48:39 INFO DiskBlockManager: Created local directory at /tmp/blockmgr-6265be02-d52e-43c9-b1ef-8214812cb9bb
[2025-03-14T18:48:39.437+0000] {spark_submit.py:488} INFO - 25/03/14 18:48:39 INFO MemoryStore: MemoryStore started with capacity 413.9 MiB
[2025-03-14T18:48:39.455+0000] {spark_submit.py:488} INFO - 25/03/14 18:48:39 INFO SparkEnv: Registering OutputCommitCoordinator
[2025-03-14T18:48:39.836+0000] {spark_submit.py:488} INFO - 25/03/14 18:48:39 INFO JettyUtils: Start Jetty 0.0.0.0:4040 for SparkUI
[2025-03-14T18:48:40.030+0000] {spark_submit.py:488} INFO - 25/03/14 18:48:40 INFO Utils: Successfully started service 'SparkUI' on port 4040.
[2025-03-14T18:48:40.206+0000] {spark_submit.py:488} INFO - 25/03/14 18:48:40 INFO SparkContext: Added JAR file:///home/***/.ivy2/jars/org.postgresql_postgresql-42.2.5.jar at spark://87bb601a2791:35229/jars/org.postgresql_postgresql-42.2.5.jar with timestamp 1741978117624
[2025-03-14T18:48:40.211+0000] {spark_submit.py:488} INFO - 25/03/14 18:48:40 INFO SparkContext: Added file file:///home/***/.ivy2/jars/org.postgresql_postgresql-42.2.5.jar at spark://87bb601a2791:35229/files/org.postgresql_postgresql-42.2.5.jar with timestamp 1741978117624
[2025-03-14T18:48:40.212+0000] {spark_submit.py:488} INFO - 25/03/14 18:48:40 INFO Utils: Copying /home/***/.ivy2/jars/org.postgresql_postgresql-42.2.5.jar to /tmp/spark-12506d43-d264-4e51-8bfc-0a9e85edda1d/userFiles-c44cd84e-93e6-4bd6-a3ce-651d780f0198/org.postgresql_postgresql-42.2.5.jar
[2025-03-14T18:48:40.322+0000] {spark_submit.py:488} INFO - 25/03/14 18:48:40 ERROR SparkContext: Error initializing SparkContext.
[2025-03-14T18:48:40.323+0000] {spark_submit.py:488} INFO - org.apache.spark.SparkException: Could not parse Master URL: 'spark-master:7077'
[2025-03-14T18:48:40.324+0000] {spark_submit.py:488} INFO - at org.apache.spark.SparkContext$.org$apache$spark$SparkContext$$createTaskScheduler(SparkContext.scala:3194)
[2025-03-14T18:48:40.325+0000] {spark_submit.py:488} INFO - at org.apache.spark.SparkContext.<init>(SparkContext.scala:577)
[2025-03-14T18:48:40.325+0000] {spark_submit.py:488} INFO - at org.apache.spark.api.java.JavaSparkContext.<init>(JavaSparkContext.scala:58)
[2025-03-14T18:48:40.326+0000] {spark_submit.py:488} INFO - at java.base/jdk.internal.reflect.NativeConstructorAccessorImpl.newInstance0(Native Method)
[2025-03-14T18:48:40.326+0000] {spark_submit.py:488} INFO - at java.base/jdk.internal.reflect.NativeConstructorAccessorImpl.newInstance(NativeConstructorAccessorImpl.java:77)
[2025-03-14T18:48:40.397+0000] {spark_submit.py:488} INFO - at java.base/jdk.internal.reflect.DelegatingConstructorAccessorImpl.newInstance(DelegatingConstructorAccessorImpl.java:45)
[2025-03-14T18:48:40.398+0000] {spark_submit.py:488} INFO - at java.base/java.lang.reflect.Constructor.newInstanceWithCaller(Constructor.java:500)
[2025-03-14T18:48:40.399+0000] {spark_submit.py:488} INFO - at java.base/java.lang.reflect.Constructor.newInstance(Constructor.java:481)
[2025-03-14T18:48:40.400+0000] {spark_submit.py:488} INFO - at py4j.reflection.MethodInvoker.invoke(MethodInvoker.java:247)
[2025-03-14T18:48:40.401+0000] {spark_submit.py:488} INFO - at py4j.reflection.ReflectionEngine.invoke(ReflectionEngine.java:374)
[2025-03-14T18:48:40.402+0000] {spark_submit.py:488} INFO - at py4j.Gateway.invoke(Gateway.java:238)
[2025-03-14T18:48:40.402+0000] {spark_submit.py:488} INFO - at py4j.commands.ConstructorCommand.invokeConstructor(ConstructorCommand.java:80)
[2025-03-14T18:48:40.403+0000] {spark_submit.py:488} INFO - at py4j.commands.ConstructorCommand.execute(ConstructorCommand.java:69)
[2025-03-14T18:48:40.404+0000] {spark_submit.py:488} INFO - at py4j.ClientServerConnection.waitForCommands(ClientServerConnection.java:182)
[2025-03-14T18:48:40.405+0000] {spark_submit.py:488} INFO - at py4j.ClientServerConnection.run(ClientServerConnection.java:106)
[2025-03-14T18:48:40.406+0000] {spark_submit.py:488} INFO - at java.base/java.lang.Thread.run(Thread.java:840)
[2025-03-14T18:48:40.406+0000] {spark_submit.py:488} INFO - 25/03/14 18:48:40 INFO SparkContext: SparkContext is stopping with exitCode 0.
[2025-03-14T18:48:40.414+0000] {spark_submit.py:488} INFO - 25/03/14 18:48:40 INFO SparkUI: Stopped Spark web UI at http://87bb601a2791:4040
[2025-03-14T18:48:40.502+0000] {spark_submit.py:488} INFO - 25/03/14 18:48:40 INFO MapOutputTrackerMasterEndpoint: MapOutputTrackerMasterEndpoint stopped!
[2025-03-14T18:48:40.523+0000] {spark_submit.py:488} INFO - 25/03/14 18:48:40 INFO MemoryStore: MemoryStore cleared
[2025-03-14T18:48:40.524+0000] {spark_submit.py:488} INFO - 25/03/14 18:48:40 INFO BlockManager: BlockManager stopped
[2025-03-14T18:48:40.531+0000] {spark_submit.py:488} INFO - 25/03/14 18:48:40 INFO BlockManagerMaster: BlockManagerMaster stopped
[2025-03-14T18:48:40.532+0000] {spark_submit.py:488} INFO - 25/03/14 18:48:40 WARN MetricsSystem: Stopping a MetricsSystem that is not running
[2025-03-14T18:48:40.534+0000] {spark_submit.py:488} INFO - 25/03/14 18:48:40 INFO OutputCommitCoordinator$OutputCommitCoordinatorEndpoint: OutputCommitCoordinator stopped!
[2025-03-14T18:48:40.608+0000] {spark_submit.py:488} INFO - 25/03/14 18:48:40 INFO SparkContext: Successfully stopped SparkContext
[2025-03-14T18:48:40.611+0000] {spark_submit.py:488} INFO - ERROR:root:Error initializing Spark session: An error occurred while calling None.org.apache.spark.api.java.JavaSparkContext.
[2025-03-14T18:48:40.612+0000] {spark_submit.py:488} INFO - : org.apache.spark.SparkException: Could not parse Master URL: 'spark-master:7077'
[2025-03-14T18:48:40.614+0000] {spark_submit.py:488} INFO - at org.apache.spark.SparkContext$.org$apache$spark$SparkContext$$createTaskScheduler(SparkContext.scala:3194)
[2025-03-14T18:48:40.615+0000] {spark_submit.py:488} INFO - at org.apache.spark.SparkContext.<init>(SparkContext.scala:577)
[2025-03-14T18:48:40.617+0000] {spark_submit.py:488} INFO - at org.apache.spark.api.java.JavaSparkContext.<init>(JavaSparkContext.scala:58)
[2025-03-14T18:48:40.619+0000] {spark_submit.py:488} INFO - at java.base/jdk.internal.reflect.NativeConstructorAccessorImpl.newInstance0(Native Method)
[2025-03-14T18:48:40.620+0000] {spark_submit.py:488} INFO - at java.base/jdk.internal.reflect.NativeConstructorAccessorImpl.newInstance(NativeConstructorAccessorImpl.java:77)
[2025-03-14T18:48:40.622+0000] {spark_submit.py:488} INFO - at java.base/jdk.internal.reflect.DelegatingConstructorAccessorImpl.newInstance(DelegatingConstructorAccessorImpl.java:45)
[2025-03-14T18:48:40.623+0000] {spark_submit.py:488} INFO - at java.base/java.lang.reflect.Constructor.newInstanceWithCaller(Constructor.java:500)
[2025-03-14T18:48:40.625+0000] {spark_submit.py:488} INFO - at java.base/java.lang.reflect.Constructor.newInstance(Constructor.java:481)
[2025-03-14T18:48:40.626+0000] {spark_submit.py:488} INFO - at py4j.reflection.MethodInvoker.invoke(MethodInvoker.java:247)
[2025-03-14T18:48:40.628+0000] {spark_submit.py:488} INFO - at py4j.reflection.ReflectionEngine.invoke(ReflectionEngine.java:374)
[2025-03-14T18:48:40.630+0000] {spark_submit.py:488} INFO - at py4j.Gateway.invoke(Gateway.java:238)
[2025-03-14T18:48:40.630+0000] {spark_submit.py:488} INFO - at py4j.commands.ConstructorCommand.invokeConstructor(ConstructorCommand.java:80)
[2025-03-14T18:48:40.631+0000] {spark_submit.py:488} INFO - at py4j.commands.ConstructorCommand.execute(ConstructorCommand.java:69)
[2025-03-14T18:48:40.697+0000] {spark_submit.py:488} INFO - at py4j.ClientServerConnection.waitForCommands(ClientServerConnection.java:182)
[2025-03-14T18:48:40.698+0000] {spark_submit.py:488} INFO - at py4j.ClientServerConnection.run(ClientServerConnection.java:106)
[2025-03-14T18:48:40.699+0000] {spark_submit.py:488} INFO - at java.base/java.lang.Thread.run(Thread.java:840)
[2025-03-14T18:48:40.699+0000] {spark_submit.py:488} INFO - 
[2025-03-14T18:48:40.811+0000] {spark_submit.py:488} INFO - 25/03/14 18:48:40 INFO ShutdownHookManager: Shutdown hook called
[2025-03-14T18:48:40.812+0000] {spark_submit.py:488} INFO - 25/03/14 18:48:40 INFO ShutdownHookManager: Deleting directory /tmp/spark-12506d43-d264-4e51-8bfc-0a9e85edda1d
[2025-03-14T18:48:40.820+0000] {spark_submit.py:488} INFO - 25/03/14 18:48:40 INFO ShutdownHookManager: Deleting directory /tmp/spark-da3f5977-72b5-4e52-9d38-2f6d0d0f0e0e
[2025-03-14T18:48:40.997+0000] {taskinstance.py:3313} ERROR - Task failed with exception
Traceback (most recent call last):
  File "/home/airflow/.local/lib/python3.12/site-packages/airflow/models/taskinstance.py", line 768, in _execute_task
    result = _execute_callable(context=context, **execute_callable_kwargs)
             ^^^^^^^^^^^^^^^^^^^^^^^^^^^^^^^^^^^^^^^^^^^^^^^^^^^^^^^^^^^^^
  File "/home/airflow/.local/lib/python3.12/site-packages/airflow/models/taskinstance.py", line 734, in _execute_callable
    return ExecutionCallableRunner(
           ^^^^^^^^^^^^^^^^^^^^^^^^
  File "/home/airflow/.local/lib/python3.12/site-packages/airflow/utils/operator_helpers.py", line 252, in run
    return self.func(*args, **kwargs)
           ^^^^^^^^^^^^^^^^^^^^^^^^^^
  File "/home/airflow/.local/lib/python3.12/site-packages/airflow/models/baseoperator.py", line 424, in wrapper
    return func(self, *args, **kwargs)
           ^^^^^^^^^^^^^^^^^^^^^^^^^^^
  File "/home/airflow/.local/lib/python3.12/site-packages/airflow/providers/apache/spark/operators/spark_submit.py", line 157, in execute
    self._hook.submit(self._application)
  File "/home/airflow/.local/lib/python3.12/site-packages/airflow/providers/apache/spark/hooks/spark_submit.py", line 419, in submit
    raise AirflowException(
airflow.exceptions.AirflowException: Cannot execute: spark-submit --master spark-master:7077 --conf spark.master=spark://spark-master:7077 --packages org.postgresql:postgresql:42.2.5 --name arrow-spark ./dags/transform.py. Error code is: 1.
[2025-03-14T18:48:41.023+0000] {taskinstance.py:1226} INFO - Marking task as UP_FOR_RETRY. dag_id=solar_energy_crops_pipeline, task_id=submit_spark_job, run_id=scheduled__2025-03-13T00:00:00+00:00, execution_date=20250313T000000, start_date=20250314T184809, end_date=20250314T184841
[2025-03-14T18:48:41.106+0000] {taskinstance.py:341} INFO - ::group::Post task execution logs
[2025-03-14T18:48:41.108+0000] {standard_task_runner.py:124} ERROR - Failed to execute job 57 for task submit_spark_job (Cannot execute: spark-submit --master spark-master:7077 --conf spark.master=spark://spark-master:7077 --packages org.postgresql:postgresql:42.2.5 --name arrow-spark ./dags/transform.py. Error code is: 1.; 148)
Traceback (most recent call last):
  File "/home/airflow/.local/lib/python3.12/site-packages/airflow/task/task_runner/standard_task_runner.py", line 117, in _start_by_fork
    ret = args.func(args, dag=self.dag)
          ^^^^^^^^^^^^^^^^^^^^^^^^^^^^^
  File "/home/airflow/.local/lib/python3.12/site-packages/airflow/cli/cli_config.py", line 49, in command
    return func(*args, **kwargs)
           ^^^^^^^^^^^^^^^^^^^^^
  File "/home/airflow/.local/lib/python3.12/site-packages/airflow/utils/cli.py", line 116, in wrapper
    return f(*args, **kwargs)
           ^^^^^^^^^^^^^^^^^^
  File "/home/airflow/.local/lib/python3.12/site-packages/airflow/cli/commands/task_command.py", line 483, in task_run
    task_return_code = _run_task_by_selected_method(args, _dag, ti)
                       ^^^^^^^^^^^^^^^^^^^^^^^^^^^^^^^^^^^^^^^^^^^^
  File "/home/airflow/.local/lib/python3.12/site-packages/airflow/cli/commands/task_command.py", line 256, in _run_task_by_selected_method
    return _run_raw_task(args, ti)
           ^^^^^^^^^^^^^^^^^^^^^^^
  File "/home/airflow/.local/lib/python3.12/site-packages/airflow/cli/commands/task_command.py", line 341, in _run_raw_task
    return ti._run_raw_task(
           ^^^^^^^^^^^^^^^^^
  File "/home/airflow/.local/lib/python3.12/site-packages/airflow/utils/session.py", line 97, in wrapper
    return func(*args, session=session, **kwargs)
           ^^^^^^^^^^^^^^^^^^^^^^^^^^^^^^^^^^^^^^
  File "/home/airflow/.local/lib/python3.12/site-packages/airflow/models/taskinstance.py", line 3006, in _run_raw_task
    return _run_raw_task(
           ^^^^^^^^^^^^^^
  File "/home/airflow/.local/lib/python3.12/site-packages/airflow/models/taskinstance.py", line 274, in _run_raw_task
    TaskInstance._execute_task_with_callbacks(
  File "/home/airflow/.local/lib/python3.12/site-packages/airflow/models/taskinstance.py", line 3161, in _execute_task_with_callbacks
    result = self._execute_task(context, task_orig)
             ^^^^^^^^^^^^^^^^^^^^^^^^^^^^^^^^^^^^^^
  File "/home/airflow/.local/lib/python3.12/site-packages/airflow/models/taskinstance.py", line 3185, in _execute_task
    return _execute_task(self, context, task_orig)
           ^^^^^^^^^^^^^^^^^^^^^^^^^^^^^^^^^^^^^^^
  File "/home/airflow/.local/lib/python3.12/site-packages/airflow/models/taskinstance.py", line 768, in _execute_task
    result = _execute_callable(context=context, **execute_callable_kwargs)
             ^^^^^^^^^^^^^^^^^^^^^^^^^^^^^^^^^^^^^^^^^^^^^^^^^^^^^^^^^^^^^
  File "/home/airflow/.local/lib/python3.12/site-packages/airflow/models/taskinstance.py", line 734, in _execute_callable
    return ExecutionCallableRunner(
           ^^^^^^^^^^^^^^^^^^^^^^^^
  File "/home/airflow/.local/lib/python3.12/site-packages/airflow/utils/operator_helpers.py", line 252, in run
    return self.func(*args, **kwargs)
           ^^^^^^^^^^^^^^^^^^^^^^^^^^
  File "/home/airflow/.local/lib/python3.12/site-packages/airflow/models/baseoperator.py", line 424, in wrapper
    return func(self, *args, **kwargs)
           ^^^^^^^^^^^^^^^^^^^^^^^^^^^
  File "/home/airflow/.local/lib/python3.12/site-packages/airflow/providers/apache/spark/operators/spark_submit.py", line 157, in execute
    self._hook.submit(self._application)
  File "/home/airflow/.local/lib/python3.12/site-packages/airflow/providers/apache/spark/hooks/spark_submit.py", line 419, in submit
    raise AirflowException(
airflow.exceptions.AirflowException: Cannot execute: spark-submit --master spark-master:7077 --conf spark.master=spark://spark-master:7077 --packages org.postgresql:postgresql:42.2.5 --name arrow-spark ./dags/transform.py. Error code is: 1.
[2025-03-14T18:48:41.152+0000] {local_task_job_runner.py:266} INFO - Task exited with return code 1
[2025-03-14T18:48:41.178+0000] {taskinstance.py:3901} INFO - 0 downstream tasks scheduled from follow-on schedule check
[2025-03-14T18:48:41.201+0000] {local_task_job_runner.py:245} INFO - ::endgroup::
