[2025-03-26T18:08:14.358+0000] {local_task_job_runner.py:123} INFO - ::group::Pre task execution logs
[2025-03-26T18:08:14.402+0000] {taskinstance.py:2614} INFO - Dependencies all met for dep_context=non-requeueable deps ti=<TaskInstance: solar_energy_crops_pipeline.start scheduled__2025-03-25T00:00:00+00:00 [queued]>
[2025-03-26T18:08:14.416+0000] {taskinstance.py:2614} INFO - Dependencies all met for dep_context=requeueable deps ti=<TaskInstance: solar_energy_crops_pipeline.start scheduled__2025-03-25T00:00:00+00:00 [queued]>
[2025-03-26T18:08:14.417+0000] {taskinstance.py:2867} INFO - Starting attempt 1 of 2
[2025-03-26T18:08:14.439+0000] {taskinstance.py:2890} INFO - Executing <Task(PythonOperator): start> on 2025-03-25 00:00:00+00:00
[2025-03-26T18:08:14.448+0000] {warnings.py:112} WARNING - /home/***/.local/lib/python3.12/site-packages/***/task/task_runner/standard_task_runner.py:70: DeprecationWarning: This process (pid=58) is multi-threaded, use of fork() may lead to deadlocks in the child.
  pid = os.fork()

[2025-03-26T18:08:14.451+0000] {standard_task_runner.py:72} INFO - Started process 63 to run task
[2025-03-26T18:08:14.452+0000] {standard_task_runner.py:104} INFO - Running: ['***', 'tasks', 'run', 'solar_energy_crops_pipeline', 'start', 'scheduled__2025-03-25T00:00:00+00:00', '--job-id', '21', '--raw', '--subdir', 'DAGS_FOLDER/mainDag.py', '--cfg-path', '/tmp/tmpzwmz2gta']
[2025-03-26T18:08:14.454+0000] {standard_task_runner.py:105} INFO - Job 21: Subtask start
[2025-03-26T18:08:14.570+0000] {task_command.py:467} INFO - Running <TaskInstance: solar_energy_crops_pipeline.start scheduled__2025-03-25T00:00:00+00:00 [running]> on host 8f4583a99d9d
[2025-03-26T18:08:14.765+0000] {taskinstance.py:3134} INFO - Exporting env vars: AIRFLOW_CTX_DAG_OWNER='***' AIRFLOW_CTX_DAG_ID='solar_energy_crops_pipeline' AIRFLOW_CTX_TASK_ID='start' AIRFLOW_CTX_EXECUTION_DATE='2025-03-25T00:00:00+00:00' AIRFLOW_CTX_TRY_NUMBER='1' AIRFLOW_CTX_DAG_RUN_ID='scheduled__2025-03-25T00:00:00+00:00'
[2025-03-26T18:08:14.769+0000] {taskinstance.py:732} INFO - ::endgroup::
[2025-03-26T18:08:14.798+0000] {logging_mixin.py:190} INFO - Jobs started
[2025-03-26T18:08:14.799+0000] {python.py:240} INFO - Done. Returned value was: None
[2025-03-26T18:08:14.837+0000] {taskinstance.py:341} INFO - ::group::Post task execution logs
[2025-03-26T18:08:14.838+0000] {taskinstance.py:353} INFO - Marking task as SUCCESS. dag_id=solar_energy_crops_pipeline, task_id=start, run_id=scheduled__2025-03-25T00:00:00+00:00, execution_date=20250325T000000, start_date=20250326T180814, end_date=20250326T180814
[2025-03-26T18:08:14.951+0000] {local_task_job_runner.py:266} INFO - Task exited with return code 0
[2025-03-26T18:08:14.999+0000] {taskinstance.py:3901} INFO - 1 downstream tasks scheduled from follow-on schedule check
[2025-03-26T18:08:15.000+0000] {local_task_job_runner.py:245} INFO - ::endgroup::
