[2025-03-26T18:08:00.199+0000] {processor.py:186} INFO - Started process (PID=27) to work on /opt/airflow/dags/mainDag.py
[2025-03-26T18:08:00.201+0000] {processor.py:914} INFO - Processing file /opt/airflow/dags/mainDag.py for tasks to queue
[2025-03-26T18:08:00.204+0000] {logging_mixin.py:190} INFO - [2025-03-26T18:08:00.204+0000] {dagbag.py:588} INFO - Filling up the DagBag from /opt/airflow/dags/mainDag.py
[2025-03-26T18:08:06.582+0000] {processor.py:925} INFO - DAG(s) 'solar_energy_crops_pipeline' retrieved from /opt/airflow/dags/mainDag.py
[2025-03-26T18:08:06.651+0000] {logging_mixin.py:190} INFO - [2025-03-26T18:08:06.650+0000] {dag.py:3239} INFO - Sync 1 DAGs
[2025-03-26T18:08:06.708+0000] {logging_mixin.py:190} INFO - [2025-03-26T18:08:06.707+0000] {dag.py:4180} INFO - Setting next_dagrun for solar_energy_crops_pipeline to 2025-03-26 00:00:00+00:00, run_after=2025-03-27 00:00:00+00:00
[2025-03-26T18:08:06.738+0000] {processor.py:208} INFO - Processing /opt/airflow/dags/mainDag.py took 6.572 seconds
[2025-03-26T18:08:36.943+0000] {processor.py:186} INFO - Started process (PID=44) to work on /opt/airflow/dags/mainDag.py
[2025-03-26T18:08:36.951+0000] {processor.py:914} INFO - Processing file /opt/airflow/dags/mainDag.py for tasks to queue
[2025-03-26T18:08:36.955+0000] {logging_mixin.py:190} INFO - [2025-03-26T18:08:36.954+0000] {dagbag.py:588} INFO - Filling up the DagBag from /opt/airflow/dags/mainDag.py
[2025-03-26T18:08:37.968+0000] {processor.py:925} INFO - DAG(s) 'solar_energy_crops_pipeline' retrieved from /opt/airflow/dags/mainDag.py
[2025-03-26T18:08:38.003+0000] {logging_mixin.py:190} INFO - [2025-03-26T18:08:38.003+0000] {dag.py:3239} INFO - Sync 1 DAGs
[2025-03-26T18:08:38.035+0000] {logging_mixin.py:190} INFO - [2025-03-26T18:08:38.035+0000] {dag.py:4180} INFO - Setting next_dagrun for solar_energy_crops_pipeline to 2025-03-26 00:00:00+00:00, run_after=2025-03-27 00:00:00+00:00
[2025-03-26T18:08:38.054+0000] {processor.py:208} INFO - Processing /opt/airflow/dags/mainDag.py took 1.119 seconds
[2025-03-26T18:09:08.118+0000] {processor.py:186} INFO - Started process (PID=54) to work on /opt/airflow/dags/mainDag.py
[2025-03-26T18:09:08.151+0000] {processor.py:914} INFO - Processing file /opt/airflow/dags/mainDag.py for tasks to queue
[2025-03-26T18:09:08.156+0000] {logging_mixin.py:190} INFO - [2025-03-26T18:09:08.155+0000] {dagbag.py:588} INFO - Filling up the DagBag from /opt/airflow/dags/mainDag.py
[2025-03-26T18:09:09.162+0000] {processor.py:925} INFO - DAG(s) 'solar_energy_crops_pipeline' retrieved from /opt/airflow/dags/mainDag.py
[2025-03-26T18:09:09.201+0000] {logging_mixin.py:190} INFO - [2025-03-26T18:09:09.200+0000] {dag.py:3239} INFO - Sync 1 DAGs
[2025-03-26T18:09:09.231+0000] {logging_mixin.py:190} INFO - [2025-03-26T18:09:09.231+0000] {dag.py:4180} INFO - Setting next_dagrun for solar_energy_crops_pipeline to 2025-03-26 00:00:00+00:00, run_after=2025-03-27 00:00:00+00:00
[2025-03-26T18:09:09.251+0000] {processor.py:208} INFO - Processing /opt/airflow/dags/mainDag.py took 1.141 seconds
[2025-03-26T18:09:39.400+0000] {processor.py:186} INFO - Started process (PID=65) to work on /opt/airflow/dags/mainDag.py
[2025-03-26T18:09:39.452+0000] {processor.py:914} INFO - Processing file /opt/airflow/dags/mainDag.py for tasks to queue
[2025-03-26T18:09:39.455+0000] {logging_mixin.py:190} INFO - [2025-03-26T18:09:39.455+0000] {dagbag.py:588} INFO - Filling up the DagBag from /opt/airflow/dags/mainDag.py
[2025-03-26T18:09:40.472+0000] {processor.py:925} INFO - DAG(s) 'solar_energy_crops_pipeline' retrieved from /opt/airflow/dags/mainDag.py
[2025-03-26T18:09:40.508+0000] {logging_mixin.py:190} INFO - [2025-03-26T18:09:40.507+0000] {dag.py:3239} INFO - Sync 1 DAGs
[2025-03-26T18:09:40.538+0000] {logging_mixin.py:190} INFO - [2025-03-26T18:09:40.538+0000] {dag.py:4180} INFO - Setting next_dagrun for solar_energy_crops_pipeline to 2025-03-26 00:00:00+00:00, run_after=2025-03-27 00:00:00+00:00
[2025-03-26T18:09:40.558+0000] {processor.py:208} INFO - Processing /opt/airflow/dags/mainDag.py took 1.167 seconds
[2025-03-26T18:10:10.736+0000] {processor.py:186} INFO - Started process (PID=76) to work on /opt/airflow/dags/mainDag.py
[2025-03-26T18:10:10.737+0000] {processor.py:914} INFO - Processing file /opt/airflow/dags/mainDag.py for tasks to queue
[2025-03-26T18:10:10.740+0000] {logging_mixin.py:190} INFO - [2025-03-26T18:10:10.740+0000] {dagbag.py:588} INFO - Filling up the DagBag from /opt/airflow/dags/mainDag.py
[2025-03-26T18:10:11.767+0000] {processor.py:925} INFO - DAG(s) 'solar_energy_crops_pipeline' retrieved from /opt/airflow/dags/mainDag.py
[2025-03-26T18:10:11.804+0000] {logging_mixin.py:190} INFO - [2025-03-26T18:10:11.803+0000] {dag.py:3239} INFO - Sync 1 DAGs
[2025-03-26T18:10:11.834+0000] {logging_mixin.py:190} INFO - [2025-03-26T18:10:11.834+0000] {dag.py:4180} INFO - Setting next_dagrun for solar_energy_crops_pipeline to 2025-03-26 00:00:00+00:00, run_after=2025-03-27 00:00:00+00:00
[2025-03-26T18:10:11.856+0000] {processor.py:208} INFO - Processing /opt/airflow/dags/mainDag.py took 1.128 seconds
[2025-03-26T18:10:41.910+0000] {processor.py:186} INFO - Started process (PID=87) to work on /opt/airflow/dags/mainDag.py
[2025-03-26T18:10:41.912+0000] {processor.py:914} INFO - Processing file /opt/airflow/dags/mainDag.py for tasks to queue
[2025-03-26T18:10:41.915+0000] {logging_mixin.py:190} INFO - [2025-03-26T18:10:41.914+0000] {dagbag.py:588} INFO - Filling up the DagBag from /opt/airflow/dags/mainDag.py
[2025-03-26T18:10:42.927+0000] {processor.py:925} INFO - DAG(s) 'solar_energy_crops_pipeline' retrieved from /opt/airflow/dags/mainDag.py
[2025-03-26T18:10:42.965+0000] {logging_mixin.py:190} INFO - [2025-03-26T18:10:42.964+0000] {dag.py:3239} INFO - Sync 1 DAGs
[2025-03-26T18:10:42.996+0000] {logging_mixin.py:190} INFO - [2025-03-26T18:10:42.995+0000] {dag.py:4180} INFO - Setting next_dagrun for solar_energy_crops_pipeline to 2025-03-26 00:00:00+00:00, run_after=2025-03-27 00:00:00+00:00
[2025-03-26T18:10:43.021+0000] {processor.py:208} INFO - Processing /opt/airflow/dags/mainDag.py took 1.119 seconds
[2025-03-26T18:11:13.097+0000] {processor.py:186} INFO - Started process (PID=98) to work on /opt/airflow/dags/mainDag.py
[2025-03-26T18:11:13.100+0000] {processor.py:914} INFO - Processing file /opt/airflow/dags/mainDag.py for tasks to queue
[2025-03-26T18:11:13.103+0000] {logging_mixin.py:190} INFO - [2025-03-26T18:11:13.103+0000] {dagbag.py:588} INFO - Filling up the DagBag from /opt/airflow/dags/mainDag.py
[2025-03-26T18:11:14.134+0000] {processor.py:925} INFO - DAG(s) 'solar_energy_crops_pipeline' retrieved from /opt/airflow/dags/mainDag.py
[2025-03-26T18:11:14.170+0000] {logging_mixin.py:190} INFO - [2025-03-26T18:11:14.169+0000] {dag.py:3239} INFO - Sync 1 DAGs
[2025-03-26T18:11:14.201+0000] {logging_mixin.py:190} INFO - [2025-03-26T18:11:14.201+0000] {dag.py:4180} INFO - Setting next_dagrun for solar_energy_crops_pipeline to 2025-03-26 00:00:00+00:00, run_after=2025-03-27 00:00:00+00:00
[2025-03-26T18:11:14.222+0000] {processor.py:208} INFO - Processing /opt/airflow/dags/mainDag.py took 1.137 seconds
[2025-03-26T18:11:44.430+0000] {processor.py:186} INFO - Started process (PID=112) to work on /opt/airflow/dags/mainDag.py
[2025-03-26T18:11:44.431+0000] {processor.py:914} INFO - Processing file /opt/airflow/dags/mainDag.py for tasks to queue
[2025-03-26T18:11:44.435+0000] {logging_mixin.py:190} INFO - [2025-03-26T18:11:44.435+0000] {dagbag.py:588} INFO - Filling up the DagBag from /opt/airflow/dags/mainDag.py
[2025-03-26T18:11:45.988+0000] {processor.py:925} INFO - DAG(s) 'solar_energy_crops_pipeline' retrieved from /opt/airflow/dags/mainDag.py
[2025-03-26T18:11:46.042+0000] {logging_mixin.py:190} INFO - [2025-03-26T18:11:46.041+0000] {dag.py:3239} INFO - Sync 1 DAGs
[2025-03-26T18:11:46.113+0000] {logging_mixin.py:190} INFO - [2025-03-26T18:11:46.112+0000] {dag.py:4180} INFO - Setting next_dagrun for solar_energy_crops_pipeline to 2025-03-26 00:00:00+00:00, run_after=2025-03-27 00:00:00+00:00
[2025-03-26T18:11:46.159+0000] {processor.py:208} INFO - Processing /opt/airflow/dags/mainDag.py took 1.739 seconds
[2025-03-26T18:12:16.424+0000] {processor.py:186} INFO - Started process (PID=122) to work on /opt/airflow/dags/mainDag.py
[2025-03-26T18:12:16.427+0000] {processor.py:914} INFO - Processing file /opt/airflow/dags/mainDag.py for tasks to queue
[2025-03-26T18:12:16.433+0000] {logging_mixin.py:190} INFO - [2025-03-26T18:12:16.433+0000] {dagbag.py:588} INFO - Filling up the DagBag from /opt/airflow/dags/mainDag.py
[2025-03-26T18:12:17.865+0000] {processor.py:925} INFO - DAG(s) 'solar_energy_crops_pipeline' retrieved from /opt/airflow/dags/mainDag.py
[2025-03-26T18:12:17.922+0000] {logging_mixin.py:190} INFO - [2025-03-26T18:12:17.921+0000] {dag.py:3239} INFO - Sync 1 DAGs
[2025-03-26T18:12:17.984+0000] {logging_mixin.py:190} INFO - [2025-03-26T18:12:17.984+0000] {dag.py:4180} INFO - Setting next_dagrun for solar_energy_crops_pipeline to 2025-03-26 00:00:00+00:00, run_after=2025-03-27 00:00:00+00:00
[2025-03-26T18:12:18.013+0000] {processor.py:208} INFO - Processing /opt/airflow/dags/mainDag.py took 1.601 seconds
[2025-03-26T18:12:48.233+0000] {processor.py:186} INFO - Started process (PID=133) to work on /opt/airflow/dags/mainDag.py
[2025-03-26T18:12:48.235+0000] {processor.py:914} INFO - Processing file /opt/airflow/dags/mainDag.py for tasks to queue
[2025-03-26T18:12:48.238+0000] {logging_mixin.py:190} INFO - [2025-03-26T18:12:48.238+0000] {dagbag.py:588} INFO - Filling up the DagBag from /opt/airflow/dags/mainDag.py
[2025-03-26T18:12:49.709+0000] {processor.py:925} INFO - DAG(s) 'solar_energy_crops_pipeline' retrieved from /opt/airflow/dags/mainDag.py
[2025-03-26T18:12:49.764+0000] {logging_mixin.py:190} INFO - [2025-03-26T18:12:49.763+0000] {dag.py:3239} INFO - Sync 1 DAGs
[2025-03-26T18:12:49.807+0000] {logging_mixin.py:190} INFO - [2025-03-26T18:12:49.807+0000] {dag.py:4180} INFO - Setting next_dagrun for solar_energy_crops_pipeline to 2025-03-26 00:00:00+00:00, run_after=2025-03-27 00:00:00+00:00
[2025-03-26T18:12:49.828+0000] {processor.py:208} INFO - Processing /opt/airflow/dags/mainDag.py took 1.615 seconds
[2025-03-26T18:13:20.042+0000] {processor.py:186} INFO - Started process (PID=144) to work on /opt/airflow/dags/mainDag.py
[2025-03-26T18:13:20.043+0000] {processor.py:914} INFO - Processing file /opt/airflow/dags/mainDag.py for tasks to queue
[2025-03-26T18:13:20.046+0000] {logging_mixin.py:190} INFO - [2025-03-26T18:13:20.046+0000] {dagbag.py:588} INFO - Filling up the DagBag from /opt/airflow/dags/mainDag.py
[2025-03-26T18:13:21.104+0000] {processor.py:925} INFO - DAG(s) 'solar_energy_crops_pipeline' retrieved from /opt/airflow/dags/mainDag.py
[2025-03-26T18:13:21.146+0000] {logging_mixin.py:190} INFO - [2025-03-26T18:13:21.146+0000] {dag.py:3239} INFO - Sync 1 DAGs
[2025-03-26T18:13:21.177+0000] {logging_mixin.py:190} INFO - [2025-03-26T18:13:21.177+0000] {dag.py:4180} INFO - Setting next_dagrun for solar_energy_crops_pipeline to 2025-03-26 00:00:00+00:00, run_after=2025-03-27 00:00:00+00:00
[2025-03-26T18:13:21.200+0000] {processor.py:208} INFO - Processing /opt/airflow/dags/mainDag.py took 1.168 seconds
[2025-03-26T18:13:51.393+0000] {processor.py:186} INFO - Started process (PID=154) to work on /opt/airflow/dags/mainDag.py
[2025-03-26T18:13:51.402+0000] {processor.py:914} INFO - Processing file /opt/airflow/dags/mainDag.py for tasks to queue
[2025-03-26T18:13:51.405+0000] {logging_mixin.py:190} INFO - [2025-03-26T18:13:51.404+0000] {dagbag.py:588} INFO - Filling up the DagBag from /opt/airflow/dags/mainDag.py
[2025-03-26T18:13:52.400+0000] {processor.py:925} INFO - DAG(s) 'solar_energy_crops_pipeline' retrieved from /opt/airflow/dags/mainDag.py
[2025-03-26T18:13:52.436+0000] {logging_mixin.py:190} INFO - [2025-03-26T18:13:52.436+0000] {dag.py:3239} INFO - Sync 1 DAGs
[2025-03-26T18:13:52.466+0000] {logging_mixin.py:190} INFO - [2025-03-26T18:13:52.466+0000] {dag.py:4180} INFO - Setting next_dagrun for solar_energy_crops_pipeline to 2025-03-26 00:00:00+00:00, run_after=2025-03-27 00:00:00+00:00
[2025-03-26T18:13:52.489+0000] {processor.py:208} INFO - Processing /opt/airflow/dags/mainDag.py took 1.105 seconds
[2025-03-26T18:14:22.574+0000] {processor.py:186} INFO - Started process (PID=165) to work on /opt/airflow/dags/mainDag.py
[2025-03-26T18:14:22.576+0000] {processor.py:914} INFO - Processing file /opt/airflow/dags/mainDag.py for tasks to queue
[2025-03-26T18:14:22.580+0000] {logging_mixin.py:190} INFO - [2025-03-26T18:14:22.579+0000] {dagbag.py:588} INFO - Filling up the DagBag from /opt/airflow/dags/mainDag.py
[2025-03-26T18:14:23.588+0000] {processor.py:925} INFO - DAG(s) 'solar_energy_crops_pipeline' retrieved from /opt/airflow/dags/mainDag.py
[2025-03-26T18:14:23.626+0000] {logging_mixin.py:190} INFO - [2025-03-26T18:14:23.625+0000] {dag.py:3239} INFO - Sync 1 DAGs
[2025-03-26T18:14:23.658+0000] {logging_mixin.py:190} INFO - [2025-03-26T18:14:23.657+0000] {dag.py:4180} INFO - Setting next_dagrun for solar_energy_crops_pipeline to 2025-03-26 00:00:00+00:00, run_after=2025-03-27 00:00:00+00:00
[2025-03-26T18:14:23.679+0000] {processor.py:208} INFO - Processing /opt/airflow/dags/mainDag.py took 1.114 seconds
[2025-03-26T18:14:53.862+0000] {processor.py:186} INFO - Started process (PID=176) to work on /opt/airflow/dags/mainDag.py
[2025-03-26T18:14:53.901+0000] {processor.py:914} INFO - Processing file /opt/airflow/dags/mainDag.py for tasks to queue
[2025-03-26T18:14:53.906+0000] {logging_mixin.py:190} INFO - [2025-03-26T18:14:53.905+0000] {dagbag.py:588} INFO - Filling up the DagBag from /opt/airflow/dags/mainDag.py
[2025-03-26T18:14:54.903+0000] {processor.py:925} INFO - DAG(s) 'solar_energy_crops_pipeline' retrieved from /opt/airflow/dags/mainDag.py
[2025-03-26T18:14:54.944+0000] {logging_mixin.py:190} INFO - [2025-03-26T18:14:54.943+0000] {dag.py:3239} INFO - Sync 1 DAGs
[2025-03-26T18:14:54.976+0000] {logging_mixin.py:190} INFO - [2025-03-26T18:14:54.976+0000] {dag.py:4180} INFO - Setting next_dagrun for solar_energy_crops_pipeline to 2025-03-26 00:00:00+00:00, run_after=2025-03-27 00:00:00+00:00
[2025-03-26T18:14:54.998+0000] {processor.py:208} INFO - Processing /opt/airflow/dags/mainDag.py took 1.145 seconds
[2025-03-26T18:15:25.061+0000] {processor.py:186} INFO - Started process (PID=187) to work on /opt/airflow/dags/mainDag.py
[2025-03-26T18:15:25.101+0000] {processor.py:914} INFO - Processing file /opt/airflow/dags/mainDag.py for tasks to queue
[2025-03-26T18:15:25.105+0000] {logging_mixin.py:190} INFO - [2025-03-26T18:15:25.104+0000] {dagbag.py:588} INFO - Filling up the DagBag from /opt/airflow/dags/mainDag.py
[2025-03-26T18:15:26.132+0000] {processor.py:925} INFO - DAG(s) 'solar_energy_crops_pipeline' retrieved from /opt/airflow/dags/mainDag.py
[2025-03-26T18:15:26.171+0000] {logging_mixin.py:190} INFO - [2025-03-26T18:15:26.170+0000] {dag.py:3239} INFO - Sync 1 DAGs
[2025-03-26T18:15:26.209+0000] {logging_mixin.py:190} INFO - [2025-03-26T18:15:26.209+0000] {dag.py:4180} INFO - Setting next_dagrun for solar_energy_crops_pipeline to 2025-03-26 00:00:00+00:00, run_after=2025-03-27 00:00:00+00:00
[2025-03-26T18:15:26.231+0000] {processor.py:208} INFO - Processing /opt/airflow/dags/mainDag.py took 1.179 seconds
[2025-03-26T18:15:56.363+0000] {processor.py:186} INFO - Started process (PID=197) to work on /opt/airflow/dags/mainDag.py
[2025-03-26T18:15:56.364+0000] {processor.py:914} INFO - Processing file /opt/airflow/dags/mainDag.py for tasks to queue
[2025-03-26T18:15:56.367+0000] {logging_mixin.py:190} INFO - [2025-03-26T18:15:56.367+0000] {dagbag.py:588} INFO - Filling up the DagBag from /opt/airflow/dags/mainDag.py
[2025-03-26T18:15:57.409+0000] {processor.py:925} INFO - DAG(s) 'solar_energy_crops_pipeline' retrieved from /opt/airflow/dags/mainDag.py
[2025-03-26T18:15:57.445+0000] {logging_mixin.py:190} INFO - [2025-03-26T18:15:57.444+0000] {dag.py:3239} INFO - Sync 1 DAGs
[2025-03-26T18:15:57.475+0000] {logging_mixin.py:190} INFO - [2025-03-26T18:15:57.475+0000] {dag.py:4180} INFO - Setting next_dagrun for solar_energy_crops_pipeline to 2025-03-26 00:00:00+00:00, run_after=2025-03-27 00:00:00+00:00
[2025-03-26T18:15:57.497+0000] {processor.py:208} INFO - Processing /opt/airflow/dags/mainDag.py took 1.143 seconds
[2025-03-26T18:16:27.600+0000] {processor.py:186} INFO - Started process (PID=208) to work on /opt/airflow/dags/mainDag.py
[2025-03-26T18:16:27.602+0000] {processor.py:914} INFO - Processing file /opt/airflow/dags/mainDag.py for tasks to queue
[2025-03-26T18:16:27.606+0000] {logging_mixin.py:190} INFO - [2025-03-26T18:16:27.605+0000] {dagbag.py:588} INFO - Filling up the DagBag from /opt/airflow/dags/mainDag.py
[2025-03-26T18:16:28.618+0000] {processor.py:925} INFO - DAG(s) 'solar_energy_crops_pipeline' retrieved from /opt/airflow/dags/mainDag.py
[2025-03-26T18:16:28.656+0000] {logging_mixin.py:190} INFO - [2025-03-26T18:16:28.655+0000] {dag.py:3239} INFO - Sync 1 DAGs
[2025-03-26T18:16:28.687+0000] {logging_mixin.py:190} INFO - [2025-03-26T18:16:28.687+0000] {dag.py:4180} INFO - Setting next_dagrun for solar_energy_crops_pipeline to 2025-03-26 00:00:00+00:00, run_after=2025-03-27 00:00:00+00:00
[2025-03-26T18:16:28.711+0000] {processor.py:208} INFO - Processing /opt/airflow/dags/mainDag.py took 1.119 seconds
[2025-03-26T18:16:58.867+0000] {processor.py:186} INFO - Started process (PID=219) to work on /opt/airflow/dags/mainDag.py
[2025-03-26T18:16:58.901+0000] {processor.py:914} INFO - Processing file /opt/airflow/dags/mainDag.py for tasks to queue
[2025-03-26T18:16:58.905+0000] {logging_mixin.py:190} INFO - [2025-03-26T18:16:58.904+0000] {dagbag.py:588} INFO - Filling up the DagBag from /opt/airflow/dags/mainDag.py
[2025-03-26T18:16:59.893+0000] {processor.py:925} INFO - DAG(s) 'solar_energy_crops_pipeline' retrieved from /opt/airflow/dags/mainDag.py
[2025-03-26T18:16:59.931+0000] {logging_mixin.py:190} INFO - [2025-03-26T18:16:59.931+0000] {dag.py:3239} INFO - Sync 1 DAGs
[2025-03-26T18:16:59.966+0000] {logging_mixin.py:190} INFO - [2025-03-26T18:16:59.966+0000] {dag.py:4180} INFO - Setting next_dagrun for solar_energy_crops_pipeline to 2025-03-26 00:00:00+00:00, run_after=2025-03-27 00:00:00+00:00
[2025-03-26T18:16:59.988+0000] {processor.py:208} INFO - Processing /opt/airflow/dags/mainDag.py took 1.131 seconds
[2025-03-26T18:17:30.070+0000] {processor.py:186} INFO - Started process (PID=230) to work on /opt/airflow/dags/mainDag.py
[2025-03-26T18:17:30.071+0000] {processor.py:914} INFO - Processing file /opt/airflow/dags/mainDag.py for tasks to queue
[2025-03-26T18:17:30.075+0000] {logging_mixin.py:190} INFO - [2025-03-26T18:17:30.075+0000] {dagbag.py:588} INFO - Filling up the DagBag from /opt/airflow/dags/mainDag.py
[2025-03-26T18:17:31.089+0000] {processor.py:925} INFO - DAG(s) 'solar_energy_crops_pipeline' retrieved from /opt/airflow/dags/mainDag.py
[2025-03-26T18:17:31.135+0000] {logging_mixin.py:190} INFO - [2025-03-26T18:17:31.135+0000] {dag.py:3239} INFO - Sync 1 DAGs
[2025-03-26T18:17:31.170+0000] {logging_mixin.py:190} INFO - [2025-03-26T18:17:31.169+0000] {dag.py:4180} INFO - Setting next_dagrun for solar_energy_crops_pipeline to 2025-03-26 00:00:00+00:00, run_after=2025-03-27 00:00:00+00:00
[2025-03-26T18:17:31.190+0000] {processor.py:208} INFO - Processing /opt/airflow/dags/mainDag.py took 1.129 seconds
[2025-03-26T18:18:01.376+0000] {processor.py:186} INFO - Started process (PID=241) to work on /opt/airflow/dags/mainDag.py
[2025-03-26T18:18:01.378+0000] {processor.py:914} INFO - Processing file /opt/airflow/dags/mainDag.py for tasks to queue
[2025-03-26T18:18:01.381+0000] {logging_mixin.py:190} INFO - [2025-03-26T18:18:01.381+0000] {dagbag.py:588} INFO - Filling up the DagBag from /opt/airflow/dags/mainDag.py
[2025-03-26T18:18:02.452+0000] {processor.py:925} INFO - DAG(s) 'solar_energy_crops_pipeline' retrieved from /opt/airflow/dags/mainDag.py
[2025-03-26T18:18:02.491+0000] {logging_mixin.py:190} INFO - [2025-03-26T18:18:02.490+0000] {dag.py:3239} INFO - Sync 1 DAGs
[2025-03-26T18:18:02.523+0000] {logging_mixin.py:190} INFO - [2025-03-26T18:18:02.522+0000] {dag.py:4180} INFO - Setting next_dagrun for solar_energy_crops_pipeline to 2025-03-26 00:00:00+00:00, run_after=2025-03-27 00:00:00+00:00
[2025-03-26T18:18:02.547+0000] {processor.py:208} INFO - Processing /opt/airflow/dags/mainDag.py took 1.180 seconds
[2025-03-26T18:18:32.733+0000] {processor.py:186} INFO - Started process (PID=258) to work on /opt/airflow/dags/mainDag.py
[2025-03-26T18:18:32.738+0000] {processor.py:914} INFO - Processing file /opt/airflow/dags/mainDag.py for tasks to queue
[2025-03-26T18:18:32.741+0000] {logging_mixin.py:190} INFO - [2025-03-26T18:18:32.741+0000] {dagbag.py:588} INFO - Filling up the DagBag from /opt/airflow/dags/mainDag.py
[2025-03-26T18:18:33.781+0000] {processor.py:925} INFO - DAG(s) 'solar_energy_crops_pipeline' retrieved from /opt/airflow/dags/mainDag.py
[2025-03-26T18:18:33.819+0000] {logging_mixin.py:190} INFO - [2025-03-26T18:18:33.819+0000] {dag.py:3239} INFO - Sync 1 DAGs
[2025-03-26T18:18:33.850+0000] {logging_mixin.py:190} INFO - [2025-03-26T18:18:33.850+0000] {dag.py:4180} INFO - Setting next_dagrun for solar_energy_crops_pipeline to 2025-03-26 00:00:00+00:00, run_after=2025-03-27 00:00:00+00:00
[2025-03-26T18:18:33.871+0000] {processor.py:208} INFO - Processing /opt/airflow/dags/mainDag.py took 1.147 seconds
[2025-03-26T18:19:03.914+0000] {processor.py:186} INFO - Started process (PID=269) to work on /opt/airflow/dags/mainDag.py
[2025-03-26T18:19:03.915+0000] {processor.py:914} INFO - Processing file /opt/airflow/dags/mainDag.py for tasks to queue
[2025-03-26T18:19:03.919+0000] {logging_mixin.py:190} INFO - [2025-03-26T18:19:03.918+0000] {dagbag.py:588} INFO - Filling up the DagBag from /opt/airflow/dags/mainDag.py
[2025-03-26T18:19:04.967+0000] {processor.py:925} INFO - DAG(s) 'solar_energy_crops_pipeline' retrieved from /opt/airflow/dags/mainDag.py
[2025-03-26T18:19:05.004+0000] {logging_mixin.py:190} INFO - [2025-03-26T18:19:05.003+0000] {dag.py:3239} INFO - Sync 1 DAGs
[2025-03-26T18:19:05.037+0000] {logging_mixin.py:190} INFO - [2025-03-26T18:19:05.037+0000] {dag.py:4180} INFO - Setting next_dagrun for solar_energy_crops_pipeline to 2025-03-26 00:00:00+00:00, run_after=2025-03-27 00:00:00+00:00
[2025-03-26T18:19:05.063+0000] {processor.py:208} INFO - Processing /opt/airflow/dags/mainDag.py took 1.159 seconds
[2025-03-26T18:19:35.246+0000] {processor.py:186} INFO - Started process (PID=280) to work on /opt/airflow/dags/mainDag.py
[2025-03-26T18:19:35.248+0000] {processor.py:914} INFO - Processing file /opt/airflow/dags/mainDag.py for tasks to queue
[2025-03-26T18:19:35.251+0000] {logging_mixin.py:190} INFO - [2025-03-26T18:19:35.251+0000] {dagbag.py:588} INFO - Filling up the DagBag from /opt/airflow/dags/mainDag.py
[2025-03-26T18:19:36.305+0000] {processor.py:925} INFO - DAG(s) 'solar_energy_crops_pipeline' retrieved from /opt/airflow/dags/mainDag.py
[2025-03-26T18:19:36.342+0000] {logging_mixin.py:190} INFO - [2025-03-26T18:19:36.341+0000] {dag.py:3239} INFO - Sync 1 DAGs
[2025-03-26T18:19:36.372+0000] {logging_mixin.py:190} INFO - [2025-03-26T18:19:36.372+0000] {dag.py:4180} INFO - Setting next_dagrun for solar_energy_crops_pipeline to 2025-03-26 00:00:00+00:00, run_after=2025-03-27 00:00:00+00:00
[2025-03-26T18:19:36.395+0000] {processor.py:208} INFO - Processing /opt/airflow/dags/mainDag.py took 1.159 seconds
[2025-03-26T18:20:06.575+0000] {processor.py:186} INFO - Started process (PID=290) to work on /opt/airflow/dags/mainDag.py
[2025-03-26T18:20:06.601+0000] {processor.py:914} INFO - Processing file /opt/airflow/dags/mainDag.py for tasks to queue
[2025-03-26T18:20:06.606+0000] {logging_mixin.py:190} INFO - [2025-03-26T18:20:06.605+0000] {dagbag.py:588} INFO - Filling up the DagBag from /opt/airflow/dags/mainDag.py
[2025-03-26T18:20:07.609+0000] {processor.py:925} INFO - DAG(s) 'solar_energy_crops_pipeline' retrieved from /opt/airflow/dags/mainDag.py
[2025-03-26T18:20:07.646+0000] {logging_mixin.py:190} INFO - [2025-03-26T18:20:07.645+0000] {dag.py:3239} INFO - Sync 1 DAGs
[2025-03-26T18:20:07.679+0000] {logging_mixin.py:190} INFO - [2025-03-26T18:20:07.679+0000] {dag.py:4180} INFO - Setting next_dagrun for solar_energy_crops_pipeline to 2025-03-26 00:00:00+00:00, run_after=2025-03-27 00:00:00+00:00
[2025-03-26T18:20:07.701+0000] {processor.py:208} INFO - Processing /opt/airflow/dags/mainDag.py took 1.136 seconds
[2025-03-26T18:20:37.746+0000] {processor.py:186} INFO - Started process (PID=301) to work on /opt/airflow/dags/mainDag.py
[2025-03-26T18:20:37.747+0000] {processor.py:914} INFO - Processing file /opt/airflow/dags/mainDag.py for tasks to queue
[2025-03-26T18:20:37.750+0000] {logging_mixin.py:190} INFO - [2025-03-26T18:20:37.750+0000] {dagbag.py:588} INFO - Filling up the DagBag from /opt/airflow/dags/mainDag.py
[2025-03-26T18:20:38.770+0000] {processor.py:925} INFO - DAG(s) 'solar_energy_crops_pipeline' retrieved from /opt/airflow/dags/mainDag.py
[2025-03-26T18:20:38.806+0000] {logging_mixin.py:190} INFO - [2025-03-26T18:20:38.805+0000] {dag.py:3239} INFO - Sync 1 DAGs
[2025-03-26T18:20:38.837+0000] {logging_mixin.py:190} INFO - [2025-03-26T18:20:38.837+0000] {dag.py:4180} INFO - Setting next_dagrun for solar_energy_crops_pipeline to 2025-03-26 00:00:00+00:00, run_after=2025-03-27 00:00:00+00:00
[2025-03-26T18:20:38.858+0000] {processor.py:208} INFO - Processing /opt/airflow/dags/mainDag.py took 1.121 seconds
[2025-03-26T18:21:08.922+0000] {processor.py:186} INFO - Started process (PID=312) to work on /opt/airflow/dags/mainDag.py
[2025-03-26T18:21:08.952+0000] {processor.py:914} INFO - Processing file /opt/airflow/dags/mainDag.py for tasks to queue
[2025-03-26T18:21:08.955+0000] {logging_mixin.py:190} INFO - [2025-03-26T18:21:08.955+0000] {dagbag.py:588} INFO - Filling up the DagBag from /opt/airflow/dags/mainDag.py
[2025-03-26T18:21:09.935+0000] {processor.py:925} INFO - DAG(s) 'solar_energy_crops_pipeline' retrieved from /opt/airflow/dags/mainDag.py
[2025-03-26T18:21:09.972+0000] {logging_mixin.py:190} INFO - [2025-03-26T18:21:09.971+0000] {dag.py:3239} INFO - Sync 1 DAGs
[2025-03-26T18:21:10.001+0000] {logging_mixin.py:190} INFO - [2025-03-26T18:21:10.000+0000] {dag.py:4180} INFO - Setting next_dagrun for solar_energy_crops_pipeline to 2025-03-26 00:00:00+00:00, run_after=2025-03-27 00:00:00+00:00
[2025-03-26T18:21:10.020+0000] {processor.py:208} INFO - Processing /opt/airflow/dags/mainDag.py took 1.107 seconds
[2025-03-26T18:21:40.096+0000] {processor.py:186} INFO - Started process (PID=324) to work on /opt/airflow/dags/mainDag.py
[2025-03-26T18:21:40.097+0000] {processor.py:914} INFO - Processing file /opt/airflow/dags/mainDag.py for tasks to queue
[2025-03-26T18:21:40.100+0000] {logging_mixin.py:190} INFO - [2025-03-26T18:21:40.100+0000] {dagbag.py:588} INFO - Filling up the DagBag from /opt/airflow/dags/mainDag.py
[2025-03-26T18:21:41.104+0000] {processor.py:925} INFO - DAG(s) 'solar_energy_crops_pipeline' retrieved from /opt/airflow/dags/mainDag.py
[2025-03-26T18:21:41.140+0000] {logging_mixin.py:190} INFO - [2025-03-26T18:21:41.139+0000] {dag.py:3239} INFO - Sync 1 DAGs
[2025-03-26T18:21:41.169+0000] {logging_mixin.py:190} INFO - [2025-03-26T18:21:41.168+0000] {dag.py:4180} INFO - Setting next_dagrun for solar_energy_crops_pipeline to 2025-03-26 00:00:00+00:00, run_after=2025-03-27 00:00:00+00:00
[2025-03-26T18:21:41.188+0000] {processor.py:208} INFO - Processing /opt/airflow/dags/mainDag.py took 1.101 seconds
[2025-03-26T18:22:11.267+0000] {processor.py:186} INFO - Started process (PID=335) to work on /opt/airflow/dags/mainDag.py
[2025-03-26T18:22:11.302+0000] {processor.py:914} INFO - Processing file /opt/airflow/dags/mainDag.py for tasks to queue
[2025-03-26T18:22:11.305+0000] {logging_mixin.py:190} INFO - [2025-03-26T18:22:11.305+0000] {dagbag.py:588} INFO - Filling up the DagBag from /opt/airflow/dags/mainDag.py
[2025-03-26T18:22:12.289+0000] {processor.py:925} INFO - DAG(s) 'solar_energy_crops_pipeline' retrieved from /opt/airflow/dags/mainDag.py
[2025-03-26T18:22:12.325+0000] {logging_mixin.py:190} INFO - [2025-03-26T18:22:12.325+0000] {dag.py:3239} INFO - Sync 1 DAGs
[2025-03-26T18:22:12.357+0000] {logging_mixin.py:190} INFO - [2025-03-26T18:22:12.357+0000] {dag.py:4180} INFO - Setting next_dagrun for solar_energy_crops_pipeline to 2025-03-26 00:00:00+00:00, run_after=2025-03-27 00:00:00+00:00
[2025-03-26T18:22:12.379+0000] {processor.py:208} INFO - Processing /opt/airflow/dags/mainDag.py took 1.121 seconds
[2025-03-26T18:22:42.628+0000] {processor.py:186} INFO - Started process (PID=346) to work on /opt/airflow/dags/mainDag.py
[2025-03-26T18:22:42.630+0000] {processor.py:914} INFO - Processing file /opt/airflow/dags/mainDag.py for tasks to queue
[2025-03-26T18:22:42.642+0000] {logging_mixin.py:190} INFO - [2025-03-26T18:22:42.640+0000] {dagbag.py:588} INFO - Filling up the DagBag from /opt/airflow/dags/mainDag.py
[2025-03-26T18:22:44.712+0000] {processor.py:925} INFO - DAG(s) 'solar_energy_crops_pipeline' retrieved from /opt/airflow/dags/mainDag.py
[2025-03-26T18:22:44.782+0000] {logging_mixin.py:190} INFO - [2025-03-26T18:22:44.782+0000] {dag.py:3239} INFO - Sync 1 DAGs
[2025-03-26T18:22:44.847+0000] {logging_mixin.py:190} INFO - [2025-03-26T18:22:44.847+0000] {dag.py:4180} INFO - Setting next_dagrun for solar_energy_crops_pipeline to 2025-03-26 00:00:00+00:00, run_after=2025-03-27 00:00:00+00:00
[2025-03-26T18:22:44.886+0000] {processor.py:208} INFO - Processing /opt/airflow/dags/mainDag.py took 2.288 seconds
[2025-03-26T18:23:15.103+0000] {processor.py:186} INFO - Started process (PID=357) to work on /opt/airflow/dags/mainDag.py
[2025-03-26T18:23:15.105+0000] {processor.py:914} INFO - Processing file /opt/airflow/dags/mainDag.py for tasks to queue
[2025-03-26T18:23:15.108+0000] {logging_mixin.py:190} INFO - [2025-03-26T18:23:15.107+0000] {dagbag.py:588} INFO - Filling up the DagBag from /opt/airflow/dags/mainDag.py
[2025-03-26T18:23:16.131+0000] {processor.py:925} INFO - DAG(s) 'solar_energy_crops_pipeline' retrieved from /opt/airflow/dags/mainDag.py
[2025-03-26T18:23:16.172+0000] {logging_mixin.py:190} INFO - [2025-03-26T18:23:16.171+0000] {dag.py:3239} INFO - Sync 1 DAGs
[2025-03-26T18:23:16.206+0000] {logging_mixin.py:190} INFO - [2025-03-26T18:23:16.206+0000] {dag.py:4180} INFO - Setting next_dagrun for solar_energy_crops_pipeline to 2025-03-26 00:00:00+00:00, run_after=2025-03-27 00:00:00+00:00
[2025-03-26T18:23:16.229+0000] {processor.py:208} INFO - Processing /opt/airflow/dags/mainDag.py took 1.135 seconds
[2025-03-26T18:23:46.284+0000] {processor.py:186} INFO - Started process (PID=369) to work on /opt/airflow/dags/mainDag.py
[2025-03-26T18:23:46.286+0000] {processor.py:914} INFO - Processing file /opt/airflow/dags/mainDag.py for tasks to queue
[2025-03-26T18:23:46.289+0000] {logging_mixin.py:190} INFO - [2025-03-26T18:23:46.288+0000] {dagbag.py:588} INFO - Filling up the DagBag from /opt/airflow/dags/mainDag.py
[2025-03-26T18:23:47.290+0000] {processor.py:925} INFO - DAG(s) 'solar_energy_crops_pipeline' retrieved from /opt/airflow/dags/mainDag.py
[2025-03-26T18:23:47.328+0000] {logging_mixin.py:190} INFO - [2025-03-26T18:23:47.327+0000] {dag.py:3239} INFO - Sync 1 DAGs
[2025-03-26T18:23:47.358+0000] {logging_mixin.py:190} INFO - [2025-03-26T18:23:47.357+0000] {dag.py:4180} INFO - Setting next_dagrun for solar_energy_crops_pipeline to 2025-03-26 00:00:00+00:00, run_after=2025-03-27 00:00:00+00:00
[2025-03-26T18:23:47.378+0000] {processor.py:208} INFO - Processing /opt/airflow/dags/mainDag.py took 1.103 seconds
[2025-03-26T18:24:17.462+0000] {processor.py:186} INFO - Started process (PID=380) to work on /opt/airflow/dags/mainDag.py
[2025-03-26T18:24:17.463+0000] {processor.py:914} INFO - Processing file /opt/airflow/dags/mainDag.py for tasks to queue
[2025-03-26T18:24:17.466+0000] {logging_mixin.py:190} INFO - [2025-03-26T18:24:17.466+0000] {dagbag.py:588} INFO - Filling up the DagBag from /opt/airflow/dags/mainDag.py
[2025-03-26T18:24:18.460+0000] {processor.py:925} INFO - DAG(s) 'solar_energy_crops_pipeline' retrieved from /opt/airflow/dags/mainDag.py
[2025-03-26T18:24:18.506+0000] {logging_mixin.py:190} INFO - [2025-03-26T18:24:18.505+0000] {dag.py:3239} INFO - Sync 1 DAGs
[2025-03-26T18:24:18.537+0000] {logging_mixin.py:190} INFO - [2025-03-26T18:24:18.536+0000] {dag.py:4180} INFO - Setting next_dagrun for solar_energy_crops_pipeline to 2025-03-26 00:00:00+00:00, run_after=2025-03-27 00:00:00+00:00
[2025-03-26T18:24:18.558+0000] {processor.py:208} INFO - Processing /opt/airflow/dags/mainDag.py took 1.105 seconds
[2025-03-26T18:24:48.726+0000] {processor.py:186} INFO - Started process (PID=390) to work on /opt/airflow/dags/mainDag.py
[2025-03-26T18:24:48.728+0000] {processor.py:914} INFO - Processing file /opt/airflow/dags/mainDag.py for tasks to queue
[2025-03-26T18:24:48.731+0000] {logging_mixin.py:190} INFO - [2025-03-26T18:24:48.731+0000] {dagbag.py:588} INFO - Filling up the DagBag from /opt/airflow/dags/mainDag.py
[2025-03-26T18:24:49.762+0000] {processor.py:925} INFO - DAG(s) 'solar_energy_crops_pipeline' retrieved from /opt/airflow/dags/mainDag.py
[2025-03-26T18:24:49.798+0000] {logging_mixin.py:190} INFO - [2025-03-26T18:24:49.797+0000] {dag.py:3239} INFO - Sync 1 DAGs
[2025-03-26T18:24:49.832+0000] {logging_mixin.py:190} INFO - [2025-03-26T18:24:49.831+0000] {dag.py:4180} INFO - Setting next_dagrun for solar_energy_crops_pipeline to 2025-03-26 00:00:00+00:00, run_after=2025-03-27 00:00:00+00:00
[2025-03-26T18:24:49.861+0000] {processor.py:208} INFO - Processing /opt/airflow/dags/mainDag.py took 1.144 seconds
[2025-03-26T18:25:19.911+0000] {processor.py:186} INFO - Started process (PID=401) to work on /opt/airflow/dags/mainDag.py
[2025-03-26T18:25:19.912+0000] {processor.py:914} INFO - Processing file /opt/airflow/dags/mainDag.py for tasks to queue
[2025-03-26T18:25:19.916+0000] {logging_mixin.py:190} INFO - [2025-03-26T18:25:19.916+0000] {dagbag.py:588} INFO - Filling up the DagBag from /opt/airflow/dags/mainDag.py
[2025-03-26T18:25:20.885+0000] {processor.py:925} INFO - DAG(s) 'solar_energy_crops_pipeline' retrieved from /opt/airflow/dags/mainDag.py
[2025-03-26T18:25:20.920+0000] {logging_mixin.py:190} INFO - [2025-03-26T18:25:20.919+0000] {dag.py:3239} INFO - Sync 1 DAGs
[2025-03-26T18:25:20.949+0000] {logging_mixin.py:190} INFO - [2025-03-26T18:25:20.949+0000] {dag.py:4180} INFO - Setting next_dagrun for solar_energy_crops_pipeline to 2025-03-26 00:00:00+00:00, run_after=2025-03-27 00:00:00+00:00
[2025-03-26T18:25:20.970+0000] {processor.py:208} INFO - Processing /opt/airflow/dags/mainDag.py took 1.068 seconds
[2025-03-26T18:25:51.088+0000] {processor.py:186} INFO - Started process (PID=412) to work on /opt/airflow/dags/mainDag.py
[2025-03-26T18:25:51.090+0000] {processor.py:914} INFO - Processing file /opt/airflow/dags/mainDag.py for tasks to queue
[2025-03-26T18:25:51.093+0000] {logging_mixin.py:190} INFO - [2025-03-26T18:25:51.093+0000] {dagbag.py:588} INFO - Filling up the DagBag from /opt/airflow/dags/mainDag.py
[2025-03-26T18:25:52.190+0000] {processor.py:925} INFO - DAG(s) 'solar_energy_crops_pipeline' retrieved from /opt/airflow/dags/mainDag.py
[2025-03-26T18:25:52.225+0000] {logging_mixin.py:190} INFO - [2025-03-26T18:25:52.224+0000] {dag.py:3239} INFO - Sync 1 DAGs
[2025-03-26T18:25:52.255+0000] {logging_mixin.py:190} INFO - [2025-03-26T18:25:52.255+0000] {dag.py:4180} INFO - Setting next_dagrun for solar_energy_crops_pipeline to 2025-03-26 00:00:00+00:00, run_after=2025-03-27 00:00:00+00:00
[2025-03-26T18:25:52.275+0000] {processor.py:208} INFO - Processing /opt/airflow/dags/mainDag.py took 1.197 seconds
[2025-03-26T18:26:22.318+0000] {processor.py:186} INFO - Started process (PID=423) to work on /opt/airflow/dags/mainDag.py
[2025-03-26T18:26:22.320+0000] {processor.py:914} INFO - Processing file /opt/airflow/dags/mainDag.py for tasks to queue
[2025-03-26T18:26:22.323+0000] {logging_mixin.py:190} INFO - [2025-03-26T18:26:22.323+0000] {dagbag.py:588} INFO - Filling up the DagBag from /opt/airflow/dags/mainDag.py
[2025-03-26T18:26:23.358+0000] {processor.py:925} INFO - DAG(s) 'solar_energy_crops_pipeline' retrieved from /opt/airflow/dags/mainDag.py
[2025-03-26T18:26:23.399+0000] {logging_mixin.py:190} INFO - [2025-03-26T18:26:23.398+0000] {dag.py:3239} INFO - Sync 1 DAGs
[2025-03-26T18:26:23.432+0000] {logging_mixin.py:190} INFO - [2025-03-26T18:26:23.431+0000] {dag.py:4180} INFO - Setting next_dagrun for solar_energy_crops_pipeline to 2025-03-26 00:00:00+00:00, run_after=2025-03-27 00:00:00+00:00
[2025-03-26T18:26:23.455+0000] {processor.py:208} INFO - Processing /opt/airflow/dags/mainDag.py took 1.146 seconds
[2025-03-26T18:26:53.619+0000] {processor.py:186} INFO - Started process (PID=434) to work on /opt/airflow/dags/mainDag.py
[2025-03-26T18:26:53.652+0000] {processor.py:914} INFO - Processing file /opt/airflow/dags/mainDag.py for tasks to queue
[2025-03-26T18:26:53.655+0000] {logging_mixin.py:190} INFO - [2025-03-26T18:26:53.655+0000] {dagbag.py:588} INFO - Filling up the DagBag from /opt/airflow/dags/mainDag.py
[2025-03-26T18:26:54.656+0000] {processor.py:925} INFO - DAG(s) 'solar_energy_crops_pipeline' retrieved from /opt/airflow/dags/mainDag.py
[2025-03-26T18:26:54.692+0000] {logging_mixin.py:190} INFO - [2025-03-26T18:26:54.691+0000] {dag.py:3239} INFO - Sync 1 DAGs
[2025-03-26T18:26:54.720+0000] {logging_mixin.py:190} INFO - [2025-03-26T18:26:54.720+0000] {dag.py:4180} INFO - Setting next_dagrun for solar_energy_crops_pipeline to 2025-03-26 00:00:00+00:00, run_after=2025-03-27 00:00:00+00:00
[2025-03-26T18:26:54.741+0000] {processor.py:208} INFO - Processing /opt/airflow/dags/mainDag.py took 1.131 seconds
[2025-03-26T18:27:24.798+0000] {processor.py:186} INFO - Started process (PID=445) to work on /opt/airflow/dags/mainDag.py
[2025-03-26T18:27:24.800+0000] {processor.py:914} INFO - Processing file /opt/airflow/dags/mainDag.py for tasks to queue
[2025-03-26T18:27:24.803+0000] {logging_mixin.py:190} INFO - [2025-03-26T18:27:24.802+0000] {dagbag.py:588} INFO - Filling up the DagBag from /opt/airflow/dags/mainDag.py
[2025-03-26T18:27:25.819+0000] {processor.py:925} INFO - DAG(s) 'solar_energy_crops_pipeline' retrieved from /opt/airflow/dags/mainDag.py
[2025-03-26T18:27:25.856+0000] {logging_mixin.py:190} INFO - [2025-03-26T18:27:25.855+0000] {dag.py:3239} INFO - Sync 1 DAGs
[2025-03-26T18:27:25.885+0000] {logging_mixin.py:190} INFO - [2025-03-26T18:27:25.885+0000] {dag.py:4180} INFO - Setting next_dagrun for solar_energy_crops_pipeline to 2025-03-26 00:00:00+00:00, run_after=2025-03-27 00:00:00+00:00
[2025-03-26T18:27:25.904+0000] {processor.py:208} INFO - Processing /opt/airflow/dags/mainDag.py took 1.115 seconds
[2025-03-26T18:27:55.975+0000] {processor.py:186} INFO - Started process (PID=457) to work on /opt/airflow/dags/mainDag.py
[2025-03-26T18:27:55.976+0000] {processor.py:914} INFO - Processing file /opt/airflow/dags/mainDag.py for tasks to queue
[2025-03-26T18:27:55.980+0000] {logging_mixin.py:190} INFO - [2025-03-26T18:27:55.979+0000] {dagbag.py:588} INFO - Filling up the DagBag from /opt/airflow/dags/mainDag.py
[2025-03-26T18:27:56.996+0000] {processor.py:925} INFO - DAG(s) 'solar_energy_crops_pipeline' retrieved from /opt/airflow/dags/mainDag.py
[2025-03-26T18:27:57.033+0000] {logging_mixin.py:190} INFO - [2025-03-26T18:27:57.032+0000] {dag.py:3239} INFO - Sync 1 DAGs
[2025-03-26T18:27:57.064+0000] {logging_mixin.py:190} INFO - [2025-03-26T18:27:57.064+0000] {dag.py:4180} INFO - Setting next_dagrun for solar_energy_crops_pipeline to 2025-03-26 00:00:00+00:00, run_after=2025-03-27 00:00:00+00:00
[2025-03-26T18:27:57.086+0000] {processor.py:208} INFO - Processing /opt/airflow/dags/mainDag.py took 1.121 seconds
[2025-03-26T18:28:27.263+0000] {processor.py:186} INFO - Started process (PID=467) to work on /opt/airflow/dags/mainDag.py
[2025-03-26T18:28:27.265+0000] {processor.py:914} INFO - Processing file /opt/airflow/dags/mainDag.py for tasks to queue
[2025-03-26T18:28:27.270+0000] {logging_mixin.py:190} INFO - [2025-03-26T18:28:27.269+0000] {dagbag.py:588} INFO - Filling up the DagBag from /opt/airflow/dags/mainDag.py
[2025-03-26T18:28:28.289+0000] {processor.py:925} INFO - DAG(s) 'solar_energy_crops_pipeline' retrieved from /opt/airflow/dags/mainDag.py
[2025-03-26T18:28:28.325+0000] {logging_mixin.py:190} INFO - [2025-03-26T18:28:28.324+0000] {dag.py:3239} INFO - Sync 1 DAGs
[2025-03-26T18:28:28.356+0000] {logging_mixin.py:190} INFO - [2025-03-26T18:28:28.355+0000] {dag.py:4180} INFO - Setting next_dagrun for solar_energy_crops_pipeline to 2025-03-26 00:00:00+00:00, run_after=2025-03-27 00:00:00+00:00
[2025-03-26T18:28:28.375+0000] {processor.py:208} INFO - Processing /opt/airflow/dags/mainDag.py took 1.121 seconds
[2025-03-26T18:28:58.451+0000] {processor.py:186} INFO - Started process (PID=478) to work on /opt/airflow/dags/mainDag.py
[2025-03-26T18:28:58.452+0000] {processor.py:914} INFO - Processing file /opt/airflow/dags/mainDag.py for tasks to queue
[2025-03-26T18:28:58.455+0000] {logging_mixin.py:190} INFO - [2025-03-26T18:28:58.455+0000] {dagbag.py:588} INFO - Filling up the DagBag from /opt/airflow/dags/mainDag.py
[2025-03-26T18:28:59.466+0000] {processor.py:925} INFO - DAG(s) 'solar_energy_crops_pipeline' retrieved from /opt/airflow/dags/mainDag.py
[2025-03-26T18:28:59.500+0000] {logging_mixin.py:190} INFO - [2025-03-26T18:28:59.499+0000] {dag.py:3239} INFO - Sync 1 DAGs
[2025-03-26T18:28:59.531+0000] {logging_mixin.py:190} INFO - [2025-03-26T18:28:59.530+0000] {dag.py:4180} INFO - Setting next_dagrun for solar_energy_crops_pipeline to 2025-03-26 00:00:00+00:00, run_after=2025-03-27 00:00:00+00:00
[2025-03-26T18:28:59.550+0000] {processor.py:208} INFO - Processing /opt/airflow/dags/mainDag.py took 1.109 seconds
[2025-03-26T18:29:29.730+0000] {processor.py:186} INFO - Started process (PID=488) to work on /opt/airflow/dags/mainDag.py
[2025-03-26T18:29:29.732+0000] {processor.py:914} INFO - Processing file /opt/airflow/dags/mainDag.py for tasks to queue
[2025-03-26T18:29:29.735+0000] {logging_mixin.py:190} INFO - [2025-03-26T18:29:29.734+0000] {dagbag.py:588} INFO - Filling up the DagBag from /opt/airflow/dags/mainDag.py
[2025-03-26T18:29:30.727+0000] {processor.py:925} INFO - DAG(s) 'solar_energy_crops_pipeline' retrieved from /opt/airflow/dags/mainDag.py
[2025-03-26T18:29:30.763+0000] {logging_mixin.py:190} INFO - [2025-03-26T18:29:30.762+0000] {dag.py:3239} INFO - Sync 1 DAGs
[2025-03-26T18:29:30.792+0000] {logging_mixin.py:190} INFO - [2025-03-26T18:29:30.792+0000] {dag.py:4180} INFO - Setting next_dagrun for solar_energy_crops_pipeline to 2025-03-26 00:00:00+00:00, run_after=2025-03-27 00:00:00+00:00
[2025-03-26T18:29:30.811+0000] {processor.py:208} INFO - Processing /opt/airflow/dags/mainDag.py took 1.090 seconds
[2025-03-26T18:30:00.909+0000] {processor.py:186} INFO - Started process (PID=499) to work on /opt/airflow/dags/mainDag.py
[2025-03-26T18:30:00.910+0000] {processor.py:914} INFO - Processing file /opt/airflow/dags/mainDag.py for tasks to queue
[2025-03-26T18:30:00.913+0000] {logging_mixin.py:190} INFO - [2025-03-26T18:30:00.913+0000] {dagbag.py:588} INFO - Filling up the DagBag from /opt/airflow/dags/mainDag.py
[2025-03-26T18:30:01.879+0000] {processor.py:925} INFO - DAG(s) 'solar_energy_crops_pipeline' retrieved from /opt/airflow/dags/mainDag.py
[2025-03-26T18:30:01.915+0000] {logging_mixin.py:190} INFO - [2025-03-26T18:30:01.914+0000] {dag.py:3239} INFO - Sync 1 DAGs
[2025-03-26T18:30:01.944+0000] {logging_mixin.py:190} INFO - [2025-03-26T18:30:01.944+0000] {dag.py:4180} INFO - Setting next_dagrun for solar_energy_crops_pipeline to 2025-03-26 00:00:00+00:00, run_after=2025-03-27 00:00:00+00:00
[2025-03-26T18:30:01.963+0000] {processor.py:208} INFO - Processing /opt/airflow/dags/mainDag.py took 1.063 seconds
[2025-03-26T18:30:32.153+0000] {processor.py:186} INFO - Started process (PID=509) to work on /opt/airflow/dags/mainDag.py
[2025-03-26T18:30:32.155+0000] {processor.py:914} INFO - Processing file /opt/airflow/dags/mainDag.py for tasks to queue
[2025-03-26T18:30:32.158+0000] {logging_mixin.py:190} INFO - [2025-03-26T18:30:32.158+0000] {dagbag.py:588} INFO - Filling up the DagBag from /opt/airflow/dags/mainDag.py
[2025-03-26T18:30:33.157+0000] {processor.py:925} INFO - DAG(s) 'solar_energy_crops_pipeline' retrieved from /opt/airflow/dags/mainDag.py
[2025-03-26T18:30:33.191+0000] {logging_mixin.py:190} INFO - [2025-03-26T18:30:33.190+0000] {dag.py:3239} INFO - Sync 1 DAGs
[2025-03-26T18:30:33.219+0000] {logging_mixin.py:190} INFO - [2025-03-26T18:30:33.218+0000] {dag.py:4180} INFO - Setting next_dagrun for solar_energy_crops_pipeline to 2025-03-26 00:00:00+00:00, run_after=2025-03-27 00:00:00+00:00
[2025-03-26T18:30:33.237+0000] {processor.py:208} INFO - Processing /opt/airflow/dags/mainDag.py took 1.092 seconds
[2025-03-26T18:31:03.336+0000] {processor.py:186} INFO - Started process (PID=520) to work on /opt/airflow/dags/mainDag.py
[2025-03-26T18:31:03.338+0000] {processor.py:914} INFO - Processing file /opt/airflow/dags/mainDag.py for tasks to queue
[2025-03-26T18:31:03.342+0000] {logging_mixin.py:190} INFO - [2025-03-26T18:31:03.341+0000] {dagbag.py:588} INFO - Filling up the DagBag from /opt/airflow/dags/mainDag.py
[2025-03-26T18:31:04.378+0000] {processor.py:925} INFO - DAG(s) 'solar_energy_crops_pipeline' retrieved from /opt/airflow/dags/mainDag.py
[2025-03-26T18:31:04.416+0000] {logging_mixin.py:190} INFO - [2025-03-26T18:31:04.415+0000] {dag.py:3239} INFO - Sync 1 DAGs
[2025-03-26T18:31:04.445+0000] {logging_mixin.py:190} INFO - [2025-03-26T18:31:04.444+0000] {dag.py:4180} INFO - Setting next_dagrun for solar_energy_crops_pipeline to 2025-03-26 00:00:00+00:00, run_after=2025-03-27 00:00:00+00:00
[2025-03-26T18:31:04.466+0000] {processor.py:208} INFO - Processing /opt/airflow/dags/mainDag.py took 1.139 seconds
[2025-03-26T18:31:34.581+0000] {processor.py:186} INFO - Started process (PID=537) to work on /opt/airflow/dags/mainDag.py
[2025-03-26T18:31:34.602+0000] {processor.py:914} INFO - Processing file /opt/airflow/dags/mainDag.py for tasks to queue
[2025-03-26T18:31:34.605+0000] {logging_mixin.py:190} INFO - [2025-03-26T18:31:34.605+0000] {dagbag.py:588} INFO - Filling up the DagBag from /opt/airflow/dags/mainDag.py
[2025-03-26T18:31:35.593+0000] {processor.py:925} INFO - DAG(s) 'solar_energy_crops_pipeline' retrieved from /opt/airflow/dags/mainDag.py
[2025-03-26T18:31:35.628+0000] {logging_mixin.py:190} INFO - [2025-03-26T18:31:35.627+0000] {dag.py:3239} INFO - Sync 1 DAGs
[2025-03-26T18:31:35.658+0000] {logging_mixin.py:190} INFO - [2025-03-26T18:31:35.658+0000] {dag.py:4180} INFO - Setting next_dagrun for solar_energy_crops_pipeline to 2025-03-26 00:00:00+00:00, run_after=2025-03-27 00:00:00+00:00
[2025-03-26T18:31:35.678+0000] {processor.py:208} INFO - Processing /opt/airflow/dags/mainDag.py took 1.105 seconds
[2025-03-26T18:32:05.802+0000] {processor.py:186} INFO - Started process (PID=549) to work on /opt/airflow/dags/mainDag.py
[2025-03-26T18:32:05.803+0000] {processor.py:914} INFO - Processing file /opt/airflow/dags/mainDag.py for tasks to queue
[2025-03-26T18:32:05.806+0000] {logging_mixin.py:190} INFO - [2025-03-26T18:32:05.806+0000] {dagbag.py:588} INFO - Filling up the DagBag from /opt/airflow/dags/mainDag.py
[2025-03-26T18:32:06.773+0000] {processor.py:925} INFO - DAG(s) 'solar_energy_crops_pipeline' retrieved from /opt/airflow/dags/mainDag.py
[2025-03-26T18:32:06.809+0000] {logging_mixin.py:190} INFO - [2025-03-26T18:32:06.808+0000] {dag.py:3239} INFO - Sync 1 DAGs
[2025-03-26T18:32:06.842+0000] {logging_mixin.py:190} INFO - [2025-03-26T18:32:06.841+0000] {dag.py:4180} INFO - Setting next_dagrun for solar_energy_crops_pipeline to 2025-03-26 00:00:00+00:00, run_after=2025-03-27 00:00:00+00:00
[2025-03-26T18:32:06.862+0000] {processor.py:208} INFO - Processing /opt/airflow/dags/mainDag.py took 1.069 seconds
[2025-03-26T18:32:37.021+0000] {processor.py:186} INFO - Started process (PID=560) to work on /opt/airflow/dags/mainDag.py
[2025-03-26T18:32:37.022+0000] {processor.py:914} INFO - Processing file /opt/airflow/dags/mainDag.py for tasks to queue
[2025-03-26T18:32:37.026+0000] {logging_mixin.py:190} INFO - [2025-03-26T18:32:37.025+0000] {dagbag.py:588} INFO - Filling up the DagBag from /opt/airflow/dags/mainDag.py
[2025-03-26T18:32:38.166+0000] {processor.py:925} INFO - DAG(s) 'solar_energy_crops_pipeline' retrieved from /opt/airflow/dags/mainDag.py
[2025-03-26T18:32:38.203+0000] {logging_mixin.py:190} INFO - [2025-03-26T18:32:38.202+0000] {dag.py:3239} INFO - Sync 1 DAGs
[2025-03-26T18:32:38.231+0000] {logging_mixin.py:190} INFO - [2025-03-26T18:32:38.231+0000] {dag.py:4180} INFO - Setting next_dagrun for solar_energy_crops_pipeline to 2025-03-26 00:00:00+00:00, run_after=2025-03-27 00:00:00+00:00
[2025-03-26T18:32:38.251+0000] {processor.py:208} INFO - Processing /opt/airflow/dags/mainDag.py took 1.240 seconds
[2025-03-26T18:33:08.426+0000] {processor.py:186} INFO - Started process (PID=571) to work on /opt/airflow/dags/mainDag.py
[2025-03-26T18:33:08.427+0000] {processor.py:914} INFO - Processing file /opt/airflow/dags/mainDag.py for tasks to queue
[2025-03-26T18:33:08.430+0000] {logging_mixin.py:190} INFO - [2025-03-26T18:33:08.430+0000] {dagbag.py:588} INFO - Filling up the DagBag from /opt/airflow/dags/mainDag.py
[2025-03-26T18:33:09.444+0000] {processor.py:925} INFO - DAG(s) 'solar_energy_crops_pipeline' retrieved from /opt/airflow/dags/mainDag.py
[2025-03-26T18:33:09.495+0000] {logging_mixin.py:190} INFO - [2025-03-26T18:33:09.494+0000] {dag.py:3239} INFO - Sync 1 DAGs
[2025-03-26T18:33:09.540+0000] {logging_mixin.py:190} INFO - [2025-03-26T18:33:09.540+0000] {dag.py:4180} INFO - Setting next_dagrun for solar_energy_crops_pipeline to 2025-03-26 00:00:00+00:00, run_after=2025-03-27 00:00:00+00:00
[2025-03-26T18:33:09.568+0000] {processor.py:208} INFO - Processing /opt/airflow/dags/mainDag.py took 1.150 seconds
[2025-03-26T18:33:39.745+0000] {processor.py:186} INFO - Started process (PID=582) to work on /opt/airflow/dags/mainDag.py
[2025-03-26T18:33:39.747+0000] {processor.py:914} INFO - Processing file /opt/airflow/dags/mainDag.py for tasks to queue
[2025-03-26T18:33:39.751+0000] {logging_mixin.py:190} INFO - [2025-03-26T18:33:39.750+0000] {dagbag.py:588} INFO - Filling up the DagBag from /opt/airflow/dags/mainDag.py
[2025-03-26T18:33:40.785+0000] {processor.py:925} INFO - DAG(s) 'solar_energy_crops_pipeline' retrieved from /opt/airflow/dags/mainDag.py
[2025-03-26T18:33:40.820+0000] {logging_mixin.py:190} INFO - [2025-03-26T18:33:40.820+0000] {dag.py:3239} INFO - Sync 1 DAGs
[2025-03-26T18:33:40.850+0000] {logging_mixin.py:190} INFO - [2025-03-26T18:33:40.849+0000] {dag.py:4180} INFO - Setting next_dagrun for solar_energy_crops_pipeline to 2025-03-26 00:00:00+00:00, run_after=2025-03-27 00:00:00+00:00
[2025-03-26T18:33:40.871+0000] {processor.py:208} INFO - Processing /opt/airflow/dags/mainDag.py took 1.136 seconds
[2025-03-26T18:34:10.917+0000] {processor.py:186} INFO - Started process (PID=593) to work on /opt/airflow/dags/mainDag.py
[2025-03-26T18:34:10.953+0000] {processor.py:914} INFO - Processing file /opt/airflow/dags/mainDag.py for tasks to queue
[2025-03-26T18:34:10.958+0000] {logging_mixin.py:190} INFO - [2025-03-26T18:34:10.957+0000] {dagbag.py:588} INFO - Filling up the DagBag from /opt/airflow/dags/mainDag.py
[2025-03-26T18:34:11.965+0000] {processor.py:925} INFO - DAG(s) 'solar_energy_crops_pipeline' retrieved from /opt/airflow/dags/mainDag.py
[2025-03-26T18:34:12.001+0000] {logging_mixin.py:190} INFO - [2025-03-26T18:34:12.000+0000] {dag.py:3239} INFO - Sync 1 DAGs
[2025-03-26T18:34:12.032+0000] {logging_mixin.py:190} INFO - [2025-03-26T18:34:12.032+0000] {dag.py:4180} INFO - Setting next_dagrun for solar_energy_crops_pipeline to 2025-03-26 00:00:00+00:00, run_after=2025-03-27 00:00:00+00:00
[2025-03-26T18:34:12.054+0000] {processor.py:208} INFO - Processing /opt/airflow/dags/mainDag.py took 1.146 seconds
[2025-03-26T18:34:42.239+0000] {processor.py:186} INFO - Started process (PID=604) to work on /opt/airflow/dags/mainDag.py
[2025-03-26T18:34:42.240+0000] {processor.py:914} INFO - Processing file /opt/airflow/dags/mainDag.py for tasks to queue
[2025-03-26T18:34:42.243+0000] {logging_mixin.py:190} INFO - [2025-03-26T18:34:42.243+0000] {dagbag.py:588} INFO - Filling up the DagBag from /opt/airflow/dags/mainDag.py
[2025-03-26T18:34:43.272+0000] {processor.py:925} INFO - DAG(s) 'solar_energy_crops_pipeline' retrieved from /opt/airflow/dags/mainDag.py
[2025-03-26T18:34:43.308+0000] {logging_mixin.py:190} INFO - [2025-03-26T18:34:43.308+0000] {dag.py:3239} INFO - Sync 1 DAGs
[2025-03-26T18:34:43.340+0000] {logging_mixin.py:190} INFO - [2025-03-26T18:34:43.340+0000] {dag.py:4180} INFO - Setting next_dagrun for solar_energy_crops_pipeline to 2025-03-26 00:00:00+00:00, run_after=2025-03-27 00:00:00+00:00
[2025-03-26T18:34:43.360+0000] {processor.py:208} INFO - Processing /opt/airflow/dags/mainDag.py took 1.130 seconds
[2025-03-26T18:35:13.424+0000] {processor.py:186} INFO - Started process (PID=615) to work on /opt/airflow/dags/mainDag.py
[2025-03-26T18:35:13.426+0000] {processor.py:914} INFO - Processing file /opt/airflow/dags/mainDag.py for tasks to queue
[2025-03-26T18:35:13.429+0000] {logging_mixin.py:190} INFO - [2025-03-26T18:35:13.428+0000] {dagbag.py:588} INFO - Filling up the DagBag from /opt/airflow/dags/mainDag.py
[2025-03-26T18:35:14.468+0000] {processor.py:925} INFO - DAG(s) 'solar_energy_crops_pipeline' retrieved from /opt/airflow/dags/mainDag.py
[2025-03-26T18:35:14.506+0000] {logging_mixin.py:190} INFO - [2025-03-26T18:35:14.505+0000] {dag.py:3239} INFO - Sync 1 DAGs
[2025-03-26T18:35:14.536+0000] {logging_mixin.py:190} INFO - [2025-03-26T18:35:14.536+0000] {dag.py:4180} INFO - Setting next_dagrun for solar_energy_crops_pipeline to 2025-03-26 00:00:00+00:00, run_after=2025-03-27 00:00:00+00:00
[2025-03-26T18:35:14.556+0000] {processor.py:208} INFO - Processing /opt/airflow/dags/mainDag.py took 1.142 seconds
[2025-03-26T18:35:44.719+0000] {processor.py:186} INFO - Started process (PID=626) to work on /opt/airflow/dags/mainDag.py
[2025-03-26T18:35:44.721+0000] {processor.py:914} INFO - Processing file /opt/airflow/dags/mainDag.py for tasks to queue
[2025-03-26T18:35:44.724+0000] {logging_mixin.py:190} INFO - [2025-03-26T18:35:44.723+0000] {dagbag.py:588} INFO - Filling up the DagBag from /opt/airflow/dags/mainDag.py
[2025-03-26T18:35:45.769+0000] {processor.py:925} INFO - DAG(s) 'solar_energy_crops_pipeline' retrieved from /opt/airflow/dags/mainDag.py
[2025-03-26T18:35:45.805+0000] {logging_mixin.py:190} INFO - [2025-03-26T18:35:45.805+0000] {dag.py:3239} INFO - Sync 1 DAGs
[2025-03-26T18:35:45.834+0000] {logging_mixin.py:190} INFO - [2025-03-26T18:35:45.834+0000] {dag.py:4180} INFO - Setting next_dagrun for solar_energy_crops_pipeline to 2025-03-26 00:00:00+00:00, run_after=2025-03-27 00:00:00+00:00
[2025-03-26T18:35:45.854+0000] {processor.py:208} INFO - Processing /opt/airflow/dags/mainDag.py took 1.143 seconds
[2025-03-26T18:36:15.904+0000] {processor.py:186} INFO - Started process (PID=636) to work on /opt/airflow/dags/mainDag.py
[2025-03-26T18:36:15.906+0000] {processor.py:914} INFO - Processing file /opt/airflow/dags/mainDag.py for tasks to queue
[2025-03-26T18:36:15.909+0000] {logging_mixin.py:190} INFO - [2025-03-26T18:36:15.909+0000] {dagbag.py:588} INFO - Filling up the DagBag from /opt/airflow/dags/mainDag.py
[2025-03-26T18:36:16.884+0000] {processor.py:925} INFO - DAG(s) 'solar_energy_crops_pipeline' retrieved from /opt/airflow/dags/mainDag.py
[2025-03-26T18:36:16.920+0000] {logging_mixin.py:190} INFO - [2025-03-26T18:36:16.919+0000] {dag.py:3239} INFO - Sync 1 DAGs
[2025-03-26T18:36:16.949+0000] {logging_mixin.py:190} INFO - [2025-03-26T18:36:16.949+0000] {dag.py:4180} INFO - Setting next_dagrun for solar_energy_crops_pipeline to 2025-03-26 00:00:00+00:00, run_after=2025-03-27 00:00:00+00:00
[2025-03-26T18:36:16.970+0000] {processor.py:208} INFO - Processing /opt/airflow/dags/mainDag.py took 1.077 seconds
[2025-03-26T18:36:47.082+0000] {processor.py:186} INFO - Started process (PID=647) to work on /opt/airflow/dags/mainDag.py
[2025-03-26T18:36:47.084+0000] {processor.py:914} INFO - Processing file /opt/airflow/dags/mainDag.py for tasks to queue
[2025-03-26T18:36:47.088+0000] {logging_mixin.py:190} INFO - [2025-03-26T18:36:47.087+0000] {dagbag.py:588} INFO - Filling up the DagBag from /opt/airflow/dags/mainDag.py
[2025-03-26T18:36:48.073+0000] {processor.py:925} INFO - DAG(s) 'solar_energy_crops_pipeline' retrieved from /opt/airflow/dags/mainDag.py
[2025-03-26T18:36:48.108+0000] {logging_mixin.py:190} INFO - [2025-03-26T18:36:48.108+0000] {dag.py:3239} INFO - Sync 1 DAGs
[2025-03-26T18:36:48.139+0000] {logging_mixin.py:190} INFO - [2025-03-26T18:36:48.138+0000] {dag.py:4180} INFO - Setting next_dagrun for solar_energy_crops_pipeline to 2025-03-26 00:00:00+00:00, run_after=2025-03-27 00:00:00+00:00
[2025-03-26T18:36:48.161+0000] {processor.py:208} INFO - Processing /opt/airflow/dags/mainDag.py took 1.088 seconds
[2025-03-26T18:37:18.327+0000] {processor.py:186} INFO - Started process (PID=658) to work on /opt/airflow/dags/mainDag.py
[2025-03-26T18:37:18.328+0000] {processor.py:914} INFO - Processing file /opt/airflow/dags/mainDag.py for tasks to queue
[2025-03-26T18:37:18.332+0000] {logging_mixin.py:190} INFO - [2025-03-26T18:37:18.332+0000] {dagbag.py:588} INFO - Filling up the DagBag from /opt/airflow/dags/mainDag.py
[2025-03-26T18:37:19.370+0000] {processor.py:925} INFO - DAG(s) 'solar_energy_crops_pipeline' retrieved from /opt/airflow/dags/mainDag.py
[2025-03-26T18:37:19.407+0000] {logging_mixin.py:190} INFO - [2025-03-26T18:37:19.406+0000] {dag.py:3239} INFO - Sync 1 DAGs
[2025-03-26T18:37:19.438+0000] {logging_mixin.py:190} INFO - [2025-03-26T18:37:19.438+0000] {dag.py:4180} INFO - Setting next_dagrun for solar_energy_crops_pipeline to 2025-03-26 00:00:00+00:00, run_after=2025-03-27 00:00:00+00:00
[2025-03-26T18:37:19.458+0000] {processor.py:208} INFO - Processing /opt/airflow/dags/mainDag.py took 1.141 seconds
[2025-03-26T18:37:49.512+0000] {processor.py:186} INFO - Started process (PID=669) to work on /opt/airflow/dags/mainDag.py
[2025-03-26T18:37:49.514+0000] {processor.py:914} INFO - Processing file /opt/airflow/dags/mainDag.py for tasks to queue
[2025-03-26T18:37:49.517+0000] {logging_mixin.py:190} INFO - [2025-03-26T18:37:49.516+0000] {dagbag.py:588} INFO - Filling up the DagBag from /opt/airflow/dags/mainDag.py
[2025-03-26T18:37:50.497+0000] {processor.py:925} INFO - DAG(s) 'solar_energy_crops_pipeline' retrieved from /opt/airflow/dags/mainDag.py
[2025-03-26T18:37:50.533+0000] {logging_mixin.py:190} INFO - [2025-03-26T18:37:50.533+0000] {dag.py:3239} INFO - Sync 1 DAGs
[2025-03-26T18:37:50.566+0000] {logging_mixin.py:190} INFO - [2025-03-26T18:37:50.565+0000] {dag.py:4180} INFO - Setting next_dagrun for solar_energy_crops_pipeline to 2025-03-26 00:00:00+00:00, run_after=2025-03-27 00:00:00+00:00
[2025-03-26T18:37:50.587+0000] {processor.py:208} INFO - Processing /opt/airflow/dags/mainDag.py took 1.084 seconds
[2025-03-26T18:38:20.713+0000] {processor.py:186} INFO - Started process (PID=680) to work on /opt/airflow/dags/mainDag.py
[2025-03-26T18:38:20.714+0000] {processor.py:914} INFO - Processing file /opt/airflow/dags/mainDag.py for tasks to queue
[2025-03-26T18:38:20.718+0000] {logging_mixin.py:190} INFO - [2025-03-26T18:38:20.717+0000] {dagbag.py:588} INFO - Filling up the DagBag from /opt/airflow/dags/mainDag.py
[2025-03-26T18:38:21.683+0000] {processor.py:925} INFO - DAG(s) 'solar_energy_crops_pipeline' retrieved from /opt/airflow/dags/mainDag.py
[2025-03-26T18:38:21.721+0000] {logging_mixin.py:190} INFO - [2025-03-26T18:38:21.721+0000] {dag.py:3239} INFO - Sync 1 DAGs
[2025-03-26T18:38:21.751+0000] {logging_mixin.py:190} INFO - [2025-03-26T18:38:21.751+0000] {dag.py:4180} INFO - Setting next_dagrun for solar_energy_crops_pipeline to 2025-03-26 00:00:00+00:00, run_after=2025-03-27 00:00:00+00:00
[2025-03-26T18:38:21.771+0000] {processor.py:208} INFO - Processing /opt/airflow/dags/mainDag.py took 1.067 seconds
[2025-03-26T18:38:51.936+0000] {processor.py:186} INFO - Started process (PID=691) to work on /opt/airflow/dags/mainDag.py
[2025-03-26T18:38:51.937+0000] {processor.py:914} INFO - Processing file /opt/airflow/dags/mainDag.py for tasks to queue
[2025-03-26T18:38:51.940+0000] {logging_mixin.py:190} INFO - [2025-03-26T18:38:51.939+0000] {dagbag.py:588} INFO - Filling up the DagBag from /opt/airflow/dags/mainDag.py
[2025-03-26T18:38:52.971+0000] {processor.py:925} INFO - DAG(s) 'solar_energy_crops_pipeline' retrieved from /opt/airflow/dags/mainDag.py
[2025-03-26T18:38:53.006+0000] {logging_mixin.py:190} INFO - [2025-03-26T18:38:53.005+0000] {dag.py:3239} INFO - Sync 1 DAGs
[2025-03-26T18:38:53.036+0000] {logging_mixin.py:190} INFO - [2025-03-26T18:38:53.035+0000] {dag.py:4180} INFO - Setting next_dagrun for solar_energy_crops_pipeline to 2025-03-26 00:00:00+00:00, run_after=2025-03-27 00:00:00+00:00
[2025-03-26T18:38:53.055+0000] {processor.py:208} INFO - Processing /opt/airflow/dags/mainDag.py took 1.129 seconds
[2025-03-26T18:39:23.122+0000] {processor.py:186} INFO - Started process (PID=702) to work on /opt/airflow/dags/mainDag.py
[2025-03-26T18:39:23.124+0000] {processor.py:914} INFO - Processing file /opt/airflow/dags/mainDag.py for tasks to queue
[2025-03-26T18:39:23.128+0000] {logging_mixin.py:190} INFO - [2025-03-26T18:39:23.127+0000] {dagbag.py:588} INFO - Filling up the DagBag from /opt/airflow/dags/mainDag.py
[2025-03-26T18:39:24.205+0000] {processor.py:925} INFO - DAG(s) 'solar_energy_crops_pipeline' retrieved from /opt/airflow/dags/mainDag.py
[2025-03-26T18:39:24.256+0000] {logging_mixin.py:190} INFO - [2025-03-26T18:39:24.255+0000] {dag.py:3239} INFO - Sync 1 DAGs
[2025-03-26T18:39:24.300+0000] {logging_mixin.py:190} INFO - [2025-03-26T18:39:24.299+0000] {dag.py:4180} INFO - Setting next_dagrun for solar_energy_crops_pipeline to 2025-03-26 00:00:00+00:00, run_after=2025-03-27 00:00:00+00:00
[2025-03-26T18:39:24.330+0000] {processor.py:208} INFO - Processing /opt/airflow/dags/mainDag.py took 1.218 seconds
[2025-03-26T18:39:54.426+0000] {processor.py:186} INFO - Started process (PID=712) to work on /opt/airflow/dags/mainDag.py
[2025-03-26T18:39:54.427+0000] {processor.py:914} INFO - Processing file /opt/airflow/dags/mainDag.py for tasks to queue
[2025-03-26T18:39:54.431+0000] {logging_mixin.py:190} INFO - [2025-03-26T18:39:54.431+0000] {dagbag.py:588} INFO - Filling up the DagBag from /opt/airflow/dags/mainDag.py
[2025-03-26T18:39:55.441+0000] {processor.py:925} INFO - DAG(s) 'solar_energy_crops_pipeline' retrieved from /opt/airflow/dags/mainDag.py
[2025-03-26T18:39:55.478+0000] {logging_mixin.py:190} INFO - [2025-03-26T18:39:55.477+0000] {dag.py:3239} INFO - Sync 1 DAGs
[2025-03-26T18:39:55.509+0000] {logging_mixin.py:190} INFO - [2025-03-26T18:39:55.508+0000] {dag.py:4180} INFO - Setting next_dagrun for solar_energy_crops_pipeline to 2025-03-26 00:00:00+00:00, run_after=2025-03-27 00:00:00+00:00
[2025-03-26T18:39:55.528+0000] {processor.py:208} INFO - Processing /opt/airflow/dags/mainDag.py took 1.111 seconds
[2025-03-26T18:40:25.717+0000] {processor.py:186} INFO - Started process (PID=722) to work on /opt/airflow/dags/mainDag.py
[2025-03-26T18:40:25.719+0000] {processor.py:914} INFO - Processing file /opt/airflow/dags/mainDag.py for tasks to queue
[2025-03-26T18:40:25.722+0000] {logging_mixin.py:190} INFO - [2025-03-26T18:40:25.721+0000] {dagbag.py:588} INFO - Filling up the DagBag from /opt/airflow/dags/mainDag.py
[2025-03-26T18:40:26.718+0000] {processor.py:925} INFO - DAG(s) 'solar_energy_crops_pipeline' retrieved from /opt/airflow/dags/mainDag.py
[2025-03-26T18:40:26.754+0000] {logging_mixin.py:190} INFO - [2025-03-26T18:40:26.753+0000] {dag.py:3239} INFO - Sync 1 DAGs
[2025-03-26T18:40:26.785+0000] {logging_mixin.py:190} INFO - [2025-03-26T18:40:26.784+0000] {dag.py:4180} INFO - Setting next_dagrun for solar_energy_crops_pipeline to 2025-03-26 00:00:00+00:00, run_after=2025-03-27 00:00:00+00:00
[2025-03-26T18:40:26.805+0000] {processor.py:208} INFO - Processing /opt/airflow/dags/mainDag.py took 1.098 seconds
[2025-03-26T18:40:56.898+0000] {processor.py:186} INFO - Started process (PID=733) to work on /opt/airflow/dags/mainDag.py
[2025-03-26T18:40:56.900+0000] {processor.py:914} INFO - Processing file /opt/airflow/dags/mainDag.py for tasks to queue
[2025-03-26T18:40:56.903+0000] {logging_mixin.py:190} INFO - [2025-03-26T18:40:56.902+0000] {dagbag.py:588} INFO - Filling up the DagBag from /opt/airflow/dags/mainDag.py
[2025-03-26T18:40:57.877+0000] {processor.py:925} INFO - DAG(s) 'solar_energy_crops_pipeline' retrieved from /opt/airflow/dags/mainDag.py
[2025-03-26T18:40:57.914+0000] {logging_mixin.py:190} INFO - [2025-03-26T18:40:57.913+0000] {dag.py:3239} INFO - Sync 1 DAGs
[2025-03-26T18:40:57.943+0000] {logging_mixin.py:190} INFO - [2025-03-26T18:40:57.943+0000] {dag.py:4180} INFO - Setting next_dagrun for solar_energy_crops_pipeline to 2025-03-26 00:00:00+00:00, run_after=2025-03-27 00:00:00+00:00
[2025-03-26T18:40:57.963+0000] {processor.py:208} INFO - Processing /opt/airflow/dags/mainDag.py took 1.074 seconds
[2025-03-26T18:41:28.157+0000] {processor.py:186} INFO - Started process (PID=744) to work on /opt/airflow/dags/mainDag.py
[2025-03-26T18:41:28.158+0000] {processor.py:914} INFO - Processing file /opt/airflow/dags/mainDag.py for tasks to queue
[2025-03-26T18:41:28.162+0000] {logging_mixin.py:190} INFO - [2025-03-26T18:41:28.161+0000] {dagbag.py:588} INFO - Filling up the DagBag from /opt/airflow/dags/mainDag.py
[2025-03-26T18:41:29.156+0000] {processor.py:925} INFO - DAG(s) 'solar_energy_crops_pipeline' retrieved from /opt/airflow/dags/mainDag.py
[2025-03-26T18:41:29.197+0000] {logging_mixin.py:190} INFO - [2025-03-26T18:41:29.196+0000] {dag.py:3239} INFO - Sync 1 DAGs
[2025-03-26T18:41:29.234+0000] {logging_mixin.py:190} INFO - [2025-03-26T18:41:29.234+0000] {dag.py:4180} INFO - Setting next_dagrun for solar_energy_crops_pipeline to 2025-03-26 00:00:00+00:00, run_after=2025-03-27 00:00:00+00:00
[2025-03-26T18:41:29.259+0000] {processor.py:208} INFO - Processing /opt/airflow/dags/mainDag.py took 1.110 seconds
[2025-03-26T18:41:59.345+0000] {processor.py:186} INFO - Started process (PID=756) to work on /opt/airflow/dags/mainDag.py
[2025-03-26T18:41:59.346+0000] {processor.py:914} INFO - Processing file /opt/airflow/dags/mainDag.py for tasks to queue
[2025-03-26T18:41:59.349+0000] {logging_mixin.py:190} INFO - [2025-03-26T18:41:59.349+0000] {dagbag.py:588} INFO - Filling up the DagBag from /opt/airflow/dags/mainDag.py
[2025-03-26T18:42:00.397+0000] {processor.py:925} INFO - DAG(s) 'solar_energy_crops_pipeline' retrieved from /opt/airflow/dags/mainDag.py
[2025-03-26T18:42:00.437+0000] {logging_mixin.py:190} INFO - [2025-03-26T18:42:00.436+0000] {dag.py:3239} INFO - Sync 1 DAGs
[2025-03-26T18:42:00.469+0000] {logging_mixin.py:190} INFO - [2025-03-26T18:42:00.468+0000] {dag.py:4180} INFO - Setting next_dagrun for solar_energy_crops_pipeline to 2025-03-26 00:00:00+00:00, run_after=2025-03-27 00:00:00+00:00
[2025-03-26T18:42:00.491+0000] {processor.py:208} INFO - Processing /opt/airflow/dags/mainDag.py took 1.156 seconds
[2025-03-26T18:42:30.624+0000] {processor.py:186} INFO - Started process (PID=767) to work on /opt/airflow/dags/mainDag.py
[2025-03-26T18:42:30.626+0000] {processor.py:914} INFO - Processing file /opt/airflow/dags/mainDag.py for tasks to queue
[2025-03-26T18:42:30.630+0000] {logging_mixin.py:190} INFO - [2025-03-26T18:42:30.630+0000] {dagbag.py:588} INFO - Filling up the DagBag from /opt/airflow/dags/mainDag.py
[2025-03-26T18:42:31.640+0000] {processor.py:925} INFO - DAG(s) 'solar_energy_crops_pipeline' retrieved from /opt/airflow/dags/mainDag.py
[2025-03-26T18:42:31.676+0000] {logging_mixin.py:190} INFO - [2025-03-26T18:42:31.675+0000] {dag.py:3239} INFO - Sync 1 DAGs
[2025-03-26T18:42:31.707+0000] {logging_mixin.py:190} INFO - [2025-03-26T18:42:31.707+0000] {dag.py:4180} INFO - Setting next_dagrun for solar_energy_crops_pipeline to 2025-03-26 00:00:00+00:00, run_after=2025-03-27 00:00:00+00:00
[2025-03-26T18:42:31.729+0000] {processor.py:208} INFO - Processing /opt/airflow/dags/mainDag.py took 1.114 seconds
[2025-03-26T18:43:01.841+0000] {processor.py:186} INFO - Started process (PID=778) to work on /opt/airflow/dags/mainDag.py
[2025-03-26T18:43:01.843+0000] {processor.py:914} INFO - Processing file /opt/airflow/dags/mainDag.py for tasks to queue
[2025-03-26T18:43:01.846+0000] {logging_mixin.py:190} INFO - [2025-03-26T18:43:01.846+0000] {dagbag.py:588} INFO - Filling up the DagBag from /opt/airflow/dags/mainDag.py
[2025-03-26T18:43:02.848+0000] {processor.py:925} INFO - DAG(s) 'solar_energy_crops_pipeline' retrieved from /opt/airflow/dags/mainDag.py
[2025-03-26T18:43:02.883+0000] {logging_mixin.py:190} INFO - [2025-03-26T18:43:02.883+0000] {dag.py:3239} INFO - Sync 1 DAGs
[2025-03-26T18:43:02.916+0000] {logging_mixin.py:190} INFO - [2025-03-26T18:43:02.915+0000] {dag.py:4180} INFO - Setting next_dagrun for solar_energy_crops_pipeline to 2025-03-26 00:00:00+00:00, run_after=2025-03-27 00:00:00+00:00
[2025-03-26T18:43:02.935+0000] {processor.py:208} INFO - Processing /opt/airflow/dags/mainDag.py took 1.103 seconds
[2025-03-26T18:43:33.080+0000] {processor.py:186} INFO - Started process (PID=789) to work on /opt/airflow/dags/mainDag.py
[2025-03-26T18:43:33.081+0000] {processor.py:914} INFO - Processing file /opt/airflow/dags/mainDag.py for tasks to queue
[2025-03-26T18:43:33.084+0000] {logging_mixin.py:190} INFO - [2025-03-26T18:43:33.084+0000] {dagbag.py:588} INFO - Filling up the DagBag from /opt/airflow/dags/mainDag.py
[2025-03-26T18:43:34.057+0000] {processor.py:925} INFO - DAG(s) 'solar_energy_crops_pipeline' retrieved from /opt/airflow/dags/mainDag.py
[2025-03-26T18:43:34.094+0000] {logging_mixin.py:190} INFO - [2025-03-26T18:43:34.093+0000] {dag.py:3239} INFO - Sync 1 DAGs
[2025-03-26T18:43:34.126+0000] {logging_mixin.py:190} INFO - [2025-03-26T18:43:34.125+0000] {dag.py:4180} INFO - Setting next_dagrun for solar_energy_crops_pipeline to 2025-03-26 00:00:00+00:00, run_after=2025-03-27 00:00:00+00:00
[2025-03-26T18:43:34.145+0000] {processor.py:208} INFO - Processing /opt/airflow/dags/mainDag.py took 1.073 seconds
[2025-03-26T18:44:04.287+0000] {processor.py:186} INFO - Started process (PID=801) to work on /opt/airflow/dags/mainDag.py
[2025-03-26T18:44:04.303+0000] {processor.py:914} INFO - Processing file /opt/airflow/dags/mainDag.py for tasks to queue
[2025-03-26T18:44:04.306+0000] {logging_mixin.py:190} INFO - [2025-03-26T18:44:04.306+0000] {dagbag.py:588} INFO - Filling up the DagBag from /opt/airflow/dags/mainDag.py
[2025-03-26T18:44:05.304+0000] {processor.py:925} INFO - DAG(s) 'solar_energy_crops_pipeline' retrieved from /opt/airflow/dags/mainDag.py
[2025-03-26T18:44:05.340+0000] {logging_mixin.py:190} INFO - [2025-03-26T18:44:05.340+0000] {dag.py:3239} INFO - Sync 1 DAGs
[2025-03-26T18:44:05.369+0000] {logging_mixin.py:190} INFO - [2025-03-26T18:44:05.369+0000] {dag.py:4180} INFO - Setting next_dagrun for solar_energy_crops_pipeline to 2025-03-26 00:00:00+00:00, run_after=2025-03-27 00:00:00+00:00
[2025-03-26T18:44:05.391+0000] {processor.py:208} INFO - Processing /opt/airflow/dags/mainDag.py took 1.113 seconds
[2025-03-26T18:44:35.492+0000] {processor.py:186} INFO - Started process (PID=818) to work on /opt/airflow/dags/mainDag.py
[2025-03-26T18:44:35.505+0000] {processor.py:914} INFO - Processing file /opt/airflow/dags/mainDag.py for tasks to queue
[2025-03-26T18:44:35.508+0000] {logging_mixin.py:190} INFO - [2025-03-26T18:44:35.508+0000] {dagbag.py:588} INFO - Filling up the DagBag from /opt/airflow/dags/mainDag.py
[2025-03-26T18:44:36.557+0000] {processor.py:925} INFO - DAG(s) 'solar_energy_crops_pipeline' retrieved from /opt/airflow/dags/mainDag.py
[2025-03-26T18:44:36.595+0000] {logging_mixin.py:190} INFO - [2025-03-26T18:44:36.595+0000] {dag.py:3239} INFO - Sync 1 DAGs
[2025-03-26T18:44:36.626+0000] {logging_mixin.py:190} INFO - [2025-03-26T18:44:36.626+0000] {dag.py:4180} INFO - Setting next_dagrun for solar_energy_crops_pipeline to 2025-03-26 00:00:00+00:00, run_after=2025-03-27 00:00:00+00:00
[2025-03-26T18:44:36.650+0000] {processor.py:208} INFO - Processing /opt/airflow/dags/mainDag.py took 1.167 seconds
[2025-03-26T18:45:06.750+0000] {processor.py:186} INFO - Started process (PID=829) to work on /opt/airflow/dags/mainDag.py
[2025-03-26T18:45:06.752+0000] {processor.py:914} INFO - Processing file /opt/airflow/dags/mainDag.py for tasks to queue
[2025-03-26T18:45:06.756+0000] {logging_mixin.py:190} INFO - [2025-03-26T18:45:06.756+0000] {dagbag.py:588} INFO - Filling up the DagBag from /opt/airflow/dags/mainDag.py
[2025-03-26T18:45:07.771+0000] {processor.py:925} INFO - DAG(s) 'solar_energy_crops_pipeline' retrieved from /opt/airflow/dags/mainDag.py
[2025-03-26T18:45:07.807+0000] {logging_mixin.py:190} INFO - [2025-03-26T18:45:07.807+0000] {dag.py:3239} INFO - Sync 1 DAGs
[2025-03-26T18:45:07.839+0000] {logging_mixin.py:190} INFO - [2025-03-26T18:45:07.839+0000] {dag.py:4180} INFO - Setting next_dagrun for solar_energy_crops_pipeline to 2025-03-26 00:00:00+00:00, run_after=2025-03-27 00:00:00+00:00
[2025-03-26T18:45:07.861+0000] {processor.py:208} INFO - Processing /opt/airflow/dags/mainDag.py took 1.120 seconds
[2025-03-26T18:45:38.028+0000] {processor.py:186} INFO - Started process (PID=839) to work on /opt/airflow/dags/mainDag.py
[2025-03-26T18:45:38.055+0000] {processor.py:914} INFO - Processing file /opt/airflow/dags/mainDag.py for tasks to queue
[2025-03-26T18:45:38.058+0000] {logging_mixin.py:190} INFO - [2025-03-26T18:45:38.058+0000] {dagbag.py:588} INFO - Filling up the DagBag from /opt/airflow/dags/mainDag.py
[2025-03-26T18:45:39.110+0000] {processor.py:925} INFO - DAG(s) 'solar_energy_crops_pipeline' retrieved from /opt/airflow/dags/mainDag.py
[2025-03-26T18:45:39.148+0000] {logging_mixin.py:190} INFO - [2025-03-26T18:45:39.147+0000] {dag.py:3239} INFO - Sync 1 DAGs
[2025-03-26T18:45:39.186+0000] {logging_mixin.py:190} INFO - [2025-03-26T18:45:39.186+0000] {dag.py:4180} INFO - Setting next_dagrun for solar_energy_crops_pipeline to 2025-03-26 00:00:00+00:00, run_after=2025-03-27 00:00:00+00:00
[2025-03-26T18:45:39.212+0000] {processor.py:208} INFO - Processing /opt/airflow/dags/mainDag.py took 1.194 seconds
[2025-03-26T18:46:09.396+0000] {processor.py:186} INFO - Started process (PID=850) to work on /opt/airflow/dags/mainDag.py
[2025-03-26T18:46:09.398+0000] {processor.py:914} INFO - Processing file /opt/airflow/dags/mainDag.py for tasks to queue
[2025-03-26T18:46:09.401+0000] {logging_mixin.py:190} INFO - [2025-03-26T18:46:09.401+0000] {dagbag.py:588} INFO - Filling up the DagBag from /opt/airflow/dags/mainDag.py
[2025-03-26T18:46:10.413+0000] {processor.py:925} INFO - DAG(s) 'solar_energy_crops_pipeline' retrieved from /opt/airflow/dags/mainDag.py
[2025-03-26T18:46:10.450+0000] {logging_mixin.py:190} INFO - [2025-03-26T18:46:10.449+0000] {dag.py:3239} INFO - Sync 1 DAGs
[2025-03-26T18:46:10.493+0000] {logging_mixin.py:190} INFO - [2025-03-26T18:46:10.493+0000] {dag.py:4180} INFO - Setting next_dagrun for solar_energy_crops_pipeline to 2025-03-26 00:00:00+00:00, run_after=2025-03-27 00:00:00+00:00
[2025-03-26T18:46:10.528+0000] {processor.py:208} INFO - Processing /opt/airflow/dags/mainDag.py took 1.142 seconds
[2025-03-26T18:46:40.580+0000] {processor.py:186} INFO - Started process (PID=861) to work on /opt/airflow/dags/mainDag.py
[2025-03-26T18:46:40.583+0000] {processor.py:914} INFO - Processing file /opt/airflow/dags/mainDag.py for tasks to queue
[2025-03-26T18:46:40.587+0000] {logging_mixin.py:190} INFO - [2025-03-26T18:46:40.586+0000] {dagbag.py:588} INFO - Filling up the DagBag from /opt/airflow/dags/mainDag.py
[2025-03-26T18:46:41.598+0000] {processor.py:925} INFO - DAG(s) 'solar_energy_crops_pipeline' retrieved from /opt/airflow/dags/mainDag.py
[2025-03-26T18:46:41.637+0000] {logging_mixin.py:190} INFO - [2025-03-26T18:46:41.636+0000] {dag.py:3239} INFO - Sync 1 DAGs
[2025-03-26T18:46:41.667+0000] {logging_mixin.py:190} INFO - [2025-03-26T18:46:41.666+0000] {dag.py:4180} INFO - Setting next_dagrun for solar_energy_crops_pipeline to 2025-03-26 00:00:00+00:00, run_after=2025-03-27 00:00:00+00:00
[2025-03-26T18:46:41.688+0000] {processor.py:208} INFO - Processing /opt/airflow/dags/mainDag.py took 1.119 seconds
[2025-03-26T18:47:11.751+0000] {processor.py:186} INFO - Started process (PID=872) to work on /opt/airflow/dags/mainDag.py
[2025-03-26T18:47:11.754+0000] {processor.py:914} INFO - Processing file /opt/airflow/dags/mainDag.py for tasks to queue
[2025-03-26T18:47:11.758+0000] {logging_mixin.py:190} INFO - [2025-03-26T18:47:11.757+0000] {dagbag.py:588} INFO - Filling up the DagBag from /opt/airflow/dags/mainDag.py
[2025-03-26T18:47:12.776+0000] {processor.py:925} INFO - DAG(s) 'solar_energy_crops_pipeline' retrieved from /opt/airflow/dags/mainDag.py
[2025-03-26T18:47:12.814+0000] {logging_mixin.py:190} INFO - [2025-03-26T18:47:12.814+0000] {dag.py:3239} INFO - Sync 1 DAGs
[2025-03-26T18:47:12.846+0000] {logging_mixin.py:190} INFO - [2025-03-26T18:47:12.845+0000] {dag.py:4180} INFO - Setting next_dagrun for solar_energy_crops_pipeline to 2025-03-26 00:00:00+00:00, run_after=2025-03-27 00:00:00+00:00
[2025-03-26T18:47:12.867+0000] {processor.py:208} INFO - Processing /opt/airflow/dags/mainDag.py took 1.125 seconds
[2025-03-26T18:47:43.048+0000] {processor.py:186} INFO - Started process (PID=882) to work on /opt/airflow/dags/mainDag.py
[2025-03-26T18:47:43.050+0000] {processor.py:914} INFO - Processing file /opt/airflow/dags/mainDag.py for tasks to queue
[2025-03-26T18:47:43.053+0000] {logging_mixin.py:190} INFO - [2025-03-26T18:47:43.053+0000] {dagbag.py:588} INFO - Filling up the DagBag from /opt/airflow/dags/mainDag.py
[2025-03-26T18:47:44.079+0000] {processor.py:925} INFO - DAG(s) 'solar_energy_crops_pipeline' retrieved from /opt/airflow/dags/mainDag.py
[2025-03-26T18:47:44.116+0000] {logging_mixin.py:190} INFO - [2025-03-26T18:47:44.116+0000] {dag.py:3239} INFO - Sync 1 DAGs
[2025-03-26T18:47:44.147+0000] {logging_mixin.py:190} INFO - [2025-03-26T18:47:44.147+0000] {dag.py:4180} INFO - Setting next_dagrun for solar_energy_crops_pipeline to 2025-03-26 00:00:00+00:00, run_after=2025-03-27 00:00:00+00:00
[2025-03-26T18:47:44.167+0000] {processor.py:208} INFO - Processing /opt/airflow/dags/mainDag.py took 1.128 seconds
[2025-03-26T18:48:14.246+0000] {processor.py:186} INFO - Started process (PID=894) to work on /opt/airflow/dags/mainDag.py
[2025-03-26T18:48:14.248+0000] {processor.py:914} INFO - Processing file /opt/airflow/dags/mainDag.py for tasks to queue
[2025-03-26T18:48:14.252+0000] {logging_mixin.py:190} INFO - [2025-03-26T18:48:14.252+0000] {dagbag.py:588} INFO - Filling up the DagBag from /opt/airflow/dags/mainDag.py
[2025-03-26T18:48:15.277+0000] {processor.py:925} INFO - DAG(s) 'solar_energy_crops_pipeline' retrieved from /opt/airflow/dags/mainDag.py
[2025-03-26T18:48:15.314+0000] {logging_mixin.py:190} INFO - [2025-03-26T18:48:15.314+0000] {dag.py:3239} INFO - Sync 1 DAGs
[2025-03-26T18:48:15.346+0000] {logging_mixin.py:190} INFO - [2025-03-26T18:48:15.345+0000] {dag.py:4180} INFO - Setting next_dagrun for solar_energy_crops_pipeline to 2025-03-26 00:00:00+00:00, run_after=2025-03-27 00:00:00+00:00
[2025-03-26T18:48:15.371+0000] {processor.py:208} INFO - Processing /opt/airflow/dags/mainDag.py took 1.134 seconds
[2025-03-26T18:48:45.534+0000] {processor.py:186} INFO - Started process (PID=905) to work on /opt/airflow/dags/mainDag.py
[2025-03-26T18:48:45.535+0000] {processor.py:914} INFO - Processing file /opt/airflow/dags/mainDag.py for tasks to queue
[2025-03-26T18:48:45.539+0000] {logging_mixin.py:190} INFO - [2025-03-26T18:48:45.538+0000] {dagbag.py:588} INFO - Filling up the DagBag from /opt/airflow/dags/mainDag.py
[2025-03-26T18:48:46.576+0000] {processor.py:925} INFO - DAG(s) 'solar_energy_crops_pipeline' retrieved from /opt/airflow/dags/mainDag.py
[2025-03-26T18:48:46.612+0000] {logging_mixin.py:190} INFO - [2025-03-26T18:48:46.612+0000] {dag.py:3239} INFO - Sync 1 DAGs
[2025-03-26T18:48:46.645+0000] {logging_mixin.py:190} INFO - [2025-03-26T18:48:46.645+0000] {dag.py:4180} INFO - Setting next_dagrun for solar_energy_crops_pipeline to 2025-03-26 00:00:00+00:00, run_after=2025-03-27 00:00:00+00:00
[2025-03-26T18:48:46.666+0000] {processor.py:208} INFO - Processing /opt/airflow/dags/mainDag.py took 1.141 seconds
