[2025-03-15T17:10:30.116+0000] {local_task_job_runner.py:123} INFO - ::group::Pre task execution logs
[2025-03-15T17:10:30.144+0000] {taskinstance.py:2614} INFO - Dependencies all met for dep_context=non-requeueable deps ti=<TaskInstance: solar_energy_crops_pipeline.start manual__2025-03-15T17:10:28.837228+00:00 [queued]>
[2025-03-15T17:10:30.161+0000] {taskinstance.py:2614} INFO - Dependencies all met for dep_context=requeueable deps ti=<TaskInstance: solar_energy_crops_pipeline.start manual__2025-03-15T17:10:28.837228+00:00 [queued]>
[2025-03-15T17:10:30.162+0000] {taskinstance.py:2867} INFO - Starting attempt 1 of 2
[2025-03-15T17:10:30.187+0000] {taskinstance.py:2890} INFO - Executing <Task(PythonOperator): start> on 2025-03-15 17:10:28.837228+00:00
[2025-03-15T17:10:30.198+0000] {warnings.py:112} WARNING - /home/***/.local/lib/python3.12/site-packages/***/task/task_runner/standard_task_runner.py:70: DeprecationWarning: This process (pid=158) is multi-threaded, use of fork() may lead to deadlocks in the child.
  pid = os.fork()

[2025-03-15T17:10:30.200+0000] {standard_task_runner.py:72} INFO - Started process 159 to run task
[2025-03-15T17:10:30.200+0000] {standard_task_runner.py:104} INFO - Running: ['***', 'tasks', 'run', 'solar_energy_crops_pipeline', 'start', 'manual__2025-03-15T17:10:28.837228+00:00', '--job-id', '86', '--raw', '--subdir', 'DAGS_FOLDER/mainDag.py', '--cfg-path', '/tmp/tmp4qzjufpd']
[2025-03-15T17:10:30.203+0000] {standard_task_runner.py:105} INFO - Job 86: Subtask start
[2025-03-15T17:10:30.293+0000] {task_command.py:467} INFO - Running <TaskInstance: solar_energy_crops_pipeline.start manual__2025-03-15T17:10:28.837228+00:00 [running]> on host 627299a652c6
[2025-03-15T17:10:30.449+0000] {taskinstance.py:3134} INFO - Exporting env vars: AIRFLOW_CTX_DAG_OWNER='***' AIRFLOW_CTX_DAG_ID='solar_energy_crops_pipeline' AIRFLOW_CTX_TASK_ID='start' AIRFLOW_CTX_EXECUTION_DATE='2025-03-15T17:10:28.837228+00:00' AIRFLOW_CTX_TRY_NUMBER='1' AIRFLOW_CTX_DAG_RUN_ID='manual__2025-03-15T17:10:28.837228+00:00'
[2025-03-15T17:10:30.454+0000] {taskinstance.py:732} INFO - ::endgroup::
[2025-03-15T17:10:30.482+0000] {logging_mixin.py:190} INFO - Jobs started
[2025-03-15T17:10:30.483+0000] {python.py:240} INFO - Done. Returned value was: None
[2025-03-15T17:10:30.503+0000] {taskinstance.py:341} INFO - ::group::Post task execution logs
[2025-03-15T17:10:30.504+0000] {taskinstance.py:353} INFO - Marking task as SUCCESS. dag_id=solar_energy_crops_pipeline, task_id=start, run_id=manual__2025-03-15T17:10:28.837228+00:00, execution_date=20250315T171028, start_date=20250315T171030, end_date=20250315T171030
[2025-03-15T17:10:30.579+0000] {local_task_job_runner.py:266} INFO - Task exited with return code 0
[2025-03-15T17:10:30.641+0000] {taskinstance.py:3901} INFO - 1 downstream tasks scheduled from follow-on schedule check
[2025-03-15T17:10:30.649+0000] {local_task_job_runner.py:245} INFO - ::endgroup::
