[2025-03-26T18:13:15.938+0000] {local_task_job_runner.py:123} INFO - ::group::Pre task execution logs
[2025-03-26T18:13:15.974+0000] {taskinstance.py:2614} INFO - Dependencies all met for dep_context=non-requeueable deps ti=<TaskInstance: solar_energy_crops_pipeline.end scheduled__2025-03-25T00:00:00+00:00 [queued]>
[2025-03-26T18:13:15.987+0000] {taskinstance.py:2614} INFO - Dependencies all met for dep_context=requeueable deps ti=<TaskInstance: solar_energy_crops_pipeline.end scheduled__2025-03-25T00:00:00+00:00 [queued]>
[2025-03-26T18:13:15.988+0000] {taskinstance.py:2867} INFO - Starting attempt 1 of 2
[2025-03-26T18:13:16.004+0000] {taskinstance.py:2890} INFO - Executing <Task(PythonOperator): end> on 2025-03-25 00:00:00+00:00
[2025-03-26T18:13:16.014+0000] {warnings.py:112} WARNING - /home/***/.local/lib/python3.12/site-packages/***/task/task_runner/standard_task_runner.py:70: DeprecationWarning: This process (pid=1003) is multi-threaded, use of fork() may lead to deadlocks in the child.
  pid = os.fork()

[2025-03-26T18:13:16.017+0000] {standard_task_runner.py:72} INFO - Started process 1005 to run task
[2025-03-26T18:13:16.018+0000] {standard_task_runner.py:104} INFO - Running: ['***', 'tasks', 'run', 'solar_energy_crops_pipeline', 'end', 'scheduled__2025-03-25T00:00:00+00:00', '--job-id', '27', '--raw', '--subdir', 'DAGS_FOLDER/mainDag.py', '--cfg-path', '/tmp/tmp_14h_ma6']
[2025-03-26T18:13:16.020+0000] {standard_task_runner.py:105} INFO - Job 27: Subtask end
[2025-03-26T18:13:16.098+0000] {task_command.py:467} INFO - Running <TaskInstance: solar_energy_crops_pipeline.end scheduled__2025-03-25T00:00:00+00:00 [running]> on host 8f4583a99d9d
[2025-03-26T18:13:16.232+0000] {taskinstance.py:3134} INFO - Exporting env vars: AIRFLOW_CTX_DAG_OWNER='***' AIRFLOW_CTX_DAG_ID='solar_energy_crops_pipeline' AIRFLOW_CTX_TASK_ID='end' AIRFLOW_CTX_EXECUTION_DATE='2025-03-25T00:00:00+00:00' AIRFLOW_CTX_TRY_NUMBER='1' AIRFLOW_CTX_DAG_RUN_ID='scheduled__2025-03-25T00:00:00+00:00'
[2025-03-26T18:13:16.235+0000] {taskinstance.py:732} INFO - ::endgroup::
[2025-03-26T18:13:16.255+0000] {logging_mixin.py:190} INFO - Jobs ended
[2025-03-26T18:13:16.255+0000] {python.py:240} INFO - Done. Returned value was: None
[2025-03-26T18:13:16.274+0000] {taskinstance.py:341} INFO - ::group::Post task execution logs
[2025-03-26T18:13:16.275+0000] {taskinstance.py:353} INFO - Marking task as SUCCESS. dag_id=solar_energy_crops_pipeline, task_id=end, run_id=scheduled__2025-03-25T00:00:00+00:00, execution_date=20250325T000000, start_date=20250326T181315, end_date=20250326T181316
[2025-03-26T18:13:16.353+0000] {local_task_job_runner.py:266} INFO - Task exited with return code 0
[2025-03-26T18:13:16.381+0000] {taskinstance.py:3901} INFO - 0 downstream tasks scheduled from follow-on schedule check
[2025-03-26T18:13:16.383+0000] {local_task_job_runner.py:245} INFO - ::endgroup::
