[2025-03-04T04:50:00.596+0000] {local_task_job_runner.py:123} INFO - ::group::Pre task execution logs
[2025-03-04T04:50:00.618+0000] {taskinstance.py:2613} INFO - Dependencies all met for dep_context=non-requeueable deps ti=<TaskInstance: solar_energy_crops_pipeline.extract_data manual__2025-03-04T04:49:52.591833+00:00 [queued]>
[2025-03-04T04:50:00.628+0000] {taskinstance.py:2613} INFO - Dependencies all met for dep_context=requeueable deps ti=<TaskInstance: solar_energy_crops_pipeline.extract_data manual__2025-03-04T04:49:52.591833+00:00 [queued]>
[2025-03-04T04:50:00.697+0000] {taskinstance.py:2866} INFO - Starting attempt 1 of 2
[2025-03-04T04:50:00.780+0000] {taskinstance.py:2889} INFO - Executing <Task(PythonOperator): extract_data> on 2025-03-04 04:49:52.591833+00:00
[2025-03-04T04:50:00.857+0000] {warnings.py:112} WARNING - /home/***/.local/lib/python3.12/site-packages/***/task/task_runner/standard_task_runner.py:70: DeprecationWarning: This process (pid=81) is multi-threaded, use of fork() may lead to deadlocks in the child.
  pid = os.fork()

[2025-03-04T04:50:00.869+0000] {standard_task_runner.py:72} INFO - Started process 83 to run task
[2025-03-04T04:50:00.989+0000] {standard_task_runner.py:104} INFO - Running: ['***', 'tasks', 'run', 'solar_energy_crops_pipeline', 'extract_data', 'manual__2025-03-04T04:49:52.591833+00:00', '--job-id', '28', '--raw', '--subdir', 'DAGS_FOLDER/mainDag.py', '--cfg-path', '/tmp/tmp9gibk4fg']
[2025-03-04T04:50:01.449+0000] {standard_task_runner.py:105} INFO - Job 28: Subtask extract_data
[2025-03-04T04:50:02.346+0000] {task_command.py:467} INFO - Running <TaskInstance: solar_energy_crops_pipeline.extract_data manual__2025-03-04T04:49:52.591833+00:00 [running]> on host 0a14cc7d50d9
[2025-03-04T04:50:02.755+0000] {taskinstance.py:3132} INFO - Exporting env vars: AIRFLOW_CTX_DAG_OWNER='***' AIRFLOW_CTX_DAG_ID='solar_energy_crops_pipeline' AIRFLOW_CTX_TASK_ID='extract_data' AIRFLOW_CTX_EXECUTION_DATE='2025-03-04T04:49:52.591833+00:00' AIRFLOW_CTX_TRY_NUMBER='1' AIRFLOW_CTX_DAG_RUN_ID='manual__2025-03-04T04:49:52.591833+00:00'
[2025-03-04T04:50:02.762+0000] {taskinstance.py:731} INFO - ::endgroup::
[2025-03-04T04:50:02.875+0000] {logging_mixin.py:190} INFO - Extracting data from API...
[2025-03-04T04:50:02.901+0000] {logging_mixin.py:190} INFO - Fetching data for year 1967
[2025-03-04T04:50:05.557+0000] {logging_mixin.py:190} INFO - Sleeping for a while to respect API rate limits...
[2025-03-04T04:51:05.590+0000] {logging_mixin.py:190} INFO - Fetching data for year 1968
[2025-03-04T04:51:07.035+0000] {logging_mixin.py:190} INFO - Sleeping for a while to respect API rate limits...
[2025-03-04T04:52:07.035+0000] {logging_mixin.py:190} INFO - Fetching data for year 1969
[2025-03-04T04:52:08.520+0000] {logging_mixin.py:190} INFO - Sleeping for a while to respect API rate limits...
[2025-03-04T04:53:08.561+0000] {logging_mixin.py:190} INFO - Fetching data for year 1970
[2025-03-04T04:53:10.103+0000] {logging_mixin.py:190} INFO - Sleeping for a while to respect API rate limits...
[2025-03-04T04:54:10.107+0000] {logging_mixin.py:190} INFO - Fetching data for year 1971
[2025-03-04T04:54:11.556+0000] {logging_mixin.py:190} INFO - Sleeping for a while to respect API rate limits...
[2025-03-04T04:55:11.557+0000] {logging_mixin.py:190} INFO - Fetching data for year 1972
[2025-03-04T04:55:13.079+0000] {logging_mixin.py:190} INFO - Sleeping for a while to respect API rate limits...
[2025-03-04T04:56:13.121+0000] {logging_mixin.py:190} INFO - Fetching data for year 1973
[2025-03-04T04:56:14.581+0000] {logging_mixin.py:190} INFO - Sleeping for a while to respect API rate limits...
[2025-03-04T04:57:14.621+0000] {logging_mixin.py:190} INFO - Fetching data for year 1974
[2025-03-04T04:57:16.239+0000] {logging_mixin.py:190} INFO - Sleeping for a while to respect API rate limits...
[2025-03-04T04:58:16.281+0000] {logging_mixin.py:190} INFO - Fetching data for year 1975
[2025-03-04T04:58:17.803+0000] {logging_mixin.py:190} INFO - Sleeping for a while to respect API rate limits...
[2025-03-04T04:59:17.842+0000] {logging_mixin.py:190} INFO - Fetching data for year 1976
[2025-03-04T04:59:19.214+0000] {logging_mixin.py:190} INFO - Sleeping for a while to respect API rate limits...
[2025-03-04T05:00:19.258+0000] {logging_mixin.py:190} INFO - Fetching data for year 1977
[2025-03-04T05:00:20.925+0000] {logging_mixin.py:190} INFO - Sleeping for a while to respect API rate limits...
[2025-03-04T05:01:20.927+0000] {logging_mixin.py:190} INFO - Fetching data for year 1978
[2025-03-04T05:01:22.560+0000] {logging_mixin.py:190} INFO - Sleeping for a while to respect API rate limits...
[2025-03-04T05:02:22.560+0000] {logging_mixin.py:190} INFO - Fetching data for year 1979
[2025-03-04T05:02:24.233+0000] {logging_mixin.py:190} INFO - Sleeping for a while to respect API rate limits...
[2025-03-04T05:03:24.272+0000] {logging_mixin.py:190} INFO - Fetching data for year 1980
[2025-03-04T05:03:25.892+0000] {logging_mixin.py:190} INFO - Sleeping for a while to respect API rate limits...
[2025-03-04T05:04:25.935+0000] {logging_mixin.py:190} INFO - Fetching data for year 1981
[2025-03-04T05:04:27.423+0000] {logging_mixin.py:190} INFO - Sleeping for a while to respect API rate limits...
[2025-03-04T05:05:27.462+0000] {logging_mixin.py:190} INFO - Fetching data for year 1982
[2025-03-04T05:05:28.978+0000] {logging_mixin.py:190} INFO - Sleeping for a while to respect API rate limits...
[2025-03-04T05:06:29.020+0000] {logging_mixin.py:190} INFO - Fetching data for year 1983
[2025-03-04T05:06:30.598+0000] {logging_mixin.py:190} INFO - Sleeping for a while to respect API rate limits...
[2025-03-04T05:07:30.640+0000] {logging_mixin.py:190} INFO - Fetching data for year 1984
[2025-03-04T05:07:32.087+0000] {logging_mixin.py:190} INFO - Sleeping for a while to respect API rate limits...
[2025-03-04T05:08:32.111+0000] {logging_mixin.py:190} INFO - Fetching data for year 1985
[2025-03-04T05:08:33.482+0000] {logging_mixin.py:190} INFO - Sleeping for a while to respect API rate limits...
[2025-03-04T05:09:33.526+0000] {logging_mixin.py:190} INFO - Fetching data for year 1986
[2025-03-04T05:09:35.144+0000] {logging_mixin.py:190} INFO - Sleeping for a while to respect API rate limits...
[2025-03-04T05:10:35.191+0000] {logging_mixin.py:190} INFO - Fetching data for year 1987
[2025-03-04T05:10:36.764+0000] {logging_mixin.py:190} INFO - Sleeping for a while to respect API rate limits...
[2025-03-04T05:11:36.810+0000] {logging_mixin.py:190} INFO - Fetching data for year 1988
[2025-03-04T05:11:38.337+0000] {logging_mixin.py:190} INFO - Sleeping for a while to respect API rate limits...
[2025-03-04T05:12:38.375+0000] {logging_mixin.py:190} INFO - Fetching data for year 1989
[2025-03-04T05:12:40.546+0000] {logging_mixin.py:190} INFO - Sleeping for a while to respect API rate limits...
[2025-03-04T05:13:40.549+0000] {logging_mixin.py:190} INFO - Fetching data for year 1990
[2025-03-04T05:13:42.066+0000] {logging_mixin.py:190} INFO - Sleeping for a while to respect API rate limits...
[2025-03-04T05:14:42.112+0000] {logging_mixin.py:190} INFO - Fetching data for year 1991
[2025-03-04T05:14:43.593+0000] {logging_mixin.py:190} INFO - Sleeping for a while to respect API rate limits...
[2025-03-04T05:15:43.609+0000] {logging_mixin.py:190} INFO - Fetching data for year 1992
[2025-03-04T05:15:45.218+0000] {logging_mixin.py:190} INFO - Sleeping for a while to respect API rate limits...
[2025-03-04T05:16:45.250+0000] {logging_mixin.py:190} INFO - Fetching data for year 1993
[2025-03-04T05:16:46.689+0000] {logging_mixin.py:190} INFO - Sleeping for a while to respect API rate limits...
[2025-03-04T05:17:46.731+0000] {logging_mixin.py:190} INFO - Fetching data for year 1994
[2025-03-04T05:17:48.174+0000] {logging_mixin.py:190} INFO - Sleeping for a while to respect API rate limits...
[2025-03-04T05:18:48.207+0000] {logging_mixin.py:190} INFO - Fetching data for year 1995
[2025-03-04T05:18:49.791+0000] {logging_mixin.py:190} INFO - Sleeping for a while to respect API rate limits...
[2025-03-04T05:19:49.833+0000] {logging_mixin.py:190} INFO - Fetching data for year 1996
[2025-03-04T05:19:51.463+0000] {logging_mixin.py:190} INFO - Sleeping for a while to respect API rate limits...
[2025-03-04T05:20:51.497+0000] {logging_mixin.py:190} INFO - Fetching data for year 1997
[2025-03-04T05:20:52.920+0000] {logging_mixin.py:190} INFO - Sleeping for a while to respect API rate limits...
[2025-03-04T05:21:52.963+0000] {logging_mixin.py:190} INFO - Fetching data for year 1998
[2025-03-04T05:21:54.479+0000] {logging_mixin.py:190} INFO - Sleeping for a while to respect API rate limits...
[2025-03-04T05:22:54.525+0000] {logging_mixin.py:190} INFO - Fetching data for year 1999
[2025-03-04T05:22:55.952+0000] {logging_mixin.py:190} INFO - Sleeping for a while to respect API rate limits...
[2025-03-04T05:23:55.984+0000] {logging_mixin.py:190} INFO - Fetching data for year 2000
[2025-03-04T05:23:57.427+0000] {logging_mixin.py:190} INFO - Sleeping for a while to respect API rate limits...
[2025-03-04T05:24:57.446+0000] {logging_mixin.py:190} INFO - Fetching data for year 2001
[2025-03-04T05:24:58.861+0000] {logging_mixin.py:190} INFO - Sleeping for a while to respect API rate limits...
[2025-03-04T05:25:58.895+0000] {logging_mixin.py:190} INFO - Fetching data for year 2002
[2025-03-04T05:26:00.556+0000] {logging_mixin.py:190} INFO - Sleeping for a while to respect API rate limits...
[2025-03-04T05:27:00.598+0000] {logging_mixin.py:190} INFO - Fetching data for year 2003
[2025-03-04T05:27:02.056+0000] {logging_mixin.py:190} INFO - Sleeping for a while to respect API rate limits...
[2025-03-04T05:28:02.098+0000] {logging_mixin.py:190} INFO - Fetching data for year 2004
[2025-03-04T05:28:03.618+0000] {logging_mixin.py:190} INFO - Sleeping for a while to respect API rate limits...
[2025-03-04T05:29:03.635+0000] {logging_mixin.py:190} INFO - Fetching data for year 2005
[2025-03-04T05:29:05.155+0000] {logging_mixin.py:190} INFO - Sleeping for a while to respect API rate limits...
[2025-03-04T05:30:05.199+0000] {logging_mixin.py:190} INFO - Fetching data for year 2006
[2025-03-04T05:30:06.687+0000] {logging_mixin.py:190} INFO - Sleeping for a while to respect API rate limits...
[2025-03-04T05:31:06.723+0000] {logging_mixin.py:190} INFO - Fetching data for year 2007
[2025-03-04T05:31:08.214+0000] {logging_mixin.py:190} INFO - Sleeping for a while to respect API rate limits...
[2025-03-04T05:32:08.257+0000] {logging_mixin.py:190} INFO - Fetching data for year 2008
[2025-03-04T05:32:09.696+0000] {logging_mixin.py:190} INFO - Sleeping for a while to respect API rate limits...
[2025-03-04T05:33:09.738+0000] {logging_mixin.py:190} INFO - Fetching data for year 2009
[2025-03-04T05:33:11.162+0000] {logging_mixin.py:190} INFO - Sleeping for a while to respect API rate limits...
[2025-03-04T05:34:11.205+0000] {logging_mixin.py:190} INFO - Fetching data for year 2010
[2025-03-04T05:34:12.711+0000] {logging_mixin.py:190} INFO - Sleeping for a while to respect API rate limits...
[2025-03-04T05:35:12.756+0000] {logging_mixin.py:190} INFO - Fetching data for year 2011
[2025-03-04T05:35:14.171+0000] {logging_mixin.py:190} INFO - Sleeping for a while to respect API rate limits...
[2025-03-04T05:36:14.206+0000] {logging_mixin.py:190} INFO - Fetching data for year 2012
[2025-03-04T05:36:15.592+0000] {logging_mixin.py:190} INFO - Sleeping for a while to respect API rate limits...
[2025-03-04T05:37:15.632+0000] {logging_mixin.py:190} INFO - Fetching data for year 2013
[2025-03-04T05:37:17.212+0000] {logging_mixin.py:190} INFO - Sleeping for a while to respect API rate limits...
[2025-03-04T05:38:17.247+0000] {logging_mixin.py:190} INFO - Fetching data for year 2014
[2025-03-04T05:38:18.727+0000] {logging_mixin.py:190} INFO - Sleeping for a while to respect API rate limits...
[2025-03-04T05:39:18.738+0000] {logging_mixin.py:190} INFO - Fetching data for year 2015
[2025-03-04T05:39:20.122+0000] {logging_mixin.py:190} INFO - Sleeping for a while to respect API rate limits...
[2025-03-04T05:40:20.162+0000] {logging_mixin.py:190} INFO - Fetching data for year 2016
[2025-03-04T05:40:21.709+0000] {logging_mixin.py:190} INFO - Sleeping for a while to respect API rate limits...
[2025-03-04T05:41:21.743+0000] {logging_mixin.py:190} INFO - Fetching data for year 2017
[2025-03-04T05:41:23.560+0000] {logging_mixin.py:190} INFO - Sleeping for a while to respect API rate limits...
[2025-03-04T05:42:23.671+0000] {logging_mixin.py:190} INFO - Done fetching all years!
[2025-03-04T05:42:23.673+0000] {logging_mixin.py:190} INFO - Extraction completed
[2025-03-04T05:42:25.747+0000] {logging_mixin.py:190} INFO - File hourlyData1967.parquet uploaded to GCS bucket solar-crops-analysis-gcs-bucket
[2025-03-04T05:42:25.842+0000] {logging_mixin.py:190} INFO - File dailyData1967.parquet uploaded to GCS bucket solar-crops-analysis-gcs-bucket
[2025-03-04T05:42:28.094+0000] {logging_mixin.py:190} INFO - Data saved to PostgreSQL table: solar_crops_raw
[2025-03-04T05:42:28.145+0000] {logging_mixin.py:190} INFO - Data saved to PostgreSQL table: solar_crops_raw
[2025-03-04T05:42:28.373+0000] {logging_mixin.py:190} INFO - File hourlyData1968.parquet uploaded to GCS bucket solar-crops-analysis-gcs-bucket
[2025-03-04T05:42:28.468+0000] {logging_mixin.py:190} INFO - File dailyData1968.parquet uploaded to GCS bucket solar-crops-analysis-gcs-bucket
[2025-03-04T05:42:31.124+0000] {logging_mixin.py:190} INFO - Data saved to PostgreSQL table: solar_crops_raw
[2025-03-04T05:42:31.156+0000] {logging_mixin.py:190} INFO - Data saved to PostgreSQL table: solar_crops_raw
[2025-03-04T05:42:31.317+0000] {logging_mixin.py:190} INFO - File hourlyData1969.parquet uploaded to GCS bucket solar-crops-analysis-gcs-bucket
[2025-03-04T05:42:31.408+0000] {logging_mixin.py:190} INFO - File dailyData1969.parquet uploaded to GCS bucket solar-crops-analysis-gcs-bucket
[2025-03-04T05:42:32.514+0000] {logging_mixin.py:190} INFO - Data saved to PostgreSQL table: solar_crops_raw
[2025-03-04T05:42:32.546+0000] {logging_mixin.py:190} INFO - Data saved to PostgreSQL table: solar_crops_raw
[2025-03-04T05:42:32.728+0000] {logging_mixin.py:190} INFO - File hourlyData1970.parquet uploaded to GCS bucket solar-crops-analysis-gcs-bucket
[2025-03-04T05:42:32.816+0000] {logging_mixin.py:190} INFO - File dailyData1970.parquet uploaded to GCS bucket solar-crops-analysis-gcs-bucket
[2025-03-04T05:42:37.853+0000] {logging_mixin.py:190} INFO - Data saved to PostgreSQL table: solar_crops_raw
[2025-03-04T05:42:37.885+0000] {logging_mixin.py:190} INFO - Data saved to PostgreSQL table: solar_crops_raw
[2025-03-04T05:42:38.083+0000] {logging_mixin.py:190} INFO - File hourlyData1971.parquet uploaded to GCS bucket solar-crops-analysis-gcs-bucket
[2025-03-04T05:42:38.166+0000] {logging_mixin.py:190} INFO - File dailyData1971.parquet uploaded to GCS bucket solar-crops-analysis-gcs-bucket
[2025-03-04T05:42:39.306+0000] {logging_mixin.py:190} INFO - Data saved to PostgreSQL table: solar_crops_raw
[2025-03-04T05:42:39.338+0000] {logging_mixin.py:190} INFO - Data saved to PostgreSQL table: solar_crops_raw
[2025-03-04T05:42:39.506+0000] {logging_mixin.py:190} INFO - File hourlyData1972.parquet uploaded to GCS bucket solar-crops-analysis-gcs-bucket
[2025-03-04T05:42:39.585+0000] {logging_mixin.py:190} INFO - File dailyData1972.parquet uploaded to GCS bucket solar-crops-analysis-gcs-bucket
[2025-03-04T05:42:40.710+0000] {logging_mixin.py:190} INFO - Data saved to PostgreSQL table: solar_crops_raw
[2025-03-04T05:42:40.743+0000] {logging_mixin.py:190} INFO - Data saved to PostgreSQL table: solar_crops_raw
[2025-03-04T05:42:40.940+0000] {logging_mixin.py:190} INFO - File hourlyData1973.parquet uploaded to GCS bucket solar-crops-analysis-gcs-bucket
[2025-03-04T05:42:41.024+0000] {logging_mixin.py:190} INFO - File dailyData1973.parquet uploaded to GCS bucket solar-crops-analysis-gcs-bucket
[2025-03-04T05:42:42.047+0000] {logging_mixin.py:190} INFO - Data saved to PostgreSQL table: solar_crops_raw
[2025-03-04T05:42:42.086+0000] {logging_mixin.py:190} INFO - Data saved to PostgreSQL table: solar_crops_raw
[2025-03-04T05:42:42.247+0000] {logging_mixin.py:190} INFO - File hourlyData1974.parquet uploaded to GCS bucket solar-crops-analysis-gcs-bucket
[2025-03-04T05:42:42.332+0000] {logging_mixin.py:190} INFO - File dailyData1974.parquet uploaded to GCS bucket solar-crops-analysis-gcs-bucket
[2025-03-04T05:42:43.385+0000] {logging_mixin.py:190} INFO - Data saved to PostgreSQL table: solar_crops_raw
[2025-03-04T05:42:43.419+0000] {logging_mixin.py:190} INFO - Data saved to PostgreSQL table: solar_crops_raw
[2025-03-04T05:42:43.587+0000] {logging_mixin.py:190} INFO - File hourlyData1975.parquet uploaded to GCS bucket solar-crops-analysis-gcs-bucket
[2025-03-04T05:42:43.668+0000] {logging_mixin.py:190} INFO - File dailyData1975.parquet uploaded to GCS bucket solar-crops-analysis-gcs-bucket
[2025-03-04T05:42:44.887+0000] {logging_mixin.py:190} INFO - Data saved to PostgreSQL table: solar_crops_raw
[2025-03-04T05:42:44.926+0000] {logging_mixin.py:190} INFO - Data saved to PostgreSQL table: solar_crops_raw
[2025-03-04T05:42:45.082+0000] {logging_mixin.py:190} INFO - File hourlyData1976.parquet uploaded to GCS bucket solar-crops-analysis-gcs-bucket
[2025-03-04T05:42:45.170+0000] {logging_mixin.py:190} INFO - File dailyData1976.parquet uploaded to GCS bucket solar-crops-analysis-gcs-bucket
[2025-03-04T05:42:46.173+0000] {logging_mixin.py:190} INFO - Data saved to PostgreSQL table: solar_crops_raw
[2025-03-04T05:42:46.202+0000] {logging_mixin.py:190} INFO - Data saved to PostgreSQL table: solar_crops_raw
[2025-03-04T05:42:46.351+0000] {logging_mixin.py:190} INFO - File hourlyData1977.parquet uploaded to GCS bucket solar-crops-analysis-gcs-bucket
[2025-03-04T05:42:46.431+0000] {logging_mixin.py:190} INFO - File dailyData1977.parquet uploaded to GCS bucket solar-crops-analysis-gcs-bucket
[2025-03-04T05:42:47.436+0000] {logging_mixin.py:190} INFO - Data saved to PostgreSQL table: solar_crops_raw
[2025-03-04T05:42:47.466+0000] {logging_mixin.py:190} INFO - Data saved to PostgreSQL table: solar_crops_raw
[2025-03-04T05:42:47.618+0000] {logging_mixin.py:190} INFO - File hourlyData1978.parquet uploaded to GCS bucket solar-crops-analysis-gcs-bucket
[2025-03-04T05:42:47.702+0000] {logging_mixin.py:190} INFO - File dailyData1978.parquet uploaded to GCS bucket solar-crops-analysis-gcs-bucket
[2025-03-04T05:42:48.716+0000] {logging_mixin.py:190} INFO - Data saved to PostgreSQL table: solar_crops_raw
[2025-03-04T05:42:48.746+0000] {logging_mixin.py:190} INFO - Data saved to PostgreSQL table: solar_crops_raw
[2025-03-04T05:42:48.902+0000] {logging_mixin.py:190} INFO - File hourlyData1979.parquet uploaded to GCS bucket solar-crops-analysis-gcs-bucket
[2025-03-04T05:42:48.982+0000] {logging_mixin.py:190} INFO - File dailyData1979.parquet uploaded to GCS bucket solar-crops-analysis-gcs-bucket
[2025-03-04T05:42:50.089+0000] {logging_mixin.py:190} INFO - Data saved to PostgreSQL table: solar_crops_raw
[2025-03-04T05:42:50.120+0000] {logging_mixin.py:190} INFO - Data saved to PostgreSQL table: solar_crops_raw
[2025-03-04T05:42:50.273+0000] {logging_mixin.py:190} INFO - File hourlyData1980.parquet uploaded to GCS bucket solar-crops-analysis-gcs-bucket
[2025-03-04T05:42:50.356+0000] {logging_mixin.py:190} INFO - File dailyData1980.parquet uploaded to GCS bucket solar-crops-analysis-gcs-bucket
[2025-03-04T05:42:51.384+0000] {logging_mixin.py:190} INFO - Data saved to PostgreSQL table: solar_crops_raw
[2025-03-04T05:42:51.413+0000] {logging_mixin.py:190} INFO - Data saved to PostgreSQL table: solar_crops_raw
[2025-03-04T05:42:51.564+0000] {logging_mixin.py:190} INFO - File hourlyData1981.parquet uploaded to GCS bucket solar-crops-analysis-gcs-bucket
[2025-03-04T05:42:51.644+0000] {logging_mixin.py:190} INFO - File dailyData1981.parquet uploaded to GCS bucket solar-crops-analysis-gcs-bucket
[2025-03-04T05:42:52.941+0000] {logging_mixin.py:190} INFO - Data saved to PostgreSQL table: solar_crops_raw
[2025-03-04T05:42:53.017+0000] {logging_mixin.py:190} INFO - Data saved to PostgreSQL table: solar_crops_raw
[2025-03-04T05:42:53.305+0000] {logging_mixin.py:190} INFO - File hourlyData1982.parquet uploaded to GCS bucket solar-crops-analysis-gcs-bucket
[2025-03-04T05:42:53.381+0000] {logging_mixin.py:190} INFO - File dailyData1982.parquet uploaded to GCS bucket solar-crops-analysis-gcs-bucket
[2025-03-04T05:42:54.408+0000] {logging_mixin.py:190} INFO - Data saved to PostgreSQL table: solar_crops_raw
[2025-03-04T05:42:54.438+0000] {logging_mixin.py:190} INFO - Data saved to PostgreSQL table: solar_crops_raw
[2025-03-04T05:42:54.595+0000] {logging_mixin.py:190} INFO - File hourlyData1983.parquet uploaded to GCS bucket solar-crops-analysis-gcs-bucket
[2025-03-04T05:42:54.677+0000] {logging_mixin.py:190} INFO - File dailyData1983.parquet uploaded to GCS bucket solar-crops-analysis-gcs-bucket
[2025-03-04T05:42:55.662+0000] {logging_mixin.py:190} INFO - Data saved to PostgreSQL table: solar_crops_raw
[2025-03-04T05:42:55.694+0000] {logging_mixin.py:190} INFO - Data saved to PostgreSQL table: solar_crops_raw
[2025-03-04T05:42:55.847+0000] {logging_mixin.py:190} INFO - File hourlyData1984.parquet uploaded to GCS bucket solar-crops-analysis-gcs-bucket
[2025-03-04T05:42:55.929+0000] {logging_mixin.py:190} INFO - File dailyData1984.parquet uploaded to GCS bucket solar-crops-analysis-gcs-bucket
[2025-03-04T05:42:56.902+0000] {logging_mixin.py:190} INFO - Data saved to PostgreSQL table: solar_crops_raw
[2025-03-04T05:42:56.933+0000] {logging_mixin.py:190} INFO - Data saved to PostgreSQL table: solar_crops_raw
[2025-03-04T05:42:57.084+0000] {logging_mixin.py:190} INFO - File hourlyData1985.parquet uploaded to GCS bucket solar-crops-analysis-gcs-bucket
[2025-03-04T05:42:57.170+0000] {logging_mixin.py:190} INFO - File dailyData1985.parquet uploaded to GCS bucket solar-crops-analysis-gcs-bucket
[2025-03-04T05:42:58.160+0000] {logging_mixin.py:190} INFO - Data saved to PostgreSQL table: solar_crops_raw
[2025-03-04T05:42:58.189+0000] {logging_mixin.py:190} INFO - Data saved to PostgreSQL table: solar_crops_raw
[2025-03-04T05:42:58.341+0000] {logging_mixin.py:190} INFO - File hourlyData1986.parquet uploaded to GCS bucket solar-crops-analysis-gcs-bucket
[2025-03-04T05:42:58.428+0000] {logging_mixin.py:190} INFO - File dailyData1986.parquet uploaded to GCS bucket solar-crops-analysis-gcs-bucket
[2025-03-04T05:42:59.445+0000] {logging_mixin.py:190} INFO - Data saved to PostgreSQL table: solar_crops_raw
[2025-03-04T05:42:59.479+0000] {logging_mixin.py:190} INFO - Data saved to PostgreSQL table: solar_crops_raw
[2025-03-04T05:42:59.635+0000] {logging_mixin.py:190} INFO - File hourlyData1987.parquet uploaded to GCS bucket solar-crops-analysis-gcs-bucket
[2025-03-04T05:42:59.714+0000] {logging_mixin.py:190} INFO - File dailyData1987.parquet uploaded to GCS bucket solar-crops-analysis-gcs-bucket
[2025-03-04T05:43:00.960+0000] {logging_mixin.py:190} INFO - Data saved to PostgreSQL table: solar_crops_raw
[2025-03-04T05:43:00.994+0000] {logging_mixin.py:190} INFO - Data saved to PostgreSQL table: solar_crops_raw
[2025-03-04T05:43:01.151+0000] {logging_mixin.py:190} INFO - File hourlyData1988.parquet uploaded to GCS bucket solar-crops-analysis-gcs-bucket
[2025-03-04T05:43:01.231+0000] {logging_mixin.py:190} INFO - File dailyData1988.parquet uploaded to GCS bucket solar-crops-analysis-gcs-bucket
[2025-03-04T05:43:02.261+0000] {logging_mixin.py:190} INFO - Data saved to PostgreSQL table: solar_crops_raw
[2025-03-04T05:43:02.292+0000] {logging_mixin.py:190} INFO - Data saved to PostgreSQL table: solar_crops_raw
[2025-03-04T05:43:02.484+0000] {logging_mixin.py:190} INFO - File hourlyData1989.parquet uploaded to GCS bucket solar-crops-analysis-gcs-bucket
[2025-03-04T05:43:02.579+0000] {logging_mixin.py:190} INFO - File dailyData1989.parquet uploaded to GCS bucket solar-crops-analysis-gcs-bucket
[2025-03-04T05:43:03.884+0000] {logging_mixin.py:190} INFO - Data saved to PostgreSQL table: solar_crops_raw
[2025-03-04T05:43:03.933+0000] {logging_mixin.py:190} INFO - Data saved to PostgreSQL table: solar_crops_raw
[2025-03-04T05:43:04.132+0000] {logging_mixin.py:190} INFO - File hourlyData1990.parquet uploaded to GCS bucket solar-crops-analysis-gcs-bucket
[2025-03-04T05:43:04.215+0000] {logging_mixin.py:190} INFO - File dailyData1990.parquet uploaded to GCS bucket solar-crops-analysis-gcs-bucket
[2025-03-04T05:43:05.239+0000] {logging_mixin.py:190} INFO - Data saved to PostgreSQL table: solar_crops_raw
[2025-03-04T05:43:05.270+0000] {logging_mixin.py:190} INFO - Data saved to PostgreSQL table: solar_crops_raw
[2025-03-04T05:43:05.423+0000] {logging_mixin.py:190} INFO - File hourlyData1991.parquet uploaded to GCS bucket solar-crops-analysis-gcs-bucket
[2025-03-04T05:43:05.502+0000] {logging_mixin.py:190} INFO - File dailyData1991.parquet uploaded to GCS bucket solar-crops-analysis-gcs-bucket
[2025-03-04T05:43:06.525+0000] {logging_mixin.py:190} INFO - Data saved to PostgreSQL table: solar_crops_raw
[2025-03-04T05:43:06.555+0000] {logging_mixin.py:190} INFO - Data saved to PostgreSQL table: solar_crops_raw
[2025-03-04T05:43:06.705+0000] {logging_mixin.py:190} INFO - File hourlyData1992.parquet uploaded to GCS bucket solar-crops-analysis-gcs-bucket
[2025-03-04T05:43:06.789+0000] {logging_mixin.py:190} INFO - File dailyData1992.parquet uploaded to GCS bucket solar-crops-analysis-gcs-bucket
[2025-03-04T05:43:07.774+0000] {logging_mixin.py:190} INFO - Data saved to PostgreSQL table: solar_crops_raw
[2025-03-04T05:43:07.809+0000] {logging_mixin.py:190} INFO - Data saved to PostgreSQL table: solar_crops_raw
[2025-03-04T05:43:07.959+0000] {logging_mixin.py:190} INFO - File hourlyData1993.parquet uploaded to GCS bucket solar-crops-analysis-gcs-bucket
[2025-03-04T05:43:08.041+0000] {logging_mixin.py:190} INFO - File dailyData1993.parquet uploaded to GCS bucket solar-crops-analysis-gcs-bucket
[2025-03-04T05:43:09.262+0000] {logging_mixin.py:190} INFO - Data saved to PostgreSQL table: solar_crops_raw
[2025-03-04T05:43:09.295+0000] {logging_mixin.py:190} INFO - Data saved to PostgreSQL table: solar_crops_raw
[2025-03-04T05:43:09.482+0000] {logging_mixin.py:190} INFO - File hourlyData1994.parquet uploaded to GCS bucket solar-crops-analysis-gcs-bucket
[2025-03-04T05:43:09.568+0000] {logging_mixin.py:190} INFO - File dailyData1994.parquet uploaded to GCS bucket solar-crops-analysis-gcs-bucket
[2025-03-04T05:43:10.801+0000] {logging_mixin.py:190} INFO - Data saved to PostgreSQL table: solar_crops_raw
[2025-03-04T05:43:10.834+0000] {logging_mixin.py:190} INFO - Data saved to PostgreSQL table: solar_crops_raw
[2025-03-04T05:43:10.999+0000] {logging_mixin.py:190} INFO - File hourlyData1995.parquet uploaded to GCS bucket solar-crops-analysis-gcs-bucket
[2025-03-04T05:43:11.073+0000] {logging_mixin.py:190} INFO - File dailyData1995.parquet uploaded to GCS bucket solar-crops-analysis-gcs-bucket
[2025-03-04T05:43:12.148+0000] {logging_mixin.py:190} INFO - Data saved to PostgreSQL table: solar_crops_raw
[2025-03-04T05:43:12.186+0000] {logging_mixin.py:190} INFO - Data saved to PostgreSQL table: solar_crops_raw
[2025-03-04T05:43:12.350+0000] {logging_mixin.py:190} INFO - File hourlyData1996.parquet uploaded to GCS bucket solar-crops-analysis-gcs-bucket
[2025-03-04T05:43:12.434+0000] {logging_mixin.py:190} INFO - File dailyData1996.parquet uploaded to GCS bucket solar-crops-analysis-gcs-bucket
[2025-03-04T05:43:13.541+0000] {logging_mixin.py:190} INFO - Data saved to PostgreSQL table: solar_crops_raw
[2025-03-04T05:43:13.632+0000] {logging_mixin.py:190} INFO - Data saved to PostgreSQL table: solar_crops_raw
[2025-03-04T05:43:13.867+0000] {logging_mixin.py:190} INFO - File hourlyData1997.parquet uploaded to GCS bucket solar-crops-analysis-gcs-bucket
[2025-03-04T05:43:13.944+0000] {logging_mixin.py:190} INFO - File dailyData1997.parquet uploaded to GCS bucket solar-crops-analysis-gcs-bucket
[2025-03-04T05:43:15.097+0000] {logging_mixin.py:190} INFO - Data saved to PostgreSQL table: solar_crops_raw
[2025-03-04T05:43:15.154+0000] {logging_mixin.py:190} INFO - Data saved to PostgreSQL table: solar_crops_raw
[2025-03-04T05:43:15.386+0000] {logging_mixin.py:190} INFO - File hourlyData1998.parquet uploaded to GCS bucket solar-crops-analysis-gcs-bucket
[2025-03-04T05:43:15.466+0000] {logging_mixin.py:190} INFO - File dailyData1998.parquet uploaded to GCS bucket solar-crops-analysis-gcs-bucket
[2025-03-04T05:43:16.643+0000] {logging_mixin.py:190} INFO - Data saved to PostgreSQL table: solar_crops_raw
[2025-03-04T05:43:16.673+0000] {logging_mixin.py:190} INFO - Data saved to PostgreSQL table: solar_crops_raw
[2025-03-04T05:43:16.816+0000] {logging_mixin.py:190} INFO - File hourlyData1999.parquet uploaded to GCS bucket solar-crops-analysis-gcs-bucket
[2025-03-04T05:43:16.897+0000] {logging_mixin.py:190} INFO - File dailyData1999.parquet uploaded to GCS bucket solar-crops-analysis-gcs-bucket
[2025-03-04T05:43:18.046+0000] {logging_mixin.py:190} INFO - Data saved to PostgreSQL table: solar_crops_raw
[2025-03-04T05:43:18.081+0000] {logging_mixin.py:190} INFO - Data saved to PostgreSQL table: solar_crops_raw
[2025-03-04T05:43:18.226+0000] {logging_mixin.py:190} INFO - File hourlyData2000.parquet uploaded to GCS bucket solar-crops-analysis-gcs-bucket
[2025-03-04T05:43:18.308+0000] {logging_mixin.py:190} INFO - File dailyData2000.parquet uploaded to GCS bucket solar-crops-analysis-gcs-bucket
[2025-03-04T05:43:19.297+0000] {logging_mixin.py:190} INFO - Data saved to PostgreSQL table: solar_crops_raw
[2025-03-04T05:43:19.328+0000] {logging_mixin.py:190} INFO - Data saved to PostgreSQL table: solar_crops_raw
[2025-03-04T05:43:19.469+0000] {logging_mixin.py:190} INFO - File hourlyData2001.parquet uploaded to GCS bucket solar-crops-analysis-gcs-bucket
[2025-03-04T05:43:19.541+0000] {logging_mixin.py:190} INFO - File dailyData2001.parquet uploaded to GCS bucket solar-crops-analysis-gcs-bucket
[2025-03-04T05:43:20.690+0000] {logging_mixin.py:190} INFO - Data saved to PostgreSQL table: solar_crops_raw
[2025-03-04T05:43:20.729+0000] {logging_mixin.py:190} INFO - Data saved to PostgreSQL table: solar_crops_raw
[2025-03-04T05:43:20.876+0000] {logging_mixin.py:190} INFO - File hourlyData2002.parquet uploaded to GCS bucket solar-crops-analysis-gcs-bucket
[2025-03-04T05:43:20.964+0000] {logging_mixin.py:190} INFO - File dailyData2002.parquet uploaded to GCS bucket solar-crops-analysis-gcs-bucket
[2025-03-04T05:43:21.970+0000] {logging_mixin.py:190} INFO - Data saved to PostgreSQL table: solar_crops_raw
[2025-03-04T05:43:22.001+0000] {logging_mixin.py:190} INFO - Data saved to PostgreSQL table: solar_crops_raw
[2025-03-04T05:43:22.157+0000] {logging_mixin.py:190} INFO - File hourlyData2003.parquet uploaded to GCS bucket solar-crops-analysis-gcs-bucket
[2025-03-04T05:43:22.259+0000] {logging_mixin.py:190} INFO - File dailyData2003.parquet uploaded to GCS bucket solar-crops-analysis-gcs-bucket
[2025-03-04T05:43:23.232+0000] {logging_mixin.py:190} INFO - Data saved to PostgreSQL table: solar_crops_raw
[2025-03-04T05:43:23.261+0000] {logging_mixin.py:190} INFO - Data saved to PostgreSQL table: solar_crops_raw
[2025-03-04T05:43:23.421+0000] {logging_mixin.py:190} INFO - File hourlyData2004.parquet uploaded to GCS bucket solar-crops-analysis-gcs-bucket
[2025-03-04T05:43:23.499+0000] {logging_mixin.py:190} INFO - File dailyData2004.parquet uploaded to GCS bucket solar-crops-analysis-gcs-bucket
[2025-03-04T05:43:24.475+0000] {logging_mixin.py:190} INFO - Data saved to PostgreSQL table: solar_crops_raw
[2025-03-04T05:43:24.510+0000] {logging_mixin.py:190} INFO - Data saved to PostgreSQL table: solar_crops_raw
[2025-03-04T05:43:24.662+0000] {logging_mixin.py:190} INFO - File hourlyData2005.parquet uploaded to GCS bucket solar-crops-analysis-gcs-bucket
[2025-03-04T05:43:24.742+0000] {logging_mixin.py:190} INFO - File dailyData2005.parquet uploaded to GCS bucket solar-crops-analysis-gcs-bucket
[2025-03-04T05:43:25.910+0000] {logging_mixin.py:190} INFO - Data saved to PostgreSQL table: solar_crops_raw
[2025-03-04T05:43:25.940+0000] {logging_mixin.py:190} INFO - Data saved to PostgreSQL table: solar_crops_raw
[2025-03-04T05:43:26.098+0000] {logging_mixin.py:190} INFO - File hourlyData2006.parquet uploaded to GCS bucket solar-crops-analysis-gcs-bucket
[2025-03-04T05:43:26.186+0000] {logging_mixin.py:190} INFO - File dailyData2006.parquet uploaded to GCS bucket solar-crops-analysis-gcs-bucket
[2025-03-04T05:43:27.160+0000] {logging_mixin.py:190} INFO - Data saved to PostgreSQL table: solar_crops_raw
[2025-03-04T05:43:27.189+0000] {logging_mixin.py:190} INFO - Data saved to PostgreSQL table: solar_crops_raw
[2025-03-04T05:43:27.365+0000] {logging_mixin.py:190} INFO - File hourlyData2007.parquet uploaded to GCS bucket solar-crops-analysis-gcs-bucket
[2025-03-04T05:43:27.447+0000] {logging_mixin.py:190} INFO - File dailyData2007.parquet uploaded to GCS bucket solar-crops-analysis-gcs-bucket
[2025-03-04T05:43:28.442+0000] {logging_mixin.py:190} INFO - Data saved to PostgreSQL table: solar_crops_raw
[2025-03-04T05:43:28.472+0000] {logging_mixin.py:190} INFO - Data saved to PostgreSQL table: solar_crops_raw
[2025-03-04T05:43:28.624+0000] {logging_mixin.py:190} INFO - File hourlyData2008.parquet uploaded to GCS bucket solar-crops-analysis-gcs-bucket
[2025-03-04T05:43:28.705+0000] {logging_mixin.py:190} INFO - File dailyData2008.parquet uploaded to GCS bucket solar-crops-analysis-gcs-bucket
[2025-03-04T05:43:29.757+0000] {logging_mixin.py:190} INFO - Data saved to PostgreSQL table: solar_crops_raw
[2025-03-04T05:43:29.786+0000] {logging_mixin.py:190} INFO - Data saved to PostgreSQL table: solar_crops_raw
[2025-03-04T05:43:29.937+0000] {logging_mixin.py:190} INFO - File hourlyData2009.parquet uploaded to GCS bucket solar-crops-analysis-gcs-bucket
[2025-03-04T05:43:30.017+0000] {logging_mixin.py:190} INFO - File dailyData2009.parquet uploaded to GCS bucket solar-crops-analysis-gcs-bucket
[2025-03-04T05:43:31.097+0000] {logging_mixin.py:190} INFO - Data saved to PostgreSQL table: solar_crops_raw
[2025-03-04T05:43:31.134+0000] {logging_mixin.py:190} INFO - Data saved to PostgreSQL table: solar_crops_raw
[2025-03-04T05:43:31.330+0000] {logging_mixin.py:190} INFO - File hourlyData2010.parquet uploaded to GCS bucket solar-crops-analysis-gcs-bucket
[2025-03-04T05:43:31.411+0000] {logging_mixin.py:190} INFO - File dailyData2010.parquet uploaded to GCS bucket solar-crops-analysis-gcs-bucket
[2025-03-04T05:43:32.393+0000] {logging_mixin.py:190} INFO - Data saved to PostgreSQL table: solar_crops_raw
[2025-03-04T05:43:32.426+0000] {logging_mixin.py:190} INFO - Data saved to PostgreSQL table: solar_crops_raw
[2025-03-04T05:43:32.570+0000] {logging_mixin.py:190} INFO - File hourlyData2011.parquet uploaded to GCS bucket solar-crops-analysis-gcs-bucket
[2025-03-04T05:43:32.652+0000] {logging_mixin.py:190} INFO - File dailyData2011.parquet uploaded to GCS bucket solar-crops-analysis-gcs-bucket
[2025-03-04T05:43:33.901+0000] {logging_mixin.py:190} INFO - Data saved to PostgreSQL table: solar_crops_raw
[2025-03-04T05:43:33.937+0000] {logging_mixin.py:190} INFO - Data saved to PostgreSQL table: solar_crops_raw
[2025-03-04T05:43:34.093+0000] {logging_mixin.py:190} INFO - File hourlyData2012.parquet uploaded to GCS bucket solar-crops-analysis-gcs-bucket
[2025-03-04T05:43:34.175+0000] {logging_mixin.py:190} INFO - File dailyData2012.parquet uploaded to GCS bucket solar-crops-analysis-gcs-bucket
[2025-03-04T05:43:35.343+0000] {logging_mixin.py:190} INFO - Data saved to PostgreSQL table: solar_crops_raw
[2025-03-04T05:43:35.413+0000] {logging_mixin.py:190} INFO - Data saved to PostgreSQL table: solar_crops_raw
[2025-03-04T05:43:35.716+0000] {logging_mixin.py:190} INFO - File hourlyData2013.parquet uploaded to GCS bucket solar-crops-analysis-gcs-bucket
[2025-03-04T05:43:35.953+0000] {logging_mixin.py:190} INFO - File dailyData2013.parquet uploaded to GCS bucket solar-crops-analysis-gcs-bucket
[2025-03-04T05:43:37.304+0000] {logging_mixin.py:190} INFO - Data saved to PostgreSQL table: solar_crops_raw
[2025-03-04T05:43:37.360+0000] {logging_mixin.py:190} INFO - Data saved to PostgreSQL table: solar_crops_raw
[2025-03-04T05:43:37.596+0000] {logging_mixin.py:190} INFO - File hourlyData2014.parquet uploaded to GCS bucket solar-crops-analysis-gcs-bucket
[2025-03-04T05:43:37.683+0000] {logging_mixin.py:190} INFO - File dailyData2014.parquet uploaded to GCS bucket solar-crops-analysis-gcs-bucket
[2025-03-04T05:43:38.684+0000] {logging_mixin.py:190} INFO - Data saved to PostgreSQL table: solar_crops_raw
[2025-03-04T05:43:38.724+0000] {logging_mixin.py:190} INFO - Data saved to PostgreSQL table: solar_crops_raw
[2025-03-04T05:43:38.881+0000] {logging_mixin.py:190} INFO - File hourlyData2015.parquet uploaded to GCS bucket solar-crops-analysis-gcs-bucket
[2025-03-04T05:43:38.968+0000] {logging_mixin.py:190} INFO - File dailyData2015.parquet uploaded to GCS bucket solar-crops-analysis-gcs-bucket
[2025-03-04T05:43:40.174+0000] {logging_mixin.py:190} INFO - Data saved to PostgreSQL table: solar_crops_raw
[2025-03-04T05:43:40.233+0000] {logging_mixin.py:190} INFO - Data saved to PostgreSQL table: solar_crops_raw
[2025-03-04T05:43:40.467+0000] {logging_mixin.py:190} INFO - File hourlyData2016.parquet uploaded to GCS bucket solar-crops-analysis-gcs-bucket
[2025-03-04T05:43:40.555+0000] {logging_mixin.py:190} INFO - File dailyData2016.parquet uploaded to GCS bucket solar-crops-analysis-gcs-bucket
[2025-03-04T05:43:41.980+0000] {logging_mixin.py:190} INFO - Data saved to PostgreSQL table: solar_crops_raw
[2025-03-04T05:43:42.188+0000] {logging_mixin.py:190} INFO - Data saved to PostgreSQL table: solar_crops_raw
[2025-03-04T05:43:42.417+0000] {logging_mixin.py:190} INFO - File hourlyData2017.parquet uploaded to GCS bucket solar-crops-analysis-gcs-bucket
[2025-03-04T05:43:42.500+0000] {logging_mixin.py:190} INFO - File dailyData2017.parquet uploaded to GCS bucket solar-crops-analysis-gcs-bucket
[2025-03-04T05:43:43.837+0000] {logging_mixin.py:190} INFO - Data saved to PostgreSQL table: solar_crops_raw
[2025-03-04T05:43:43.986+0000] {logging_mixin.py:190} INFO - Data saved to PostgreSQL table: solar_crops_raw
[2025-03-04T05:43:44.155+0000] {python.py:240} INFO - Done. Returned value was: None
[2025-03-04T05:43:44.172+0000] {taskinstance.py:340} INFO - ::group::Post task execution logs
[2025-03-04T05:43:44.173+0000] {taskinstance.py:352} INFO - Marking task as SUCCESS. dag_id=solar_energy_crops_pipeline, task_id=extract_data, run_id=manual__2025-03-04T04:49:52.591833+00:00, execution_date=20250304T044952, start_date=20250304T045000, end_date=20250304T054344
[2025-03-04T05:43:44.278+0000] {local_task_job_runner.py:266} INFO - Task exited with return code 0
[2025-03-04T05:43:44.368+0000] {taskinstance.py:3895} INFO - 0 downstream tasks scheduled from follow-on schedule check
[2025-03-04T05:43:44.377+0000] {local_task_job_runner.py:245} INFO - ::endgroup::
