[2025-03-08T17:22:06.966+0000] {local_task_job_runner.py:123} INFO - ::group::Pre task execution logs
[2025-03-08T17:22:06.999+0000] {taskinstance.py:2613} INFO - Dependencies all met for dep_context=non-requeueable deps ti=<TaskInstance: solar_energy_crops_pipeline.extract_data scheduled__2025-03-07T00:00:00+00:00 [queued]>
[2025-03-08T17:22:07.012+0000] {taskinstance.py:2613} INFO - Dependencies all met for dep_context=requeueable deps ti=<TaskInstance: solar_energy_crops_pipeline.extract_data scheduled__2025-03-07T00:00:00+00:00 [queued]>
[2025-03-08T17:22:07.013+0000] {taskinstance.py:2866} INFO - Starting attempt 1 of 2
[2025-03-08T17:22:07.038+0000] {taskinstance.py:2889} INFO - Executing <Task(PythonOperator): extract_data> on 2025-03-07 00:00:00+00:00
[2025-03-08T17:22:07.057+0000] {warnings.py:112} WARNING - /home/***/.local/lib/python3.12/site-packages/***/task/task_runner/standard_task_runner.py:70: DeprecationWarning: This process (pid=68) is multi-threaded, use of fork() may lead to deadlocks in the child.
  pid = os.fork()

[2025-03-08T17:22:07.100+0000] {standard_task_runner.py:72} INFO - Started process 72 to run task
[2025-03-08T17:22:07.101+0000] {standard_task_runner.py:104} INFO - Running: ['***', 'tasks', 'run', 'solar_energy_crops_pipeline', 'extract_data', 'scheduled__2025-03-07T00:00:00+00:00', '--job-id', '31', '--raw', '--subdir', 'DAGS_FOLDER/mainDag.py', '--cfg-path', '/tmp/tmp7ec5yo46']
[2025-03-08T17:22:07.110+0000] {standard_task_runner.py:105} INFO - Job 31: Subtask extract_data
[2025-03-08T17:22:07.569+0000] {task_command.py:467} INFO - Running <TaskInstance: solar_energy_crops_pipeline.extract_data scheduled__2025-03-07T00:00:00+00:00 [running]> on host 9662aa6e8776
[2025-03-08T17:22:08.056+0000] {taskinstance.py:3132} INFO - Exporting env vars: AIRFLOW_CTX_DAG_OWNER='***' AIRFLOW_CTX_DAG_ID='solar_energy_crops_pipeline' AIRFLOW_CTX_TASK_ID='extract_data' AIRFLOW_CTX_EXECUTION_DATE='2025-03-07T00:00:00+00:00' AIRFLOW_CTX_TRY_NUMBER='1' AIRFLOW_CTX_DAG_RUN_ID='scheduled__2025-03-07T00:00:00+00:00'
[2025-03-08T17:22:08.060+0000] {taskinstance.py:731} INFO - ::endgroup::
[2025-03-08T17:22:08.105+0000] {logging_mixin.py:190} INFO - Extracting data from API...
[2025-03-08T17:22:08.110+0000] {logging_mixin.py:190} INFO - Fetching data for year 1967
[2025-03-08T17:22:10.095+0000] {logging_mixin.py:190} INFO - Sleeping for a while to respect API rate limits...
[2025-03-08T17:23:10.128+0000] {logging_mixin.py:190} INFO - Fetching data for year 1968
[2025-03-08T17:23:12.609+0000] {logging_mixin.py:190} INFO - Sleeping for a while to respect API rate limits...
[2025-03-08T17:24:12.612+0000] {logging_mixin.py:190} INFO - Fetching data for year 1969
[2025-03-08T17:24:14.164+0000] {logging_mixin.py:190} INFO - Sleeping for a while to respect API rate limits...
[2025-03-08T17:25:14.204+0000] {logging_mixin.py:190} INFO - Fetching data for year 1970
[2025-03-08T17:25:15.887+0000] {logging_mixin.py:190} INFO - Sleeping for a while to respect API rate limits...
[2025-03-08T17:26:15.918+0000] {logging_mixin.py:190} INFO - Fetching data for year 1971
[2025-03-08T17:26:18.228+0000] {logging_mixin.py:190} INFO - Sleeping for a while to respect API rate limits...
[2025-03-08T17:27:18.251+0000] {logging_mixin.py:190} INFO - Fetching data for year 1972
[2025-03-08T17:27:20.448+0000] {logging_mixin.py:190} INFO - Sleeping for a while to respect API rate limits...
[2025-03-08T17:28:20.489+0000] {logging_mixin.py:190} INFO - Fetching data for year 1973
[2025-03-08T17:28:22.007+0000] {logging_mixin.py:190} INFO - Sleeping for a while to respect API rate limits...
[2025-03-08T17:29:22.051+0000] {logging_mixin.py:190} INFO - Fetching data for year 1974
[2025-03-08T17:29:23.761+0000] {logging_mixin.py:190} INFO - Sleeping for a while to respect API rate limits...
[2025-03-08T17:30:23.761+0000] {logging_mixin.py:190} INFO - Fetching data for year 1975
[2025-03-08T17:30:25.335+0000] {logging_mixin.py:190} INFO - Sleeping for a while to respect API rate limits...
[2025-03-08T17:31:25.377+0000] {logging_mixin.py:190} INFO - Fetching data for year 1976
[2025-03-08T17:31:26.842+0000] {logging_mixin.py:190} INFO - Sleeping for a while to respect API rate limits...
[2025-03-08T17:32:26.879+0000] {logging_mixin.py:190} INFO - Fetching data for year 1977
[2025-03-08T17:32:28.766+0000] {logging_mixin.py:190} INFO - Sleeping for a while to respect API rate limits...
[2025-03-08T17:33:28.770+0000] {logging_mixin.py:190} INFO - Fetching data for year 1978
[2025-03-08T17:33:30.374+0000] {logging_mixin.py:190} INFO - Sleeping for a while to respect API rate limits...
[2025-03-08T17:34:30.381+0000] {logging_mixin.py:190} INFO - Fetching data for year 1979
[2025-03-08T17:34:31.961+0000] {logging_mixin.py:190} INFO - Sleeping for a while to respect API rate limits...
[2025-03-08T17:35:32.004+0000] {logging_mixin.py:190} INFO - Fetching data for year 1980
[2025-03-08T17:35:33.874+0000] {logging_mixin.py:190} INFO - Sleeping for a while to respect API rate limits...
[2025-03-08T17:36:33.916+0000] {logging_mixin.py:190} INFO - Fetching data for year 1981
[2025-03-08T17:36:36.463+0000] {logging_mixin.py:190} INFO - Sleeping for a while to respect API rate limits...
[2025-03-08T17:37:36.506+0000] {logging_mixin.py:190} INFO - Fetching data for year 1982
[2025-03-08T17:37:38.592+0000] {logging_mixin.py:190} INFO - Sleeping for a while to respect API rate limits...
[2025-03-08T17:38:38.635+0000] {logging_mixin.py:190} INFO - Fetching data for year 1983
[2025-03-08T17:38:40.448+0000] {logging_mixin.py:190} INFO - Sleeping for a while to respect API rate limits...
[2025-03-08T17:39:40.490+0000] {logging_mixin.py:190} INFO - Fetching data for year 1984
[2025-03-08T17:39:42.678+0000] {logging_mixin.py:190} INFO - Sleeping for a while to respect API rate limits...
[2025-03-08T17:40:42.679+0000] {logging_mixin.py:190} INFO - Fetching data for year 1985
[2025-03-08T17:40:45.070+0000] {logging_mixin.py:190} INFO - Sleeping for a while to respect API rate limits...
[2025-03-08T17:41:45.110+0000] {logging_mixin.py:190} INFO - Fetching data for year 1986
[2025-03-08T17:41:46.709+0000] {logging_mixin.py:190} INFO - Sleeping for a while to respect API rate limits...
[2025-03-08T17:42:46.735+0000] {logging_mixin.py:190} INFO - Fetching data for year 1987
[2025-03-08T17:42:48.398+0000] {logging_mixin.py:190} INFO - Sleeping for a while to respect API rate limits...
[2025-03-08T17:43:48.431+0000] {logging_mixin.py:190} INFO - Fetching data for year 1988
[2025-03-08T17:43:50.145+0000] {logging_mixin.py:190} INFO - Sleeping for a while to respect API rate limits...
