[2025-03-08T20:15:16.129+0000] {local_task_job_runner.py:123} INFO - ::group::Pre task execution logs
[2025-03-08T20:15:16.150+0000] {taskinstance.py:2613} INFO - Dependencies all met for dep_context=non-requeueable deps ti=<TaskInstance: solar_energy_crops_pipeline.extract_data scheduled__2025-03-07T00:00:00+00:00 [queued]>
[2025-03-08T20:15:16.161+0000] {taskinstance.py:2613} INFO - Dependencies all met for dep_context=requeueable deps ti=<TaskInstance: solar_energy_crops_pipeline.extract_data scheduled__2025-03-07T00:00:00+00:00 [queued]>
[2025-03-08T20:15:16.162+0000] {taskinstance.py:2866} INFO - Starting attempt 2 of 2
[2025-03-08T20:15:16.181+0000] {taskinstance.py:2889} INFO - Executing <Task(PythonOperator): extract_data> on 2025-03-07 00:00:00+00:00
[2025-03-08T20:15:16.191+0000] {warnings.py:112} WARNING - /home/***/.local/lib/python3.12/site-packages/***/task/task_runner/standard_task_runner.py:70: DeprecationWarning: This process (pid=142) is multi-threaded, use of fork() may lead to deadlocks in the child.
  pid = os.fork()

[2025-03-08T20:15:16.196+0000] {standard_task_runner.py:72} INFO - Started process 144 to run task
[2025-03-08T20:15:16.191+0000] {standard_task_runner.py:104} INFO - Running: ['***', 'tasks', 'run', 'solar_energy_crops_pipeline', 'extract_data', 'scheduled__2025-03-07T00:00:00+00:00', '--job-id', '34', '--raw', '--subdir', 'DAGS_FOLDER/mainDag.py', '--cfg-path', '/tmp/tmpvkerkt0s']
[2025-03-08T20:15:16.198+0000] {standard_task_runner.py:105} INFO - Job 34: Subtask extract_data
[2025-03-08T20:15:16.279+0000] {task_command.py:467} INFO - Running <TaskInstance: solar_energy_crops_pipeline.extract_data scheduled__2025-03-07T00:00:00+00:00 [running]> on host 035e75d5e0f0
[2025-03-08T20:15:16.396+0000] {taskinstance.py:3132} INFO - Exporting env vars: AIRFLOW_CTX_DAG_OWNER='***' AIRFLOW_CTX_DAG_ID='solar_energy_crops_pipeline' AIRFLOW_CTX_TASK_ID='extract_data' AIRFLOW_CTX_EXECUTION_DATE='2025-03-07T00:00:00+00:00' AIRFLOW_CTX_TRY_NUMBER='2' AIRFLOW_CTX_DAG_RUN_ID='scheduled__2025-03-07T00:00:00+00:00'
[2025-03-08T20:15:16.398+0000] {taskinstance.py:731} INFO - ::endgroup::
[2025-03-08T20:15:16.416+0000] {logging_mixin.py:190} INFO - Extracting data from API...
[2025-03-08T20:15:16.421+0000] {logging_mixin.py:190} INFO - Fetching data for year 1967
[2025-03-08T20:15:17.803+0000] {logging_mixin.py:190} INFO - Sleeping for a while to respect API rate limits...
[2025-03-08T20:16:17.835+0000] {logging_mixin.py:190} INFO - Fetching data for year 1968
[2025-03-08T20:16:19.046+0000] {logging_mixin.py:190} INFO - Sleeping for a while to respect API rate limits...
[2025-03-08T20:17:19.065+0000] {logging_mixin.py:190} INFO - Fetching data for year 1969
[2025-03-08T20:17:20.419+0000] {logging_mixin.py:190} INFO - Sleeping for a while to respect API rate limits...
[2025-03-08T20:18:20.460+0000] {logging_mixin.py:190} INFO - Fetching data for year 1970
[2025-03-08T20:18:21.791+0000] {logging_mixin.py:190} INFO - Sleeping for a while to respect API rate limits...
[2025-03-08T20:19:21.834+0000] {logging_mixin.py:190} INFO - Fetching data for year 1971
[2025-03-08T20:19:23.164+0000] {logging_mixin.py:190} INFO - Sleeping for a while to respect API rate limits...
[2025-03-08T20:20:23.206+0000] {logging_mixin.py:190} INFO - Fetching data for year 1972
[2025-03-08T20:20:24.499+0000] {logging_mixin.py:190} INFO - Sleeping for a while to respect API rate limits...
[2025-03-08T20:21:24.534+0000] {logging_mixin.py:190} INFO - Fetching data for year 1973
[2025-03-08T20:21:25.790+0000] {logging_mixin.py:190} INFO - Sleeping for a while to respect API rate limits...
[2025-03-08T20:22:25.803+0000] {logging_mixin.py:190} INFO - Fetching data for year 1974
[2025-03-08T20:22:27.128+0000] {logging_mixin.py:190} INFO - Sleeping for a while to respect API rate limits...
