[2025-03-15T17:48:26.552+0000] {local_task_job_runner.py:123} INFO - ::group::Pre task execution logs
[2025-03-15T17:48:26.586+0000] {taskinstance.py:2614} INFO - Dependencies all met for dep_context=non-requeueable deps ti=<TaskInstance: solar_energy_crops_pipeline.start manual__2025-03-15T17:48:23.579707+00:00 [queued]>
[2025-03-15T17:48:26.598+0000] {taskinstance.py:2614} INFO - Dependencies all met for dep_context=requeueable deps ti=<TaskInstance: solar_energy_crops_pipeline.start manual__2025-03-15T17:48:23.579707+00:00 [queued]>
[2025-03-15T17:48:26.599+0000] {taskinstance.py:2867} INFO - Starting attempt 1 of 2
[2025-03-15T17:48:26.621+0000] {taskinstance.py:2890} INFO - Executing <Task(PythonOperator): start> on 2025-03-15 17:48:23.579707+00:00
[2025-03-15T17:48:26.635+0000] {warnings.py:112} WARNING - /home/***/.local/lib/python3.12/site-packages/***/task/task_runner/standard_task_runner.py:70: DeprecationWarning: This process (pid=74) is multi-threaded, use of fork() may lead to deadlocks in the child.
  pid = os.fork()

[2025-03-15T17:48:26.637+0000] {standard_task_runner.py:104} INFO - Running: ['***', 'tasks', 'run', 'solar_energy_crops_pipeline', 'start', 'manual__2025-03-15T17:48:23.579707+00:00', '--job-id', '97', '--raw', '--subdir', 'DAGS_FOLDER/mainDag.py', '--cfg-path', '/tmp/tmpc9jw2ov_']
[2025-03-15T17:48:26.638+0000] {standard_task_runner.py:72} INFO - Started process 75 to run task
[2025-03-15T17:48:26.639+0000] {standard_task_runner.py:105} INFO - Job 97: Subtask start
[2025-03-15T17:48:26.723+0000] {task_command.py:467} INFO - Running <TaskInstance: solar_energy_crops_pipeline.start manual__2025-03-15T17:48:23.579707+00:00 [running]> on host 4cf5cbc44fbc
[2025-03-15T17:48:26.990+0000] {taskinstance.py:3134} INFO - Exporting env vars: AIRFLOW_CTX_DAG_OWNER='***' AIRFLOW_CTX_DAG_ID='solar_energy_crops_pipeline' AIRFLOW_CTX_TASK_ID='start' AIRFLOW_CTX_EXECUTION_DATE='2025-03-15T17:48:23.579707+00:00' AIRFLOW_CTX_TRY_NUMBER='1' AIRFLOW_CTX_DAG_RUN_ID='manual__2025-03-15T17:48:23.579707+00:00'
[2025-03-15T17:48:26.993+0000] {taskinstance.py:732} INFO - ::endgroup::
[2025-03-15T17:48:27.044+0000] {logging_mixin.py:190} INFO - Jobs started
[2025-03-15T17:48:27.045+0000] {python.py:240} INFO - Done. Returned value was: None
[2025-03-15T17:48:27.072+0000] {taskinstance.py:341} INFO - ::group::Post task execution logs
[2025-03-15T17:48:27.073+0000] {taskinstance.py:353} INFO - Marking task as SUCCESS. dag_id=solar_energy_crops_pipeline, task_id=start, run_id=manual__2025-03-15T17:48:23.579707+00:00, execution_date=20250315T174823, start_date=20250315T174826, end_date=20250315T174827
[2025-03-15T17:48:27.141+0000] {local_task_job_runner.py:266} INFO - Task exited with return code 0
[2025-03-15T17:48:27.223+0000] {taskinstance.py:3901} INFO - 1 downstream tasks scheduled from follow-on schedule check
[2025-03-15T17:48:27.227+0000] {local_task_job_runner.py:245} INFO - ::endgroup::
