[2025-03-15T07:10:49.770+0000] {local_task_job_runner.py:123} INFO - ::group::Pre task execution logs
[2025-03-15T07:10:49.793+0000] {taskinstance.py:2614} INFO - Dependencies all met for dep_context=non-requeueable deps ti=<TaskInstance: solar_energy_crops_pipeline.sample_script manual__2025-03-15T07:10:46.581637+00:00 [queued]>
[2025-03-15T07:10:49.803+0000] {taskinstance.py:2614} INFO - Dependencies all met for dep_context=requeueable deps ti=<TaskInstance: solar_energy_crops_pipeline.sample_script manual__2025-03-15T07:10:46.581637+00:00 [queued]>
[2025-03-15T07:10:49.805+0000] {taskinstance.py:2867} INFO - Starting attempt 1 of 2
[2025-03-15T07:10:49.823+0000] {taskinstance.py:2890} INFO - Executing <Task(SparkSubmitOperator): sample_script> on 2025-03-15 07:10:46.581637+00:00
[2025-03-15T07:10:49.833+0000] {warnings.py:112} WARNING - /home/***/.local/lib/python3.12/site-packages/***/task/task_runner/standard_task_runner.py:70: DeprecationWarning: This process (pid=84) is multi-threaded, use of fork() may lead to deadlocks in the child.
  pid = os.fork()

[2025-03-15T07:10:49.836+0000] {standard_task_runner.py:72} INFO - Started process 85 to run task
[2025-03-15T07:10:49.835+0000] {standard_task_runner.py:104} INFO - Running: ['***', 'tasks', 'run', 'solar_energy_crops_pipeline', 'sample_script', 'manual__2025-03-15T07:10:46.581637+00:00', '--job-id', '75', '--raw', '--subdir', 'DAGS_FOLDER/mainDag.py', '--cfg-path', '/tmp/tmp_6pyyzxg']
[2025-03-15T07:10:49.837+0000] {standard_task_runner.py:105} INFO - Job 75: Subtask sample_script
[2025-03-15T07:10:49.892+0000] {task_command.py:467} INFO - Running <TaskInstance: solar_energy_crops_pipeline.sample_script manual__2025-03-15T07:10:46.581637+00:00 [running]> on host 58647dc6871f
[2025-03-15T07:10:50.053+0000] {taskinstance.py:3134} INFO - Exporting env vars: AIRFLOW_CTX_DAG_OWNER='***' AIRFLOW_CTX_DAG_ID='solar_energy_crops_pipeline' AIRFLOW_CTX_TASK_ID='sample_script' AIRFLOW_CTX_EXECUTION_DATE='2025-03-15T07:10:46.581637+00:00' AIRFLOW_CTX_TRY_NUMBER='1' AIRFLOW_CTX_DAG_RUN_ID='manual__2025-03-15T07:10:46.581637+00:00'
[2025-03-15T07:10:50.055+0000] {taskinstance.py:732} INFO - ::endgroup::
[2025-03-15T07:10:50.096+0000] {base.py:84} INFO - Retrieving connection 'spark_mm'
[2025-03-15T07:10:50.098+0000] {spark_submit.py:335} INFO - Spark-Submit cmd: spark-submit --master spark://spark-master:7077 --name arrow-spark dags/Script1.py
[2025-03-15T07:11:01.995+0000] {spark_submit.py:488} INFO - 25/03/15 07:11:01 INFO SparkContext: Running Spark version 3.5.5
[2025-03-15T07:11:01.998+0000] {spark_submit.py:488} INFO - 25/03/15 07:11:01 INFO SparkContext: OS info Linux, 5.15.167.4-microsoft-standard-WSL2, amd64
[2025-03-15T07:11:01.999+0000] {spark_submit.py:488} INFO - 25/03/15 07:11:01 INFO SparkContext: Java version 17.0.14
[2025-03-15T07:11:02.493+0000] {spark_submit.py:488} INFO - 25/03/15 07:11:02 WARN NativeCodeLoader: Unable to load native-hadoop library for your platform... using builtin-java classes where applicable
[2025-03-15T07:11:02.790+0000] {spark_submit.py:488} INFO - 25/03/15 07:11:02 INFO ResourceUtils: ==============================================================
[2025-03-15T07:11:02.791+0000] {spark_submit.py:488} INFO - 25/03/15 07:11:02 INFO ResourceUtils: No custom resources configured for spark.driver.
[2025-03-15T07:11:02.792+0000] {spark_submit.py:488} INFO - 25/03/15 07:11:02 INFO ResourceUtils: ==============================================================
[2025-03-15T07:11:02.792+0000] {spark_submit.py:488} INFO - 25/03/15 07:11:02 INFO SparkContext: Submitted application: PythonWordCount
[2025-03-15T07:11:02.897+0000] {spark_submit.py:488} INFO - 25/03/15 07:11:02 INFO ResourceProfile: Default ResourceProfile created, executor resources: Map(memory -> name: memory, amount: 1024, script: , vendor: , offHeap -> name: offHeap, amount: 0, script: , vendor: ), task resources: Map(cpus -> name: cpus, amount: 1.0)
[2025-03-15T07:11:02.974+0000] {spark_submit.py:488} INFO - 25/03/15 07:11:02 INFO ResourceProfile: Limiting resource is cpu
[2025-03-15T07:11:02.975+0000] {spark_submit.py:488} INFO - 25/03/15 07:11:02 INFO ResourceProfileManager: Added ResourceProfile id: 0
[2025-03-15T07:11:03.268+0000] {spark_submit.py:488} INFO - 25/03/15 07:11:03 INFO SecurityManager: Changing view acls to: ***
[2025-03-15T07:11:03.270+0000] {spark_submit.py:488} INFO - 25/03/15 07:11:03 INFO SecurityManager: Changing modify acls to: ***
[2025-03-15T07:11:03.271+0000] {spark_submit.py:488} INFO - 25/03/15 07:11:03 INFO SecurityManager: Changing view acls groups to:
[2025-03-15T07:11:03.272+0000] {spark_submit.py:488} INFO - 25/03/15 07:11:03 INFO SecurityManager: Changing modify acls groups to:
[2025-03-15T07:11:03.273+0000] {spark_submit.py:488} INFO - 25/03/15 07:11:03 INFO SecurityManager: SecurityManager: authentication disabled; ui acls disabled; users with view permissions: ***; groups with view permissions: EMPTY; users with modify permissions: ***; groups with modify permissions: EMPTY
[2025-03-15T07:11:04.370+0000] {spark_submit.py:488} INFO - 25/03/15 07:11:04 INFO Utils: Successfully started service 'sparkDriver' on port 35817.
[2025-03-15T07:11:04.564+0000] {spark_submit.py:488} INFO - 25/03/15 07:11:04 INFO SparkEnv: Registering MapOutputTracker
[2025-03-15T07:11:06.699+0000] {spark_submit.py:488} INFO - 25/03/15 07:11:06 INFO SparkEnv: Registering BlockManagerMaster
[2025-03-15T07:11:06.766+0000] {spark_submit.py:488} INFO - 25/03/15 07:11:06 INFO BlockManagerMasterEndpoint: Using org.apache.spark.storage.DefaultTopologyMapper for getting topology information
[2025-03-15T07:11:06.767+0000] {spark_submit.py:488} INFO - 25/03/15 07:11:06 INFO BlockManagerMasterEndpoint: BlockManagerMasterEndpoint up
[2025-03-15T07:11:06.773+0000] {spark_submit.py:488} INFO - 25/03/15 07:11:06 INFO SparkEnv: Registering BlockManagerMasterHeartbeat
[2025-03-15T07:11:06.870+0000] {spark_submit.py:488} INFO - 25/03/15 07:11:06 INFO DiskBlockManager: Created local directory at /tmp/blockmgr-ba8745c1-9077-45e0-9103-9c5c3d1bca02
[2025-03-15T07:11:06.964+0000] {spark_submit.py:488} INFO - 25/03/15 07:11:06 INFO MemoryStore: MemoryStore started with capacity 413.9 MiB
[2025-03-15T07:11:06.982+0000] {spark_submit.py:488} INFO - 25/03/15 07:11:06 INFO SparkEnv: Registering OutputCommitCoordinator
[2025-03-15T07:11:07.303+0000] {spark_submit.py:488} INFO - 25/03/15 07:11:07 INFO JettyUtils: Start Jetty 0.0.0.0:4040 for SparkUI
[2025-03-15T07:11:07.498+0000] {spark_submit.py:488} INFO - 25/03/15 07:11:07 INFO Utils: Successfully started service 'SparkUI' on port 4040.
[2025-03-15T07:11:07.793+0000] {spark_submit.py:488} INFO - 25/03/15 07:11:07 INFO StandaloneAppClient$ClientEndpoint: Connecting to master spark://spark-master:7077...
[2025-03-15T07:11:16.087+0000] {spark_submit.py:488} INFO - 25/03/15 07:11:16 WARN TransportClientFactory: DNS resolution failed for spark-master/<unresolved>:7077 took 8200 ms
[2025-03-15T07:11:16.124+0000] {spark_submit.py:488} INFO - 25/03/15 07:11:16 WARN StandaloneAppClient$ClientEndpoint: Failed to connect to master spark-master:7077
[2025-03-15T07:11:16.125+0000] {spark_submit.py:488} INFO - org.apache.spark.SparkException: Exception thrown in awaitResult:
[2025-03-15T07:11:16.126+0000] {spark_submit.py:488} INFO - at org.apache.spark.util.SparkThreadUtils$.awaitResult(SparkThreadUtils.scala:56)
[2025-03-15T07:11:16.127+0000] {spark_submit.py:488} INFO - at org.apache.spark.util.ThreadUtils$.awaitResult(ThreadUtils.scala:310)
[2025-03-15T07:11:16.127+0000] {spark_submit.py:488} INFO - at org.apache.spark.rpc.RpcTimeout.awaitResult(RpcTimeout.scala:75)
[2025-03-15T07:11:16.128+0000] {spark_submit.py:488} INFO - at org.apache.spark.rpc.RpcEnv.setupEndpointRefByURI(RpcEnv.scala:102)
[2025-03-15T07:11:16.129+0000] {spark_submit.py:488} INFO - at org.apache.spark.rpc.RpcEnv.setupEndpointRef(RpcEnv.scala:110)
[2025-03-15T07:11:16.129+0000] {spark_submit.py:488} INFO - at org.apache.spark.deploy.client.StandaloneAppClient$ClientEndpoint$$anon$1.run(StandaloneAppClient.scala:108)
[2025-03-15T07:11:16.130+0000] {spark_submit.py:488} INFO - at java.base/java.util.concurrent.Executors$RunnableAdapter.call(Executors.java:539)
[2025-03-15T07:11:16.131+0000] {spark_submit.py:488} INFO - at java.base/java.util.concurrent.FutureTask.run(FutureTask.java:264)
[2025-03-15T07:11:16.131+0000] {spark_submit.py:488} INFO - at java.base/java.util.concurrent.ThreadPoolExecutor.runWorker(ThreadPoolExecutor.java:1136)
[2025-03-15T07:11:16.132+0000] {spark_submit.py:488} INFO - at java.base/java.util.concurrent.ThreadPoolExecutor$Worker.run(ThreadPoolExecutor.java:635)
[2025-03-15T07:11:16.133+0000] {spark_submit.py:488} INFO - at java.base/java.lang.Thread.run(Thread.java:840)
[2025-03-15T07:11:16.134+0000] {spark_submit.py:488} INFO - Caused by: java.io.IOException: Failed to connect to spark-master/<unresolved>:7077
[2025-03-15T07:11:16.134+0000] {spark_submit.py:488} INFO - at org.apache.spark.network.client.TransportClientFactory.createClient(TransportClientFactory.java:294)
[2025-03-15T07:11:16.135+0000] {spark_submit.py:488} INFO - at org.apache.spark.network.client.TransportClientFactory.createClient(TransportClientFactory.java:214)
[2025-03-15T07:11:16.136+0000] {spark_submit.py:488} INFO - at org.apache.spark.network.client.TransportClientFactory.createClient(TransportClientFactory.java:226)
[2025-03-15T07:11:16.136+0000] {spark_submit.py:488} INFO - at org.apache.spark.rpc.netty.NettyRpcEnv.createClient(NettyRpcEnv.scala:204)
[2025-03-15T07:11:16.137+0000] {spark_submit.py:488} INFO - at org.apache.spark.rpc.netty.Outbox$$anon$1.call(Outbox.scala:202)
[2025-03-15T07:11:16.138+0000] {spark_submit.py:488} INFO - at org.apache.spark.rpc.netty.Outbox$$anon$1.call(Outbox.scala:198)
[2025-03-15T07:11:16.138+0000] {spark_submit.py:488} INFO - ... 4 more
[2025-03-15T07:11:16.139+0000] {spark_submit.py:488} INFO - Caused by: java.net.UnknownHostException: spark-master
[2025-03-15T07:11:16.140+0000] {spark_submit.py:488} INFO - at java.base/java.net.InetAddress$CachedAddresses.get(InetAddress.java:801)
[2025-03-15T07:11:16.140+0000] {spark_submit.py:488} INFO - at java.base/java.net.InetAddress.getAllByName0(InetAddress.java:1533)
[2025-03-15T07:11:16.141+0000] {spark_submit.py:488} INFO - at java.base/java.net.InetAddress.getAllByName(InetAddress.java:1385)
[2025-03-15T07:11:16.141+0000] {spark_submit.py:488} INFO - at java.base/java.net.InetAddress.getAllByName(InetAddress.java:1306)
[2025-03-15T07:11:16.142+0000] {spark_submit.py:488} INFO - at java.base/java.net.InetAddress.getByName(InetAddress.java:1256)
[2025-03-15T07:11:16.142+0000] {spark_submit.py:488} INFO - at io.netty.util.internal.SocketUtils$8.run(SocketUtils.java:156)
[2025-03-15T07:11:16.143+0000] {spark_submit.py:488} INFO - at io.netty.util.internal.SocketUtils$8.run(SocketUtils.java:153)
[2025-03-15T07:11:16.143+0000] {spark_submit.py:488} INFO - at java.base/java.security.AccessController.doPrivileged(AccessController.java:569)
[2025-03-15T07:11:16.144+0000] {spark_submit.py:488} INFO - at io.netty.util.internal.SocketUtils.addressByName(SocketUtils.java:153)
[2025-03-15T07:11:16.144+0000] {spark_submit.py:488} INFO - at io.netty.resolver.DefaultNameResolver.doResolve(DefaultNameResolver.java:41)
[2025-03-15T07:11:16.144+0000] {spark_submit.py:488} INFO - at io.netty.resolver.SimpleNameResolver.resolve(SimpleNameResolver.java:61)
[2025-03-15T07:11:16.145+0000] {spark_submit.py:488} INFO - at io.netty.resolver.SimpleNameResolver.resolve(SimpleNameResolver.java:53)
[2025-03-15T07:11:16.145+0000] {spark_submit.py:488} INFO - at io.netty.resolver.InetSocketAddressResolver.doResolve(InetSocketAddressResolver.java:55)
[2025-03-15T07:11:16.146+0000] {spark_submit.py:488} INFO - at io.netty.resolver.InetSocketAddressResolver.doResolve(InetSocketAddressResolver.java:31)
[2025-03-15T07:11:16.146+0000] {spark_submit.py:488} INFO - at io.netty.resolver.AbstractAddressResolver.resolve(AbstractAddressResolver.java:106)
[2025-03-15T07:11:16.147+0000] {spark_submit.py:488} INFO - at io.netty.bootstrap.Bootstrap.doResolveAndConnect0(Bootstrap.java:220)
[2025-03-15T07:11:16.147+0000] {spark_submit.py:488} INFO - at io.netty.bootstrap.Bootstrap.access$000(Bootstrap.java:46)
[2025-03-15T07:11:16.148+0000] {spark_submit.py:488} INFO - at io.netty.bootstrap.Bootstrap$1.operationComplete(Bootstrap.java:189)
[2025-03-15T07:11:16.149+0000] {spark_submit.py:488} INFO - at io.netty.bootstrap.Bootstrap$1.operationComplete(Bootstrap.java:175)
[2025-03-15T07:11:16.149+0000] {spark_submit.py:488} INFO - at io.netty.util.concurrent.DefaultPromise.notifyListener0(DefaultPromise.java:590)
[2025-03-15T07:11:16.150+0000] {spark_submit.py:488} INFO - at io.netty.util.concurrent.DefaultPromise.notifyListenersNow(DefaultPromise.java:557)
[2025-03-15T07:11:16.150+0000] {spark_submit.py:488} INFO - at io.netty.util.concurrent.DefaultPromise.notifyListeners(DefaultPromise.java:492)
[2025-03-15T07:11:16.151+0000] {spark_submit.py:488} INFO - at io.netty.util.concurrent.DefaultPromise.setValue0(DefaultPromise.java:636)
[2025-03-15T07:11:16.151+0000] {spark_submit.py:488} INFO - at io.netty.util.concurrent.DefaultPromise.setSuccess0(DefaultPromise.java:625)
[2025-03-15T07:11:16.151+0000] {spark_submit.py:488} INFO - at io.netty.util.concurrent.DefaultPromise.trySuccess(DefaultPromise.java:105)
[2025-03-15T07:11:16.152+0000] {spark_submit.py:488} INFO - at io.netty.channel.DefaultChannelPromise.trySuccess(DefaultChannelPromise.java:84)
[2025-03-15T07:11:16.152+0000] {spark_submit.py:488} INFO - at io.netty.channel.AbstractChannel$AbstractUnsafe.safeSetSuccess(AbstractChannel.java:990)
[2025-03-15T07:11:16.152+0000] {spark_submit.py:488} INFO - at io.netty.channel.AbstractChannel$AbstractUnsafe.register0(AbstractChannel.java:516)
[2025-03-15T07:11:16.152+0000] {spark_submit.py:488} INFO - at io.netty.channel.AbstractChannel$AbstractUnsafe.access$200(AbstractChannel.java:429)
[2025-03-15T07:11:16.153+0000] {spark_submit.py:488} INFO - at io.netty.channel.AbstractChannel$AbstractUnsafe$1.run(AbstractChannel.java:486)
[2025-03-15T07:11:16.153+0000] {spark_submit.py:488} INFO - at io.netty.util.concurrent.AbstractEventExecutor.runTask(AbstractEventExecutor.java:174)
[2025-03-15T07:11:16.154+0000] {spark_submit.py:488} INFO - at io.netty.util.concurrent.AbstractEventExecutor.safeExecute(AbstractEventExecutor.java:167)
[2025-03-15T07:11:16.154+0000] {spark_submit.py:488} INFO - at io.netty.util.concurrent.SingleThreadEventExecutor.runAllTasks(SingleThreadEventExecutor.java:470)
[2025-03-15T07:11:16.155+0000] {spark_submit.py:488} INFO - at io.netty.channel.nio.NioEventLoop.run(NioEventLoop.java:569)
[2025-03-15T07:11:16.155+0000] {spark_submit.py:488} INFO - at io.netty.util.concurrent.SingleThreadEventExecutor$4.run(SingleThreadEventExecutor.java:997)
[2025-03-15T07:11:16.155+0000] {spark_submit.py:488} INFO - at io.netty.util.internal.ThreadExecutorMap$2.run(ThreadExecutorMap.java:74)
[2025-03-15T07:11:16.156+0000] {spark_submit.py:488} INFO - at io.netty.util.concurrent.FastThreadLocalRunnable.run(FastThreadLocalRunnable.java:30)
[2025-03-15T07:11:16.157+0000] {spark_submit.py:488} INFO - ... 1 more
[2025-03-15T07:11:27.792+0000] {spark_submit.py:488} INFO - 25/03/15 07:11:27 INFO StandaloneAppClient$ClientEndpoint: Connecting to master spark://spark-master:7077...
[2025-03-15T07:11:35.799+0000] {spark_submit.py:488} INFO - 25/03/15 07:11:35 WARN TransportClientFactory: DNS resolution failed for spark-master/<unresolved>:7077 took 8004 ms
[2025-03-15T07:11:35.802+0000] {spark_submit.py:488} INFO - 25/03/15 07:11:35 WARN StandaloneAppClient$ClientEndpoint: Failed to connect to master spark-master:7077
[2025-03-15T07:11:35.803+0000] {spark_submit.py:488} INFO - org.apache.spark.SparkException: Exception thrown in awaitResult:
[2025-03-15T07:11:35.803+0000] {spark_submit.py:488} INFO - at org.apache.spark.util.SparkThreadUtils$.awaitResult(SparkThreadUtils.scala:56)
[2025-03-15T07:11:35.803+0000] {spark_submit.py:488} INFO - at org.apache.spark.util.ThreadUtils$.awaitResult(ThreadUtils.scala:310)
[2025-03-15T07:11:35.804+0000] {spark_submit.py:488} INFO - at org.apache.spark.rpc.RpcTimeout.awaitResult(RpcTimeout.scala:75)
[2025-03-15T07:11:35.804+0000] {spark_submit.py:488} INFO - at org.apache.spark.rpc.RpcEnv.setupEndpointRefByURI(RpcEnv.scala:102)
[2025-03-15T07:11:35.805+0000] {spark_submit.py:488} INFO - at org.apache.spark.rpc.RpcEnv.setupEndpointRef(RpcEnv.scala:110)
[2025-03-15T07:11:35.805+0000] {spark_submit.py:488} INFO - at org.apache.spark.deploy.client.StandaloneAppClient$ClientEndpoint$$anon$1.run(StandaloneAppClient.scala:108)
[2025-03-15T07:11:35.806+0000] {spark_submit.py:488} INFO - at java.base/java.util.concurrent.Executors$RunnableAdapter.call(Executors.java:539)
[2025-03-15T07:11:35.806+0000] {spark_submit.py:488} INFO - at java.base/java.util.concurrent.FutureTask.run(FutureTask.java:264)
[2025-03-15T07:11:35.807+0000] {spark_submit.py:488} INFO - at java.base/java.util.concurrent.ThreadPoolExecutor.runWorker(ThreadPoolExecutor.java:1136)
[2025-03-15T07:11:35.807+0000] {spark_submit.py:488} INFO - at java.base/java.util.concurrent.ThreadPoolExecutor$Worker.run(ThreadPoolExecutor.java:635)
[2025-03-15T07:11:35.808+0000] {spark_submit.py:488} INFO - at java.base/java.lang.Thread.run(Thread.java:840)
[2025-03-15T07:11:35.808+0000] {spark_submit.py:488} INFO - Caused by: java.io.IOException: Failed to connect to spark-master/<unresolved>:7077
[2025-03-15T07:11:35.809+0000] {spark_submit.py:488} INFO - at org.apache.spark.network.client.TransportClientFactory.createClient(TransportClientFactory.java:294)
[2025-03-15T07:11:35.809+0000] {spark_submit.py:488} INFO - at org.apache.spark.network.client.TransportClientFactory.createClient(TransportClientFactory.java:214)
[2025-03-15T07:11:35.810+0000] {spark_submit.py:488} INFO - at org.apache.spark.network.client.TransportClientFactory.createClient(TransportClientFactory.java:226)
[2025-03-15T07:11:35.810+0000] {spark_submit.py:488} INFO - at org.apache.spark.rpc.netty.NettyRpcEnv.createClient(NettyRpcEnv.scala:204)
[2025-03-15T07:11:35.811+0000] {spark_submit.py:488} INFO - at org.apache.spark.rpc.netty.Outbox$$anon$1.call(Outbox.scala:202)
[2025-03-15T07:11:35.811+0000] {spark_submit.py:488} INFO - at org.apache.spark.rpc.netty.Outbox$$anon$1.call(Outbox.scala:198)
[2025-03-15T07:11:35.812+0000] {spark_submit.py:488} INFO - ... 4 more
[2025-03-15T07:11:35.812+0000] {spark_submit.py:488} INFO - Caused by: java.net.UnknownHostException: spark-master
[2025-03-15T07:11:35.813+0000] {spark_submit.py:488} INFO - at java.base/java.net.InetAddress$CachedAddresses.get(InetAddress.java:801)
[2025-03-15T07:11:35.813+0000] {spark_submit.py:488} INFO - at java.base/java.net.InetAddress.getAllByName0(InetAddress.java:1533)
[2025-03-15T07:11:35.814+0000] {spark_submit.py:488} INFO - at java.base/java.net.InetAddress.getAllByName(InetAddress.java:1385)
[2025-03-15T07:11:35.814+0000] {spark_submit.py:488} INFO - at java.base/java.net.InetAddress.getAllByName(InetAddress.java:1306)
[2025-03-15T07:11:35.814+0000] {spark_submit.py:488} INFO - at java.base/java.net.InetAddress.getByName(InetAddress.java:1256)
[2025-03-15T07:11:35.815+0000] {spark_submit.py:488} INFO - at io.netty.util.internal.SocketUtils$8.run(SocketUtils.java:156)
[2025-03-15T07:11:35.815+0000] {spark_submit.py:488} INFO - at io.netty.util.internal.SocketUtils$8.run(SocketUtils.java:153)
[2025-03-15T07:11:35.816+0000] {spark_submit.py:488} INFO - at java.base/java.security.AccessController.doPrivileged(AccessController.java:569)
[2025-03-15T07:11:35.816+0000] {spark_submit.py:488} INFO - at io.netty.util.internal.SocketUtils.addressByName(SocketUtils.java:153)
[2025-03-15T07:11:35.817+0000] {spark_submit.py:488} INFO - at io.netty.resolver.DefaultNameResolver.doResolve(DefaultNameResolver.java:41)
[2025-03-15T07:11:35.817+0000] {spark_submit.py:488} INFO - at io.netty.resolver.SimpleNameResolver.resolve(SimpleNameResolver.java:61)
[2025-03-15T07:11:35.818+0000] {spark_submit.py:488} INFO - at io.netty.resolver.SimpleNameResolver.resolve(SimpleNameResolver.java:53)
[2025-03-15T07:11:35.818+0000] {spark_submit.py:488} INFO - at io.netty.resolver.InetSocketAddressResolver.doResolve(InetSocketAddressResolver.java:55)
[2025-03-15T07:11:35.818+0000] {spark_submit.py:488} INFO - at io.netty.resolver.InetSocketAddressResolver.doResolve(InetSocketAddressResolver.java:31)
[2025-03-15T07:11:35.819+0000] {spark_submit.py:488} INFO - at io.netty.resolver.AbstractAddressResolver.resolve(AbstractAddressResolver.java:106)
[2025-03-15T07:11:35.819+0000] {spark_submit.py:488} INFO - at io.netty.bootstrap.Bootstrap.doResolveAndConnect0(Bootstrap.java:220)
[2025-03-15T07:11:35.819+0000] {spark_submit.py:488} INFO - at io.netty.bootstrap.Bootstrap.access$000(Bootstrap.java:46)
[2025-03-15T07:11:35.820+0000] {spark_submit.py:488} INFO - at io.netty.bootstrap.Bootstrap$1.operationComplete(Bootstrap.java:189)
[2025-03-15T07:11:35.820+0000] {spark_submit.py:488} INFO - at io.netty.bootstrap.Bootstrap$1.operationComplete(Bootstrap.java:175)
[2025-03-15T07:11:35.821+0000] {spark_submit.py:488} INFO - at io.netty.util.concurrent.DefaultPromise.notifyListener0(DefaultPromise.java:590)
[2025-03-15T07:11:35.821+0000] {spark_submit.py:488} INFO - at io.netty.util.concurrent.DefaultPromise.notifyListenersNow(DefaultPromise.java:557)
[2025-03-15T07:11:35.821+0000] {spark_submit.py:488} INFO - at io.netty.util.concurrent.DefaultPromise.notifyListeners(DefaultPromise.java:492)
[2025-03-15T07:11:35.822+0000] {spark_submit.py:488} INFO - at io.netty.util.concurrent.DefaultPromise.setValue0(DefaultPromise.java:636)
[2025-03-15T07:11:35.822+0000] {spark_submit.py:488} INFO - at io.netty.util.concurrent.DefaultPromise.setSuccess0(DefaultPromise.java:625)
[2025-03-15T07:11:35.823+0000] {spark_submit.py:488} INFO - at io.netty.util.concurrent.DefaultPromise.trySuccess(DefaultPromise.java:105)
[2025-03-15T07:11:35.823+0000] {spark_submit.py:488} INFO - at io.netty.channel.DefaultChannelPromise.trySuccess(DefaultChannelPromise.java:84)
[2025-03-15T07:11:35.824+0000] {spark_submit.py:488} INFO - at io.netty.channel.AbstractChannel$AbstractUnsafe.safeSetSuccess(AbstractChannel.java:990)
[2025-03-15T07:11:35.824+0000] {spark_submit.py:488} INFO - at io.netty.channel.AbstractChannel$AbstractUnsafe.register0(AbstractChannel.java:516)
[2025-03-15T07:11:35.824+0000] {spark_submit.py:488} INFO - at io.netty.channel.AbstractChannel$AbstractUnsafe.access$200(AbstractChannel.java:429)
[2025-03-15T07:11:35.825+0000] {spark_submit.py:488} INFO - at io.netty.channel.AbstractChannel$AbstractUnsafe$1.run(AbstractChannel.java:486)
[2025-03-15T07:11:35.825+0000] {spark_submit.py:488} INFO - at io.netty.util.concurrent.AbstractEventExecutor.runTask(AbstractEventExecutor.java:174)
[2025-03-15T07:11:35.825+0000] {spark_submit.py:488} INFO - at io.netty.util.concurrent.AbstractEventExecutor.safeExecute(AbstractEventExecutor.java:167)
[2025-03-15T07:11:35.826+0000] {spark_submit.py:488} INFO - at io.netty.util.concurrent.SingleThreadEventExecutor.runAllTasks(SingleThreadEventExecutor.java:470)
[2025-03-15T07:11:35.826+0000] {spark_submit.py:488} INFO - at io.netty.channel.nio.NioEventLoop.run(NioEventLoop.java:569)
[2025-03-15T07:11:35.826+0000] {spark_submit.py:488} INFO - at io.netty.util.concurrent.SingleThreadEventExecutor$4.run(SingleThreadEventExecutor.java:997)
[2025-03-15T07:11:35.827+0000] {spark_submit.py:488} INFO - at io.netty.util.internal.ThreadExecutorMap$2.run(ThreadExecutorMap.java:74)
[2025-03-15T07:11:35.827+0000] {spark_submit.py:488} INFO - at io.netty.util.concurrent.FastThreadLocalRunnable.run(FastThreadLocalRunnable.java:30)
[2025-03-15T07:11:35.827+0000] {spark_submit.py:488} INFO - ... 1 more
[2025-03-15T07:11:47.789+0000] {spark_submit.py:488} INFO - 25/03/15 07:11:47 INFO StandaloneAppClient$ClientEndpoint: Connecting to master spark://spark-master:7077...
[2025-03-15T07:11:55.796+0000] {spark_submit.py:488} INFO - 25/03/15 07:11:55 WARN TransportClientFactory: DNS resolution failed for spark-master/<unresolved>:7077 took 8004 ms
[2025-03-15T07:11:55.800+0000] {spark_submit.py:488} INFO - 25/03/15 07:11:55 WARN StandaloneAppClient$ClientEndpoint: Failed to connect to master spark-master:7077
[2025-03-15T07:11:55.802+0000] {spark_submit.py:488} INFO - org.apache.spark.SparkException: Exception thrown in awaitResult:
[2025-03-15T07:11:55.803+0000] {spark_submit.py:488} INFO - at org.apache.spark.util.SparkThreadUtils$.awaitResult(SparkThreadUtils.scala:56)
[2025-03-15T07:11:55.803+0000] {spark_submit.py:488} INFO - at org.apache.spark.util.ThreadUtils$.awaitResult(ThreadUtils.scala:310)
[2025-03-15T07:11:55.804+0000] {spark_submit.py:488} INFO - at org.apache.spark.rpc.RpcTimeout.awaitResult(RpcTimeout.scala:75)
[2025-03-15T07:11:55.805+0000] {spark_submit.py:488} INFO - at org.apache.spark.rpc.RpcEnv.setupEndpointRefByURI(RpcEnv.scala:102)
[2025-03-15T07:11:55.805+0000] {spark_submit.py:488} INFO - at org.apache.spark.rpc.RpcEnv.setupEndpointRef(RpcEnv.scala:110)
[2025-03-15T07:11:55.806+0000] {spark_submit.py:488} INFO - at org.apache.spark.deploy.client.StandaloneAppClient$ClientEndpoint$$anon$1.run(StandaloneAppClient.scala:108)
[2025-03-15T07:11:55.806+0000] {spark_submit.py:488} INFO - at java.base/java.util.concurrent.Executors$RunnableAdapter.call(Executors.java:539)
[2025-03-15T07:11:55.807+0000] {spark_submit.py:488} INFO - at java.base/java.util.concurrent.FutureTask.run(FutureTask.java:264)
[2025-03-15T07:11:55.808+0000] {spark_submit.py:488} INFO - at java.base/java.util.concurrent.ThreadPoolExecutor.runWorker(ThreadPoolExecutor.java:1136)
[2025-03-15T07:11:55.808+0000] {spark_submit.py:488} INFO - at java.base/java.util.concurrent.ThreadPoolExecutor$Worker.run(ThreadPoolExecutor.java:635)
[2025-03-15T07:11:55.809+0000] {spark_submit.py:488} INFO - at java.base/java.lang.Thread.run(Thread.java:840)
[2025-03-15T07:11:55.809+0000] {spark_submit.py:488} INFO - Caused by: java.io.IOException: Failed to connect to spark-master/<unresolved>:7077
[2025-03-15T07:11:55.810+0000] {spark_submit.py:488} INFO - at org.apache.spark.network.client.TransportClientFactory.createClient(TransportClientFactory.java:294)
[2025-03-15T07:11:55.811+0000] {spark_submit.py:488} INFO - at org.apache.spark.network.client.TransportClientFactory.createClient(TransportClientFactory.java:214)
[2025-03-15T07:11:55.811+0000] {spark_submit.py:488} INFO - at org.apache.spark.network.client.TransportClientFactory.createClient(TransportClientFactory.java:226)
[2025-03-15T07:11:55.812+0000] {spark_submit.py:488} INFO - at org.apache.spark.rpc.netty.NettyRpcEnv.createClient(NettyRpcEnv.scala:204)
[2025-03-15T07:11:55.812+0000] {spark_submit.py:488} INFO - at org.apache.spark.rpc.netty.Outbox$$anon$1.call(Outbox.scala:202)
[2025-03-15T07:11:55.813+0000] {spark_submit.py:488} INFO - at org.apache.spark.rpc.netty.Outbox$$anon$1.call(Outbox.scala:198)
[2025-03-15T07:11:55.813+0000] {spark_submit.py:488} INFO - ... 4 more
[2025-03-15T07:11:55.814+0000] {spark_submit.py:488} INFO - Caused by: java.net.UnknownHostException: spark-master
[2025-03-15T07:11:55.814+0000] {spark_submit.py:488} INFO - at java.base/java.net.InetAddress$CachedAddresses.get(InetAddress.java:801)
[2025-03-15T07:11:55.815+0000] {spark_submit.py:488} INFO - at java.base/java.net.InetAddress.getAllByName0(InetAddress.java:1533)
[2025-03-15T07:11:55.816+0000] {spark_submit.py:488} INFO - at java.base/java.net.InetAddress.getAllByName(InetAddress.java:1385)
[2025-03-15T07:11:55.816+0000] {spark_submit.py:488} INFO - at java.base/java.net.InetAddress.getAllByName(InetAddress.java:1306)
[2025-03-15T07:11:55.817+0000] {spark_submit.py:488} INFO - at java.base/java.net.InetAddress.getByName(InetAddress.java:1256)
[2025-03-15T07:11:55.817+0000] {spark_submit.py:488} INFO - at io.netty.util.internal.SocketUtils$8.run(SocketUtils.java:156)
[2025-03-15T07:11:55.818+0000] {spark_submit.py:488} INFO - at io.netty.util.internal.SocketUtils$8.run(SocketUtils.java:153)
[2025-03-15T07:11:55.818+0000] {spark_submit.py:488} INFO - at java.base/java.security.AccessController.doPrivileged(AccessController.java:569)
[2025-03-15T07:11:55.819+0000] {spark_submit.py:488} INFO - at io.netty.util.internal.SocketUtils.addressByName(SocketUtils.java:153)
[2025-03-15T07:11:55.819+0000] {spark_submit.py:488} INFO - at io.netty.resolver.DefaultNameResolver.doResolve(DefaultNameResolver.java:41)
[2025-03-15T07:11:55.819+0000] {spark_submit.py:488} INFO - at io.netty.resolver.SimpleNameResolver.resolve(SimpleNameResolver.java:61)
[2025-03-15T07:11:55.820+0000] {spark_submit.py:488} INFO - at io.netty.resolver.SimpleNameResolver.resolve(SimpleNameResolver.java:53)
[2025-03-15T07:11:55.820+0000] {spark_submit.py:488} INFO - at io.netty.resolver.InetSocketAddressResolver.doResolve(InetSocketAddressResolver.java:55)
[2025-03-15T07:11:55.821+0000] {spark_submit.py:488} INFO - at io.netty.resolver.InetSocketAddressResolver.doResolve(InetSocketAddressResolver.java:31)
[2025-03-15T07:11:55.821+0000] {spark_submit.py:488} INFO - at io.netty.resolver.AbstractAddressResolver.resolve(AbstractAddressResolver.java:106)
[2025-03-15T07:11:55.822+0000] {spark_submit.py:488} INFO - at io.netty.bootstrap.Bootstrap.doResolveAndConnect0(Bootstrap.java:220)
[2025-03-15T07:11:55.823+0000] {spark_submit.py:488} INFO - at io.netty.bootstrap.Bootstrap.access$000(Bootstrap.java:46)
[2025-03-15T07:11:55.823+0000] {spark_submit.py:488} INFO - at io.netty.bootstrap.Bootstrap$1.operationComplete(Bootstrap.java:189)
[2025-03-15T07:11:55.824+0000] {spark_submit.py:488} INFO - at io.netty.bootstrap.Bootstrap$1.operationComplete(Bootstrap.java:175)
[2025-03-15T07:11:55.824+0000] {spark_submit.py:488} INFO - at io.netty.util.concurrent.DefaultPromise.notifyListener0(DefaultPromise.java:590)
[2025-03-15T07:11:55.824+0000] {spark_submit.py:488} INFO - at io.netty.util.concurrent.DefaultPromise.notifyListenersNow(DefaultPromise.java:557)
[2025-03-15T07:11:55.825+0000] {spark_submit.py:488} INFO - at io.netty.util.concurrent.DefaultPromise.notifyListeners(DefaultPromise.java:492)
[2025-03-15T07:11:55.826+0000] {spark_submit.py:488} INFO - at io.netty.util.concurrent.DefaultPromise.setValue0(DefaultPromise.java:636)
[2025-03-15T07:11:55.826+0000] {spark_submit.py:488} INFO - at io.netty.util.concurrent.DefaultPromise.setSuccess0(DefaultPromise.java:625)
[2025-03-15T07:11:55.827+0000] {spark_submit.py:488} INFO - at io.netty.util.concurrent.DefaultPromise.trySuccess(DefaultPromise.java:105)
[2025-03-15T07:11:55.827+0000] {spark_submit.py:488} INFO - at io.netty.channel.DefaultChannelPromise.trySuccess(DefaultChannelPromise.java:84)
[2025-03-15T07:11:55.828+0000] {spark_submit.py:488} INFO - at io.netty.channel.AbstractChannel$AbstractUnsafe.safeSetSuccess(AbstractChannel.java:990)
[2025-03-15T07:11:55.828+0000] {spark_submit.py:488} INFO - at io.netty.channel.AbstractChannel$AbstractUnsafe.register0(AbstractChannel.java:516)
[2025-03-15T07:11:55.829+0000] {spark_submit.py:488} INFO - at io.netty.channel.AbstractChannel$AbstractUnsafe.access$200(AbstractChannel.java:429)
[2025-03-15T07:11:55.829+0000] {spark_submit.py:488} INFO - at io.netty.channel.AbstractChannel$AbstractUnsafe$1.run(AbstractChannel.java:486)
[2025-03-15T07:11:55.830+0000] {spark_submit.py:488} INFO - at io.netty.util.concurrent.AbstractEventExecutor.runTask(AbstractEventExecutor.java:174)
[2025-03-15T07:11:55.831+0000] {spark_submit.py:488} INFO - at io.netty.util.concurrent.AbstractEventExecutor.safeExecute(AbstractEventExecutor.java:167)
[2025-03-15T07:11:55.831+0000] {spark_submit.py:488} INFO - at io.netty.util.concurrent.SingleThreadEventExecutor.runAllTasks(SingleThreadEventExecutor.java:470)
[2025-03-15T07:11:55.831+0000] {spark_submit.py:488} INFO - at io.netty.channel.nio.NioEventLoop.run(NioEventLoop.java:569)
[2025-03-15T07:11:55.832+0000] {spark_submit.py:488} INFO - at io.netty.util.concurrent.SingleThreadEventExecutor$4.run(SingleThreadEventExecutor.java:997)
[2025-03-15T07:11:55.832+0000] {spark_submit.py:488} INFO - at io.netty.util.internal.ThreadExecutorMap$2.run(ThreadExecutorMap.java:74)
[2025-03-15T07:11:55.832+0000] {spark_submit.py:488} INFO - at io.netty.util.concurrent.FastThreadLocalRunnable.run(FastThreadLocalRunnable.java:30)
[2025-03-15T07:11:55.833+0000] {spark_submit.py:488} INFO - ... 1 more
[2025-03-15T07:12:07.790+0000] {spark_submit.py:488} INFO - 25/03/15 07:12:07 WARN StandaloneSchedulerBackend: Application ID is not initialized yet.
[2025-03-15T07:12:07.791+0000] {spark_submit.py:488} INFO - 25/03/15 07:12:07 ERROR StandaloneSchedulerBackend: Application has been killed. Reason: All masters are unresponsive! Giving up.
[2025-03-15T07:12:07.816+0000] {spark_submit.py:488} INFO - 25/03/15 07:12:07 INFO Utils: Successfully started service 'org.apache.spark.network.netty.NettyBlockTransferService' on port 35665.
[2025-03-15T07:12:07.817+0000] {spark_submit.py:488} INFO - 25/03/15 07:12:07 INFO NettyBlockTransferService: Server created on 58647dc6871f:35665
[2025-03-15T07:12:07.821+0000] {spark_submit.py:488} INFO - 25/03/15 07:12:07 INFO BlockManager: Using org.apache.spark.storage.RandomBlockReplicationPolicy for block replication policy
[2025-03-15T07:12:07.872+0000] {spark_submit.py:488} INFO - 25/03/15 07:12:07 INFO BlockManagerMaster: Registering BlockManager BlockManagerId(driver, 58647dc6871f, 35665, None)
[2025-03-15T07:12:07.883+0000] {spark_submit.py:488} INFO - 25/03/15 07:12:07 INFO BlockManagerMasterEndpoint: Registering block manager 58647dc6871f:35665 with 413.9 MiB RAM, BlockManagerId(driver, 58647dc6871f, 35665, None)
[2025-03-15T07:12:07.887+0000] {spark_submit.py:488} INFO - 25/03/15 07:12:07 INFO BlockManagerMaster: Registered BlockManager BlockManagerId(driver, 58647dc6871f, 35665, None)
[2025-03-15T07:12:07.889+0000] {spark_submit.py:488} INFO - 25/03/15 07:12:07 INFO BlockManager: Initialized BlockManager: BlockManagerId(driver, 58647dc6871f, 35665, None)
[2025-03-15T07:12:08.284+0000] {spark_submit.py:488} INFO - 25/03/15 07:12:08 INFO StandaloneSchedulerBackend: SchedulerBackend is ready for scheduling beginning after reached minRegisteredResourcesRatio: 0.0
[2025-03-15T07:12:09.091+0000] {spark_submit.py:488} INFO - 25/03/15 07:12:09 INFO SparkContext: SparkContext is stopping with exitCode 0.
[2025-03-15T07:12:09.163+0000] {spark_submit.py:488} INFO - 25/03/15 07:12:09 INFO SparkUI: Stopped Spark web UI at http://58647dc6871f:4040
[2025-03-15T07:12:09.169+0000] {spark_submit.py:488} INFO - 25/03/15 07:12:09 INFO StandaloneSchedulerBackend: Shutting down all executors
[2025-03-15T07:12:09.176+0000] {spark_submit.py:488} INFO - 25/03/15 07:12:09 INFO StandaloneSchedulerBackend$StandaloneDriverEndpoint: Asking each executor to shut down
[2025-03-15T07:12:09.266+0000] {spark_submit.py:488} INFO - 25/03/15 07:12:09 WARN StandaloneAppClient$ClientEndpoint: Drop UnregisterApplication(null) because has not yet connected to master
[2025-03-15T07:12:09.277+0000] {spark_submit.py:488} INFO - 25/03/15 07:12:09 INFO MapOutputTrackerMasterEndpoint: MapOutputTrackerMasterEndpoint stopped!
[2025-03-15T07:12:09.366+0000] {spark_submit.py:488} INFO - 25/03/15 07:12:09 INFO MemoryStore: MemoryStore cleared
[2025-03-15T07:12:09.367+0000] {spark_submit.py:488} INFO - 25/03/15 07:12:09 INFO BlockManager: BlockManager stopped
[2025-03-15T07:12:09.378+0000] {spark_submit.py:488} INFO - 25/03/15 07:12:09 INFO BlockManagerMaster: BlockManagerMaster stopped
[2025-03-15T07:12:09.382+0000] {spark_submit.py:488} INFO - 25/03/15 07:12:09 INFO OutputCommitCoordinator$OutputCommitCoordinatorEndpoint: OutputCommitCoordinator stopped!
[2025-03-15T07:12:09.389+0000] {spark_submit.py:488} INFO - 25/03/15 07:12:09 INFO SparkContext: Successfully stopped SparkContext
[2025-03-15T07:12:09.470+0000] {spark_submit.py:488} INFO - Traceback (most recent call last):
[2025-03-15T07:12:09.471+0000] {spark_submit.py:488} INFO - File "/opt/***/dags/Script1.py", line 17, in <module>
[2025-03-15T07:12:09.474+0000] {spark_submit.py:488} INFO - words = spark.sparkContext.parallelize(text.split())
[2025-03-15T07:12:09.475+0000] {spark_submit.py:488} INFO - ^^^^^^^^^^^^^^^^^^^^^^^^^^^^^^^^^^^^^^^^^^^^
[2025-03-15T07:12:09.476+0000] {spark_submit.py:488} INFO - File "/home/***/.local/lib/python3.12/site-packages/pyspark/python/lib/pyspark.zip/pyspark/context.py", line 824, in parallelize
[2025-03-15T07:12:09.477+0000] {spark_submit.py:488} INFO - File "/home/***/.local/lib/python3.12/site-packages/pyspark/python/lib/pyspark.zip/pyspark/context.py", line 870, in _serialize_to_jvm
[2025-03-15T07:12:09.478+0000] {spark_submit.py:488} INFO - File "/home/***/.local/lib/python3.12/site-packages/pyspark/python/lib/pyspark.zip/pyspark/context.py", line 818, in reader_func
[2025-03-15T07:12:09.479+0000] {spark_submit.py:488} INFO - File "/home/***/.local/lib/python3.12/site-packages/pyspark/python/lib/py4j-0.10.9.7-src.zip/py4j/java_gateway.py", line 1322, in __call__
[2025-03-15T07:12:09.480+0000] {spark_submit.py:488} INFO - File "/home/***/.local/lib/python3.12/site-packages/pyspark/python/lib/pyspark.zip/pyspark/errors/exceptions/captured.py", line 179, in deco
[2025-03-15T07:12:09.481+0000] {spark_submit.py:488} INFO - File "/home/***/.local/lib/python3.12/site-packages/pyspark/python/lib/py4j-0.10.9.7-src.zip/py4j/protocol.py", line 326, in get_return_value
[2025-03-15T07:12:09.481+0000] {spark_submit.py:488} INFO - py4j.protocol.Py4JJavaError: An error occurred while calling z:org.apache.spark.api.python.PythonRDD.readRDDFromFile.
[2025-03-15T07:12:09.482+0000] {spark_submit.py:488} INFO - : java.lang.IllegalStateException: Cannot call methods on a stopped SparkContext.
[2025-03-15T07:12:09.483+0000] {spark_submit.py:488} INFO - This stopped SparkContext was created at:
[2025-03-15T07:12:09.484+0000] {spark_submit.py:488} INFO - 
[2025-03-15T07:12:09.484+0000] {spark_submit.py:488} INFO - org.apache.spark.api.java.JavaSparkContext.<init>(JavaSparkContext.scala:58)
[2025-03-15T07:12:09.485+0000] {spark_submit.py:488} INFO - java.base/jdk.internal.reflect.NativeConstructorAccessorImpl.newInstance0(Native Method)
[2025-03-15T07:12:09.486+0000] {spark_submit.py:488} INFO - java.base/jdk.internal.reflect.NativeConstructorAccessorImpl.newInstance(NativeConstructorAccessorImpl.java:77)
[2025-03-15T07:12:09.487+0000] {spark_submit.py:488} INFO - java.base/jdk.internal.reflect.DelegatingConstructorAccessorImpl.newInstance(DelegatingConstructorAccessorImpl.java:45)
[2025-03-15T07:12:09.487+0000] {spark_submit.py:488} INFO - java.base/java.lang.reflect.Constructor.newInstanceWithCaller(Constructor.java:500)
[2025-03-15T07:12:09.488+0000] {spark_submit.py:488} INFO - java.base/java.lang.reflect.Constructor.newInstance(Constructor.java:481)
[2025-03-15T07:12:09.489+0000] {spark_submit.py:488} INFO - py4j.reflection.MethodInvoker.invoke(MethodInvoker.java:247)
[2025-03-15T07:12:09.489+0000] {spark_submit.py:488} INFO - py4j.reflection.ReflectionEngine.invoke(ReflectionEngine.java:374)
[2025-03-15T07:12:09.490+0000] {spark_submit.py:488} INFO - py4j.Gateway.invoke(Gateway.java:238)
[2025-03-15T07:12:09.491+0000] {spark_submit.py:488} INFO - py4j.commands.ConstructorCommand.invokeConstructor(ConstructorCommand.java:80)
[2025-03-15T07:12:09.492+0000] {spark_submit.py:488} INFO - py4j.commands.ConstructorCommand.execute(ConstructorCommand.java:69)
[2025-03-15T07:12:09.493+0000] {spark_submit.py:488} INFO - py4j.ClientServerConnection.waitForCommands(ClientServerConnection.java:182)
[2025-03-15T07:12:09.494+0000] {spark_submit.py:488} INFO - py4j.ClientServerConnection.run(ClientServerConnection.java:106)
[2025-03-15T07:12:09.495+0000] {spark_submit.py:488} INFO - java.base/java.lang.Thread.run(Thread.java:840)
[2025-03-15T07:12:09.495+0000] {spark_submit.py:488} INFO - 
[2025-03-15T07:12:09.496+0000] {spark_submit.py:488} INFO - The currently active SparkContext was created at:
[2025-03-15T07:12:09.497+0000] {spark_submit.py:488} INFO - 
[2025-03-15T07:12:09.498+0000] {spark_submit.py:488} INFO - org.apache.spark.api.java.JavaSparkContext.<init>(JavaSparkContext.scala:58)
[2025-03-15T07:12:09.499+0000] {spark_submit.py:488} INFO - java.base/jdk.internal.reflect.NativeConstructorAccessorImpl.newInstance0(Native Method)
[2025-03-15T07:12:09.499+0000] {spark_submit.py:488} INFO - java.base/jdk.internal.reflect.NativeConstructorAccessorImpl.newInstance(NativeConstructorAccessorImpl.java:77)
[2025-03-15T07:12:09.500+0000] {spark_submit.py:488} INFO - java.base/jdk.internal.reflect.DelegatingConstructorAccessorImpl.newInstance(DelegatingConstructorAccessorImpl.java:45)
[2025-03-15T07:12:09.501+0000] {spark_submit.py:488} INFO - java.base/java.lang.reflect.Constructor.newInstanceWithCaller(Constructor.java:500)
[2025-03-15T07:12:09.502+0000] {spark_submit.py:488} INFO - java.base/java.lang.reflect.Constructor.newInstance(Constructor.java:481)
[2025-03-15T07:12:09.503+0000] {spark_submit.py:488} INFO - py4j.reflection.MethodInvoker.invoke(MethodInvoker.java:247)
[2025-03-15T07:12:09.504+0000] {spark_submit.py:488} INFO - py4j.reflection.ReflectionEngine.invoke(ReflectionEngine.java:374)
[2025-03-15T07:12:09.504+0000] {spark_submit.py:488} INFO - py4j.Gateway.invoke(Gateway.java:238)
[2025-03-15T07:12:09.505+0000] {spark_submit.py:488} INFO - py4j.commands.ConstructorCommand.invokeConstructor(ConstructorCommand.java:80)
[2025-03-15T07:12:09.506+0000] {spark_submit.py:488} INFO - py4j.commands.ConstructorCommand.execute(ConstructorCommand.java:69)
[2025-03-15T07:12:09.507+0000] {spark_submit.py:488} INFO - py4j.ClientServerConnection.waitForCommands(ClientServerConnection.java:182)
[2025-03-15T07:12:09.508+0000] {spark_submit.py:488} INFO - py4j.ClientServerConnection.run(ClientServerConnection.java:106)
[2025-03-15T07:12:09.508+0000] {spark_submit.py:488} INFO - java.base/java.lang.Thread.run(Thread.java:840)
[2025-03-15T07:12:09.509+0000] {spark_submit.py:488} INFO - 
[2025-03-15T07:12:09.510+0000] {spark_submit.py:488} INFO - at org.apache.spark.SparkContext.assertNotStopped(SparkContext.scala:122)
[2025-03-15T07:12:09.511+0000] {spark_submit.py:488} INFO - at org.apache.spark.SparkContext.$anonfun$parallelize$1(SparkContext.scala:937)
[2025-03-15T07:12:09.512+0000] {spark_submit.py:488} INFO - at org.apache.spark.rdd.RDDOperationScope$.withScope(RDDOperationScope.scala:151)
[2025-03-15T07:12:09.513+0000] {spark_submit.py:488} INFO - at org.apache.spark.rdd.RDDOperationScope$.withScope(RDDOperationScope.scala:112)
[2025-03-15T07:12:09.513+0000] {spark_submit.py:488} INFO - at org.apache.spark.SparkContext.withScope(SparkContext.scala:919)
[2025-03-15T07:12:09.514+0000] {spark_submit.py:488} INFO - at org.apache.spark.SparkContext.parallelize(SparkContext.scala:936)
[2025-03-15T07:12:09.514+0000] {spark_submit.py:488} INFO - at org.apache.spark.api.java.JavaRDD$.readRDDFromInputStream(JavaRDD.scala:259)
[2025-03-15T07:12:09.515+0000] {spark_submit.py:488} INFO - at org.apache.spark.api.java.JavaRDD$.readRDDFromFile(JavaRDD.scala:239)
[2025-03-15T07:12:09.557+0000] {spark_submit.py:488} INFO - at org.apache.spark.api.python.PythonRDD$.readRDDFromFile(PythonRDD.scala:289)
[2025-03-15T07:12:09.558+0000] {spark_submit.py:488} INFO - at org.apache.spark.api.python.PythonRDD.readRDDFromFile(PythonRDD.scala)
[2025-03-15T07:12:09.558+0000] {spark_submit.py:488} INFO - at java.base/jdk.internal.reflect.NativeMethodAccessorImpl.invoke0(Native Method)
[2025-03-15T07:12:09.559+0000] {spark_submit.py:488} INFO - at java.base/jdk.internal.reflect.NativeMethodAccessorImpl.invoke(NativeMethodAccessorImpl.java:77)
[2025-03-15T07:12:09.560+0000] {spark_submit.py:488} INFO - at java.base/jdk.internal.reflect.DelegatingMethodAccessorImpl.invoke(DelegatingMethodAccessorImpl.java:43)
[2025-03-15T07:12:09.561+0000] {spark_submit.py:488} INFO - at java.base/java.lang.reflect.Method.invoke(Method.java:569)
[2025-03-15T07:12:09.561+0000] {spark_submit.py:488} INFO - at py4j.reflection.MethodInvoker.invoke(MethodInvoker.java:244)
[2025-03-15T07:12:09.562+0000] {spark_submit.py:488} INFO - at py4j.reflection.ReflectionEngine.invoke(ReflectionEngine.java:374)
[2025-03-15T07:12:09.563+0000] {spark_submit.py:488} INFO - at py4j.Gateway.invoke(Gateway.java:282)
[2025-03-15T07:12:09.563+0000] {spark_submit.py:488} INFO - at py4j.commands.AbstractCommand.invokeMethod(AbstractCommand.java:132)
[2025-03-15T07:12:09.564+0000] {spark_submit.py:488} INFO - at py4j.commands.CallCommand.execute(CallCommand.java:79)
[2025-03-15T07:12:09.565+0000] {spark_submit.py:488} INFO - at py4j.ClientServerConnection.waitForCommands(ClientServerConnection.java:182)
[2025-03-15T07:12:09.565+0000] {spark_submit.py:488} INFO - at py4j.ClientServerConnection.run(ClientServerConnection.java:106)
[2025-03-15T07:12:09.566+0000] {spark_submit.py:488} INFO - at java.base/java.lang.Thread.run(Thread.java:840)
[2025-03-15T07:12:09.566+0000] {spark_submit.py:488} INFO - 
[2025-03-15T07:12:09.595+0000] {spark_submit.py:488} INFO - 25/03/15 07:12:09 INFO ShutdownHookManager: Shutdown hook called
[2025-03-15T07:12:09.595+0000] {spark_submit.py:488} INFO - 25/03/15 07:12:09 INFO ShutdownHookManager: Deleting directory /tmp/spark-e1d71194-cb0c-4d48-af31-224b695ba474
[2025-03-15T07:12:09.601+0000] {spark_submit.py:488} INFO - 25/03/15 07:12:09 INFO ShutdownHookManager: Deleting directory /tmp/spark-5dcfeb9b-e9bc-4ca2-9a8f-de0d58e1eaa0/pyspark-0f1f4781-1a67-4b8c-ad03-287c42e2077d
[2025-03-15T07:12:09.605+0000] {spark_submit.py:488} INFO - 25/03/15 07:12:09 INFO ShutdownHookManager: Deleting directory /tmp/spark-5dcfeb9b-e9bc-4ca2-9a8f-de0d58e1eaa0
[2025-03-15T07:12:09.675+0000] {taskinstance.py:3313} ERROR - Task failed with exception
Traceback (most recent call last):
  File "/home/airflow/.local/lib/python3.12/site-packages/airflow/models/taskinstance.py", line 768, in _execute_task
    result = _execute_callable(context=context, **execute_callable_kwargs)
             ^^^^^^^^^^^^^^^^^^^^^^^^^^^^^^^^^^^^^^^^^^^^^^^^^^^^^^^^^^^^^
  File "/home/airflow/.local/lib/python3.12/site-packages/airflow/models/taskinstance.py", line 734, in _execute_callable
    return ExecutionCallableRunner(
           ^^^^^^^^^^^^^^^^^^^^^^^^
  File "/home/airflow/.local/lib/python3.12/site-packages/airflow/utils/operator_helpers.py", line 252, in run
    return self.func(*args, **kwargs)
           ^^^^^^^^^^^^^^^^^^^^^^^^^^
  File "/home/airflow/.local/lib/python3.12/site-packages/airflow/models/baseoperator.py", line 424, in wrapper
    return func(self, *args, **kwargs)
           ^^^^^^^^^^^^^^^^^^^^^^^^^^^
  File "/home/airflow/.local/lib/python3.12/site-packages/airflow/providers/apache/spark/operators/spark_submit.py", line 157, in execute
    self._hook.submit(self._application)
  File "/home/airflow/.local/lib/python3.12/site-packages/airflow/providers/apache/spark/hooks/spark_submit.py", line 419, in submit
    raise AirflowException(
airflow.exceptions.AirflowException: Cannot execute: spark-submit --master spark://spark-master:7077 --name arrow-spark dags/Script1.py. Error code is: 1.
[2025-03-15T07:12:09.688+0000] {taskinstance.py:1226} INFO - Marking task as UP_FOR_RETRY. dag_id=solar_energy_crops_pipeline, task_id=sample_script, run_id=manual__2025-03-15T07:10:46.581637+00:00, execution_date=20250315T071046, start_date=20250315T071049, end_date=20250315T071209
[2025-03-15T07:12:09.733+0000] {taskinstance.py:341} INFO - ::group::Post task execution logs
[2025-03-15T07:12:09.734+0000] {standard_task_runner.py:124} ERROR - Failed to execute job 75 for task sample_script (Cannot execute: spark-submit --master spark://spark-master:7077 --name arrow-spark dags/Script1.py. Error code is: 1.; 85)
Traceback (most recent call last):
  File "/home/airflow/.local/lib/python3.12/site-packages/airflow/task/task_runner/standard_task_runner.py", line 117, in _start_by_fork
    ret = args.func(args, dag=self.dag)
          ^^^^^^^^^^^^^^^^^^^^^^^^^^^^^
  File "/home/airflow/.local/lib/python3.12/site-packages/airflow/cli/cli_config.py", line 49, in command
    return func(*args, **kwargs)
           ^^^^^^^^^^^^^^^^^^^^^
  File "/home/airflow/.local/lib/python3.12/site-packages/airflow/utils/cli.py", line 116, in wrapper
    return f(*args, **kwargs)
           ^^^^^^^^^^^^^^^^^^
  File "/home/airflow/.local/lib/python3.12/site-packages/airflow/cli/commands/task_command.py", line 483, in task_run
    task_return_code = _run_task_by_selected_method(args, _dag, ti)
                       ^^^^^^^^^^^^^^^^^^^^^^^^^^^^^^^^^^^^^^^^^^^^
  File "/home/airflow/.local/lib/python3.12/site-packages/airflow/cli/commands/task_command.py", line 256, in _run_task_by_selected_method
    return _run_raw_task(args, ti)
           ^^^^^^^^^^^^^^^^^^^^^^^
  File "/home/airflow/.local/lib/python3.12/site-packages/airflow/cli/commands/task_command.py", line 341, in _run_raw_task
    return ti._run_raw_task(
           ^^^^^^^^^^^^^^^^^
  File "/home/airflow/.local/lib/python3.12/site-packages/airflow/utils/session.py", line 97, in wrapper
    return func(*args, session=session, **kwargs)
           ^^^^^^^^^^^^^^^^^^^^^^^^^^^^^^^^^^^^^^
  File "/home/airflow/.local/lib/python3.12/site-packages/airflow/models/taskinstance.py", line 3006, in _run_raw_task
    return _run_raw_task(
           ^^^^^^^^^^^^^^
  File "/home/airflow/.local/lib/python3.12/site-packages/airflow/models/taskinstance.py", line 274, in _run_raw_task
    TaskInstance._execute_task_with_callbacks(
  File "/home/airflow/.local/lib/python3.12/site-packages/airflow/models/taskinstance.py", line 3161, in _execute_task_with_callbacks
    result = self._execute_task(context, task_orig)
             ^^^^^^^^^^^^^^^^^^^^^^^^^^^^^^^^^^^^^^
  File "/home/airflow/.local/lib/python3.12/site-packages/airflow/models/taskinstance.py", line 3185, in _execute_task
    return _execute_task(self, context, task_orig)
           ^^^^^^^^^^^^^^^^^^^^^^^^^^^^^^^^^^^^^^^
  File "/home/airflow/.local/lib/python3.12/site-packages/airflow/models/taskinstance.py", line 768, in _execute_task
    result = _execute_callable(context=context, **execute_callable_kwargs)
             ^^^^^^^^^^^^^^^^^^^^^^^^^^^^^^^^^^^^^^^^^^^^^^^^^^^^^^^^^^^^^
  File "/home/airflow/.local/lib/python3.12/site-packages/airflow/models/taskinstance.py", line 734, in _execute_callable
    return ExecutionCallableRunner(
           ^^^^^^^^^^^^^^^^^^^^^^^^
  File "/home/airflow/.local/lib/python3.12/site-packages/airflow/utils/operator_helpers.py", line 252, in run
    return self.func(*args, **kwargs)
           ^^^^^^^^^^^^^^^^^^^^^^^^^^
  File "/home/airflow/.local/lib/python3.12/site-packages/airflow/models/baseoperator.py", line 424, in wrapper
    return func(self, *args, **kwargs)
           ^^^^^^^^^^^^^^^^^^^^^^^^^^^
  File "/home/airflow/.local/lib/python3.12/site-packages/airflow/providers/apache/spark/operators/spark_submit.py", line 157, in execute
    self._hook.submit(self._application)
  File "/home/airflow/.local/lib/python3.12/site-packages/airflow/providers/apache/spark/hooks/spark_submit.py", line 419, in submit
    raise AirflowException(
airflow.exceptions.AirflowException: Cannot execute: spark-submit --master spark://spark-master:7077 --name arrow-spark dags/Script1.py. Error code is: 1.
[2025-03-15T07:12:09.778+0000] {local_task_job_runner.py:266} INFO - Task exited with return code 1
[2025-03-15T07:12:09.802+0000] {taskinstance.py:3901} INFO - 0 downstream tasks scheduled from follow-on schedule check
[2025-03-15T07:12:09.806+0000] {local_task_job_runner.py:245} INFO - ::endgroup::
