[2025-03-15T07:17:10.571+0000] {local_task_job_runner.py:123} INFO - ::group::Pre task execution logs
[2025-03-15T07:17:10.597+0000] {taskinstance.py:2614} INFO - Dependencies all met for dep_context=non-requeueable deps ti=<TaskInstance: solar_energy_crops_pipeline.sample_script manual__2025-03-15T07:10:46.581637+00:00 [queued]>
[2025-03-15T07:17:10.609+0000] {taskinstance.py:2614} INFO - Dependencies all met for dep_context=requeueable deps ti=<TaskInstance: solar_energy_crops_pipeline.sample_script manual__2025-03-15T07:10:46.581637+00:00 [queued]>
[2025-03-15T07:17:10.610+0000] {taskinstance.py:2867} INFO - Starting attempt 2 of 2
[2025-03-15T07:17:10.627+0000] {taskinstance.py:2890} INFO - Executing <Task(SparkSubmitOperator): sample_script> on 2025-03-15 07:10:46.581637+00:00
[2025-03-15T07:17:10.634+0000] {warnings.py:112} WARNING - /home/***/.local/lib/python3.12/site-packages/***/task/task_runner/standard_task_runner.py:70: DeprecationWarning: This process (pid=283) is multi-threaded, use of fork() may lead to deadlocks in the child.
  pid = os.fork()

[2025-03-15T07:17:10.635+0000] {standard_task_runner.py:104} INFO - Running: ['***', 'tasks', 'run', 'solar_energy_crops_pipeline', 'sample_script', 'manual__2025-03-15T07:10:46.581637+00:00', '--job-id', '76', '--raw', '--subdir', 'DAGS_FOLDER/mainDag.py', '--cfg-path', '/tmp/tmpr6n43vxz']
[2025-03-15T07:17:10.636+0000] {standard_task_runner.py:72} INFO - Started process 284 to run task
[2025-03-15T07:17:10.637+0000] {standard_task_runner.py:105} INFO - Job 76: Subtask sample_script
[2025-03-15T07:17:10.692+0000] {task_command.py:467} INFO - Running <TaskInstance: solar_energy_crops_pipeline.sample_script manual__2025-03-15T07:10:46.581637+00:00 [running]> on host 58647dc6871f
[2025-03-15T07:17:10.777+0000] {taskinstance.py:3134} INFO - Exporting env vars: AIRFLOW_CTX_DAG_OWNER='***' AIRFLOW_CTX_DAG_ID='solar_energy_crops_pipeline' AIRFLOW_CTX_TASK_ID='sample_script' AIRFLOW_CTX_EXECUTION_DATE='2025-03-15T07:10:46.581637+00:00' AIRFLOW_CTX_TRY_NUMBER='2' AIRFLOW_CTX_DAG_RUN_ID='manual__2025-03-15T07:10:46.581637+00:00'
[2025-03-15T07:17:10.779+0000] {taskinstance.py:732} INFO - ::endgroup::
[2025-03-15T07:17:10.825+0000] {base.py:84} INFO - Retrieving connection 'spark_mm'
[2025-03-15T07:17:10.828+0000] {spark_submit.py:335} INFO - Spark-Submit cmd: spark-submit --master spark://spark-master:7077 --name arrow-spark dags/Script1.py
[2025-03-15T07:17:15.675+0000] {spark_submit.py:488} INFO - 25/03/15 07:17:15 INFO SparkContext: Running Spark version 3.5.5
[2025-03-15T07:17:15.677+0000] {spark_submit.py:488} INFO - 25/03/15 07:17:15 INFO SparkContext: OS info Linux, 5.15.167.4-microsoft-standard-WSL2, amd64
[2025-03-15T07:17:15.678+0000] {spark_submit.py:488} INFO - 25/03/15 07:17:15 INFO SparkContext: Java version 17.0.14
[2025-03-15T07:17:15.784+0000] {spark_submit.py:488} INFO - 25/03/15 07:17:15 WARN NativeCodeLoader: Unable to load native-hadoop library for your platform... using builtin-java classes where applicable
[2025-03-15T07:17:15.978+0000] {spark_submit.py:488} INFO - 25/03/15 07:17:15 INFO ResourceUtils: ==============================================================
[2025-03-15T07:17:15.979+0000] {spark_submit.py:488} INFO - 25/03/15 07:17:15 INFO ResourceUtils: No custom resources configured for spark.driver.
[2025-03-15T07:17:15.980+0000] {spark_submit.py:488} INFO - 25/03/15 07:17:15 INFO ResourceUtils: ==============================================================
[2025-03-15T07:17:15.981+0000] {spark_submit.py:488} INFO - 25/03/15 07:17:15 INFO SparkContext: Submitted application: PythonWordCount
[2025-03-15T07:17:16.008+0000] {spark_submit.py:488} INFO - 25/03/15 07:17:16 INFO ResourceProfile: Default ResourceProfile created, executor resources: Map(memory -> name: memory, amount: 1024, script: , vendor: , offHeap -> name: offHeap, amount: 0, script: , vendor: ), task resources: Map(cpus -> name: cpus, amount: 1.0)
[2025-03-15T07:17:16.035+0000] {spark_submit.py:488} INFO - 25/03/15 07:17:16 INFO ResourceProfile: Limiting resource is cpu
[2025-03-15T07:17:16.035+0000] {spark_submit.py:488} INFO - 25/03/15 07:17:16 INFO ResourceProfileManager: Added ResourceProfile id: 0
[2025-03-15T07:17:16.138+0000] {spark_submit.py:488} INFO - 25/03/15 07:17:16 INFO SecurityManager: Changing view acls to: ***
[2025-03-15T07:17:16.139+0000] {spark_submit.py:488} INFO - 25/03/15 07:17:16 INFO SecurityManager: Changing modify acls to: ***
[2025-03-15T07:17:16.139+0000] {spark_submit.py:488} INFO - 25/03/15 07:17:16 INFO SecurityManager: Changing view acls groups to:
[2025-03-15T07:17:16.140+0000] {spark_submit.py:488} INFO - 25/03/15 07:17:16 INFO SecurityManager: Changing modify acls groups to:
[2025-03-15T07:17:16.141+0000] {spark_submit.py:488} INFO - 25/03/15 07:17:16 INFO SecurityManager: SecurityManager: authentication disabled; ui acls disabled; users with view permissions: ***; groups with view permissions: EMPTY; users with modify permissions: ***; groups with modify permissions: EMPTY
[2025-03-15T07:17:16.739+0000] {spark_submit.py:488} INFO - 25/03/15 07:17:16 INFO Utils: Successfully started service 'sparkDriver' on port 37571.
[2025-03-15T07:17:16.861+0000] {spark_submit.py:488} INFO - 25/03/15 07:17:16 INFO SparkEnv: Registering MapOutputTracker
[2025-03-15T07:17:16.957+0000] {spark_submit.py:488} INFO - 25/03/15 07:17:16 INFO SparkEnv: Registering BlockManagerMaster
[2025-03-15T07:17:16.980+0000] {spark_submit.py:488} INFO - 25/03/15 07:17:16 INFO BlockManagerMasterEndpoint: Using org.apache.spark.storage.DefaultTopologyMapper for getting topology information
[2025-03-15T07:17:16.981+0000] {spark_submit.py:488} INFO - 25/03/15 07:17:16 INFO BlockManagerMasterEndpoint: BlockManagerMasterEndpoint up
[2025-03-15T07:17:16.985+0000] {spark_submit.py:488} INFO - 25/03/15 07:17:16 INFO SparkEnv: Registering BlockManagerMasterHeartbeat
[2025-03-15T07:17:17.058+0000] {spark_submit.py:488} INFO - 25/03/15 07:17:17 INFO DiskBlockManager: Created local directory at /tmp/blockmgr-762d1194-05c4-45e9-9546-2ba0f078d5d6
[2025-03-15T07:17:17.073+0000] {spark_submit.py:488} INFO - 25/03/15 07:17:17 INFO MemoryStore: MemoryStore started with capacity 413.9 MiB
[2025-03-15T07:17:17.089+0000] {spark_submit.py:488} INFO - 25/03/15 07:17:17 INFO SparkEnv: Registering OutputCommitCoordinator
[2025-03-15T07:17:18.441+0000] {spark_submit.py:488} INFO - 25/03/15 07:17:18 INFO JettyUtils: Start Jetty 0.0.0.0:4040 for SparkUI
[2025-03-15T07:17:18.562+0000] {spark_submit.py:488} INFO - 25/03/15 07:17:18 INFO Utils: Successfully started service 'SparkUI' on port 4040.
[2025-03-15T07:17:18.845+0000] {spark_submit.py:488} INFO - 25/03/15 07:17:18 INFO StandaloneAppClient$ClientEndpoint: Connecting to master spark://spark-master:7077...
[2025-03-15T07:17:26.876+0000] {spark_submit.py:488} INFO - 25/03/15 07:17:26 WARN TransportClientFactory: DNS resolution failed for spark-master/<unresolved>:7077 took 8006 ms
[2025-03-15T07:17:26.921+0000] {spark_submit.py:488} INFO - 25/03/15 07:17:26 WARN StandaloneAppClient$ClientEndpoint: Failed to connect to master spark-master:7077
[2025-03-15T07:17:26.922+0000] {spark_submit.py:488} INFO - org.apache.spark.SparkException: Exception thrown in awaitResult:
[2025-03-15T07:17:26.923+0000] {spark_submit.py:488} INFO - at org.apache.spark.util.SparkThreadUtils$.awaitResult(SparkThreadUtils.scala:56)
[2025-03-15T07:17:26.924+0000] {spark_submit.py:488} INFO - at org.apache.spark.util.ThreadUtils$.awaitResult(ThreadUtils.scala:310)
[2025-03-15T07:17:26.925+0000] {spark_submit.py:488} INFO - at org.apache.spark.rpc.RpcTimeout.awaitResult(RpcTimeout.scala:75)
[2025-03-15T07:17:26.925+0000] {spark_submit.py:488} INFO - at org.apache.spark.rpc.RpcEnv.setupEndpointRefByURI(RpcEnv.scala:102)
[2025-03-15T07:17:26.926+0000] {spark_submit.py:488} INFO - at org.apache.spark.rpc.RpcEnv.setupEndpointRef(RpcEnv.scala:110)
[2025-03-15T07:17:26.927+0000] {spark_submit.py:488} INFO - at org.apache.spark.deploy.client.StandaloneAppClient$ClientEndpoint$$anon$1.run(StandaloneAppClient.scala:108)
[2025-03-15T07:17:26.927+0000] {spark_submit.py:488} INFO - at java.base/java.util.concurrent.Executors$RunnableAdapter.call(Executors.java:539)
[2025-03-15T07:17:26.928+0000] {spark_submit.py:488} INFO - at java.base/java.util.concurrent.FutureTask.run(FutureTask.java:264)
[2025-03-15T07:17:26.928+0000] {spark_submit.py:488} INFO - at java.base/java.util.concurrent.ThreadPoolExecutor.runWorker(ThreadPoolExecutor.java:1136)
[2025-03-15T07:17:26.929+0000] {spark_submit.py:488} INFO - at java.base/java.util.concurrent.ThreadPoolExecutor$Worker.run(ThreadPoolExecutor.java:635)
[2025-03-15T07:17:26.929+0000] {spark_submit.py:488} INFO - at java.base/java.lang.Thread.run(Thread.java:840)
[2025-03-15T07:17:26.929+0000] {spark_submit.py:488} INFO - Caused by: java.io.IOException: Failed to connect to spark-master/<unresolved>:7077
[2025-03-15T07:17:26.930+0000] {spark_submit.py:488} INFO - at org.apache.spark.network.client.TransportClientFactory.createClient(TransportClientFactory.java:294)
[2025-03-15T07:17:26.930+0000] {spark_submit.py:488} INFO - at org.apache.spark.network.client.TransportClientFactory.createClient(TransportClientFactory.java:214)
[2025-03-15T07:17:26.931+0000] {spark_submit.py:488} INFO - at org.apache.spark.network.client.TransportClientFactory.createClient(TransportClientFactory.java:226)
[2025-03-15T07:17:26.931+0000] {spark_submit.py:488} INFO - at org.apache.spark.rpc.netty.NettyRpcEnv.createClient(NettyRpcEnv.scala:204)
[2025-03-15T07:17:26.931+0000] {spark_submit.py:488} INFO - at org.apache.spark.rpc.netty.Outbox$$anon$1.call(Outbox.scala:202)
[2025-03-15T07:17:26.932+0000] {spark_submit.py:488} INFO - at org.apache.spark.rpc.netty.Outbox$$anon$1.call(Outbox.scala:198)
[2025-03-15T07:17:26.932+0000] {spark_submit.py:488} INFO - ... 4 more
[2025-03-15T07:17:26.932+0000] {spark_submit.py:488} INFO - Caused by: java.net.UnknownHostException: spark-master
[2025-03-15T07:17:26.933+0000] {spark_submit.py:488} INFO - at java.base/java.net.InetAddress$CachedAddresses.get(InetAddress.java:801)
[2025-03-15T07:17:26.933+0000] {spark_submit.py:488} INFO - at java.base/java.net.InetAddress.getAllByName0(InetAddress.java:1533)
[2025-03-15T07:17:26.934+0000] {spark_submit.py:488} INFO - at java.base/java.net.InetAddress.getAllByName(InetAddress.java:1385)
[2025-03-15T07:17:26.934+0000] {spark_submit.py:488} INFO - at java.base/java.net.InetAddress.getAllByName(InetAddress.java:1306)
[2025-03-15T07:17:26.934+0000] {spark_submit.py:488} INFO - at java.base/java.net.InetAddress.getByName(InetAddress.java:1256)
[2025-03-15T07:17:26.935+0000] {spark_submit.py:488} INFO - at io.netty.util.internal.SocketUtils$8.run(SocketUtils.java:156)
[2025-03-15T07:17:26.935+0000] {spark_submit.py:488} INFO - at io.netty.util.internal.SocketUtils$8.run(SocketUtils.java:153)
[2025-03-15T07:17:26.936+0000] {spark_submit.py:488} INFO - at java.base/java.security.AccessController.doPrivileged(AccessController.java:569)
[2025-03-15T07:17:26.936+0000] {spark_submit.py:488} INFO - at io.netty.util.internal.SocketUtils.addressByName(SocketUtils.java:153)
[2025-03-15T07:17:26.937+0000] {spark_submit.py:488} INFO - at io.netty.resolver.DefaultNameResolver.doResolve(DefaultNameResolver.java:41)
[2025-03-15T07:17:26.937+0000] {spark_submit.py:488} INFO - at io.netty.resolver.SimpleNameResolver.resolve(SimpleNameResolver.java:61)
[2025-03-15T07:17:26.938+0000] {spark_submit.py:488} INFO - at io.netty.resolver.SimpleNameResolver.resolve(SimpleNameResolver.java:53)
[2025-03-15T07:17:26.938+0000] {spark_submit.py:488} INFO - at io.netty.resolver.InetSocketAddressResolver.doResolve(InetSocketAddressResolver.java:55)
[2025-03-15T07:17:26.938+0000] {spark_submit.py:488} INFO - at io.netty.resolver.InetSocketAddressResolver.doResolve(InetSocketAddressResolver.java:31)
[2025-03-15T07:17:26.939+0000] {spark_submit.py:488} INFO - at io.netty.resolver.AbstractAddressResolver.resolve(AbstractAddressResolver.java:106)
[2025-03-15T07:17:26.940+0000] {spark_submit.py:488} INFO - at io.netty.bootstrap.Bootstrap.doResolveAndConnect0(Bootstrap.java:220)
[2025-03-15T07:17:26.941+0000] {spark_submit.py:488} INFO - at io.netty.bootstrap.Bootstrap.access$000(Bootstrap.java:46)
[2025-03-15T07:17:26.941+0000] {spark_submit.py:488} INFO - at io.netty.bootstrap.Bootstrap$1.operationComplete(Bootstrap.java:189)
[2025-03-15T07:17:26.942+0000] {spark_submit.py:488} INFO - at io.netty.bootstrap.Bootstrap$1.operationComplete(Bootstrap.java:175)
[2025-03-15T07:17:26.943+0000] {spark_submit.py:488} INFO - at io.netty.util.concurrent.DefaultPromise.notifyListener0(DefaultPromise.java:590)
[2025-03-15T07:17:26.943+0000] {spark_submit.py:488} INFO - at io.netty.util.concurrent.DefaultPromise.notifyListenersNow(DefaultPromise.java:557)
[2025-03-15T07:17:26.944+0000] {spark_submit.py:488} INFO - at io.netty.util.concurrent.DefaultPromise.notifyListeners(DefaultPromise.java:492)
[2025-03-15T07:17:26.944+0000] {spark_submit.py:488} INFO - at io.netty.util.concurrent.DefaultPromise.setValue0(DefaultPromise.java:636)
[2025-03-15T07:17:26.945+0000] {spark_submit.py:488} INFO - at io.netty.util.concurrent.DefaultPromise.setSuccess0(DefaultPromise.java:625)
[2025-03-15T07:17:26.945+0000] {spark_submit.py:488} INFO - at io.netty.util.concurrent.DefaultPromise.trySuccess(DefaultPromise.java:105)
[2025-03-15T07:17:26.946+0000] {spark_submit.py:488} INFO - at io.netty.channel.DefaultChannelPromise.trySuccess(DefaultChannelPromise.java:84)
[2025-03-15T07:17:26.946+0000] {spark_submit.py:488} INFO - at io.netty.channel.AbstractChannel$AbstractUnsafe.safeSetSuccess(AbstractChannel.java:990)
[2025-03-15T07:17:26.946+0000] {spark_submit.py:488} INFO - at io.netty.channel.AbstractChannel$AbstractUnsafe.register0(AbstractChannel.java:516)
[2025-03-15T07:17:26.947+0000] {spark_submit.py:488} INFO - at io.netty.channel.AbstractChannel$AbstractUnsafe.access$200(AbstractChannel.java:429)
[2025-03-15T07:17:26.947+0000] {spark_submit.py:488} INFO - at io.netty.channel.AbstractChannel$AbstractUnsafe$1.run(AbstractChannel.java:486)
[2025-03-15T07:17:26.948+0000] {spark_submit.py:488} INFO - at io.netty.util.concurrent.AbstractEventExecutor.runTask(AbstractEventExecutor.java:174)
[2025-03-15T07:17:26.948+0000] {spark_submit.py:488} INFO - at io.netty.util.concurrent.AbstractEventExecutor.safeExecute(AbstractEventExecutor.java:167)
[2025-03-15T07:17:26.948+0000] {spark_submit.py:488} INFO - at io.netty.util.concurrent.SingleThreadEventExecutor.runAllTasks(SingleThreadEventExecutor.java:470)
[2025-03-15T07:17:26.949+0000] {spark_submit.py:488} INFO - at io.netty.channel.nio.NioEventLoop.run(NioEventLoop.java:569)
[2025-03-15T07:17:26.949+0000] {spark_submit.py:488} INFO - at io.netty.util.concurrent.SingleThreadEventExecutor$4.run(SingleThreadEventExecutor.java:997)
[2025-03-15T07:17:26.950+0000] {spark_submit.py:488} INFO - at io.netty.util.internal.ThreadExecutorMap$2.run(ThreadExecutorMap.java:74)
[2025-03-15T07:17:26.950+0000] {spark_submit.py:488} INFO - at io.netty.util.concurrent.FastThreadLocalRunnable.run(FastThreadLocalRunnable.java:30)
[2025-03-15T07:17:26.950+0000] {spark_submit.py:488} INFO - ... 1 more
[2025-03-15T07:17:38.845+0000] {spark_submit.py:488} INFO - 25/03/15 07:17:38 INFO StandaloneAppClient$ClientEndpoint: Connecting to master spark://spark-master:7077...
[2025-03-15T07:17:46.850+0000] {spark_submit.py:488} INFO - 25/03/15 07:17:46 WARN TransportClientFactory: DNS resolution failed for spark-master/<unresolved>:7077 took 8011 ms
[2025-03-15T07:17:46.856+0000] {spark_submit.py:488} INFO - 25/03/15 07:17:46 WARN StandaloneAppClient$ClientEndpoint: Failed to connect to master spark-master:7077
[2025-03-15T07:17:46.856+0000] {spark_submit.py:488} INFO - org.apache.spark.SparkException: Exception thrown in awaitResult:
[2025-03-15T07:17:46.857+0000] {spark_submit.py:488} INFO - at org.apache.spark.util.SparkThreadUtils$.awaitResult(SparkThreadUtils.scala:56)
[2025-03-15T07:17:46.858+0000] {spark_submit.py:488} INFO - at org.apache.spark.util.ThreadUtils$.awaitResult(ThreadUtils.scala:310)
[2025-03-15T07:17:46.858+0000] {spark_submit.py:488} INFO - at org.apache.spark.rpc.RpcTimeout.awaitResult(RpcTimeout.scala:75)
[2025-03-15T07:17:46.859+0000] {spark_submit.py:488} INFO - at org.apache.spark.rpc.RpcEnv.setupEndpointRefByURI(RpcEnv.scala:102)
[2025-03-15T07:17:46.859+0000] {spark_submit.py:488} INFO - at org.apache.spark.rpc.RpcEnv.setupEndpointRef(RpcEnv.scala:110)
[2025-03-15T07:17:46.860+0000] {spark_submit.py:488} INFO - at org.apache.spark.deploy.client.StandaloneAppClient$ClientEndpoint$$anon$1.run(StandaloneAppClient.scala:108)
[2025-03-15T07:17:46.861+0000] {spark_submit.py:488} INFO - at java.base/java.util.concurrent.Executors$RunnableAdapter.call(Executors.java:539)
[2025-03-15T07:17:46.861+0000] {spark_submit.py:488} INFO - at java.base/java.util.concurrent.FutureTask.run(FutureTask.java:264)
[2025-03-15T07:17:46.862+0000] {spark_submit.py:488} INFO - at java.base/java.util.concurrent.ThreadPoolExecutor.runWorker(ThreadPoolExecutor.java:1136)
[2025-03-15T07:17:46.862+0000] {spark_submit.py:488} INFO - at java.base/java.util.concurrent.ThreadPoolExecutor$Worker.run(ThreadPoolExecutor.java:635)
[2025-03-15T07:17:46.863+0000] {spark_submit.py:488} INFO - at java.base/java.lang.Thread.run(Thread.java:840)
[2025-03-15T07:17:46.863+0000] {spark_submit.py:488} INFO - Caused by: java.io.IOException: Failed to connect to spark-master/<unresolved>:7077
[2025-03-15T07:17:46.864+0000] {spark_submit.py:488} INFO - at org.apache.spark.network.client.TransportClientFactory.createClient(TransportClientFactory.java:294)
[2025-03-15T07:17:46.864+0000] {spark_submit.py:488} INFO - at org.apache.spark.network.client.TransportClientFactory.createClient(TransportClientFactory.java:214)
[2025-03-15T07:17:46.865+0000] {spark_submit.py:488} INFO - at org.apache.spark.network.client.TransportClientFactory.createClient(TransportClientFactory.java:226)
[2025-03-15T07:17:46.865+0000] {spark_submit.py:488} INFO - at org.apache.spark.rpc.netty.NettyRpcEnv.createClient(NettyRpcEnv.scala:204)
[2025-03-15T07:17:46.866+0000] {spark_submit.py:488} INFO - at org.apache.spark.rpc.netty.Outbox$$anon$1.call(Outbox.scala:202)
[2025-03-15T07:17:46.866+0000] {spark_submit.py:488} INFO - at org.apache.spark.rpc.netty.Outbox$$anon$1.call(Outbox.scala:198)
[2025-03-15T07:17:46.867+0000] {spark_submit.py:488} INFO - ... 4 more
[2025-03-15T07:17:46.867+0000] {spark_submit.py:488} INFO - Caused by: java.net.UnknownHostException: spark-master
[2025-03-15T07:17:46.868+0000] {spark_submit.py:488} INFO - at java.base/java.net.InetAddress$CachedAddresses.get(InetAddress.java:801)
[2025-03-15T07:17:46.868+0000] {spark_submit.py:488} INFO - at java.base/java.net.InetAddress.getAllByName0(InetAddress.java:1533)
[2025-03-15T07:17:46.869+0000] {spark_submit.py:488} INFO - at java.base/java.net.InetAddress.getAllByName(InetAddress.java:1385)
[2025-03-15T07:17:46.869+0000] {spark_submit.py:488} INFO - at java.base/java.net.InetAddress.getAllByName(InetAddress.java:1306)
[2025-03-15T07:17:46.870+0000] {spark_submit.py:488} INFO - at java.base/java.net.InetAddress.getByName(InetAddress.java:1256)
[2025-03-15T07:17:46.870+0000] {spark_submit.py:488} INFO - at io.netty.util.internal.SocketUtils$8.run(SocketUtils.java:156)
[2025-03-15T07:17:46.870+0000] {spark_submit.py:488} INFO - at io.netty.util.internal.SocketUtils$8.run(SocketUtils.java:153)
[2025-03-15T07:17:46.871+0000] {spark_submit.py:488} INFO - at java.base/java.security.AccessController.doPrivileged(AccessController.java:569)
[2025-03-15T07:17:46.871+0000] {spark_submit.py:488} INFO - at io.netty.util.internal.SocketUtils.addressByName(SocketUtils.java:153)
[2025-03-15T07:17:46.871+0000] {spark_submit.py:488} INFO - at io.netty.resolver.DefaultNameResolver.doResolve(DefaultNameResolver.java:41)
[2025-03-15T07:17:46.871+0000] {spark_submit.py:488} INFO - at io.netty.resolver.SimpleNameResolver.resolve(SimpleNameResolver.java:61)
[2025-03-15T07:17:46.872+0000] {spark_submit.py:488} INFO - at io.netty.resolver.SimpleNameResolver.resolve(SimpleNameResolver.java:53)
[2025-03-15T07:17:46.872+0000] {spark_submit.py:488} INFO - at io.netty.resolver.InetSocketAddressResolver.doResolve(InetSocketAddressResolver.java:55)
[2025-03-15T07:17:46.872+0000] {spark_submit.py:488} INFO - at io.netty.resolver.InetSocketAddressResolver.doResolve(InetSocketAddressResolver.java:31)
[2025-03-15T07:17:46.873+0000] {spark_submit.py:488} INFO - at io.netty.resolver.AbstractAddressResolver.resolve(AbstractAddressResolver.java:106)
[2025-03-15T07:17:46.873+0000] {spark_submit.py:488} INFO - at io.netty.bootstrap.Bootstrap.doResolveAndConnect0(Bootstrap.java:220)
[2025-03-15T07:17:46.873+0000] {spark_submit.py:488} INFO - at io.netty.bootstrap.Bootstrap.access$000(Bootstrap.java:46)
[2025-03-15T07:17:46.874+0000] {spark_submit.py:488} INFO - at io.netty.bootstrap.Bootstrap$1.operationComplete(Bootstrap.java:189)
[2025-03-15T07:17:46.874+0000] {spark_submit.py:488} INFO - at io.netty.bootstrap.Bootstrap$1.operationComplete(Bootstrap.java:175)
[2025-03-15T07:17:46.875+0000] {spark_submit.py:488} INFO - at io.netty.util.concurrent.DefaultPromise.notifyListener0(DefaultPromise.java:590)
[2025-03-15T07:17:46.875+0000] {spark_submit.py:488} INFO - at io.netty.util.concurrent.DefaultPromise.notifyListenersNow(DefaultPromise.java:557)
[2025-03-15T07:17:46.875+0000] {spark_submit.py:488} INFO - at io.netty.util.concurrent.DefaultPromise.notifyListeners(DefaultPromise.java:492)
[2025-03-15T07:17:46.876+0000] {spark_submit.py:488} INFO - at io.netty.util.concurrent.DefaultPromise.setValue0(DefaultPromise.java:636)
[2025-03-15T07:17:46.876+0000] {spark_submit.py:488} INFO - at io.netty.util.concurrent.DefaultPromise.setSuccess0(DefaultPromise.java:625)
[2025-03-15T07:17:46.877+0000] {spark_submit.py:488} INFO - at io.netty.util.concurrent.DefaultPromise.trySuccess(DefaultPromise.java:105)
[2025-03-15T07:17:46.877+0000] {spark_submit.py:488} INFO - at io.netty.channel.DefaultChannelPromise.trySuccess(DefaultChannelPromise.java:84)
[2025-03-15T07:17:46.878+0000] {spark_submit.py:488} INFO - at io.netty.channel.AbstractChannel$AbstractUnsafe.safeSetSuccess(AbstractChannel.java:990)
[2025-03-15T07:17:46.878+0000] {spark_submit.py:488} INFO - at io.netty.channel.AbstractChannel$AbstractUnsafe.register0(AbstractChannel.java:516)
[2025-03-15T07:17:46.878+0000] {spark_submit.py:488} INFO - at io.netty.channel.AbstractChannel$AbstractUnsafe.access$200(AbstractChannel.java:429)
[2025-03-15T07:17:46.879+0000] {spark_submit.py:488} INFO - at io.netty.channel.AbstractChannel$AbstractUnsafe$1.run(AbstractChannel.java:486)
[2025-03-15T07:17:46.879+0000] {spark_submit.py:488} INFO - at io.netty.util.concurrent.AbstractEventExecutor.runTask(AbstractEventExecutor.java:174)
[2025-03-15T07:17:46.879+0000] {spark_submit.py:488} INFO - at io.netty.util.concurrent.AbstractEventExecutor.safeExecute(AbstractEventExecutor.java:167)
[2025-03-15T07:17:46.880+0000] {spark_submit.py:488} INFO - at io.netty.util.concurrent.SingleThreadEventExecutor.runAllTasks(SingleThreadEventExecutor.java:470)
[2025-03-15T07:17:46.880+0000] {spark_submit.py:488} INFO - at io.netty.channel.nio.NioEventLoop.run(NioEventLoop.java:569)
[2025-03-15T07:17:46.880+0000] {spark_submit.py:488} INFO - at io.netty.util.concurrent.SingleThreadEventExecutor$4.run(SingleThreadEventExecutor.java:997)
[2025-03-15T07:17:46.881+0000] {spark_submit.py:488} INFO - at io.netty.util.internal.ThreadExecutorMap$2.run(ThreadExecutorMap.java:74)
[2025-03-15T07:17:46.881+0000] {spark_submit.py:488} INFO - at io.netty.util.concurrent.FastThreadLocalRunnable.run(FastThreadLocalRunnable.java:30)
[2025-03-15T07:17:46.882+0000] {spark_submit.py:488} INFO - ... 1 more
[2025-03-15T07:17:58.838+0000] {spark_submit.py:488} INFO - 25/03/15 07:17:58 INFO StandaloneAppClient$ClientEndpoint: Connecting to master spark://spark-master:7077...
[2025-03-15T07:18:06.845+0000] {spark_submit.py:488} INFO - 25/03/15 07:18:06 WARN TransportClientFactory: DNS resolution failed for spark-master/<unresolved>:7077 took 8006 ms
[2025-03-15T07:18:06.849+0000] {spark_submit.py:488} INFO - 25/03/15 07:18:06 WARN StandaloneAppClient$ClientEndpoint: Failed to connect to master spark-master:7077
[2025-03-15T07:18:06.850+0000] {spark_submit.py:488} INFO - org.apache.spark.SparkException: Exception thrown in awaitResult:
[2025-03-15T07:18:06.850+0000] {spark_submit.py:488} INFO - at org.apache.spark.util.SparkThreadUtils$.awaitResult(SparkThreadUtils.scala:56)
[2025-03-15T07:18:06.851+0000] {spark_submit.py:488} INFO - at org.apache.spark.util.ThreadUtils$.awaitResult(ThreadUtils.scala:310)
[2025-03-15T07:18:06.851+0000] {spark_submit.py:488} INFO - at org.apache.spark.rpc.RpcTimeout.awaitResult(RpcTimeout.scala:75)
[2025-03-15T07:18:06.852+0000] {spark_submit.py:488} INFO - at org.apache.spark.rpc.RpcEnv.setupEndpointRefByURI(RpcEnv.scala:102)
[2025-03-15T07:18:06.853+0000] {spark_submit.py:488} INFO - at org.apache.spark.rpc.RpcEnv.setupEndpointRef(RpcEnv.scala:110)
[2025-03-15T07:18:06.853+0000] {spark_submit.py:488} INFO - at org.apache.spark.deploy.client.StandaloneAppClient$ClientEndpoint$$anon$1.run(StandaloneAppClient.scala:108)
[2025-03-15T07:18:06.854+0000] {spark_submit.py:488} INFO - at java.base/java.util.concurrent.Executors$RunnableAdapter.call(Executors.java:539)
[2025-03-15T07:18:06.854+0000] {spark_submit.py:488} INFO - at java.base/java.util.concurrent.FutureTask.run(FutureTask.java:264)
[2025-03-15T07:18:06.855+0000] {spark_submit.py:488} INFO - at java.base/java.util.concurrent.ThreadPoolExecutor.runWorker(ThreadPoolExecutor.java:1136)
[2025-03-15T07:18:06.855+0000] {spark_submit.py:488} INFO - at java.base/java.util.concurrent.ThreadPoolExecutor$Worker.run(ThreadPoolExecutor.java:635)
[2025-03-15T07:18:06.856+0000] {spark_submit.py:488} INFO - at java.base/java.lang.Thread.run(Thread.java:840)
[2025-03-15T07:18:06.856+0000] {spark_submit.py:488} INFO - Caused by: java.io.IOException: Failed to connect to spark-master/<unresolved>:7077
[2025-03-15T07:18:06.857+0000] {spark_submit.py:488} INFO - at org.apache.spark.network.client.TransportClientFactory.createClient(TransportClientFactory.java:294)
[2025-03-15T07:18:06.857+0000] {spark_submit.py:488} INFO - at org.apache.spark.network.client.TransportClientFactory.createClient(TransportClientFactory.java:214)
[2025-03-15T07:18:06.858+0000] {spark_submit.py:488} INFO - at org.apache.spark.network.client.TransportClientFactory.createClient(TransportClientFactory.java:226)
[2025-03-15T07:18:06.859+0000] {spark_submit.py:488} INFO - at org.apache.spark.rpc.netty.NettyRpcEnv.createClient(NettyRpcEnv.scala:204)
[2025-03-15T07:18:06.859+0000] {spark_submit.py:488} INFO - at org.apache.spark.rpc.netty.Outbox$$anon$1.call(Outbox.scala:202)
[2025-03-15T07:18:06.860+0000] {spark_submit.py:488} INFO - at org.apache.spark.rpc.netty.Outbox$$anon$1.call(Outbox.scala:198)
[2025-03-15T07:18:06.861+0000] {spark_submit.py:488} INFO - ... 4 more
[2025-03-15T07:18:06.861+0000] {spark_submit.py:488} INFO - Caused by: java.net.UnknownHostException: spark-master
[2025-03-15T07:18:06.862+0000] {spark_submit.py:488} INFO - at java.base/java.net.InetAddress$CachedAddresses.get(InetAddress.java:801)
[2025-03-15T07:18:06.863+0000] {spark_submit.py:488} INFO - at java.base/java.net.InetAddress.getAllByName0(InetAddress.java:1533)
[2025-03-15T07:18:06.863+0000] {spark_submit.py:488} INFO - at java.base/java.net.InetAddress.getAllByName(InetAddress.java:1385)
[2025-03-15T07:18:06.864+0000] {spark_submit.py:488} INFO - at java.base/java.net.InetAddress.getAllByName(InetAddress.java:1306)
[2025-03-15T07:18:06.865+0000] {spark_submit.py:488} INFO - at java.base/java.net.InetAddress.getByName(InetAddress.java:1256)
[2025-03-15T07:18:06.866+0000] {spark_submit.py:488} INFO - at io.netty.util.internal.SocketUtils$8.run(SocketUtils.java:156)
[2025-03-15T07:18:06.866+0000] {spark_submit.py:488} INFO - at io.netty.util.internal.SocketUtils$8.run(SocketUtils.java:153)
[2025-03-15T07:18:06.867+0000] {spark_submit.py:488} INFO - at java.base/java.security.AccessController.doPrivileged(AccessController.java:569)
[2025-03-15T07:18:06.867+0000] {spark_submit.py:488} INFO - at io.netty.util.internal.SocketUtils.addressByName(SocketUtils.java:153)
[2025-03-15T07:18:06.868+0000] {spark_submit.py:488} INFO - at io.netty.resolver.DefaultNameResolver.doResolve(DefaultNameResolver.java:41)
[2025-03-15T07:18:06.868+0000] {spark_submit.py:488} INFO - at io.netty.resolver.SimpleNameResolver.resolve(SimpleNameResolver.java:61)
[2025-03-15T07:18:06.869+0000] {spark_submit.py:488} INFO - at io.netty.resolver.SimpleNameResolver.resolve(SimpleNameResolver.java:53)
[2025-03-15T07:18:06.869+0000] {spark_submit.py:488} INFO - at io.netty.resolver.InetSocketAddressResolver.doResolve(InetSocketAddressResolver.java:55)
[2025-03-15T07:18:06.869+0000] {spark_submit.py:488} INFO - at io.netty.resolver.InetSocketAddressResolver.doResolve(InetSocketAddressResolver.java:31)
[2025-03-15T07:18:06.870+0000] {spark_submit.py:488} INFO - at io.netty.resolver.AbstractAddressResolver.resolve(AbstractAddressResolver.java:106)
[2025-03-15T07:18:06.870+0000] {spark_submit.py:488} INFO - at io.netty.bootstrap.Bootstrap.doResolveAndConnect0(Bootstrap.java:220)
[2025-03-15T07:18:06.871+0000] {spark_submit.py:488} INFO - at io.netty.bootstrap.Bootstrap.access$000(Bootstrap.java:46)
[2025-03-15T07:18:06.871+0000] {spark_submit.py:488} INFO - at io.netty.bootstrap.Bootstrap$1.operationComplete(Bootstrap.java:189)
[2025-03-15T07:18:06.872+0000] {spark_submit.py:488} INFO - at io.netty.bootstrap.Bootstrap$1.operationComplete(Bootstrap.java:175)
[2025-03-15T07:18:06.872+0000] {spark_submit.py:488} INFO - at io.netty.util.concurrent.DefaultPromise.notifyListener0(DefaultPromise.java:590)
[2025-03-15T07:18:06.872+0000] {spark_submit.py:488} INFO - at io.netty.util.concurrent.DefaultPromise.notifyListenersNow(DefaultPromise.java:557)
[2025-03-15T07:18:06.873+0000] {spark_submit.py:488} INFO - at io.netty.util.concurrent.DefaultPromise.notifyListeners(DefaultPromise.java:492)
[2025-03-15T07:18:06.873+0000] {spark_submit.py:488} INFO - at io.netty.util.concurrent.DefaultPromise.setValue0(DefaultPromise.java:636)
[2025-03-15T07:18:06.873+0000] {spark_submit.py:488} INFO - at io.netty.util.concurrent.DefaultPromise.setSuccess0(DefaultPromise.java:625)
[2025-03-15T07:18:06.874+0000] {spark_submit.py:488} INFO - at io.netty.util.concurrent.DefaultPromise.trySuccess(DefaultPromise.java:105)
[2025-03-15T07:18:06.874+0000] {spark_submit.py:488} INFO - at io.netty.channel.DefaultChannelPromise.trySuccess(DefaultChannelPromise.java:84)
[2025-03-15T07:18:06.874+0000] {spark_submit.py:488} INFO - at io.netty.channel.AbstractChannel$AbstractUnsafe.safeSetSuccess(AbstractChannel.java:990)
[2025-03-15T07:18:06.875+0000] {spark_submit.py:488} INFO - at io.netty.channel.AbstractChannel$AbstractUnsafe.register0(AbstractChannel.java:516)
[2025-03-15T07:18:06.875+0000] {spark_submit.py:488} INFO - at io.netty.channel.AbstractChannel$AbstractUnsafe.access$200(AbstractChannel.java:429)
[2025-03-15T07:18:06.875+0000] {spark_submit.py:488} INFO - at io.netty.channel.AbstractChannel$AbstractUnsafe$1.run(AbstractChannel.java:486)
[2025-03-15T07:18:06.875+0000] {spark_submit.py:488} INFO - at io.netty.util.concurrent.AbstractEventExecutor.runTask(AbstractEventExecutor.java:174)
[2025-03-15T07:18:06.876+0000] {spark_submit.py:488} INFO - at io.netty.util.concurrent.AbstractEventExecutor.safeExecute(AbstractEventExecutor.java:167)
[2025-03-15T07:18:06.876+0000] {spark_submit.py:488} INFO - at io.netty.util.concurrent.SingleThreadEventExecutor.runAllTasks(SingleThreadEventExecutor.java:470)
[2025-03-15T07:18:06.876+0000] {spark_submit.py:488} INFO - at io.netty.channel.nio.NioEventLoop.run(NioEventLoop.java:569)
[2025-03-15T07:18:06.877+0000] {spark_submit.py:488} INFO - at io.netty.util.concurrent.SingleThreadEventExecutor$4.run(SingleThreadEventExecutor.java:997)
[2025-03-15T07:18:06.877+0000] {spark_submit.py:488} INFO - at io.netty.util.internal.ThreadExecutorMap$2.run(ThreadExecutorMap.java:74)
[2025-03-15T07:18:06.877+0000] {spark_submit.py:488} INFO - at io.netty.util.concurrent.FastThreadLocalRunnable.run(FastThreadLocalRunnable.java:30)
[2025-03-15T07:18:06.877+0000] {spark_submit.py:488} INFO - ... 1 more
[2025-03-15T07:18:18.843+0000] {spark_submit.py:488} INFO - 25/03/15 07:18:18 ERROR StandaloneSchedulerBackend: Application has been killed. Reason: All masters are unresponsive! Giving up.
[2025-03-15T07:18:18.844+0000] {spark_submit.py:488} INFO - 25/03/15 07:18:18 WARN StandaloneSchedulerBackend: Application ID is not initialized yet.
[2025-03-15T07:18:18.862+0000] {spark_submit.py:488} INFO - 25/03/15 07:18:18 INFO Utils: Successfully started service 'org.apache.spark.network.netty.NettyBlockTransferService' on port 40735.
[2025-03-15T07:18:18.863+0000] {spark_submit.py:488} INFO - 25/03/15 07:18:18 INFO NettyBlockTransferService: Server created on 58647dc6871f:40735
[2025-03-15T07:18:18.865+0000] {spark_submit.py:488} INFO - 25/03/15 07:18:18 INFO BlockManager: Using org.apache.spark.storage.RandomBlockReplicationPolicy for block replication policy
[2025-03-15T07:18:18.932+0000] {spark_submit.py:488} INFO - 25/03/15 07:18:18 INFO BlockManagerMaster: Registering BlockManager BlockManagerId(driver, 58647dc6871f, 40735, None)
[2025-03-15T07:18:18.939+0000] {spark_submit.py:488} INFO - 25/03/15 07:18:18 INFO BlockManagerMasterEndpoint: Registering block manager 58647dc6871f:40735 with 413.9 MiB RAM, BlockManagerId(driver, 58647dc6871f, 40735, None)
[2025-03-15T07:18:18.943+0000] {spark_submit.py:488} INFO - 25/03/15 07:18:18 INFO BlockManagerMaster: Registered BlockManager BlockManagerId(driver, 58647dc6871f, 40735, None)
[2025-03-15T07:18:18.945+0000] {spark_submit.py:488} INFO - 25/03/15 07:18:18 INFO BlockManager: Initialized BlockManager: BlockManagerId(driver, 58647dc6871f, 40735, None)
[2025-03-15T07:18:19.545+0000] {spark_submit.py:488} INFO - 25/03/15 07:18:19 INFO StandaloneSchedulerBackend: SchedulerBackend is ready for scheduling beginning after reached minRegisteredResourcesRatio: 0.0
[2025-03-15T07:18:20.356+0000] {spark_submit.py:488} INFO - 25/03/15 07:18:20 INFO SparkContext: SparkContext is stopping with exitCode 0.
[2025-03-15T07:18:20.445+0000] {spark_submit.py:488} INFO - 25/03/15 07:18:20 INFO SparkUI: Stopped Spark web UI at http://58647dc6871f:4040
[2025-03-15T07:18:20.455+0000] {spark_submit.py:488} INFO - 25/03/15 07:18:20 INFO StandaloneSchedulerBackend: Shutting down all executors
[2025-03-15T07:18:20.464+0000] {spark_submit.py:488} INFO - 25/03/15 07:18:20 INFO StandaloneSchedulerBackend$StandaloneDriverEndpoint: Asking each executor to shut down
[2025-03-15T07:18:20.474+0000] {spark_submit.py:488} INFO - 25/03/15 07:18:20 WARN StandaloneAppClient$ClientEndpoint: Drop UnregisterApplication(null) because has not yet connected to master
[2025-03-15T07:18:20.551+0000] {spark_submit.py:488} INFO - 25/03/15 07:18:20 INFO MapOutputTrackerMasterEndpoint: MapOutputTrackerMasterEndpoint stopped!
[2025-03-15T07:18:20.574+0000] {spark_submit.py:488} INFO - 25/03/15 07:18:20 INFO MemoryStore: MemoryStore cleared
[2025-03-15T07:18:20.575+0000] {spark_submit.py:488} INFO - 25/03/15 07:18:20 INFO BlockManager: BlockManager stopped
[2025-03-15T07:18:20.638+0000] {spark_submit.py:488} INFO - 25/03/15 07:18:20 INFO BlockManagerMaster: BlockManagerMaster stopped
[2025-03-15T07:18:20.642+0000] {spark_submit.py:488} INFO - 25/03/15 07:18:20 INFO OutputCommitCoordinator$OutputCommitCoordinatorEndpoint: OutputCommitCoordinator stopped!
[2025-03-15T07:18:20.649+0000] {spark_submit.py:488} INFO - 25/03/15 07:18:20 INFO SparkContext: Successfully stopped SparkContext
[2025-03-15T07:18:20.665+0000] {spark_submit.py:488} INFO - Traceback (most recent call last):
[2025-03-15T07:18:20.666+0000] {spark_submit.py:488} INFO - File "/opt/***/dags/Script1.py", line 17, in <module>
[2025-03-15T07:18:20.669+0000] {spark_submit.py:488} INFO - words = spark.sparkContext.parallelize(text.split())
[2025-03-15T07:18:20.669+0000] {spark_submit.py:488} INFO - ^^^^^^^^^^^^^^^^^^^^^^^^^^^^^^^^^^^^^^^^^^^^
[2025-03-15T07:18:20.670+0000] {spark_submit.py:488} INFO - File "/home/***/.local/lib/python3.12/site-packages/pyspark/python/lib/pyspark.zip/pyspark/context.py", line 824, in parallelize
[2025-03-15T07:18:20.670+0000] {spark_submit.py:488} INFO - File "/home/***/.local/lib/python3.12/site-packages/pyspark/python/lib/pyspark.zip/pyspark/context.py", line 870, in _serialize_to_jvm
[2025-03-15T07:18:20.671+0000] {spark_submit.py:488} INFO - File "/home/***/.local/lib/python3.12/site-packages/pyspark/python/lib/pyspark.zip/pyspark/context.py", line 818, in reader_func
[2025-03-15T07:18:20.671+0000] {spark_submit.py:488} INFO - File "/home/***/.local/lib/python3.12/site-packages/pyspark/python/lib/py4j-0.10.9.7-src.zip/py4j/java_gateway.py", line 1322, in __call__
[2025-03-15T07:18:20.672+0000] {spark_submit.py:488} INFO - File "/home/***/.local/lib/python3.12/site-packages/pyspark/python/lib/pyspark.zip/pyspark/errors/exceptions/captured.py", line 179, in deco
[2025-03-15T07:18:20.672+0000] {spark_submit.py:488} INFO - File "/home/***/.local/lib/python3.12/site-packages/pyspark/python/lib/py4j-0.10.9.7-src.zip/py4j/protocol.py", line 326, in get_return_value
[2025-03-15T07:18:20.673+0000] {spark_submit.py:488} INFO - py4j.protocol.Py4JJavaError: An error occurred while calling z:org.apache.spark.api.python.PythonRDD.readRDDFromFile.
[2025-03-15T07:18:20.673+0000] {spark_submit.py:488} INFO - : java.lang.IllegalStateException: Cannot call methods on a stopped SparkContext.
[2025-03-15T07:18:20.674+0000] {spark_submit.py:488} INFO - This stopped SparkContext was created at:
[2025-03-15T07:18:20.674+0000] {spark_submit.py:488} INFO - 
[2025-03-15T07:18:20.674+0000] {spark_submit.py:488} INFO - org.apache.spark.api.java.JavaSparkContext.<init>(JavaSparkContext.scala:58)
[2025-03-15T07:18:20.675+0000] {spark_submit.py:488} INFO - java.base/jdk.internal.reflect.NativeConstructorAccessorImpl.newInstance0(Native Method)
[2025-03-15T07:18:20.675+0000] {spark_submit.py:488} INFO - java.base/jdk.internal.reflect.NativeConstructorAccessorImpl.newInstance(NativeConstructorAccessorImpl.java:77)
[2025-03-15T07:18:20.675+0000] {spark_submit.py:488} INFO - java.base/jdk.internal.reflect.DelegatingConstructorAccessorImpl.newInstance(DelegatingConstructorAccessorImpl.java:45)
[2025-03-15T07:18:20.676+0000] {spark_submit.py:488} INFO - java.base/java.lang.reflect.Constructor.newInstanceWithCaller(Constructor.java:500)
[2025-03-15T07:18:20.676+0000] {spark_submit.py:488} INFO - java.base/java.lang.reflect.Constructor.newInstance(Constructor.java:481)
[2025-03-15T07:18:20.677+0000] {spark_submit.py:488} INFO - py4j.reflection.MethodInvoker.invoke(MethodInvoker.java:247)
[2025-03-15T07:18:20.677+0000] {spark_submit.py:488} INFO - py4j.reflection.ReflectionEngine.invoke(ReflectionEngine.java:374)
[2025-03-15T07:18:20.677+0000] {spark_submit.py:488} INFO - py4j.Gateway.invoke(Gateway.java:238)
[2025-03-15T07:18:20.678+0000] {spark_submit.py:488} INFO - py4j.commands.ConstructorCommand.invokeConstructor(ConstructorCommand.java:80)
[2025-03-15T07:18:20.678+0000] {spark_submit.py:488} INFO - py4j.commands.ConstructorCommand.execute(ConstructorCommand.java:69)
[2025-03-15T07:18:20.679+0000] {spark_submit.py:488} INFO - py4j.ClientServerConnection.waitForCommands(ClientServerConnection.java:182)
[2025-03-15T07:18:20.679+0000] {spark_submit.py:488} INFO - py4j.ClientServerConnection.run(ClientServerConnection.java:106)
[2025-03-15T07:18:20.679+0000] {spark_submit.py:488} INFO - java.base/java.lang.Thread.run(Thread.java:840)
[2025-03-15T07:18:20.680+0000] {spark_submit.py:488} INFO - 
[2025-03-15T07:18:20.680+0000] {spark_submit.py:488} INFO - The currently active SparkContext was created at:
[2025-03-15T07:18:20.680+0000] {spark_submit.py:488} INFO - 
[2025-03-15T07:18:20.681+0000] {spark_submit.py:488} INFO - org.apache.spark.api.java.JavaSparkContext.<init>(JavaSparkContext.scala:58)
[2025-03-15T07:18:20.681+0000] {spark_submit.py:488} INFO - java.base/jdk.internal.reflect.NativeConstructorAccessorImpl.newInstance0(Native Method)
[2025-03-15T07:18:20.682+0000] {spark_submit.py:488} INFO - java.base/jdk.internal.reflect.NativeConstructorAccessorImpl.newInstance(NativeConstructorAccessorImpl.java:77)
[2025-03-15T07:18:20.682+0000] {spark_submit.py:488} INFO - java.base/jdk.internal.reflect.DelegatingConstructorAccessorImpl.newInstance(DelegatingConstructorAccessorImpl.java:45)
[2025-03-15T07:18:20.682+0000] {spark_submit.py:488} INFO - java.base/java.lang.reflect.Constructor.newInstanceWithCaller(Constructor.java:500)
[2025-03-15T07:18:20.683+0000] {spark_submit.py:488} INFO - java.base/java.lang.reflect.Constructor.newInstance(Constructor.java:481)
[2025-03-15T07:18:20.683+0000] {spark_submit.py:488} INFO - py4j.reflection.MethodInvoker.invoke(MethodInvoker.java:247)
[2025-03-15T07:18:20.684+0000] {spark_submit.py:488} INFO - py4j.reflection.ReflectionEngine.invoke(ReflectionEngine.java:374)
[2025-03-15T07:18:20.684+0000] {spark_submit.py:488} INFO - py4j.Gateway.invoke(Gateway.java:238)
[2025-03-15T07:18:20.685+0000] {spark_submit.py:488} INFO - py4j.commands.ConstructorCommand.invokeConstructor(ConstructorCommand.java:80)
[2025-03-15T07:18:20.685+0000] {spark_submit.py:488} INFO - py4j.commands.ConstructorCommand.execute(ConstructorCommand.java:69)
[2025-03-15T07:18:20.686+0000] {spark_submit.py:488} INFO - py4j.ClientServerConnection.waitForCommands(ClientServerConnection.java:182)
[2025-03-15T07:18:20.686+0000] {spark_submit.py:488} INFO - py4j.ClientServerConnection.run(ClientServerConnection.java:106)
[2025-03-15T07:18:20.687+0000] {spark_submit.py:488} INFO - java.base/java.lang.Thread.run(Thread.java:840)
[2025-03-15T07:18:20.729+0000] {spark_submit.py:488} INFO - 
[2025-03-15T07:18:20.730+0000] {spark_submit.py:488} INFO - at org.apache.spark.SparkContext.assertNotStopped(SparkContext.scala:122)
[2025-03-15T07:18:20.731+0000] {spark_submit.py:488} INFO - at org.apache.spark.SparkContext.$anonfun$parallelize$1(SparkContext.scala:937)
[2025-03-15T07:18:20.732+0000] {spark_submit.py:488} INFO - at org.apache.spark.rdd.RDDOperationScope$.withScope(RDDOperationScope.scala:151)
[2025-03-15T07:18:20.733+0000] {spark_submit.py:488} INFO - at org.apache.spark.rdd.RDDOperationScope$.withScope(RDDOperationScope.scala:112)
[2025-03-15T07:18:20.734+0000] {spark_submit.py:488} INFO - at org.apache.spark.SparkContext.withScope(SparkContext.scala:919)
[2025-03-15T07:18:20.735+0000] {spark_submit.py:488} INFO - at org.apache.spark.SparkContext.parallelize(SparkContext.scala:936)
[2025-03-15T07:18:20.736+0000] {spark_submit.py:488} INFO - at org.apache.spark.api.java.JavaRDD$.readRDDFromInputStream(JavaRDD.scala:259)
[2025-03-15T07:18:20.737+0000] {spark_submit.py:488} INFO - at org.apache.spark.api.java.JavaRDD$.readRDDFromFile(JavaRDD.scala:239)
[2025-03-15T07:18:20.738+0000] {spark_submit.py:488} INFO - at org.apache.spark.api.python.PythonRDD$.readRDDFromFile(PythonRDD.scala:289)
[2025-03-15T07:18:20.739+0000] {spark_submit.py:488} INFO - at org.apache.spark.api.python.PythonRDD.readRDDFromFile(PythonRDD.scala)
[2025-03-15T07:18:20.741+0000] {spark_submit.py:488} INFO - at java.base/jdk.internal.reflect.NativeMethodAccessorImpl.invoke0(Native Method)
[2025-03-15T07:18:20.742+0000] {spark_submit.py:488} INFO - at java.base/jdk.internal.reflect.NativeMethodAccessorImpl.invoke(NativeMethodAccessorImpl.java:77)
[2025-03-15T07:18:20.742+0000] {spark_submit.py:488} INFO - at java.base/jdk.internal.reflect.DelegatingMethodAccessorImpl.invoke(DelegatingMethodAccessorImpl.java:43)
[2025-03-15T07:18:20.743+0000] {spark_submit.py:488} INFO - at java.base/java.lang.reflect.Method.invoke(Method.java:569)
[2025-03-15T07:18:20.744+0000] {spark_submit.py:488} INFO - at py4j.reflection.MethodInvoker.invoke(MethodInvoker.java:244)
[2025-03-15T07:18:20.744+0000] {spark_submit.py:488} INFO - at py4j.reflection.ReflectionEngine.invoke(ReflectionEngine.java:374)
[2025-03-15T07:18:20.745+0000] {spark_submit.py:488} INFO - at py4j.Gateway.invoke(Gateway.java:282)
[2025-03-15T07:18:20.746+0000] {spark_submit.py:488} INFO - at py4j.commands.AbstractCommand.invokeMethod(AbstractCommand.java:132)
[2025-03-15T07:18:20.747+0000] {spark_submit.py:488} INFO - at py4j.commands.CallCommand.execute(CallCommand.java:79)
[2025-03-15T07:18:20.748+0000] {spark_submit.py:488} INFO - at py4j.ClientServerConnection.waitForCommands(ClientServerConnection.java:182)
[2025-03-15T07:18:20.749+0000] {spark_submit.py:488} INFO - at py4j.ClientServerConnection.run(ClientServerConnection.java:106)
[2025-03-15T07:18:20.749+0000] {spark_submit.py:488} INFO - at java.base/java.lang.Thread.run(Thread.java:840)
[2025-03-15T07:18:20.750+0000] {spark_submit.py:488} INFO - 
[2025-03-15T07:18:20.808+0000] {spark_submit.py:488} INFO - 25/03/15 07:18:20 INFO ShutdownHookManager: Shutdown hook called
[2025-03-15T07:18:20.809+0000] {spark_submit.py:488} INFO - 25/03/15 07:18:20 INFO ShutdownHookManager: Deleting directory /tmp/spark-bf79a718-0e6c-49c5-9353-f707d7f73a49
[2025-03-15T07:18:20.815+0000] {spark_submit.py:488} INFO - 25/03/15 07:18:20 INFO ShutdownHookManager: Deleting directory /tmp/spark-48ba1fe5-2d7c-4f21-b873-87385f80b34c
[2025-03-15T07:18:20.819+0000] {spark_submit.py:488} INFO - 25/03/15 07:18:20 INFO ShutdownHookManager: Deleting directory /tmp/spark-48ba1fe5-2d7c-4f21-b873-87385f80b34c/pyspark-e758c85a-2968-46be-a6f9-e8432ee4766d
[2025-03-15T07:18:20.866+0000] {taskinstance.py:3313} ERROR - Task failed with exception
Traceback (most recent call last):
  File "/home/airflow/.local/lib/python3.12/site-packages/airflow/models/taskinstance.py", line 768, in _execute_task
    result = _execute_callable(context=context, **execute_callable_kwargs)
             ^^^^^^^^^^^^^^^^^^^^^^^^^^^^^^^^^^^^^^^^^^^^^^^^^^^^^^^^^^^^^
  File "/home/airflow/.local/lib/python3.12/site-packages/airflow/models/taskinstance.py", line 734, in _execute_callable
    return ExecutionCallableRunner(
           ^^^^^^^^^^^^^^^^^^^^^^^^
  File "/home/airflow/.local/lib/python3.12/site-packages/airflow/utils/operator_helpers.py", line 252, in run
    return self.func(*args, **kwargs)
           ^^^^^^^^^^^^^^^^^^^^^^^^^^
  File "/home/airflow/.local/lib/python3.12/site-packages/airflow/models/baseoperator.py", line 424, in wrapper
    return func(self, *args, **kwargs)
           ^^^^^^^^^^^^^^^^^^^^^^^^^^^
  File "/home/airflow/.local/lib/python3.12/site-packages/airflow/providers/apache/spark/operators/spark_submit.py", line 157, in execute
    self._hook.submit(self._application)
  File "/home/airflow/.local/lib/python3.12/site-packages/airflow/providers/apache/spark/hooks/spark_submit.py", line 419, in submit
    raise AirflowException(
airflow.exceptions.AirflowException: Cannot execute: spark-submit --master spark://spark-master:7077 --name arrow-spark dags/Script1.py. Error code is: 1.
[2025-03-15T07:18:20.877+0000] {taskinstance.py:1226} INFO - Marking task as FAILED. dag_id=solar_energy_crops_pipeline, task_id=sample_script, run_id=manual__2025-03-15T07:10:46.581637+00:00, execution_date=20250315T071046, start_date=20250315T071710, end_date=20250315T071820
[2025-03-15T07:18:20.918+0000] {taskinstance.py:341} INFO - ::group::Post task execution logs
[2025-03-15T07:18:20.919+0000] {standard_task_runner.py:124} ERROR - Failed to execute job 76 for task sample_script (Cannot execute: spark-submit --master spark://spark-master:7077 --name arrow-spark dags/Script1.py. Error code is: 1.; 284)
Traceback (most recent call last):
  File "/home/airflow/.local/lib/python3.12/site-packages/airflow/task/task_runner/standard_task_runner.py", line 117, in _start_by_fork
    ret = args.func(args, dag=self.dag)
          ^^^^^^^^^^^^^^^^^^^^^^^^^^^^^
  File "/home/airflow/.local/lib/python3.12/site-packages/airflow/cli/cli_config.py", line 49, in command
    return func(*args, **kwargs)
           ^^^^^^^^^^^^^^^^^^^^^
  File "/home/airflow/.local/lib/python3.12/site-packages/airflow/utils/cli.py", line 116, in wrapper
    return f(*args, **kwargs)
           ^^^^^^^^^^^^^^^^^^
  File "/home/airflow/.local/lib/python3.12/site-packages/airflow/cli/commands/task_command.py", line 483, in task_run
    task_return_code = _run_task_by_selected_method(args, _dag, ti)
                       ^^^^^^^^^^^^^^^^^^^^^^^^^^^^^^^^^^^^^^^^^^^^
  File "/home/airflow/.local/lib/python3.12/site-packages/airflow/cli/commands/task_command.py", line 256, in _run_task_by_selected_method
    return _run_raw_task(args, ti)
           ^^^^^^^^^^^^^^^^^^^^^^^
  File "/home/airflow/.local/lib/python3.12/site-packages/airflow/cli/commands/task_command.py", line 341, in _run_raw_task
    return ti._run_raw_task(
           ^^^^^^^^^^^^^^^^^
  File "/home/airflow/.local/lib/python3.12/site-packages/airflow/utils/session.py", line 97, in wrapper
    return func(*args, session=session, **kwargs)
           ^^^^^^^^^^^^^^^^^^^^^^^^^^^^^^^^^^^^^^
  File "/home/airflow/.local/lib/python3.12/site-packages/airflow/models/taskinstance.py", line 3006, in _run_raw_task
    return _run_raw_task(
           ^^^^^^^^^^^^^^
  File "/home/airflow/.local/lib/python3.12/site-packages/airflow/models/taskinstance.py", line 274, in _run_raw_task
    TaskInstance._execute_task_with_callbacks(
  File "/home/airflow/.local/lib/python3.12/site-packages/airflow/models/taskinstance.py", line 3161, in _execute_task_with_callbacks
    result = self._execute_task(context, task_orig)
             ^^^^^^^^^^^^^^^^^^^^^^^^^^^^^^^^^^^^^^
  File "/home/airflow/.local/lib/python3.12/site-packages/airflow/models/taskinstance.py", line 3185, in _execute_task
    return _execute_task(self, context, task_orig)
           ^^^^^^^^^^^^^^^^^^^^^^^^^^^^^^^^^^^^^^^
  File "/home/airflow/.local/lib/python3.12/site-packages/airflow/models/taskinstance.py", line 768, in _execute_task
    result = _execute_callable(context=context, **execute_callable_kwargs)
             ^^^^^^^^^^^^^^^^^^^^^^^^^^^^^^^^^^^^^^^^^^^^^^^^^^^^^^^^^^^^^
  File "/home/airflow/.local/lib/python3.12/site-packages/airflow/models/taskinstance.py", line 734, in _execute_callable
    return ExecutionCallableRunner(
           ^^^^^^^^^^^^^^^^^^^^^^^^
  File "/home/airflow/.local/lib/python3.12/site-packages/airflow/utils/operator_helpers.py", line 252, in run
    return self.func(*args, **kwargs)
           ^^^^^^^^^^^^^^^^^^^^^^^^^^
  File "/home/airflow/.local/lib/python3.12/site-packages/airflow/models/baseoperator.py", line 424, in wrapper
    return func(self, *args, **kwargs)
           ^^^^^^^^^^^^^^^^^^^^^^^^^^^
  File "/home/airflow/.local/lib/python3.12/site-packages/airflow/providers/apache/spark/operators/spark_submit.py", line 157, in execute
    self._hook.submit(self._application)
  File "/home/airflow/.local/lib/python3.12/site-packages/airflow/providers/apache/spark/hooks/spark_submit.py", line 419, in submit
    raise AirflowException(
airflow.exceptions.AirflowException: Cannot execute: spark-submit --master spark://spark-master:7077 --name arrow-spark dags/Script1.py. Error code is: 1.
[2025-03-15T07:18:20.970+0000] {local_task_job_runner.py:266} INFO - Task exited with return code 1
[2025-03-15T07:18:20.995+0000] {taskinstance.py:3901} INFO - 0 downstream tasks scheduled from follow-on schedule check
[2025-03-15T07:18:21.004+0000] {local_task_job_runner.py:245} INFO - ::endgroup::
