[2025-03-04T04:05:11.133+0000] {local_task_job_runner.py:123} INFO - ::group::Pre task execution logs
[2025-03-04T04:05:11.156+0000] {taskinstance.py:2613} INFO - Dependencies all met for dep_context=non-requeueable deps ti=<TaskInstance: solar_energy_crops_pipeline.extract_data manual__2025-03-04T04:04:58.730941+00:00 [queued]>
[2025-03-04T04:05:11.166+0000] {taskinstance.py:2613} INFO - Dependencies all met for dep_context=requeueable deps ti=<TaskInstance: solar_energy_crops_pipeline.extract_data manual__2025-03-04T04:04:58.730941+00:00 [queued]>
[2025-03-04T04:05:11.167+0000] {taskinstance.py:2866} INFO - Starting attempt 1 of 2
[2025-03-04T04:05:11.190+0000] {taskinstance.py:2889} INFO - Executing <Task(PythonOperator): extract_data> on 2025-03-04 04:04:58.730941+00:00
[2025-03-04T04:05:11.208+0000] {warnings.py:112} WARNING - /home/***/.local/lib/python3.12/site-packages/***/task/task_runner/standard_task_runner.py:70: DeprecationWarning: This process (pid=130) is multi-threaded, use of fork() may lead to deadlocks in the child.
  pid = os.fork()

[2025-03-04T04:05:11.212+0000] {standard_task_runner.py:72} INFO - Started process 132 to run task
[2025-03-04T04:05:11.210+0000] {standard_task_runner.py:104} INFO - Running: ['***', 'tasks', 'run', 'solar_energy_crops_pipeline', 'extract_data', 'manual__2025-03-04T04:04:58.730941+00:00', '--job-id', '25', '--raw', '--subdir', 'DAGS_FOLDER/mainDag.py', '--cfg-path', '/tmp/tmppf4c4sxa']
[2025-03-04T04:05:11.220+0000] {standard_task_runner.py:105} INFO - Job 25: Subtask extract_data
[2025-03-04T04:05:11.300+0000] {task_command.py:467} INFO - Running <TaskInstance: solar_energy_crops_pipeline.extract_data manual__2025-03-04T04:04:58.730941+00:00 [running]> on host 57e0d7bfc1b4
[2025-03-04T04:05:11.435+0000] {taskinstance.py:3132} INFO - Exporting env vars: AIRFLOW_CTX_DAG_OWNER='***' AIRFLOW_CTX_DAG_ID='solar_energy_crops_pipeline' AIRFLOW_CTX_TASK_ID='extract_data' AIRFLOW_CTX_EXECUTION_DATE='2025-03-04T04:04:58.730941+00:00' AIRFLOW_CTX_TRY_NUMBER='1' AIRFLOW_CTX_DAG_RUN_ID='manual__2025-03-04T04:04:58.730941+00:00'
[2025-03-04T04:05:11.437+0000] {taskinstance.py:731} INFO - ::endgroup::
[2025-03-04T04:05:11.477+0000] {logging_mixin.py:190} INFO - Extracting data from API...
[2025-03-04T04:05:11.481+0000] {logging_mixin.py:190} INFO - Fetching data for year 1967
[2025-03-04T04:05:13.153+0000] {logging_mixin.py:190} INFO - Sleeping for a while to respect API rate limits...
[2025-03-04T04:05:43.162+0000] {logging_mixin.py:190} INFO - Fetching data for year 1968
[2025-03-04T04:05:45.029+0000] {logging_mixin.py:190} INFO - Sleeping for a while to respect API rate limits...
[2025-03-04T04:06:15.036+0000] {logging_mixin.py:190} INFO - Fetching data for year 1969
[2025-03-04T04:06:16.890+0000] {logging_mixin.py:190} INFO - Sleeping for a while to respect API rate limits...
[2025-03-04T04:06:46.904+0000] {logging_mixin.py:190} INFO - Fetching data for year 1970
[2025-03-04T04:06:48.516+0000] {logging_mixin.py:190} INFO - Sleeping for a while to respect API rate limits...
[2025-03-04T04:07:18.529+0000] {logging_mixin.py:190} INFO - Fetching data for year 1971
[2025-03-04T04:07:20.284+0000] {logging_mixin.py:190} INFO - Sleeping for a while to respect API rate limits...
[2025-03-04T04:07:50.300+0000] {logging_mixin.py:190} INFO - Fetching data for year 1972
[2025-03-04T04:07:52.140+0000] {logging_mixin.py:190} INFO - Sleeping for a while to respect API rate limits...
[2025-03-04T04:08:22.155+0000] {logging_mixin.py:190} INFO - Fetching data for year 1973
[2025-03-04T04:08:24.490+0000] {logging_mixin.py:190} INFO - Sleeping for a while to respect API rate limits...
[2025-03-04T04:08:54.507+0000] {logging_mixin.py:190} INFO - Fetching data for year 1974
[2025-03-04T04:08:56.439+0000] {logging_mixin.py:190} INFO - Sleeping for a while to respect API rate limits...
[2025-03-04T04:09:26.453+0000] {logging_mixin.py:190} INFO - Fetching data for year 1975
[2025-03-04T04:09:28.172+0000] {logging_mixin.py:190} INFO - Sleeping for a while to respect API rate limits...
[2025-03-04T04:09:58.188+0000] {logging_mixin.py:190} INFO - Fetching data for year 1976
[2025-03-04T04:10:00.345+0000] {logging_mixin.py:190} INFO - Sleeping for a while to respect API rate limits...
[2025-03-04T04:10:30.360+0000] {logging_mixin.py:190} INFO - Fetching data for year 1977
[2025-03-04T04:10:32.271+0000] {logging_mixin.py:190} INFO - Sleeping for a while to respect API rate limits...
[2025-03-04T04:11:02.285+0000] {logging_mixin.py:190} INFO - Fetching data for year 1978
[2025-03-04T04:11:04.436+0000] {logging_mixin.py:190} INFO - Sleeping for a while to respect API rate limits...
[2025-03-04T04:11:34.453+0000] {logging_mixin.py:190} INFO - Fetching data for year 1979
[2025-03-04T04:11:36.480+0000] {logging_mixin.py:190} INFO - Sleeping for a while to respect API rate limits...
[2025-03-04T04:12:06.494+0000] {logging_mixin.py:190} INFO - Fetching data for year 1980
[2025-03-04T04:12:08.146+0000] {logging_mixin.py:190} INFO - Sleeping for a while to respect API rate limits...
[2025-03-04T04:12:38.161+0000] {logging_mixin.py:190} INFO - Fetching data for year 1981
[2025-03-04T04:12:39.853+0000] {logging_mixin.py:190} INFO - Sleeping for a while to respect API rate limits...
[2025-03-04T04:13:09.869+0000] {logging_mixin.py:190} INFO - Fetching data for year 1982
[2025-03-04T04:13:11.706+0000] {logging_mixin.py:190} INFO - Sleeping for a while to respect API rate limits...
[2025-03-04T04:13:41.720+0000] {logging_mixin.py:190} INFO - Fetching data for year 1983
[2025-03-04T04:13:44.702+0000] {logging_mixin.py:190} INFO - Sleeping for a while to respect API rate limits...
[2025-03-04T04:14:14.712+0000] {logging_mixin.py:190} INFO - Fetching data for year 1984
[2025-03-04T04:14:16.751+0000] {logging_mixin.py:190} INFO - Sleeping for a while to respect API rate limits...
[2025-03-04T04:14:46.764+0000] {logging_mixin.py:190} INFO - Fetching data for year 1985
[2025-03-04T04:14:48.465+0000] {logging_mixin.py:190} INFO - Sleeping for a while to respect API rate limits...
[2025-03-04T04:15:18.483+0000] {logging_mixin.py:190} INFO - Fetching data for year 1986
[2025-03-04T04:15:20.512+0000] {logging_mixin.py:190} INFO - Sleeping for a while to respect API rate limits...
[2025-03-04T04:15:50.528+0000] {logging_mixin.py:190} INFO - Fetching data for year 1987
[2025-03-04T04:15:52.395+0000] {logging_mixin.py:190} INFO - Sleeping for a while to respect API rate limits...
[2025-03-04T04:16:22.412+0000] {logging_mixin.py:190} INFO - Fetching data for year 1988
[2025-03-04T04:16:24.240+0000] {logging_mixin.py:190} INFO - Sleeping for a while to respect API rate limits...
[2025-03-04T04:16:54.257+0000] {logging_mixin.py:190} INFO - Fetching data for year 1989
[2025-03-04T04:16:55.976+0000] {logging_mixin.py:190} INFO - Sleeping for a while to respect API rate limits...
[2025-03-04T04:17:25.993+0000] {logging_mixin.py:190} INFO - Fetching data for year 1990
[2025-03-04T04:17:36.454+0000] {logging_mixin.py:190} INFO - Error fetching data for 1990: 
[2025-03-04T04:17:36.460+0000] {logging_mixin.py:190} INFO - Sleeping for a while to respect API rate limits...
[2025-03-04T04:18:06.477+0000] {logging_mixin.py:190} INFO - Fetching data for year 1991
[2025-03-04T04:18:09.701+0000] {logging_mixin.py:190} INFO - Sleeping for a while to respect API rate limits...
[2025-03-04T04:18:39.718+0000] {logging_mixin.py:190} INFO - Fetching data for year 1992
[2025-03-04T04:18:42.165+0000] {logging_mixin.py:190} INFO - Sleeping for a while to respect API rate limits...
[2025-03-04T04:19:12.181+0000] {logging_mixin.py:190} INFO - Fetching data for year 1993
[2025-03-04T04:19:14.323+0000] {logging_mixin.py:190} INFO - Sleeping for a while to respect API rate limits...
[2025-03-04T04:19:44.336+0000] {logging_mixin.py:190} INFO - Fetching data for year 1994
[2025-03-04T04:19:46.273+0000] {logging_mixin.py:190} INFO - Sleeping for a while to respect API rate limits...
[2025-03-04T04:20:16.291+0000] {logging_mixin.py:190} INFO - Fetching data for year 1995
[2025-03-04T04:20:18.310+0000] {logging_mixin.py:190} INFO - Sleeping for a while to respect API rate limits...
[2025-03-04T04:20:48.323+0000] {logging_mixin.py:190} INFO - Fetching data for year 1996
[2025-03-04T04:20:50.268+0000] {logging_mixin.py:190} INFO - Sleeping for a while to respect API rate limits...
[2025-03-04T04:21:20.272+0000] {logging_mixin.py:190} INFO - Fetching data for year 1997
[2025-03-04T04:21:22.014+0000] {logging_mixin.py:190} INFO - Sleeping for a while to respect API rate limits...
[2025-03-04T04:21:52.026+0000] {logging_mixin.py:190} INFO - Fetching data for year 1998
[2025-03-04T04:21:53.727+0000] {logging_mixin.py:190} INFO - Sleeping for a while to respect API rate limits...
[2025-03-04T04:22:23.737+0000] {logging_mixin.py:190} INFO - Fetching data for year 1999
[2025-03-04T04:22:25.573+0000] {logging_mixin.py:190} INFO - Sleeping for a while to respect API rate limits...
[2025-03-04T04:22:55.587+0000] {logging_mixin.py:190} INFO - Fetching data for year 2000
[2025-03-04T04:22:57.328+0000] {logging_mixin.py:190} INFO - Sleeping for a while to respect API rate limits...
[2025-03-04T04:23:27.344+0000] {logging_mixin.py:190} INFO - Fetching data for year 2001
[2025-03-04T04:23:29.407+0000] {logging_mixin.py:190} INFO - Sleeping for a while to respect API rate limits...
[2025-03-04T04:23:59.424+0000] {logging_mixin.py:190} INFO - Fetching data for year 2002
[2025-03-04T04:24:01.467+0000] {logging_mixin.py:190} INFO - Sleeping for a while to respect API rate limits...
[2025-03-04T04:24:31.482+0000] {logging_mixin.py:190} INFO - Fetching data for year 2003
[2025-03-04T04:24:33.198+0000] {logging_mixin.py:190} INFO - Sleeping for a while to respect API rate limits...
[2025-03-04T04:25:03.211+0000] {logging_mixin.py:190} INFO - Fetching data for year 2004
[2025-03-04T04:25:05.260+0000] {logging_mixin.py:190} INFO - Sleeping for a while to respect API rate limits...
[2025-03-04T04:25:35.274+0000] {logging_mixin.py:190} INFO - Fetching data for year 2005
[2025-03-04T04:25:37.212+0000] {logging_mixin.py:190} INFO - Sleeping for a while to respect API rate limits...
[2025-03-04T04:26:07.227+0000] {logging_mixin.py:190} INFO - Fetching data for year 2006
[2025-03-04T04:26:09.046+0000] {logging_mixin.py:190} INFO - Sleeping for a while to respect API rate limits...
[2025-03-04T04:26:39.061+0000] {logging_mixin.py:190} INFO - Fetching data for year 2007
[2025-03-04T04:26:41.197+0000] {logging_mixin.py:190} INFO - Sleeping for a while to respect API rate limits...
[2025-03-04T04:27:11.211+0000] {logging_mixin.py:190} INFO - Fetching data for year 2008
[2025-03-04T04:27:13.254+0000] {logging_mixin.py:190} INFO - Sleeping for a while to respect API rate limits...
[2025-03-04T04:27:43.267+0000] {logging_mixin.py:190} INFO - Fetching data for year 2009
[2025-03-04T04:27:45.503+0000] {logging_mixin.py:190} INFO - Sleeping for a while to respect API rate limits...
[2025-03-04T04:28:15.518+0000] {logging_mixin.py:190} INFO - Fetching data for year 2010
[2025-03-04T04:28:18.073+0000] {logging_mixin.py:190} INFO - Sleeping for a while to respect API rate limits...
[2025-03-04T04:28:48.087+0000] {logging_mixin.py:190} INFO - Fetching data for year 2011
[2025-03-04T04:28:50.023+0000] {logging_mixin.py:190} INFO - Sleeping for a while to respect API rate limits...
[2025-03-04T04:29:20.042+0000] {logging_mixin.py:190} INFO - Fetching data for year 2012
[2025-03-04T04:29:22.038+0000] {logging_mixin.py:190} INFO - Sleeping for a while to respect API rate limits...
[2025-03-04T04:29:52.053+0000] {logging_mixin.py:190} INFO - Fetching data for year 2013
[2025-03-04T04:29:54.337+0000] {logging_mixin.py:190} INFO - Sleeping for a while to respect API rate limits...
[2025-03-04T04:30:24.351+0000] {logging_mixin.py:190} INFO - Fetching data for year 2014
[2025-03-04T04:30:26.579+0000] {logging_mixin.py:190} INFO - Sleeping for a while to respect API rate limits...
[2025-03-04T04:30:56.593+0000] {logging_mixin.py:190} INFO - Fetching data for year 2015
[2025-03-04T04:30:58.636+0000] {logging_mixin.py:190} INFO - Sleeping for a while to respect API rate limits...
[2025-03-04T04:31:28.650+0000] {logging_mixin.py:190} INFO - Fetching data for year 2016
[2025-03-04T04:31:30.697+0000] {logging_mixin.py:190} INFO - Sleeping for a while to respect API rate limits...
[2025-03-04T04:32:00.712+0000] {logging_mixin.py:190} INFO - Fetching data for year 2017
[2025-03-04T04:32:02.946+0000] {logging_mixin.py:190} INFO - Sleeping for a while to respect API rate limits...
[2025-03-04T04:32:33.020+0000] {logging_mixin.py:190} INFO - Done fetching all years!
[2025-03-04T04:32:33.021+0000] {logging_mixin.py:190} INFO - Extraction completed
[2025-03-04T04:32:35.975+0000] {logging_mixin.py:190} INFO - File hourlyData1967.parquet uploaded to GCS bucket solar-crops-analysis-gcs-bucket
[2025-03-04T04:32:36.089+0000] {logging_mixin.py:190} INFO - File dailyData1967.parquet uploaded to GCS bucket solar-crops-analysis-gcs-bucket
[2025-03-04T04:32:37.716+0000] {logging_mixin.py:190} INFO - Data saved to PostgreSQL table: solar_crops_raw
[2025-03-04T04:32:37.754+0000] {logging_mixin.py:190} INFO - Data saved to PostgreSQL table: solar_crops_raw
[2025-03-04T04:32:38.124+0000] {logging_mixin.py:190} INFO - File hourlyData1968.parquet uploaded to GCS bucket solar-crops-analysis-gcs-bucket
[2025-03-04T04:32:38.245+0000] {logging_mixin.py:190} INFO - File dailyData1968.parquet uploaded to GCS bucket solar-crops-analysis-gcs-bucket
[2025-03-04T04:32:39.385+0000] {logging_mixin.py:190} INFO - Data saved to PostgreSQL table: solar_crops_raw
[2025-03-04T04:32:39.417+0000] {logging_mixin.py:190} INFO - Data saved to PostgreSQL table: solar_crops_raw
[2025-03-04T04:32:39.597+0000] {logging_mixin.py:190} INFO - File hourlyData1969.parquet uploaded to GCS bucket solar-crops-analysis-gcs-bucket
[2025-03-04T04:32:39.705+0000] {logging_mixin.py:190} INFO - File dailyData1969.parquet uploaded to GCS bucket solar-crops-analysis-gcs-bucket
[2025-03-04T04:32:40.858+0000] {logging_mixin.py:190} INFO - Data saved to PostgreSQL table: solar_crops_raw
[2025-03-04T04:32:40.890+0000] {logging_mixin.py:190} INFO - Data saved to PostgreSQL table: solar_crops_raw
[2025-03-04T04:32:41.119+0000] {logging_mixin.py:190} INFO - File hourlyData1970.parquet uploaded to GCS bucket solar-crops-analysis-gcs-bucket
[2025-03-04T04:32:41.296+0000] {logging_mixin.py:190} INFO - File dailyData1970.parquet uploaded to GCS bucket solar-crops-analysis-gcs-bucket
[2025-03-04T04:32:47.687+0000] {logging_mixin.py:190} INFO - Data saved to PostgreSQL table: solar_crops_raw
[2025-03-04T04:32:47.721+0000] {logging_mixin.py:190} INFO - Data saved to PostgreSQL table: solar_crops_raw
[2025-03-04T04:32:47.955+0000] {logging_mixin.py:190} INFO - File hourlyData1971.parquet uploaded to GCS bucket solar-crops-analysis-gcs-bucket
[2025-03-04T04:32:48.242+0000] {logging_mixin.py:190} INFO - File dailyData1971.parquet uploaded to GCS bucket solar-crops-analysis-gcs-bucket
[2025-03-04T04:32:49.876+0000] {logging_mixin.py:190} INFO - Data saved to PostgreSQL table: solar_crops_raw
[2025-03-04T04:32:49.907+0000] {logging_mixin.py:190} INFO - Data saved to PostgreSQL table: solar_crops_raw
[2025-03-04T04:32:50.257+0000] {logging_mixin.py:190} INFO - File hourlyData1972.parquet uploaded to GCS bucket solar-crops-analysis-gcs-bucket
[2025-03-04T04:32:50.392+0000] {logging_mixin.py:190} INFO - File dailyData1972.parquet uploaded to GCS bucket solar-crops-analysis-gcs-bucket
[2025-03-04T04:32:51.648+0000] {logging_mixin.py:190} INFO - Data saved to PostgreSQL table: solar_crops_raw
[2025-03-04T04:32:51.678+0000] {logging_mixin.py:190} INFO - Data saved to PostgreSQL table: solar_crops_raw
[2025-03-04T04:32:51.852+0000] {logging_mixin.py:190} INFO - File hourlyData1973.parquet uploaded to GCS bucket solar-crops-analysis-gcs-bucket
[2025-03-04T04:32:51.947+0000] {logging_mixin.py:190} INFO - File dailyData1973.parquet uploaded to GCS bucket solar-crops-analysis-gcs-bucket
[2025-03-04T04:32:53.372+0000] {logging_mixin.py:190} INFO - Data saved to PostgreSQL table: solar_crops_raw
[2025-03-04T04:32:53.436+0000] {logging_mixin.py:190} INFO - Data saved to PostgreSQL table: solar_crops_raw
[2025-03-04T04:32:53.779+0000] {logging_mixin.py:190} INFO - File hourlyData1974.parquet uploaded to GCS bucket solar-crops-analysis-gcs-bucket
[2025-03-04T04:32:53.881+0000] {logging_mixin.py:190} INFO - File dailyData1974.parquet uploaded to GCS bucket solar-crops-analysis-gcs-bucket
[2025-03-04T04:32:55.426+0000] {logging_mixin.py:190} INFO - Data saved to PostgreSQL table: solar_crops_raw
[2025-03-04T04:32:55.462+0000] {logging_mixin.py:190} INFO - Data saved to PostgreSQL table: solar_crops_raw
[2025-03-04T04:32:55.650+0000] {logging_mixin.py:190} INFO - File hourlyData1975.parquet uploaded to GCS bucket solar-crops-analysis-gcs-bucket
[2025-03-04T04:32:55.771+0000] {logging_mixin.py:190} INFO - File dailyData1975.parquet uploaded to GCS bucket solar-crops-analysis-gcs-bucket
[2025-03-04T04:32:56.964+0000] {logging_mixin.py:190} INFO - Data saved to PostgreSQL table: solar_crops_raw
[2025-03-04T04:32:57.202+0000] {logging_mixin.py:190} INFO - Data saved to PostgreSQL table: solar_crops_raw
[2025-03-04T04:32:57.773+0000] {logging_mixin.py:190} INFO - File hourlyData1976.parquet uploaded to GCS bucket solar-crops-analysis-gcs-bucket
[2025-03-04T04:32:57.876+0000] {logging_mixin.py:190} INFO - File dailyData1976.parquet uploaded to GCS bucket solar-crops-analysis-gcs-bucket
[2025-03-04T04:32:59.021+0000] {logging_mixin.py:190} INFO - Data saved to PostgreSQL table: solar_crops_raw
[2025-03-04T04:32:59.055+0000] {logging_mixin.py:190} INFO - Data saved to PostgreSQL table: solar_crops_raw
[2025-03-04T04:32:59.249+0000] {logging_mixin.py:190} INFO - File hourlyData1977.parquet uploaded to GCS bucket solar-crops-analysis-gcs-bucket
[2025-03-04T04:32:59.343+0000] {logging_mixin.py:190} INFO - File dailyData1977.parquet uploaded to GCS bucket solar-crops-analysis-gcs-bucket
[2025-03-04T04:33:00.806+0000] {logging_mixin.py:190} INFO - Data saved to PostgreSQL table: solar_crops_raw
[2025-03-04T04:33:00.836+0000] {logging_mixin.py:190} INFO - Data saved to PostgreSQL table: solar_crops_raw
[2025-03-04T04:33:01.003+0000] {logging_mixin.py:190} INFO - File hourlyData1978.parquet uploaded to GCS bucket solar-crops-analysis-gcs-bucket
[2025-03-04T04:33:01.104+0000] {logging_mixin.py:190} INFO - File dailyData1978.parquet uploaded to GCS bucket solar-crops-analysis-gcs-bucket
[2025-03-04T04:33:02.504+0000] {logging_mixin.py:190} INFO - Data saved to PostgreSQL table: solar_crops_raw
[2025-03-04T04:33:02.539+0000] {logging_mixin.py:190} INFO - Data saved to PostgreSQL table: solar_crops_raw
[2025-03-04T04:33:02.736+0000] {logging_mixin.py:190} INFO - File hourlyData1979.parquet uploaded to GCS bucket solar-crops-analysis-gcs-bucket
[2025-03-04T04:33:02.824+0000] {logging_mixin.py:190} INFO - File dailyData1979.parquet uploaded to GCS bucket solar-crops-analysis-gcs-bucket
[2025-03-04T04:33:04.106+0000] {logging_mixin.py:190} INFO - Data saved to PostgreSQL table: solar_crops_raw
[2025-03-04T04:33:04.132+0000] {logging_mixin.py:190} INFO - Data saved to PostgreSQL table: solar_crops_raw
[2025-03-04T04:33:04.301+0000] {logging_mixin.py:190} INFO - File hourlyData1980.parquet uploaded to GCS bucket solar-crops-analysis-gcs-bucket
[2025-03-04T04:33:04.439+0000] {logging_mixin.py:190} INFO - File dailyData1980.parquet uploaded to GCS bucket solar-crops-analysis-gcs-bucket
[2025-03-04T04:33:05.594+0000] {logging_mixin.py:190} INFO - Data saved to PostgreSQL table: solar_crops_raw
[2025-03-04T04:33:05.623+0000] {logging_mixin.py:190} INFO - Data saved to PostgreSQL table: solar_crops_raw
[2025-03-04T04:33:05.801+0000] {logging_mixin.py:190} INFO - File hourlyData1981.parquet uploaded to GCS bucket solar-crops-analysis-gcs-bucket
[2025-03-04T04:33:05.912+0000] {logging_mixin.py:190} INFO - File dailyData1981.parquet uploaded to GCS bucket solar-crops-analysis-gcs-bucket
[2025-03-04T04:33:07.347+0000] {logging_mixin.py:190} INFO - Data saved to PostgreSQL table: solar_crops_raw
[2025-03-04T04:33:07.372+0000] {logging_mixin.py:190} INFO - Data saved to PostgreSQL table: solar_crops_raw
[2025-03-04T04:33:07.535+0000] {logging_mixin.py:190} INFO - File hourlyData1982.parquet uploaded to GCS bucket solar-crops-analysis-gcs-bucket
[2025-03-04T04:33:07.627+0000] {logging_mixin.py:190} INFO - File dailyData1982.parquet uploaded to GCS bucket solar-crops-analysis-gcs-bucket
[2025-03-04T04:33:08.880+0000] {logging_mixin.py:190} INFO - Data saved to PostgreSQL table: solar_crops_raw
[2025-03-04T04:33:08.905+0000] {logging_mixin.py:190} INFO - Data saved to PostgreSQL table: solar_crops_raw
[2025-03-04T04:33:09.074+0000] {logging_mixin.py:190} INFO - File hourlyData1983.parquet uploaded to GCS bucket solar-crops-analysis-gcs-bucket
[2025-03-04T04:33:09.244+0000] {logging_mixin.py:190} INFO - File dailyData1983.parquet uploaded to GCS bucket solar-crops-analysis-gcs-bucket
[2025-03-04T04:33:10.423+0000] {logging_mixin.py:190} INFO - Data saved to PostgreSQL table: solar_crops_raw
[2025-03-04T04:33:10.449+0000] {logging_mixin.py:190} INFO - Data saved to PostgreSQL table: solar_crops_raw
[2025-03-04T04:33:10.643+0000] {logging_mixin.py:190} INFO - File hourlyData1984.parquet uploaded to GCS bucket solar-crops-analysis-gcs-bucket
[2025-03-04T04:33:10.788+0000] {logging_mixin.py:190} INFO - File dailyData1984.parquet uploaded to GCS bucket solar-crops-analysis-gcs-bucket
[2025-03-04T04:33:12.039+0000] {logging_mixin.py:190} INFO - Data saved to PostgreSQL table: solar_crops_raw
[2025-03-04T04:33:12.095+0000] {logging_mixin.py:190} INFO - Data saved to PostgreSQL table: solar_crops_raw
[2025-03-04T04:33:12.346+0000] {logging_mixin.py:190} INFO - File hourlyData1985.parquet uploaded to GCS bucket solar-crops-analysis-gcs-bucket
[2025-03-04T04:33:12.437+0000] {logging_mixin.py:190} INFO - File dailyData1985.parquet uploaded to GCS bucket solar-crops-analysis-gcs-bucket
[2025-03-04T04:33:13.850+0000] {logging_mixin.py:190} INFO - Data saved to PostgreSQL table: solar_crops_raw
[2025-03-04T04:33:13.880+0000] {logging_mixin.py:190} INFO - Data saved to PostgreSQL table: solar_crops_raw
[2025-03-04T04:33:14.061+0000] {logging_mixin.py:190} INFO - File hourlyData1986.parquet uploaded to GCS bucket solar-crops-analysis-gcs-bucket
[2025-03-04T04:33:14.146+0000] {logging_mixin.py:190} INFO - File dailyData1986.parquet uploaded to GCS bucket solar-crops-analysis-gcs-bucket
[2025-03-04T04:33:15.347+0000] {logging_mixin.py:190} INFO - Data saved to PostgreSQL table: solar_crops_raw
[2025-03-04T04:33:15.371+0000] {logging_mixin.py:190} INFO - Data saved to PostgreSQL table: solar_crops_raw
[2025-03-04T04:33:15.635+0000] {logging_mixin.py:190} INFO - File hourlyData1987.parquet uploaded to GCS bucket solar-crops-analysis-gcs-bucket
[2025-03-04T04:33:19.383+0000] {logging_mixin.py:190} INFO - File dailyData1987.parquet uploaded to GCS bucket solar-crops-analysis-gcs-bucket
[2025-03-04T04:33:20.722+0000] {logging_mixin.py:190} INFO - Data saved to PostgreSQL table: solar_crops_raw
[2025-03-04T04:33:20.753+0000] {logging_mixin.py:190} INFO - Data saved to PostgreSQL table: solar_crops_raw
[2025-03-04T04:33:21.331+0000] {logging_mixin.py:190} INFO - File hourlyData1988.parquet uploaded to GCS bucket solar-crops-analysis-gcs-bucket
[2025-03-04T04:33:21.436+0000] {logging_mixin.py:190} INFO - File dailyData1988.parquet uploaded to GCS bucket solar-crops-analysis-gcs-bucket
[2025-03-04T04:33:22.612+0000] {logging_mixin.py:190} INFO - Data saved to PostgreSQL table: solar_crops_raw
[2025-03-04T04:33:22.637+0000] {logging_mixin.py:190} INFO - Data saved to PostgreSQL table: solar_crops_raw
[2025-03-04T04:33:22.866+0000] {logging_mixin.py:190} INFO - File hourlyData1989.parquet uploaded to GCS bucket solar-crops-analysis-gcs-bucket
[2025-03-04T04:33:22.968+0000] {logging_mixin.py:190} INFO - File dailyData1989.parquet uploaded to GCS bucket solar-crops-analysis-gcs-bucket
[2025-03-04T04:33:24.197+0000] {logging_mixin.py:190} INFO - Data saved to PostgreSQL table: solar_crops_raw
[2025-03-04T04:33:24.245+0000] {logging_mixin.py:190} INFO - Data saved to PostgreSQL table: solar_crops_raw
[2025-03-04T04:33:24.249+0000] {taskinstance.py:3311} ERROR - Task failed with exception
Traceback (most recent call last):
  File "/home/airflow/.local/lib/python3.12/site-packages/airflow/models/taskinstance.py", line 767, in _execute_task
    result = _execute_callable(context=context, **execute_callable_kwargs)
             ^^^^^^^^^^^^^^^^^^^^^^^^^^^^^^^^^^^^^^^^^^^^^^^^^^^^^^^^^^^^^
  File "/home/airflow/.local/lib/python3.12/site-packages/airflow/models/taskinstance.py", line 733, in _execute_callable
    return ExecutionCallableRunner(
           ^^^^^^^^^^^^^^^^^^^^^^^^
  File "/home/airflow/.local/lib/python3.12/site-packages/airflow/utils/operator_helpers.py", line 252, in run
    return self.func(*args, **kwargs)
           ^^^^^^^^^^^^^^^^^^^^^^^^^^
  File "/home/airflow/.local/lib/python3.12/site-packages/airflow/models/baseoperator.py", line 422, in wrapper
    return func(self, *args, **kwargs)
           ^^^^^^^^^^^^^^^^^^^^^^^^^^^
  File "/home/airflow/.local/lib/python3.12/site-packages/airflow/operators/python.py", line 238, in execute
    return_value = self.execute_callable()
                   ^^^^^^^^^^^^^^^^^^^^^^^
  File "/home/airflow/.local/lib/python3.12/site-packages/airflow/operators/python.py", line 256, in execute_callable
    return runner.run(*self.op_args, **self.op_kwargs)
           ^^^^^^^^^^^^^^^^^^^^^^^^^^^^^^^^^^^^^^^^^^^
  File "/home/airflow/.local/lib/python3.12/site-packages/airflow/utils/operator_helpers.py", line 252, in run
    return self.func(*args, **kwargs)
           ^^^^^^^^^^^^^^^^^^^^^^^^^^
  File "/opt/airflow/dags/extract.py", line 103, in extract_data
    hourly_units = entry["hourly_units"]
                   ~~~~~^^^^^^^^^^^^^^^^
TypeError: 'NoneType' object is not subscriptable
[2025-03-04T04:33:24.305+0000] {taskinstance.py:1225} INFO - Marking task as UP_FOR_RETRY. dag_id=solar_energy_crops_pipeline, task_id=extract_data, run_id=manual__2025-03-04T04:04:58.730941+00:00, execution_date=20250304T040458, start_date=20250304T040511, end_date=20250304T043324
[2025-03-04T04:33:24.357+0000] {taskinstance.py:340} INFO - ::group::Post task execution logs
[2025-03-04T04:33:24.359+0000] {standard_task_runner.py:124} ERROR - Failed to execute job 25 for task extract_data ('NoneType' object is not subscriptable; 132)
Traceback (most recent call last):
  File "/home/airflow/.local/lib/python3.12/site-packages/airflow/task/task_runner/standard_task_runner.py", line 117, in _start_by_fork
    ret = args.func(args, dag=self.dag)
          ^^^^^^^^^^^^^^^^^^^^^^^^^^^^^
  File "/home/airflow/.local/lib/python3.12/site-packages/airflow/cli/cli_config.py", line 49, in command
    return func(*args, **kwargs)
           ^^^^^^^^^^^^^^^^^^^^^
  File "/home/airflow/.local/lib/python3.12/site-packages/airflow/utils/cli.py", line 116, in wrapper
    return f(*args, **kwargs)
           ^^^^^^^^^^^^^^^^^^
  File "/home/airflow/.local/lib/python3.12/site-packages/airflow/cli/commands/task_command.py", line 483, in task_run
    task_return_code = _run_task_by_selected_method(args, _dag, ti)
                       ^^^^^^^^^^^^^^^^^^^^^^^^^^^^^^^^^^^^^^^^^^^^
  File "/home/airflow/.local/lib/python3.12/site-packages/airflow/cli/commands/task_command.py", line 256, in _run_task_by_selected_method
    return _run_raw_task(args, ti)
           ^^^^^^^^^^^^^^^^^^^^^^^
  File "/home/airflow/.local/lib/python3.12/site-packages/airflow/cli/commands/task_command.py", line 341, in _run_raw_task
    return ti._run_raw_task(
           ^^^^^^^^^^^^^^^^^
  File "/home/airflow/.local/lib/python3.12/site-packages/airflow/utils/session.py", line 97, in wrapper
    return func(*args, session=session, **kwargs)
           ^^^^^^^^^^^^^^^^^^^^^^^^^^^^^^^^^^^^^^
  File "/home/airflow/.local/lib/python3.12/site-packages/airflow/models/taskinstance.py", line 3005, in _run_raw_task
    return _run_raw_task(
           ^^^^^^^^^^^^^^
  File "/home/airflow/.local/lib/python3.12/site-packages/airflow/models/taskinstance.py", line 273, in _run_raw_task
    TaskInstance._execute_task_with_callbacks(
  File "/home/airflow/.local/lib/python3.12/site-packages/airflow/models/taskinstance.py", line 3159, in _execute_task_with_callbacks
    result = self._execute_task(context, task_orig)
             ^^^^^^^^^^^^^^^^^^^^^^^^^^^^^^^^^^^^^^
  File "/home/airflow/.local/lib/python3.12/site-packages/airflow/models/taskinstance.py", line 3183, in _execute_task
    return _execute_task(self, context, task_orig)
           ^^^^^^^^^^^^^^^^^^^^^^^^^^^^^^^^^^^^^^^
  File "/home/airflow/.local/lib/python3.12/site-packages/airflow/models/taskinstance.py", line 767, in _execute_task
    result = _execute_callable(context=context, **execute_callable_kwargs)
             ^^^^^^^^^^^^^^^^^^^^^^^^^^^^^^^^^^^^^^^^^^^^^^^^^^^^^^^^^^^^^
  File "/home/airflow/.local/lib/python3.12/site-packages/airflow/models/taskinstance.py", line 733, in _execute_callable
    return ExecutionCallableRunner(
           ^^^^^^^^^^^^^^^^^^^^^^^^
  File "/home/airflow/.local/lib/python3.12/site-packages/airflow/utils/operator_helpers.py", line 252, in run
    return self.func(*args, **kwargs)
           ^^^^^^^^^^^^^^^^^^^^^^^^^^
  File "/home/airflow/.local/lib/python3.12/site-packages/airflow/models/baseoperator.py", line 422, in wrapper
    return func(self, *args, **kwargs)
           ^^^^^^^^^^^^^^^^^^^^^^^^^^^
  File "/home/airflow/.local/lib/python3.12/site-packages/airflow/operators/python.py", line 238, in execute
    return_value = self.execute_callable()
                   ^^^^^^^^^^^^^^^^^^^^^^^
  File "/home/airflow/.local/lib/python3.12/site-packages/airflow/operators/python.py", line 256, in execute_callable
    return runner.run(*self.op_args, **self.op_kwargs)
           ^^^^^^^^^^^^^^^^^^^^^^^^^^^^^^^^^^^^^^^^^^^
  File "/home/airflow/.local/lib/python3.12/site-packages/airflow/utils/operator_helpers.py", line 252, in run
    return self.func(*args, **kwargs)
           ^^^^^^^^^^^^^^^^^^^^^^^^^^
  File "/opt/airflow/dags/extract.py", line 103, in extract_data
    hourly_units = entry["hourly_units"]
                   ~~~~~^^^^^^^^^^^^^^^^
TypeError: 'NoneType' object is not subscriptable
[2025-03-04T04:33:24.469+0000] {local_task_job_runner.py:266} INFO - Task exited with return code 1
[2025-03-04T04:33:24.558+0000] {local_task_job_runner.py:245} INFO - ::endgroup::
