[2025-03-04T04:38:31.081+0000] {local_task_job_runner.py:123} INFO - ::group::Pre task execution logs
[2025-03-04T04:38:31.111+0000] {taskinstance.py:2613} INFO - Dependencies all met for dep_context=non-requeueable deps ti=<TaskInstance: solar_energy_crops_pipeline.extract_data manual__2025-03-04T04:04:58.730941+00:00 [queued]>
[2025-03-04T04:38:31.126+0000] {taskinstance.py:2613} INFO - Dependencies all met for dep_context=requeueable deps ti=<TaskInstance: solar_energy_crops_pipeline.extract_data manual__2025-03-04T04:04:58.730941+00:00 [queued]>
[2025-03-04T04:38:31.127+0000] {taskinstance.py:2866} INFO - Starting attempt 2 of 2
[2025-03-04T04:38:31.150+0000] {taskinstance.py:2889} INFO - Executing <Task(PythonOperator): extract_data> on 2025-03-04 04:04:58.730941+00:00
[2025-03-04T04:38:31.166+0000] {warnings.py:112} WARNING - /home/***/.local/lib/python3.12/site-packages/***/task/task_runner/standard_task_runner.py:70: DeprecationWarning: This process (pid=746) is multi-threaded, use of fork() may lead to deadlocks in the child.
  pid = os.fork()

[2025-03-04T04:38:31.164+0000] {standard_task_runner.py:104} INFO - Running: ['***', 'tasks', 'run', 'solar_energy_crops_pipeline', 'extract_data', 'manual__2025-03-04T04:04:58.730941+00:00', '--job-id', '26', '--raw', '--subdir', 'DAGS_FOLDER/mainDag.py', '--cfg-path', '/tmp/tmpmt1can0s']
[2025-03-04T04:38:31.169+0000] {standard_task_runner.py:72} INFO - Started process 748 to run task
[2025-03-04T04:38:31.169+0000] {standard_task_runner.py:105} INFO - Job 26: Subtask extract_data
[2025-03-04T04:38:31.297+0000] {task_command.py:467} INFO - Running <TaskInstance: solar_energy_crops_pipeline.extract_data manual__2025-03-04T04:04:58.730941+00:00 [running]> on host 57e0d7bfc1b4
[2025-03-04T04:38:31.446+0000] {taskinstance.py:3132} INFO - Exporting env vars: AIRFLOW_CTX_DAG_OWNER='***' AIRFLOW_CTX_DAG_ID='solar_energy_crops_pipeline' AIRFLOW_CTX_TASK_ID='extract_data' AIRFLOW_CTX_EXECUTION_DATE='2025-03-04T04:04:58.730941+00:00' AIRFLOW_CTX_TRY_NUMBER='2' AIRFLOW_CTX_DAG_RUN_ID='manual__2025-03-04T04:04:58.730941+00:00'
[2025-03-04T04:38:31.448+0000] {taskinstance.py:731} INFO - ::endgroup::
[2025-03-04T04:38:31.476+0000] {logging_mixin.py:190} INFO - Extracting data from API...
[2025-03-04T04:38:31.479+0000] {logging_mixin.py:190} INFO - Fetching data for year 1967
[2025-03-04T04:38:33.811+0000] {logging_mixin.py:190} INFO - Sleeping for a while to respect API rate limits...
[2025-03-04T04:39:03.824+0000] {logging_mixin.py:190} INFO - Fetching data for year 1968
[2025-03-04T04:39:08.829+0000] {logging_mixin.py:190} INFO - Sleeping for a while to respect API rate limits...
[2025-03-04T04:39:38.836+0000] {logging_mixin.py:190} INFO - Fetching data for year 1969
[2025-03-04T04:39:40.676+0000] {logging_mixin.py:190} INFO - Sleeping for a while to respect API rate limits...
[2025-03-04T04:40:10.689+0000] {logging_mixin.py:190} INFO - Fetching data for year 1970
[2025-03-04T04:40:12.698+0000] {logging_mixin.py:190} INFO - Sleeping for a while to respect API rate limits...
[2025-03-04T04:40:42.702+0000] {logging_mixin.py:190} INFO - Fetching data for year 1971
[2025-03-04T04:40:44.570+0000] {logging_mixin.py:190} INFO - Sleeping for a while to respect API rate limits...
[2025-03-04T04:41:14.584+0000] {logging_mixin.py:190} INFO - Fetching data for year 1972
[2025-03-04T04:41:16.821+0000] {logging_mixin.py:190} INFO - Sleeping for a while to respect API rate limits...
[2025-03-04T04:41:46.834+0000] {logging_mixin.py:190} INFO - Fetching data for year 1973
[2025-03-04T04:41:48.889+0000] {logging_mixin.py:190} INFO - Sleeping for a while to respect API rate limits...
[2025-03-04T04:42:18.899+0000] {logging_mixin.py:190} INFO - Fetching data for year 1974
[2025-03-04T04:42:20.509+0000] {logging_mixin.py:190} INFO - Sleeping for a while to respect API rate limits...
[2025-03-04T04:42:50.514+0000] {logging_mixin.py:190} INFO - Fetching data for year 1975
[2025-03-04T04:42:52.460+0000] {logging_mixin.py:190} INFO - Sleeping for a while to respect API rate limits...
[2025-03-04T04:43:22.475+0000] {logging_mixin.py:190} INFO - Fetching data for year 1976
[2025-03-04T04:43:24.199+0000] {logging_mixin.py:190} INFO - Sleeping for a while to respect API rate limits...
[2025-03-04T04:43:54.208+0000] {logging_mixin.py:190} INFO - Fetching data for year 1977
[2025-03-04T04:43:56.076+0000] {logging_mixin.py:190} INFO - Sleeping for a while to respect API rate limits...
[2025-03-04T04:44:05.416+0000] {local_task_job_runner.py:346} WARNING - State of this instance has been externally set to failed. Terminating instance.
[2025-03-04T04:44:05.419+0000] {local_task_job_runner.py:245} INFO - ::endgroup::
[2025-03-04T04:44:05.423+0000] {process_utils.py:132} INFO - Sending 15 to group 748. PIDs of all processes in the group: [748]
[2025-03-04T04:44:05.424+0000] {process_utils.py:87} INFO - Sending the signal 15 to group 748
[2025-03-04T04:44:05.425+0000] {taskinstance.py:3093} ERROR - Received SIGTERM. Terminating subprocesses.
[2025-03-04T04:44:05.481+0000] {taskinstance.py:340} INFO - ::group::Post task execution logs
[2025-03-04T04:44:05.517+0000] {process_utils.py:80} INFO - Process psutil.Process(pid=748, status='terminated', exitcode=0, started='04:38:30') (748) terminated with exit code 0
