[2025-03-15T07:10:48.438+0000] {local_task_job_runner.py:123} INFO - ::group::Pre task execution logs
[2025-03-15T07:10:48.458+0000] {taskinstance.py:2614} INFO - Dependencies all met for dep_context=non-requeueable deps ti=<TaskInstance: solar_energy_crops_pipeline.start manual__2025-03-15T07:10:46.581637+00:00 [queued]>
[2025-03-15T07:10:48.466+0000] {taskinstance.py:2614} INFO - Dependencies all met for dep_context=requeueable deps ti=<TaskInstance: solar_energy_crops_pipeline.start manual__2025-03-15T07:10:46.581637+00:00 [queued]>
[2025-03-15T07:10:48.467+0000] {taskinstance.py:2867} INFO - Starting attempt 1 of 2
[2025-03-15T07:10:48.485+0000] {taskinstance.py:2890} INFO - Executing <Task(PythonOperator): start> on 2025-03-15 07:10:46.581637+00:00
[2025-03-15T07:10:48.496+0000] {warnings.py:112} WARNING - /home/***/.local/lib/python3.12/site-packages/***/task/task_runner/standard_task_runner.py:70: DeprecationWarning: This process (pid=81) is multi-threaded, use of fork() may lead to deadlocks in the child.
  pid = os.fork()

[2025-03-15T07:10:48.498+0000] {standard_task_runner.py:72} INFO - Started process 82 to run task
[2025-03-15T07:10:48.498+0000] {standard_task_runner.py:104} INFO - Running: ['***', 'tasks', 'run', 'solar_energy_crops_pipeline', 'start', 'manual__2025-03-15T07:10:46.581637+00:00', '--job-id', '74', '--raw', '--subdir', 'DAGS_FOLDER/mainDag.py', '--cfg-path', '/tmp/tmpwxd78xh9']
[2025-03-15T07:10:48.499+0000] {standard_task_runner.py:105} INFO - Job 74: Subtask start
[2025-03-15T07:10:48.588+0000] {task_command.py:467} INFO - Running <TaskInstance: solar_energy_crops_pipeline.start manual__2025-03-15T07:10:46.581637+00:00 [running]> on host 58647dc6871f
[2025-03-15T07:10:48.717+0000] {taskinstance.py:3134} INFO - Exporting env vars: AIRFLOW_CTX_DAG_OWNER='***' AIRFLOW_CTX_DAG_ID='solar_energy_crops_pipeline' AIRFLOW_CTX_TASK_ID='start' AIRFLOW_CTX_EXECUTION_DATE='2025-03-15T07:10:46.581637+00:00' AIRFLOW_CTX_TRY_NUMBER='1' AIRFLOW_CTX_DAG_RUN_ID='manual__2025-03-15T07:10:46.581637+00:00'
[2025-03-15T07:10:48.719+0000] {taskinstance.py:732} INFO - ::endgroup::
[2025-03-15T07:10:48.762+0000] {logging_mixin.py:190} INFO - Jobs started
[2025-03-15T07:10:48.763+0000] {python.py:240} INFO - Done. Returned value was: None
[2025-03-15T07:10:48.785+0000] {taskinstance.py:341} INFO - ::group::Post task execution logs
[2025-03-15T07:10:48.786+0000] {taskinstance.py:353} INFO - Marking task as SUCCESS. dag_id=solar_energy_crops_pipeline, task_id=start, run_id=manual__2025-03-15T07:10:46.581637+00:00, execution_date=20250315T071046, start_date=20250315T071048, end_date=20250315T071048
[2025-03-15T07:10:48.838+0000] {local_task_job_runner.py:266} INFO - Task exited with return code 0
[2025-03-15T07:10:48.877+0000] {taskinstance.py:3901} INFO - 1 downstream tasks scheduled from follow-on schedule check
[2025-03-15T07:10:48.881+0000] {local_task_job_runner.py:245} INFO - ::endgroup::
