[2025-03-02T10:21:34.489+0000] {local_task_job_runner.py:123} INFO - ::group::Pre task execution logs
[2025-03-02T10:21:34.532+0000] {taskinstance.py:2613} INFO - Dependencies all met for dep_context=non-requeueable deps ti=<TaskInstance: solar_energy_crops_pipeline.extract_data manual__2025-03-02T10:21:28.872570+00:00 [queued]>
[2025-03-02T10:21:34.551+0000] {taskinstance.py:2613} INFO - Dependencies all met for dep_context=requeueable deps ti=<TaskInstance: solar_energy_crops_pipeline.extract_data manual__2025-03-02T10:21:28.872570+00:00 [queued]>
[2025-03-02T10:21:34.553+0000] {taskinstance.py:2866} INFO - Starting attempt 1 of 2
[2025-03-02T10:21:34.660+0000] {taskinstance.py:2889} INFO - Executing <Task(PythonOperator): extract_data> on 2025-03-02 10:21:28.872570+00:00
[2025-03-02T10:21:34.678+0000] {warnings.py:112} WARNING - /home/***/.local/lib/python3.12/site-packages/***/task/task_runner/standard_task_runner.py:70: DeprecationWarning: This process (pid=91) is multi-threaded, use of fork() may lead to deadlocks in the child.
  pid = os.fork()

[2025-03-02T10:21:34.684+0000] {standard_task_runner.py:72} INFO - Started process 95 to run task
[2025-03-02T10:21:34.682+0000] {standard_task_runner.py:104} INFO - Running: ['***', 'tasks', 'run', 'solar_energy_crops_pipeline', 'extract_data', 'manual__2025-03-02T10:21:28.872570+00:00', '--job-id', '4', '--raw', '--subdir', 'DAGS_FOLDER/mainDag.py', '--cfg-path', '/tmp/tmp8xl6ldr3']
[2025-03-02T10:21:34.688+0000] {standard_task_runner.py:105} INFO - Job 4: Subtask extract_data
[2025-03-02T10:21:35.108+0000] {task_command.py:467} INFO - Running <TaskInstance: solar_energy_crops_pipeline.extract_data manual__2025-03-02T10:21:28.872570+00:00 [running]> on host 31ff978c4ca8
[2025-03-02T10:21:38.607+0000] {taskinstance.py:3132} INFO - Exporting env vars: AIRFLOW_CTX_DAG_OWNER='***' AIRFLOW_CTX_DAG_ID='solar_energy_crops_pipeline' AIRFLOW_CTX_TASK_ID='extract_data' AIRFLOW_CTX_EXECUTION_DATE='2025-03-02T10:21:28.872570+00:00' AIRFLOW_CTX_TRY_NUMBER='1' AIRFLOW_CTX_DAG_RUN_ID='manual__2025-03-02T10:21:28.872570+00:00'
[2025-03-02T10:21:38.609+0000] {taskinstance.py:731} INFO - ::endgroup::
[2025-03-02T10:21:38.671+0000] {logging_mixin.py:190} INFO - Extracting data from API...
[2025-03-02T10:21:38.674+0000] {logging_mixin.py:190} INFO - In Asynchronus function
[2025-03-02T10:21:41.960+0000] {logging_mixin.py:190} INFO - Done fetching all years!
[2025-03-02T10:21:41.961+0000] {logging_mixin.py:190} INFO - Extraction completed
[2025-03-02T10:21:42.954+0000] {logging_mixin.py:190} INFO - Data saved to PostgreSQL table: solar_crops_raw
[2025-03-02T10:21:43.182+0000] {logging_mixin.py:190} INFO - Data saved to PostgreSQL table: solar_crops_raw
[2025-03-02T10:21:43.186+0000] {python.py:240} INFO - Done. Returned value was: None
[2025-03-02T10:21:43.203+0000] {taskinstance.py:340} INFO - ::group::Post task execution logs
[2025-03-02T10:21:43.204+0000] {taskinstance.py:352} INFO - Marking task as SUCCESS. dag_id=solar_energy_crops_pipeline, task_id=extract_data, run_id=manual__2025-03-02T10:21:28.872570+00:00, execution_date=20250302T102128, start_date=20250302T102134, end_date=20250302T102143
[2025-03-02T10:21:43.282+0000] {local_task_job_runner.py:266} INFO - Task exited with return code 0
[2025-03-02T10:21:43.311+0000] {taskinstance.py:3895} INFO - 0 downstream tasks scheduled from follow-on schedule check
[2025-03-02T10:21:43.316+0000] {local_task_job_runner.py:245} INFO - ::endgroup::
