[2025-03-15T08:01:55.900+0000] {local_task_job_runner.py:123} INFO - ::group::Pre task execution logs
[2025-03-15T08:01:55.917+0000] {taskinstance.py:2614} INFO - Dependencies all met for dep_context=non-requeueable deps ti=<TaskInstance: solar_energy_crops_pipeline.start manual__2025-03-15T08:01:52.751341+00:00 [queued]>
[2025-03-15T08:01:55.927+0000] {taskinstance.py:2614} INFO - Dependencies all met for dep_context=requeueable deps ti=<TaskInstance: solar_energy_crops_pipeline.start manual__2025-03-15T08:01:52.751341+00:00 [queued]>
[2025-03-15T08:01:55.928+0000] {taskinstance.py:2867} INFO - Starting attempt 1 of 2
[2025-03-15T08:01:55.945+0000] {taskinstance.py:2890} INFO - Executing <Task(PythonOperator): start> on 2025-03-15 08:01:52.751341+00:00
[2025-03-15T08:01:55.964+0000] {warnings.py:112} WARNING - /home/***/.local/lib/python3.12/site-packages/***/task/task_runner/standard_task_runner.py:70: DeprecationWarning: This process (pid=97) is multi-threaded, use of fork() may lead to deadlocks in the child.
  pid = os.fork()

[2025-03-15T08:01:55.965+0000] {standard_task_runner.py:72} INFO - Started process 98 to run task
[2025-03-15T08:01:55.965+0000] {standard_task_runner.py:104} INFO - Running: ['***', 'tasks', 'run', 'solar_energy_crops_pipeline', 'start', 'manual__2025-03-15T08:01:52.751341+00:00', '--job-id', '81', '--raw', '--subdir', 'DAGS_FOLDER/mainDag.py', '--cfg-path', '/tmp/tmpd1zkyewq']
[2025-03-15T08:01:55.967+0000] {standard_task_runner.py:105} INFO - Job 81: Subtask start
[2025-03-15T08:01:56.029+0000] {task_command.py:467} INFO - Running <TaskInstance: solar_energy_crops_pipeline.start manual__2025-03-15T08:01:52.751341+00:00 [running]> on host 1a91693e05ec
[2025-03-15T08:01:56.136+0000] {taskinstance.py:3134} INFO - Exporting env vars: AIRFLOW_CTX_DAG_OWNER='***' AIRFLOW_CTX_DAG_ID='solar_energy_crops_pipeline' AIRFLOW_CTX_TASK_ID='start' AIRFLOW_CTX_EXECUTION_DATE='2025-03-15T08:01:52.751341+00:00' AIRFLOW_CTX_TRY_NUMBER='1' AIRFLOW_CTX_DAG_RUN_ID='manual__2025-03-15T08:01:52.751341+00:00'
[2025-03-15T08:01:56.139+0000] {taskinstance.py:732} INFO - ::endgroup::
[2025-03-15T08:01:56.177+0000] {logging_mixin.py:190} INFO - Jobs started
[2025-03-15T08:01:56.178+0000] {python.py:240} INFO - Done. Returned value was: None
[2025-03-15T08:01:56.194+0000] {taskinstance.py:341} INFO - ::group::Post task execution logs
[2025-03-15T08:01:56.195+0000] {taskinstance.py:353} INFO - Marking task as SUCCESS. dag_id=solar_energy_crops_pipeline, task_id=start, run_id=manual__2025-03-15T08:01:52.751341+00:00, execution_date=20250315T080152, start_date=20250315T080155, end_date=20250315T080156
[2025-03-15T08:01:56.270+0000] {local_task_job_runner.py:266} INFO - Task exited with return code 0
[2025-03-15T08:01:56.302+0000] {taskinstance.py:3901} INFO - 1 downstream tasks scheduled from follow-on schedule check
[2025-03-15T08:01:56.306+0000] {local_task_job_runner.py:245} INFO - ::endgroup::
