[2025-03-15T06:53:54.110+0000] {local_task_job_runner.py:123} INFO - ::group::Pre task execution logs
[2025-03-15T06:53:54.133+0000] {taskinstance.py:2614} INFO - Dependencies all met for dep_context=non-requeueable deps ti=<TaskInstance: solar_energy_crops_pipeline.sample_script manual__2025-03-15T06:53:42.837265+00:00 [queued]>
[2025-03-15T06:53:54.143+0000] {taskinstance.py:2614} INFO - Dependencies all met for dep_context=requeueable deps ti=<TaskInstance: solar_energy_crops_pipeline.sample_script manual__2025-03-15T06:53:42.837265+00:00 [queued]>
[2025-03-15T06:53:54.146+0000] {taskinstance.py:2867} INFO - Starting attempt 1 of 2
[2025-03-15T06:53:54.166+0000] {taskinstance.py:2890} INFO - Executing <Task(SparkSubmitOperator): sample_script> on 2025-03-15 06:53:42.837265+00:00
[2025-03-15T06:53:54.171+0000] {warnings.py:112} WARNING - /home/***/.local/lib/python3.12/site-packages/***/task/task_runner/standard_task_runner.py:70: DeprecationWarning: This process (pid=136) is multi-threaded, use of fork() may lead to deadlocks in the child.
  pid = os.fork()

[2025-03-15T06:53:54.173+0000] {standard_task_runner.py:72} INFO - Started process 137 to run task
[2025-03-15T06:53:54.173+0000] {standard_task_runner.py:104} INFO - Running: ['***', 'tasks', 'run', 'solar_energy_crops_pipeline', 'sample_script', 'manual__2025-03-15T06:53:42.837265+00:00', '--job-id', '69', '--raw', '--subdir', 'DAGS_FOLDER/mainDag.py', '--cfg-path', '/tmp/tmpaauwhtkr']
[2025-03-15T06:53:54.175+0000] {standard_task_runner.py:105} INFO - Job 69: Subtask sample_script
[2025-03-15T06:53:54.227+0000] {task_command.py:467} INFO - Running <TaskInstance: solar_energy_crops_pipeline.sample_script manual__2025-03-15T06:53:42.837265+00:00 [running]> on host 64461d6ef80e
[2025-03-15T06:53:54.315+0000] {taskinstance.py:3134} INFO - Exporting env vars: AIRFLOW_CTX_DAG_OWNER='***' AIRFLOW_CTX_DAG_ID='solar_energy_crops_pipeline' AIRFLOW_CTX_TASK_ID='sample_script' AIRFLOW_CTX_EXECUTION_DATE='2025-03-15T06:53:42.837265+00:00' AIRFLOW_CTX_TRY_NUMBER='1' AIRFLOW_CTX_DAG_RUN_ID='manual__2025-03-15T06:53:42.837265+00:00'
[2025-03-15T06:53:54.316+0000] {taskinstance.py:732} INFO - ::endgroup::
[2025-03-15T06:53:54.336+0000] {base.py:84} INFO - Retrieving connection 'spark_default'
[2025-03-15T06:53:54.339+0000] {spark_submit.py:335} INFO - Spark-Submit cmd: spark-submit --master spark-master:7077 --name arrow-spark dags/Script1.py
[2025-03-15T06:54:03.715+0000] {spark_submit.py:488} INFO - 25/03/15 06:54:03 INFO SparkContext: Running Spark version 3.5.5
[2025-03-15T06:54:03.718+0000] {spark_submit.py:488} INFO - 25/03/15 06:54:03 INFO SparkContext: OS info Linux, 5.15.167.4-microsoft-standard-WSL2, amd64
[2025-03-15T06:54:03.718+0000] {spark_submit.py:488} INFO - 25/03/15 06:54:03 INFO SparkContext: Java version 17.0.14
[2025-03-15T06:54:03.996+0000] {spark_submit.py:488} INFO - 25/03/15 06:54:03 WARN NativeCodeLoader: Unable to load native-hadoop library for your platform... using builtin-java classes where applicable
[2025-03-15T06:54:04.194+0000] {spark_submit.py:488} INFO - 25/03/15 06:54:04 INFO ResourceUtils: ==============================================================
[2025-03-15T06:54:04.194+0000] {spark_submit.py:488} INFO - 25/03/15 06:54:04 INFO ResourceUtils: No custom resources configured for spark.driver.
[2025-03-15T06:54:04.195+0000] {spark_submit.py:488} INFO - 25/03/15 06:54:04 INFO ResourceUtils: ==============================================================
[2025-03-15T06:54:04.196+0000] {spark_submit.py:488} INFO - 25/03/15 06:54:04 INFO SparkContext: Submitted application: PythonWordCount
[2025-03-15T06:54:04.320+0000] {spark_submit.py:488} INFO - 25/03/15 06:54:04 INFO ResourceProfile: Default ResourceProfile created, executor resources: Map(cores -> name: cores, amount: 1, script: , vendor: , memory -> name: memory, amount: 1024, script: , vendor: , offHeap -> name: offHeap, amount: 0, script: , vendor: ), task resources: Map(cpus -> name: cpus, amount: 1.0)
[2025-03-15T06:54:04.332+0000] {spark_submit.py:488} INFO - 25/03/15 06:54:04 INFO ResourceProfile: Limiting resource is cpu
[2025-03-15T06:54:04.333+0000] {spark_submit.py:488} INFO - 25/03/15 06:54:04 INFO ResourceProfileManager: Added ResourceProfile id: 0
[2025-03-15T06:54:04.494+0000] {spark_submit.py:488} INFO - 25/03/15 06:54:04 INFO SecurityManager: Changing view acls to: ***
[2025-03-15T06:54:04.496+0000] {spark_submit.py:488} INFO - 25/03/15 06:54:04 INFO SecurityManager: Changing modify acls to: ***
[2025-03-15T06:54:04.497+0000] {spark_submit.py:488} INFO - 25/03/15 06:54:04 INFO SecurityManager: Changing view acls groups to:
[2025-03-15T06:54:04.497+0000] {spark_submit.py:488} INFO - 25/03/15 06:54:04 INFO SecurityManager: Changing modify acls groups to:
[2025-03-15T06:54:04.498+0000] {spark_submit.py:488} INFO - 25/03/15 06:54:04 INFO SecurityManager: SecurityManager: authentication disabled; ui acls disabled; users with view permissions: ***; groups with view permissions: EMPTY; users with modify permissions: ***; groups with modify permissions: EMPTY
[2025-03-15T06:54:05.338+0000] {spark_submit.py:488} INFO - 25/03/15 06:54:05 INFO Utils: Successfully started service 'sparkDriver' on port 40231.
[2025-03-15T06:54:05.441+0000] {spark_submit.py:488} INFO - 25/03/15 06:54:05 INFO SparkEnv: Registering MapOutputTracker
[2025-03-15T06:54:05.563+0000] {spark_submit.py:488} INFO - 25/03/15 06:54:05 INFO SparkEnv: Registering BlockManagerMaster
[2025-03-15T06:54:05.593+0000] {spark_submit.py:488} INFO - 25/03/15 06:54:05 INFO BlockManagerMasterEndpoint: Using org.apache.spark.storage.DefaultTopologyMapper for getting topology information
[2025-03-15T06:54:05.594+0000] {spark_submit.py:488} INFO - 25/03/15 06:54:05 INFO BlockManagerMasterEndpoint: BlockManagerMasterEndpoint up
[2025-03-15T06:54:05.599+0000] {spark_submit.py:488} INFO - 25/03/15 06:54:05 INFO SparkEnv: Registering BlockManagerMasterHeartbeat
[2025-03-15T06:54:05.642+0000] {spark_submit.py:488} INFO - 25/03/15 06:54:05 INFO DiskBlockManager: Created local directory at /tmp/blockmgr-803a484c-c67d-421e-b1ba-8c70d59d72a4
[2025-03-15T06:54:05.697+0000] {spark_submit.py:488} INFO - 25/03/15 06:54:05 INFO MemoryStore: MemoryStore started with capacity 413.9 MiB
[2025-03-15T06:54:05.715+0000] {spark_submit.py:488} INFO - 25/03/15 06:54:05 INFO SparkEnv: Registering OutputCommitCoordinator
[2025-03-15T06:54:05.981+0000] {spark_submit.py:488} INFO - 25/03/15 06:54:05 INFO JettyUtils: Start Jetty 0.0.0.0:4040 for SparkUI
[2025-03-15T06:54:06.149+0000] {spark_submit.py:488} INFO - 25/03/15 06:54:06 INFO Utils: Successfully started service 'SparkUI' on port 4040.
[2025-03-15T06:54:06.233+0000] {spark_submit.py:488} INFO - 25/03/15 06:54:06 ERROR SparkContext: Error initializing SparkContext.
[2025-03-15T06:54:06.234+0000] {spark_submit.py:488} INFO - org.apache.spark.SparkException: Could not parse Master URL: 'spark-master:7077'
[2025-03-15T06:54:06.288+0000] {spark_submit.py:488} INFO - at org.apache.spark.SparkContext$.org$apache$spark$SparkContext$$createTaskScheduler(SparkContext.scala:3194)
[2025-03-15T06:54:06.289+0000] {spark_submit.py:488} INFO - at org.apache.spark.SparkContext.<init>(SparkContext.scala:577)
[2025-03-15T06:54:06.290+0000] {spark_submit.py:488} INFO - at org.apache.spark.api.java.JavaSparkContext.<init>(JavaSparkContext.scala:58)
[2025-03-15T06:54:06.290+0000] {spark_submit.py:488} INFO - at java.base/jdk.internal.reflect.NativeConstructorAccessorImpl.newInstance0(Native Method)
[2025-03-15T06:54:06.291+0000] {spark_submit.py:488} INFO - at java.base/jdk.internal.reflect.NativeConstructorAccessorImpl.newInstance(NativeConstructorAccessorImpl.java:77)
[2025-03-15T06:54:06.291+0000] {spark_submit.py:488} INFO - at java.base/jdk.internal.reflect.DelegatingConstructorAccessorImpl.newInstance(DelegatingConstructorAccessorImpl.java:45)
[2025-03-15T06:54:06.292+0000] {spark_submit.py:488} INFO - at java.base/java.lang.reflect.Constructor.newInstanceWithCaller(Constructor.java:500)
[2025-03-15T06:54:06.293+0000] {spark_submit.py:488} INFO - at java.base/java.lang.reflect.Constructor.newInstance(Constructor.java:481)
[2025-03-15T06:54:06.293+0000] {spark_submit.py:488} INFO - at py4j.reflection.MethodInvoker.invoke(MethodInvoker.java:247)
[2025-03-15T06:54:06.294+0000] {spark_submit.py:488} INFO - at py4j.reflection.ReflectionEngine.invoke(ReflectionEngine.java:374)
[2025-03-15T06:54:06.295+0000] {spark_submit.py:488} INFO - at py4j.Gateway.invoke(Gateway.java:238)
[2025-03-15T06:54:06.295+0000] {spark_submit.py:488} INFO - at py4j.commands.ConstructorCommand.invokeConstructor(ConstructorCommand.java:80)
[2025-03-15T06:54:06.297+0000] {spark_submit.py:488} INFO - at py4j.commands.ConstructorCommand.execute(ConstructorCommand.java:69)
[2025-03-15T06:54:06.298+0000] {spark_submit.py:488} INFO - at py4j.ClientServerConnection.waitForCommands(ClientServerConnection.java:182)
[2025-03-15T06:54:06.298+0000] {spark_submit.py:488} INFO - at py4j.ClientServerConnection.run(ClientServerConnection.java:106)
[2025-03-15T06:54:06.299+0000] {spark_submit.py:488} INFO - at java.base/java.lang.Thread.run(Thread.java:840)
[2025-03-15T06:54:06.300+0000] {spark_submit.py:488} INFO - 25/03/15 06:54:06 INFO SparkContext: SparkContext is stopping with exitCode 0.
[2025-03-15T06:54:06.310+0000] {spark_submit.py:488} INFO - 25/03/15 06:54:06 INFO SparkUI: Stopped Spark web UI at http://64461d6ef80e:4040
[2025-03-15T06:54:06.349+0000] {spark_submit.py:488} INFO - 25/03/15 06:54:06 INFO MapOutputTrackerMasterEndpoint: MapOutputTrackerMasterEndpoint stopped!
[2025-03-15T06:54:06.420+0000] {spark_submit.py:488} INFO - 25/03/15 06:54:06 INFO MemoryStore: MemoryStore cleared
[2025-03-15T06:54:06.420+0000] {spark_submit.py:488} INFO - 25/03/15 06:54:06 INFO BlockManager: BlockManager stopped
[2025-03-15T06:54:06.425+0000] {spark_submit.py:488} INFO - 25/03/15 06:54:06 INFO BlockManagerMaster: BlockManagerMaster stopped
[2025-03-15T06:54:06.427+0000] {spark_submit.py:488} INFO - 25/03/15 06:54:06 WARN MetricsSystem: Stopping a MetricsSystem that is not running
[2025-03-15T06:54:06.429+0000] {spark_submit.py:488} INFO - 25/03/15 06:54:06 INFO OutputCommitCoordinator$OutputCommitCoordinatorEndpoint: OutputCommitCoordinator stopped!
[2025-03-15T06:54:06.441+0000] {spark_submit.py:488} INFO - 25/03/15 06:54:06 INFO SparkContext: Successfully stopped SparkContext
[2025-03-15T06:54:06.443+0000] {spark_submit.py:488} INFO - Traceback (most recent call last):
[2025-03-15T06:54:06.444+0000] {spark_submit.py:488} INFO - File "/opt/***/dags/Script1.py", line 5, in <module>
[2025-03-15T06:54:06.448+0000] {spark_submit.py:488} INFO - spark = SparkSession.builder.appName("PythonWordCount").getOrCreate()
[2025-03-15T06:54:06.448+0000] {spark_submit.py:488} INFO - ^^^^^^^^^^^^^^^^^^^^^^^^^^^^^^^^^^^^^^^^^^^^^^^^^^^^^^^^^^^^^
[2025-03-15T06:54:06.449+0000] {spark_submit.py:488} INFO - File "/home/***/.local/lib/python3.12/site-packages/pyspark/python/lib/pyspark.zip/pyspark/sql/session.py", line 497, in getOrCreate
[2025-03-15T06:54:06.449+0000] {spark_submit.py:488} INFO - File "/home/***/.local/lib/python3.12/site-packages/pyspark/python/lib/pyspark.zip/pyspark/context.py", line 515, in getOrCreate
[2025-03-15T06:54:06.450+0000] {spark_submit.py:488} INFO - File "/home/***/.local/lib/python3.12/site-packages/pyspark/python/lib/pyspark.zip/pyspark/context.py", line 203, in __init__
[2025-03-15T06:54:06.451+0000] {spark_submit.py:488} INFO - File "/home/***/.local/lib/python3.12/site-packages/pyspark/python/lib/pyspark.zip/pyspark/context.py", line 296, in _do_init
[2025-03-15T06:54:06.451+0000] {spark_submit.py:488} INFO - File "/home/***/.local/lib/python3.12/site-packages/pyspark/python/lib/pyspark.zip/pyspark/context.py", line 421, in _initialize_context
[2025-03-15T06:54:06.452+0000] {spark_submit.py:488} INFO - File "/home/***/.local/lib/python3.12/site-packages/pyspark/python/lib/py4j-0.10.9.7-src.zip/py4j/java_gateway.py", line 1587, in __call__
[2025-03-15T06:54:06.452+0000] {spark_submit.py:488} INFO - File "/home/***/.local/lib/python3.12/site-packages/pyspark/python/lib/py4j-0.10.9.7-src.zip/py4j/protocol.py", line 326, in get_return_value
[2025-03-15T06:54:06.453+0000] {spark_submit.py:488} INFO - py4j.protocol.Py4JJavaError: An error occurred while calling None.org.apache.spark.api.java.JavaSparkContext.
[2025-03-15T06:54:06.454+0000] {spark_submit.py:488} INFO - : org.apache.spark.SparkException: Could not parse Master URL: 'spark-master:7077'
[2025-03-15T06:54:06.454+0000] {spark_submit.py:488} INFO - at org.apache.spark.SparkContext$.org$apache$spark$SparkContext$$createTaskScheduler(SparkContext.scala:3194)
[2025-03-15T06:54:06.455+0000] {spark_submit.py:488} INFO - at org.apache.spark.SparkContext.<init>(SparkContext.scala:577)
[2025-03-15T06:54:06.455+0000] {spark_submit.py:488} INFO - at org.apache.spark.api.java.JavaSparkContext.<init>(JavaSparkContext.scala:58)
[2025-03-15T06:54:06.455+0000] {spark_submit.py:488} INFO - at java.base/jdk.internal.reflect.NativeConstructorAccessorImpl.newInstance0(Native Method)
[2025-03-15T06:54:06.456+0000] {spark_submit.py:488} INFO - at java.base/jdk.internal.reflect.NativeConstructorAccessorImpl.newInstance(NativeConstructorAccessorImpl.java:77)
[2025-03-15T06:54:06.456+0000] {spark_submit.py:488} INFO - at java.base/jdk.internal.reflect.DelegatingConstructorAccessorImpl.newInstance(DelegatingConstructorAccessorImpl.java:45)
[2025-03-15T06:54:06.456+0000] {spark_submit.py:488} INFO - at java.base/java.lang.reflect.Constructor.newInstanceWithCaller(Constructor.java:500)
[2025-03-15T06:54:06.457+0000] {spark_submit.py:488} INFO - at java.base/java.lang.reflect.Constructor.newInstance(Constructor.java:481)
[2025-03-15T06:54:06.457+0000] {spark_submit.py:488} INFO - at py4j.reflection.MethodInvoker.invoke(MethodInvoker.java:247)
[2025-03-15T06:54:06.458+0000] {spark_submit.py:488} INFO - at py4j.reflection.ReflectionEngine.invoke(ReflectionEngine.java:374)
[2025-03-15T06:54:06.458+0000] {spark_submit.py:488} INFO - at py4j.Gateway.invoke(Gateway.java:238)
[2025-03-15T06:54:06.458+0000] {spark_submit.py:488} INFO - at py4j.commands.ConstructorCommand.invokeConstructor(ConstructorCommand.java:80)
[2025-03-15T06:54:06.459+0000] {spark_submit.py:488} INFO - at py4j.commands.ConstructorCommand.execute(ConstructorCommand.java:69)
[2025-03-15T06:54:06.459+0000] {spark_submit.py:488} INFO - at py4j.ClientServerConnection.waitForCommands(ClientServerConnection.java:182)
[2025-03-15T06:54:06.460+0000] {spark_submit.py:488} INFO - at py4j.ClientServerConnection.run(ClientServerConnection.java:106)
[2025-03-15T06:54:06.460+0000] {spark_submit.py:488} INFO - at java.base/java.lang.Thread.run(Thread.java:840)
[2025-03-15T06:54:06.460+0000] {spark_submit.py:488} INFO - 
[2025-03-15T06:54:06.497+0000] {spark_submit.py:488} INFO - 25/03/15 06:54:06 INFO ShutdownHookManager: Shutdown hook called
[2025-03-15T06:54:06.498+0000] {spark_submit.py:488} INFO - 25/03/15 06:54:06 INFO ShutdownHookManager: Deleting directory /tmp/spark-78ac3e55-b631-47ee-81b6-ec71935889f8
[2025-03-15T06:54:06.502+0000] {spark_submit.py:488} INFO - 25/03/15 06:54:06 INFO ShutdownHookManager: Deleting directory /tmp/spark-89878453-d2b2-4a28-b57a-eb0cb46cd3e2
[2025-03-15T06:54:06.563+0000] {taskinstance.py:3313} ERROR - Task failed with exception
Traceback (most recent call last):
  File "/home/airflow/.local/lib/python3.12/site-packages/airflow/models/taskinstance.py", line 768, in _execute_task
    result = _execute_callable(context=context, **execute_callable_kwargs)
             ^^^^^^^^^^^^^^^^^^^^^^^^^^^^^^^^^^^^^^^^^^^^^^^^^^^^^^^^^^^^^
  File "/home/airflow/.local/lib/python3.12/site-packages/airflow/models/taskinstance.py", line 734, in _execute_callable
    return ExecutionCallableRunner(
           ^^^^^^^^^^^^^^^^^^^^^^^^
  File "/home/airflow/.local/lib/python3.12/site-packages/airflow/utils/operator_helpers.py", line 252, in run
    return self.func(*args, **kwargs)
           ^^^^^^^^^^^^^^^^^^^^^^^^^^
  File "/home/airflow/.local/lib/python3.12/site-packages/airflow/models/baseoperator.py", line 424, in wrapper
    return func(self, *args, **kwargs)
           ^^^^^^^^^^^^^^^^^^^^^^^^^^^
  File "/home/airflow/.local/lib/python3.12/site-packages/airflow/providers/apache/spark/operators/spark_submit.py", line 157, in execute
    self._hook.submit(self._application)
  File "/home/airflow/.local/lib/python3.12/site-packages/airflow/providers/apache/spark/hooks/spark_submit.py", line 419, in submit
    raise AirflowException(
airflow.exceptions.AirflowException: Cannot execute: spark-submit --master spark-master:7077 --name arrow-spark dags/Script1.py. Error code is: 1.
[2025-03-15T06:54:06.587+0000] {taskinstance.py:1226} INFO - Marking task as UP_FOR_RETRY. dag_id=solar_energy_crops_pipeline, task_id=sample_script, run_id=manual__2025-03-15T06:53:42.837265+00:00, execution_date=20250315T065342, start_date=20250315T065354, end_date=20250315T065406
[2025-03-15T06:54:06.646+0000] {taskinstance.py:341} INFO - ::group::Post task execution logs
[2025-03-15T06:54:06.646+0000] {standard_task_runner.py:124} ERROR - Failed to execute job 69 for task sample_script (Cannot execute: spark-submit --master spark-master:7077 --name arrow-spark dags/Script1.py. Error code is: 1.; 137)
Traceback (most recent call last):
  File "/home/airflow/.local/lib/python3.12/site-packages/airflow/task/task_runner/standard_task_runner.py", line 117, in _start_by_fork
    ret = args.func(args, dag=self.dag)
          ^^^^^^^^^^^^^^^^^^^^^^^^^^^^^
  File "/home/airflow/.local/lib/python3.12/site-packages/airflow/cli/cli_config.py", line 49, in command
    return func(*args, **kwargs)
           ^^^^^^^^^^^^^^^^^^^^^
  File "/home/airflow/.local/lib/python3.12/site-packages/airflow/utils/cli.py", line 116, in wrapper
    return f(*args, **kwargs)
           ^^^^^^^^^^^^^^^^^^
  File "/home/airflow/.local/lib/python3.12/site-packages/airflow/cli/commands/task_command.py", line 483, in task_run
    task_return_code = _run_task_by_selected_method(args, _dag, ti)
                       ^^^^^^^^^^^^^^^^^^^^^^^^^^^^^^^^^^^^^^^^^^^^
  File "/home/airflow/.local/lib/python3.12/site-packages/airflow/cli/commands/task_command.py", line 256, in _run_task_by_selected_method
    return _run_raw_task(args, ti)
           ^^^^^^^^^^^^^^^^^^^^^^^
  File "/home/airflow/.local/lib/python3.12/site-packages/airflow/cli/commands/task_command.py", line 341, in _run_raw_task
    return ti._run_raw_task(
           ^^^^^^^^^^^^^^^^^
  File "/home/airflow/.local/lib/python3.12/site-packages/airflow/utils/session.py", line 97, in wrapper
    return func(*args, session=session, **kwargs)
           ^^^^^^^^^^^^^^^^^^^^^^^^^^^^^^^^^^^^^^
  File "/home/airflow/.local/lib/python3.12/site-packages/airflow/models/taskinstance.py", line 3006, in _run_raw_task
    return _run_raw_task(
           ^^^^^^^^^^^^^^
  File "/home/airflow/.local/lib/python3.12/site-packages/airflow/models/taskinstance.py", line 274, in _run_raw_task
    TaskInstance._execute_task_with_callbacks(
  File "/home/airflow/.local/lib/python3.12/site-packages/airflow/models/taskinstance.py", line 3161, in _execute_task_with_callbacks
    result = self._execute_task(context, task_orig)
             ^^^^^^^^^^^^^^^^^^^^^^^^^^^^^^^^^^^^^^
  File "/home/airflow/.local/lib/python3.12/site-packages/airflow/models/taskinstance.py", line 3185, in _execute_task
    return _execute_task(self, context, task_orig)
           ^^^^^^^^^^^^^^^^^^^^^^^^^^^^^^^^^^^^^^^
  File "/home/airflow/.local/lib/python3.12/site-packages/airflow/models/taskinstance.py", line 768, in _execute_task
    result = _execute_callable(context=context, **execute_callable_kwargs)
             ^^^^^^^^^^^^^^^^^^^^^^^^^^^^^^^^^^^^^^^^^^^^^^^^^^^^^^^^^^^^^
  File "/home/airflow/.local/lib/python3.12/site-packages/airflow/models/taskinstance.py", line 734, in _execute_callable
    return ExecutionCallableRunner(
           ^^^^^^^^^^^^^^^^^^^^^^^^
  File "/home/airflow/.local/lib/python3.12/site-packages/airflow/utils/operator_helpers.py", line 252, in run
    return self.func(*args, **kwargs)
           ^^^^^^^^^^^^^^^^^^^^^^^^^^
  File "/home/airflow/.local/lib/python3.12/site-packages/airflow/models/baseoperator.py", line 424, in wrapper
    return func(self, *args, **kwargs)
           ^^^^^^^^^^^^^^^^^^^^^^^^^^^
  File "/home/airflow/.local/lib/python3.12/site-packages/airflow/providers/apache/spark/operators/spark_submit.py", line 157, in execute
    self._hook.submit(self._application)
  File "/home/airflow/.local/lib/python3.12/site-packages/airflow/providers/apache/spark/hooks/spark_submit.py", line 419, in submit
    raise AirflowException(
airflow.exceptions.AirflowException: Cannot execute: spark-submit --master spark-master:7077 --name arrow-spark dags/Script1.py. Error code is: 1.
[2025-03-15T06:54:06.676+0000] {local_task_job_runner.py:266} INFO - Task exited with return code 1
[2025-03-15T06:54:06.711+0000] {taskinstance.py:3901} INFO - 0 downstream tasks scheduled from follow-on schedule check
[2025-03-15T06:54:06.715+0000] {local_task_job_runner.py:245} INFO - ::endgroup::
