[2025-03-03T05:52:08.859+0000] {local_task_job_runner.py:123} INFO - ::group::Pre task execution logs
[2025-03-03T05:52:08.887+0000] {taskinstance.py:2613} INFO - Dependencies all met for dep_context=non-requeueable deps ti=<TaskInstance: solar_energy_crops_pipeline.extract_data manual__2025-03-03T05:52:04.653290+00:00 [queued]>
[2025-03-03T05:52:08.898+0000] {taskinstance.py:2613} INFO - Dependencies all met for dep_context=requeueable deps ti=<TaskInstance: solar_energy_crops_pipeline.extract_data manual__2025-03-03T05:52:04.653290+00:00 [queued]>
[2025-03-03T05:52:08.930+0000] {taskinstance.py:2866} INFO - Starting attempt 1 of 2
[2025-03-03T05:52:09.055+0000] {taskinstance.py:2889} INFO - Executing <Task(PythonOperator): extract_data> on 2025-03-03 05:52:04.653290+00:00
[2025-03-03T05:52:09.093+0000] {standard_task_runner.py:104} INFO - Running: ['***', 'tasks', 'run', 'solar_energy_crops_pipeline', 'extract_data', 'manual__2025-03-03T05:52:04.653290+00:00', '--job-id', '15', '--raw', '--subdir', 'DAGS_FOLDER/mainDag.py', '--cfg-path', '/tmp/tmp_ml8rw7p']
[2025-03-03T05:52:09.138+0000] {standard_task_runner.py:105} INFO - Job 15: Subtask extract_data
[2025-03-03T05:52:09.143+0000] {warnings.py:112} WARNING - /home/***/.local/lib/python3.12/site-packages/***/task/task_runner/standard_task_runner.py:70: DeprecationWarning: This process (pid=203) is multi-threaded, use of fork() may lead to deadlocks in the child.
  pid = os.fork()

[2025-03-03T05:52:09.146+0000] {standard_task_runner.py:72} INFO - Started process 212 to run task
[2025-03-03T05:52:09.291+0000] {task_command.py:467} INFO - Running <TaskInstance: solar_energy_crops_pipeline.extract_data manual__2025-03-03T05:52:04.653290+00:00 [running]> on host eb4bbf78a3cf
[2025-03-03T05:52:09.676+0000] {taskinstance.py:3132} INFO - Exporting env vars: AIRFLOW_CTX_DAG_OWNER='***' AIRFLOW_CTX_DAG_ID='solar_energy_crops_pipeline' AIRFLOW_CTX_TASK_ID='extract_data' AIRFLOW_CTX_EXECUTION_DATE='2025-03-03T05:52:04.653290+00:00' AIRFLOW_CTX_TRY_NUMBER='1' AIRFLOW_CTX_DAG_RUN_ID='manual__2025-03-03T05:52:04.653290+00:00'
[2025-03-03T05:52:09.679+0000] {taskinstance.py:731} INFO - ::endgroup::
[2025-03-03T05:52:10.178+0000] {logging_mixin.py:190} INFO - Extracting data from API...
[2025-03-03T05:52:10.182+0000] {logging_mixin.py:190} INFO - Fetching data for year 2013
[2025-03-03T05:52:12.555+0000] {logging_mixin.py:190} INFO - Sleeping for a while to respect API rate limits...
[2025-03-03T05:52:20.562+0000] {logging_mixin.py:190} INFO - Fetching data for year 2014
[2025-03-03T05:52:22.313+0000] {logging_mixin.py:190} INFO - Sleeping for a while to respect API rate limits...
[2025-03-03T05:52:30.315+0000] {logging_mixin.py:190} INFO - Fetching data for year 2015
[2025-03-03T05:52:31.826+0000] {logging_mixin.py:190} INFO - Sleeping for a while to respect API rate limits...
[2025-03-03T05:52:39.837+0000] {logging_mixin.py:190} INFO - Fetching data for year 2016
[2025-03-03T05:52:41.417+0000] {logging_mixin.py:190} INFO - Sleeping for a while to respect API rate limits...
[2025-03-03T05:52:49.419+0000] {logging_mixin.py:190} INFO - Fetching data for year 2017
[2025-03-03T05:52:52.900+0000] {logging_mixin.py:190} INFO - Sleeping for a while to respect API rate limits...
[2025-03-03T05:53:00.908+0000] {logging_mixin.py:190} INFO - Done fetching all years!
[2025-03-03T05:53:00.910+0000] {logging_mixin.py:190} INFO - Extraction completed
[2025-03-03T05:53:02.367+0000] {logging_mixin.py:190} INFO - File hourlyData2013.parquet uploaded to GCS bucket solar-crops-analysis-gcs-bucket
[2025-03-03T05:53:02.571+0000] {logging_mixin.py:190} INFO - File dailyData2013.parquet uploaded to GCS bucket solar-crops-analysis-gcs-bucket
[2025-03-03T05:53:02.984+0000] {logging_mixin.py:190} INFO - File hourlyData2014.parquet uploaded to GCS bucket solar-crops-analysis-gcs-bucket
[2025-03-03T05:53:03.188+0000] {logging_mixin.py:190} INFO - File dailyData2014.parquet uploaded to GCS bucket solar-crops-analysis-gcs-bucket
[2025-03-03T05:53:03.611+0000] {logging_mixin.py:190} INFO - File hourlyData2015.parquet uploaded to GCS bucket solar-crops-analysis-gcs-bucket
[2025-03-03T05:53:03.789+0000] {logging_mixin.py:190} INFO - File dailyData2015.parquet uploaded to GCS bucket solar-crops-analysis-gcs-bucket
[2025-03-03T05:53:04.122+0000] {logging_mixin.py:190} INFO - File hourlyData2016.parquet uploaded to GCS bucket solar-crops-analysis-gcs-bucket
[2025-03-03T05:53:04.290+0000] {logging_mixin.py:190} INFO - File dailyData2016.parquet uploaded to GCS bucket solar-crops-analysis-gcs-bucket
[2025-03-03T05:53:04.712+0000] {logging_mixin.py:190} INFO - File hourlyData2017.parquet uploaded to GCS bucket solar-crops-analysis-gcs-bucket
[2025-03-03T05:53:04.883+0000] {logging_mixin.py:190} INFO - File dailyData2017.parquet uploaded to GCS bucket solar-crops-analysis-gcs-bucket
[2025-03-03T05:53:16.425+0000] {logging_mixin.py:190} INFO - Data saved to PostgreSQL table: solar_crops_raw
[2025-03-03T05:53:16.551+0000] {logging_mixin.py:190} INFO - Data saved to PostgreSQL table: solar_crops_raw
[2025-03-03T05:53:16.573+0000] {python.py:240} INFO - Done. Returned value was: None
[2025-03-03T05:53:16.587+0000] {taskinstance.py:340} INFO - ::group::Post task execution logs
[2025-03-03T05:53:16.588+0000] {taskinstance.py:352} INFO - Marking task as SUCCESS. dag_id=solar_energy_crops_pipeline, task_id=extract_data, run_id=manual__2025-03-03T05:52:04.653290+00:00, execution_date=20250303T055204, start_date=20250303T055208, end_date=20250303T055316
[2025-03-03T05:53:16.638+0000] {local_task_job_runner.py:266} INFO - Task exited with return code 0
[2025-03-03T05:53:16.659+0000] {taskinstance.py:3895} INFO - 0 downstream tasks scheduled from follow-on schedule check
[2025-03-03T05:53:16.663+0000] {local_task_job_runner.py:245} INFO - ::endgroup::
