[2025-03-15T18:06:41.396+0000] {local_task_job_runner.py:123} INFO - ::group::Pre task execution logs
[2025-03-15T18:06:41.434+0000] {taskinstance.py:2614} INFO - Dependencies all met for dep_context=non-requeueable deps ti=<TaskInstance: solar_energy_crops_pipeline.start manual__2025-03-15T18:06:36.502525+00:00 [queued]>
[2025-03-15T18:06:41.449+0000] {taskinstance.py:2614} INFO - Dependencies all met for dep_context=requeueable deps ti=<TaskInstance: solar_energy_crops_pipeline.start manual__2025-03-15T18:06:36.502525+00:00 [queued]>
[2025-03-15T18:06:41.451+0000] {taskinstance.py:2867} INFO - Starting attempt 1 of 2
[2025-03-15T18:06:41.474+0000] {taskinstance.py:2890} INFO - Executing <Task(PythonOperator): start> on 2025-03-15 18:06:36.502525+00:00
[2025-03-15T18:06:41.495+0000] {warnings.py:112} WARNING - /home/***/.local/lib/python3.12/site-packages/***/task/task_runner/standard_task_runner.py:70: DeprecationWarning: This process (pid=75) is multi-threaded, use of fork() may lead to deadlocks in the child.
  pid = os.fork()

[2025-03-15T18:06:41.503+0000] {standard_task_runner.py:72} INFO - Started process 76 to run task
[2025-03-15T18:06:41.502+0000] {standard_task_runner.py:104} INFO - Running: ['***', 'tasks', 'run', 'solar_energy_crops_pipeline', 'start', 'manual__2025-03-15T18:06:36.502525+00:00', '--job-id', '106', '--raw', '--subdir', 'DAGS_FOLDER/mainDag.py', '--cfg-path', '/tmp/tmpw89mjt3m']
[2025-03-15T18:06:41.504+0000] {standard_task_runner.py:105} INFO - Job 106: Subtask start
[2025-03-15T18:06:41.701+0000] {task_command.py:467} INFO - Running <TaskInstance: solar_energy_crops_pipeline.start manual__2025-03-15T18:06:36.502525+00:00 [running]> on host 13d41feaf433
[2025-03-15T18:06:41.864+0000] {taskinstance.py:3134} INFO - Exporting env vars: AIRFLOW_CTX_DAG_OWNER='***' AIRFLOW_CTX_DAG_ID='solar_energy_crops_pipeline' AIRFLOW_CTX_TASK_ID='start' AIRFLOW_CTX_EXECUTION_DATE='2025-03-15T18:06:36.502525+00:00' AIRFLOW_CTX_TRY_NUMBER='1' AIRFLOW_CTX_DAG_RUN_ID='manual__2025-03-15T18:06:36.502525+00:00'
[2025-03-15T18:06:41.866+0000] {taskinstance.py:732} INFO - ::endgroup::
[2025-03-15T18:06:41.914+0000] {logging_mixin.py:190} INFO - Jobs started
[2025-03-15T18:06:41.915+0000] {python.py:240} INFO - Done. Returned value was: None
[2025-03-15T18:06:41.937+0000] {taskinstance.py:341} INFO - ::group::Post task execution logs
[2025-03-15T18:06:41.938+0000] {taskinstance.py:353} INFO - Marking task as SUCCESS. dag_id=solar_energy_crops_pipeline, task_id=start, run_id=manual__2025-03-15T18:06:36.502525+00:00, execution_date=20250315T180636, start_date=20250315T180641, end_date=20250315T180641
[2025-03-15T18:06:42.007+0000] {local_task_job_runner.py:266} INFO - Task exited with return code 0
[2025-03-15T18:06:42.048+0000] {taskinstance.py:3901} INFO - 1 downstream tasks scheduled from follow-on schedule check
[2025-03-15T18:06:42.054+0000] {local_task_job_runner.py:245} INFO - ::endgroup::
