[2025-03-08T20:14:47.352+0000] {local_task_job_runner.py:123} INFO - ::group::Pre task execution logs
[2025-03-08T20:14:47.374+0000] {taskinstance.py:2613} INFO - Dependencies all met for dep_context=non-requeueable deps ti=<TaskInstance: solar_energy_crops_pipeline.extract_data scheduled__2025-03-04T00:00:00+00:00 [queued]>
[2025-03-08T20:14:47.385+0000] {taskinstance.py:2613} INFO - Dependencies all met for dep_context=requeueable deps ti=<TaskInstance: solar_energy_crops_pipeline.extract_data scheduled__2025-03-04T00:00:00+00:00 [queued]>
[2025-03-08T20:14:47.387+0000] {taskinstance.py:2866} INFO - Starting attempt 2 of 2
[2025-03-08T20:14:47.408+0000] {taskinstance.py:2889} INFO - Executing <Task(PythonOperator): extract_data> on 2025-03-04 00:00:00+00:00
[2025-03-08T20:14:47.424+0000] {warnings.py:112} WARNING - /home/***/.local/lib/python3.12/site-packages/***/task/task_runner/standard_task_runner.py:70: DeprecationWarning: This process (pid=130) is multi-threaded, use of fork() may lead to deadlocks in the child.
  pid = os.fork()

[2025-03-08T20:14:47.431+0000] {standard_task_runner.py:72} INFO - Started process 132 to run task
[2025-03-08T20:14:47.428+0000] {standard_task_runner.py:104} INFO - Running: ['***', 'tasks', 'run', 'solar_energy_crops_pipeline', 'extract_data', 'scheduled__2025-03-04T00:00:00+00:00', '--job-id', '33', '--raw', '--subdir', 'DAGS_FOLDER/mainDag.py', '--cfg-path', '/tmp/tmpw5q8lepa']
[2025-03-08T20:14:47.435+0000] {standard_task_runner.py:105} INFO - Job 33: Subtask extract_data
[2025-03-08T20:14:47.592+0000] {task_command.py:467} INFO - Running <TaskInstance: solar_energy_crops_pipeline.extract_data scheduled__2025-03-04T00:00:00+00:00 [running]> on host 035e75d5e0f0
[2025-03-08T20:14:47.738+0000] {taskinstance.py:3132} INFO - Exporting env vars: AIRFLOW_CTX_DAG_OWNER='***' AIRFLOW_CTX_DAG_ID='solar_energy_crops_pipeline' AIRFLOW_CTX_TASK_ID='extract_data' AIRFLOW_CTX_EXECUTION_DATE='2025-03-04T00:00:00+00:00' AIRFLOW_CTX_TRY_NUMBER='2' AIRFLOW_CTX_DAG_RUN_ID='scheduled__2025-03-04T00:00:00+00:00'
[2025-03-08T20:14:47.740+0000] {taskinstance.py:731} INFO - ::endgroup::
[2025-03-08T20:14:47.799+0000] {logging_mixin.py:190} INFO - Extracting data from API...
[2025-03-08T20:14:47.802+0000] {logging_mixin.py:190} INFO - Fetching data for year 1967
[2025-03-08T20:14:50.282+0000] {logging_mixin.py:190} INFO - Sleeping for a while to respect API rate limits...
[2025-03-08T20:15:50.301+0000] {logging_mixin.py:190} INFO - Fetching data for year 1968
[2025-03-08T20:15:51.820+0000] {logging_mixin.py:190} INFO - Sleeping for a while to respect API rate limits...
[2025-03-08T20:16:51.849+0000] {logging_mixin.py:190} INFO - Fetching data for year 1969
[2025-03-08T20:16:53.385+0000] {logging_mixin.py:190} INFO - Sleeping for a while to respect API rate limits...
[2025-03-08T20:17:53.422+0000] {logging_mixin.py:190} INFO - Fetching data for year 1970
[2025-03-08T20:17:54.893+0000] {logging_mixin.py:190} INFO - Sleeping for a while to respect API rate limits...
[2025-03-08T20:18:54.926+0000] {logging_mixin.py:190} INFO - Fetching data for year 1971
[2025-03-08T20:18:56.598+0000] {logging_mixin.py:190} INFO - Sleeping for a while to respect API rate limits...
[2025-03-08T20:19:56.601+0000] {logging_mixin.py:190} INFO - Fetching data for year 1972
[2025-03-08T20:19:58.274+0000] {logging_mixin.py:190} INFO - Sleeping for a while to respect API rate limits...
[2025-03-08T20:20:58.314+0000] {logging_mixin.py:190} INFO - Fetching data for year 1973
[2025-03-08T20:20:59.738+0000] {logging_mixin.py:190} INFO - Sleeping for a while to respect API rate limits...
[2025-03-08T20:21:59.751+0000] {logging_mixin.py:190} INFO - Fetching data for year 1974
[2025-03-08T20:22:01.357+0000] {logging_mixin.py:190} INFO - Sleeping for a while to respect API rate limits...
