[2025-03-08T17:22:06.958+0000] {local_task_job_runner.py:123} INFO - ::group::Pre task execution logs
[2025-03-08T17:22:06.985+0000] {taskinstance.py:2613} INFO - Dependencies all met for dep_context=non-requeueable deps ti=<TaskInstance: solar_energy_crops_pipeline.extract_data scheduled__2025-03-04T00:00:00+00:00 [queued]>
[2025-03-08T17:22:06.996+0000] {taskinstance.py:2613} INFO - Dependencies all met for dep_context=requeueable deps ti=<TaskInstance: solar_energy_crops_pipeline.extract_data scheduled__2025-03-04T00:00:00+00:00 [queued]>
[2025-03-08T17:22:06.998+0000] {taskinstance.py:2866} INFO - Starting attempt 1 of 2
[2025-03-08T17:22:07.019+0000] {taskinstance.py:2889} INFO - Executing <Task(PythonOperator): extract_data> on 2025-03-04 00:00:00+00:00
[2025-03-08T17:22:07.049+0000] {warnings.py:112} WARNING - /home/***/.local/lib/python3.12/site-packages/***/task/task_runner/standard_task_runner.py:70: DeprecationWarning: This process (pid=67) is multi-threaded, use of fork() may lead to deadlocks in the child.
  pid = os.fork()

[2025-03-08T17:22:07.057+0000] {standard_task_runner.py:72} INFO - Started process 71 to run task
[2025-03-08T17:22:07.055+0000] {standard_task_runner.py:104} INFO - Running: ['***', 'tasks', 'run', 'solar_energy_crops_pipeline', 'extract_data', 'scheduled__2025-03-04T00:00:00+00:00', '--job-id', '30', '--raw', '--subdir', 'DAGS_FOLDER/mainDag.py', '--cfg-path', '/tmp/tmpqiyvyoth']
[2025-03-08T17:22:07.096+0000] {standard_task_runner.py:105} INFO - Job 30: Subtask extract_data
[2025-03-08T17:22:07.392+0000] {task_command.py:467} INFO - Running <TaskInstance: solar_energy_crops_pipeline.extract_data scheduled__2025-03-04T00:00:00+00:00 [running]> on host 9662aa6e8776
[2025-03-08T17:22:08.002+0000] {taskinstance.py:3132} INFO - Exporting env vars: AIRFLOW_CTX_DAG_OWNER='***' AIRFLOW_CTX_DAG_ID='solar_energy_crops_pipeline' AIRFLOW_CTX_TASK_ID='extract_data' AIRFLOW_CTX_EXECUTION_DATE='2025-03-04T00:00:00+00:00' AIRFLOW_CTX_TRY_NUMBER='1' AIRFLOW_CTX_DAG_RUN_ID='scheduled__2025-03-04T00:00:00+00:00'
[2025-03-08T17:22:08.042+0000] {taskinstance.py:731} INFO - ::endgroup::
[2025-03-08T17:22:08.105+0000] {logging_mixin.py:190} INFO - Extracting data from API...
[2025-03-08T17:22:08.111+0000] {logging_mixin.py:190} INFO - Fetching data for year 1967
[2025-03-08T17:22:10.173+0000] {logging_mixin.py:190} INFO - Sleeping for a while to respect API rate limits...
[2025-03-08T17:23:10.211+0000] {logging_mixin.py:190} INFO - Fetching data for year 1968
[2025-03-08T17:23:12.376+0000] {logging_mixin.py:190} INFO - Sleeping for a while to respect API rate limits...
[2025-03-08T17:24:12.409+0000] {logging_mixin.py:190} INFO - Fetching data for year 1969
[2025-03-08T17:24:14.155+0000] {logging_mixin.py:190} INFO - Sleeping for a while to respect API rate limits...
[2025-03-08T17:25:14.193+0000] {logging_mixin.py:190} INFO - Fetching data for year 1970
[2025-03-08T17:25:15.836+0000] {logging_mixin.py:190} INFO - Sleeping for a while to respect API rate limits...
[2025-03-08T17:26:15.877+0000] {logging_mixin.py:190} INFO - Fetching data for year 1971
[2025-03-08T17:26:18.203+0000] {logging_mixin.py:190} INFO - Sleeping for a while to respect API rate limits...
[2025-03-08T17:27:18.246+0000] {logging_mixin.py:190} INFO - Fetching data for year 1972
[2025-03-08T17:27:20.409+0000] {logging_mixin.py:190} INFO - Sleeping for a while to respect API rate limits...
[2025-03-08T17:28:20.451+0000] {logging_mixin.py:190} INFO - Fetching data for year 1973
[2025-03-08T17:28:22.060+0000] {logging_mixin.py:190} INFO - Sleeping for a while to respect API rate limits...
[2025-03-08T17:29:22.095+0000] {logging_mixin.py:190} INFO - Fetching data for year 1974
[2025-03-08T17:29:23.762+0000] {logging_mixin.py:190} INFO - Sleeping for a while to respect API rate limits...
[2025-03-08T17:30:23.801+0000] {logging_mixin.py:190} INFO - Fetching data for year 1975
[2025-03-08T17:30:25.273+0000] {logging_mixin.py:190} INFO - Sleeping for a while to respect API rate limits...
[2025-03-08T17:31:25.313+0000] {logging_mixin.py:190} INFO - Fetching data for year 1976
[2025-03-08T17:31:26.858+0000] {logging_mixin.py:190} INFO - Sleeping for a while to respect API rate limits...
[2025-03-08T17:32:26.899+0000] {logging_mixin.py:190} INFO - Fetching data for year 1977
[2025-03-08T17:32:28.748+0000] {logging_mixin.py:190} INFO - Sleeping for a while to respect API rate limits...
[2025-03-08T17:33:28.785+0000] {logging_mixin.py:190} INFO - Fetching data for year 1978
[2025-03-08T17:33:30.547+0000] {logging_mixin.py:190} INFO - Sleeping for a while to respect API rate limits...
[2025-03-08T17:34:30.581+0000] {logging_mixin.py:190} INFO - Fetching data for year 1979
[2025-03-08T17:34:31.885+0000] {logging_mixin.py:190} INFO - Sleeping for a while to respect API rate limits...
[2025-03-08T17:35:31.901+0000] {logging_mixin.py:190} INFO - Fetching data for year 1980
[2025-03-08T17:35:33.993+0000] {logging_mixin.py:190} INFO - Sleeping for a while to respect API rate limits...
[2025-03-08T17:36:34.027+0000] {logging_mixin.py:190} INFO - Fetching data for year 1981
[2025-03-08T17:36:36.472+0000] {logging_mixin.py:190} INFO - Sleeping for a while to respect API rate limits...
[2025-03-08T17:37:36.507+0000] {logging_mixin.py:190} INFO - Fetching data for year 1982
[2025-03-08T17:37:38.625+0000] {logging_mixin.py:190} INFO - Sleeping for a while to respect API rate limits...
[2025-03-08T17:38:38.652+0000] {logging_mixin.py:190} INFO - Fetching data for year 1983
[2025-03-08T17:38:40.477+0000] {logging_mixin.py:190} INFO - Sleeping for a while to respect API rate limits...
[2025-03-08T17:39:40.497+0000] {logging_mixin.py:190} INFO - Fetching data for year 1984
[2025-03-08T17:39:42.661+0000] {logging_mixin.py:190} INFO - Sleeping for a while to respect API rate limits...
[2025-03-08T17:40:42.695+0000] {logging_mixin.py:190} INFO - Fetching data for year 1985
[2025-03-08T17:40:45.035+0000] {logging_mixin.py:190} INFO - Sleeping for a while to respect API rate limits...
[2025-03-08T17:41:45.060+0000] {logging_mixin.py:190} INFO - Fetching data for year 1986
[2025-03-08T17:41:46.753+0000] {logging_mixin.py:190} INFO - Sleeping for a while to respect API rate limits...
[2025-03-08T17:42:46.794+0000] {logging_mixin.py:190} INFO - Fetching data for year 1987
[2025-03-08T17:42:48.352+0000] {logging_mixin.py:190} INFO - Sleeping for a while to respect API rate limits...
[2025-03-08T17:43:48.384+0000] {logging_mixin.py:190} INFO - Fetching data for year 1988
[2025-03-08T17:43:50.094+0000] {logging_mixin.py:190} INFO - Sleeping for a while to respect API rate limits...
