[2025-03-15T17:43:44.570+0000] {local_task_job_runner.py:123} INFO - ::group::Pre task execution logs
[2025-03-15T17:43:44.640+0000] {taskinstance.py:2614} INFO - Dependencies all met for dep_context=non-requeueable deps ti=<TaskInstance: solar_energy_crops_pipeline.start manual__2025-03-15T17:43:39.619384+00:00 [queued]>
[2025-03-15T17:43:44.654+0000] {taskinstance.py:2614} INFO - Dependencies all met for dep_context=requeueable deps ti=<TaskInstance: solar_energy_crops_pipeline.start manual__2025-03-15T17:43:39.619384+00:00 [queued]>
[2025-03-15T17:43:44.656+0000] {taskinstance.py:2867} INFO - Starting attempt 1 of 2
[2025-03-15T17:43:44.842+0000] {taskinstance.py:2890} INFO - Executing <Task(PythonOperator): start> on 2025-03-15 17:43:39.619384+00:00
[2025-03-15T17:43:44.948+0000] {standard_task_runner.py:104} INFO - Running: ['***', 'tasks', 'run', 'solar_energy_crops_pipeline', 'start', 'manual__2025-03-15T17:43:39.619384+00:00', '--job-id', '94', '--raw', '--subdir', 'DAGS_FOLDER/mainDag.py', '--cfg-path', '/tmp/tmpss9fwtv0']
[2025-03-15T17:43:45.023+0000] {standard_task_runner.py:105} INFO - Job 94: Subtask start
[2025-03-15T17:43:44.946+0000] {warnings.py:112} WARNING - /home/***/.local/lib/python3.12/site-packages/***/task/task_runner/standard_task_runner.py:70: DeprecationWarning: This process (pid=88) is multi-threaded, use of fork() may lead to deadlocks in the child.
  pid = os.fork()

[2025-03-15T17:43:45.028+0000] {standard_task_runner.py:72} INFO - Started process 89 to run task
[2025-03-15T17:43:45.428+0000] {task_command.py:467} INFO - Running <TaskInstance: solar_energy_crops_pipeline.start manual__2025-03-15T17:43:39.619384+00:00 [running]> on host 70cbdf160f58
[2025-03-15T17:43:45.671+0000] {taskinstance.py:3134} INFO - Exporting env vars: AIRFLOW_CTX_DAG_OWNER='***' AIRFLOW_CTX_DAG_ID='solar_energy_crops_pipeline' AIRFLOW_CTX_TASK_ID='start' AIRFLOW_CTX_EXECUTION_DATE='2025-03-15T17:43:39.619384+00:00' AIRFLOW_CTX_TRY_NUMBER='1' AIRFLOW_CTX_DAG_RUN_ID='manual__2025-03-15T17:43:39.619384+00:00'
[2025-03-15T17:43:45.673+0000] {taskinstance.py:732} INFO - ::endgroup::
[2025-03-15T17:43:45.825+0000] {logging_mixin.py:190} INFO - Jobs started
[2025-03-15T17:43:45.827+0000] {python.py:240} INFO - Done. Returned value was: None
[2025-03-15T17:43:45.847+0000] {taskinstance.py:341} INFO - ::group::Post task execution logs
[2025-03-15T17:43:45.848+0000] {taskinstance.py:353} INFO - Marking task as SUCCESS. dag_id=solar_energy_crops_pipeline, task_id=start, run_id=manual__2025-03-15T17:43:39.619384+00:00, execution_date=20250315T174339, start_date=20250315T174344, end_date=20250315T174345
[2025-03-15T17:43:45.964+0000] {local_task_job_runner.py:266} INFO - Task exited with return code 0
[2025-03-15T17:43:46.047+0000] {taskinstance.py:3901} INFO - 1 downstream tasks scheduled from follow-on schedule check
[2025-03-15T17:43:46.051+0000] {local_task_job_runner.py:245} INFO - ::endgroup::
