[2025-03-02T18:59:09.859+0000] {local_task_job_runner.py:123} INFO - ::group::Pre task execution logs
[2025-03-02T18:59:09.881+0000] {taskinstance.py:2613} INFO - Dependencies all met for dep_context=non-requeueable deps ti=<TaskInstance: solar_energy_crops_pipeline.extract_data manual__2025-03-02T18:59:03.734635+00:00 [queued]>
[2025-03-02T18:59:09.893+0000] {taskinstance.py:2613} INFO - Dependencies all met for dep_context=requeueable deps ti=<TaskInstance: solar_energy_crops_pipeline.extract_data manual__2025-03-02T18:59:03.734635+00:00 [queued]>
[2025-03-02T18:59:09.895+0000] {taskinstance.py:2866} INFO - Starting attempt 1 of 2
[2025-03-02T18:59:09.924+0000] {taskinstance.py:2889} INFO - Executing <Task(PythonOperator): extract_data> on 2025-03-02 18:59:03.734635+00:00
[2025-03-02T18:59:09.948+0000] {warnings.py:112} WARNING - /home/***/.local/lib/python3.12/site-packages/***/task/task_runner/standard_task_runner.py:70: DeprecationWarning: This process (pid=82) is multi-threaded, use of fork() may lead to deadlocks in the child.
  pid = os.fork()

[2025-03-02T18:59:09.954+0000] {standard_task_runner.py:72} INFO - Started process 84 to run task
[2025-03-02T18:59:09.955+0000] {standard_task_runner.py:104} INFO - Running: ['***', 'tasks', 'run', 'solar_energy_crops_pipeline', 'extract_data', 'manual__2025-03-02T18:59:03.734635+00:00', '--job-id', '7', '--raw', '--subdir', 'DAGS_FOLDER/mainDag.py', '--cfg-path', '/tmp/tmppuaoxkjw']
[2025-03-02T18:59:09.962+0000] {standard_task_runner.py:105} INFO - Job 7: Subtask extract_data
[2025-03-02T18:59:10.073+0000] {task_command.py:467} INFO - Running <TaskInstance: solar_energy_crops_pipeline.extract_data manual__2025-03-02T18:59:03.734635+00:00 [running]> on host 7465e3cb0781
[2025-03-02T18:59:10.234+0000] {taskinstance.py:3132} INFO - Exporting env vars: AIRFLOW_CTX_DAG_OWNER='***' AIRFLOW_CTX_DAG_ID='solar_energy_crops_pipeline' AIRFLOW_CTX_TASK_ID='extract_data' AIRFLOW_CTX_EXECUTION_DATE='2025-03-02T18:59:03.734635+00:00' AIRFLOW_CTX_TRY_NUMBER='1' AIRFLOW_CTX_DAG_RUN_ID='manual__2025-03-02T18:59:03.734635+00:00'
[2025-03-02T18:59:10.236+0000] {taskinstance.py:731} INFO - ::endgroup::
[2025-03-02T18:59:10.334+0000] {logging_mixin.py:190} INFO - Extracting data from API...
[2025-03-02T18:59:10.343+0000] {logging_mixin.py:190} INFO - Fetching data for year 1967
[2025-03-02T18:59:13.047+0000] {logging_mixin.py:190} INFO - Sleeping for a while to respect API rate limits...
[2025-03-02T18:59:43.063+0000] {logging_mixin.py:190} INFO - Fetching data for year 1968
[2025-03-02T18:59:45.379+0000] {logging_mixin.py:190} INFO - Sleeping for a while to respect API rate limits...
[2025-03-02T19:00:15.394+0000] {logging_mixin.py:190} INFO - Fetching data for year 1969
[2025-03-02T19:00:17.179+0000] {logging_mixin.py:190} INFO - Sleeping for a while to respect API rate limits...
[2025-03-02T19:00:47.195+0000] {logging_mixin.py:190} INFO - Fetching data for year 1970
[2025-03-02T19:00:48.590+0000] {logging_mixin.py:190} INFO - Sleeping for a while to respect API rate limits...
[2025-03-02T19:01:18.603+0000] {logging_mixin.py:190} INFO - Fetching data for year 1971
[2025-03-02T19:01:20.040+0000] {logging_mixin.py:190} INFO - Sleeping for a while to respect API rate limits...
[2025-03-02T19:01:50.053+0000] {logging_mixin.py:190} INFO - Fetching data for year 1972
[2025-03-02T19:01:51.501+0000] {logging_mixin.py:190} INFO - Sleeping for a while to respect API rate limits...
[2025-03-02T19:02:21.508+0000] {logging_mixin.py:190} INFO - Fetching data for year 1973
[2025-03-02T19:02:22.967+0000] {logging_mixin.py:190} INFO - Sleeping for a while to respect API rate limits...
[2025-03-02T19:02:52.981+0000] {logging_mixin.py:190} INFO - Fetching data for year 1974
[2025-03-02T19:02:54.929+0000] {logging_mixin.py:190} INFO - Sleeping for a while to respect API rate limits...
[2025-03-02T19:03:24.943+0000] {logging_mixin.py:190} INFO - Fetching data for year 1975
[2025-03-02T19:03:26.450+0000] {logging_mixin.py:190} INFO - Sleeping for a while to respect API rate limits...
[2025-03-02T19:03:56.465+0000] {logging_mixin.py:190} INFO - Fetching data for year 1976
[2025-03-02T19:03:58.112+0000] {logging_mixin.py:190} INFO - Sleeping for a while to respect API rate limits...
[2025-03-02T19:04:28.126+0000] {logging_mixin.py:190} INFO - Fetching data for year 1977
[2025-03-02T19:04:29.706+0000] {logging_mixin.py:190} INFO - Sleeping for a while to respect API rate limits...
[2025-03-02T19:04:59.720+0000] {logging_mixin.py:190} INFO - Fetching data for year 1978
[2025-03-02T19:05:01.223+0000] {logging_mixin.py:190} INFO - Sleeping for a while to respect API rate limits...
[2025-03-02T19:05:31.228+0000] {logging_mixin.py:190} INFO - Fetching data for year 1979
[2025-03-02T19:05:32.904+0000] {logging_mixin.py:190} INFO - Sleeping for a while to respect API rate limits...
[2025-03-02T19:06:02.922+0000] {logging_mixin.py:190} INFO - Fetching data for year 1980
[2025-03-02T19:06:04.477+0000] {logging_mixin.py:190} INFO - Sleeping for a while to respect API rate limits...
[2025-03-02T19:06:34.491+0000] {logging_mixin.py:190} INFO - Fetching data for year 1981
[2025-03-02T19:06:35.982+0000] {logging_mixin.py:190} INFO - Sleeping for a while to respect API rate limits...
[2025-03-02T19:07:05.996+0000] {logging_mixin.py:190} INFO - Fetching data for year 1982
[2025-03-02T19:07:07.599+0000] {logging_mixin.py:190} INFO - Sleeping for a while to respect API rate limits...
[2025-03-02T19:07:37.613+0000] {logging_mixin.py:190} INFO - Fetching data for year 1983
[2025-03-02T19:07:39.009+0000] {logging_mixin.py:190} INFO - Sleeping for a while to respect API rate limits...
[2025-03-02T19:08:09.023+0000] {logging_mixin.py:190} INFO - Fetching data for year 1984
[2025-03-02T19:08:11.398+0000] {logging_mixin.py:190} INFO - Sleeping for a while to respect API rate limits...
[2025-03-02T19:08:41.412+0000] {logging_mixin.py:190} INFO - Fetching data for year 1985
[2025-03-02T19:08:43.000+0000] {logging_mixin.py:190} INFO - Sleeping for a while to respect API rate limits...
[2025-03-02T19:09:13.013+0000] {logging_mixin.py:190} INFO - Fetching data for year 1986
[2025-03-02T19:09:14.481+0000] {logging_mixin.py:190} INFO - Sleeping for a while to respect API rate limits...
[2025-03-02T19:09:44.494+0000] {logging_mixin.py:190} INFO - Fetching data for year 1987
[2025-03-02T19:09:46.054+0000] {logging_mixin.py:190} INFO - Sleeping for a while to respect API rate limits...
[2025-03-02T19:10:16.060+0000] {logging_mixin.py:190} INFO - Fetching data for year 1988
[2025-03-02T19:10:17.449+0000] {logging_mixin.py:190} INFO - Sleeping for a while to respect API rate limits...
[2025-03-02T19:10:47.456+0000] {logging_mixin.py:190} INFO - Fetching data for year 1989
[2025-03-02T19:10:49.778+0000] {logging_mixin.py:190} INFO - Sleeping for a while to respect API rate limits...
[2025-03-02T19:11:19.791+0000] {logging_mixin.py:190} INFO - Fetching data for year 1990
[2025-03-02T19:11:21.305+0000] {logging_mixin.py:190} INFO - Sleeping for a while to respect API rate limits...
[2025-03-02T19:11:51.317+0000] {logging_mixin.py:190} INFO - Fetching data for year 1991
[2025-03-02T19:11:54.409+0000] {logging_mixin.py:190} INFO - Sleeping for a while to respect API rate limits...
[2025-03-02T19:12:24.423+0000] {logging_mixin.py:190} INFO - Fetching data for year 1992
[2025-03-02T19:12:28.817+0000] {logging_mixin.py:190} INFO - Sleeping for a while to respect API rate limits...
[2025-03-02T19:12:58.829+0000] {logging_mixin.py:190} INFO - Fetching data for year 1993
[2025-03-02T19:13:01.236+0000] {logging_mixin.py:190} INFO - Sleeping for a while to respect API rate limits...
[2025-03-02T19:13:31.254+0000] {logging_mixin.py:190} INFO - Fetching data for year 1994
[2025-03-02T19:13:32.786+0000] {logging_mixin.py:190} INFO - Sleeping for a while to respect API rate limits...
[2025-03-02T19:14:02.802+0000] {logging_mixin.py:190} INFO - Fetching data for year 1995
[2025-03-02T19:14:04.314+0000] {logging_mixin.py:190} INFO - Sleeping for a while to respect API rate limits...
[2025-03-02T19:14:34.329+0000] {logging_mixin.py:190} INFO - Fetching data for year 1996
[2025-03-02T19:14:35.746+0000] {logging_mixin.py:190} INFO - Sleeping for a while to respect API rate limits...
[2025-03-02T19:15:05.761+0000] {logging_mixin.py:190} INFO - Fetching data for year 1997
[2025-03-02T19:15:07.215+0000] {logging_mixin.py:190} INFO - Sleeping for a while to respect API rate limits...
[2025-03-02T19:15:37.229+0000] {logging_mixin.py:190} INFO - Fetching data for year 1998
[2025-03-02T19:15:38.806+0000] {logging_mixin.py:190} INFO - Sleeping for a while to respect API rate limits...
[2025-03-02T19:16:08.824+0000] {logging_mixin.py:190} INFO - Fetching data for year 1999
[2025-03-02T19:16:10.184+0000] {logging_mixin.py:190} INFO - Sleeping for a while to respect API rate limits...
[2025-03-02T19:16:40.200+0000] {logging_mixin.py:190} INFO - Fetching data for year 2000
[2025-03-02T19:16:41.661+0000] {logging_mixin.py:190} INFO - Sleeping for a while to respect API rate limits...
[2025-03-02T19:17:11.677+0000] {logging_mixin.py:190} INFO - Fetching data for year 2001
[2025-03-02T19:17:13.155+0000] {logging_mixin.py:190} INFO - Sleeping for a while to respect API rate limits...
[2025-03-02T19:17:43.169+0000] {logging_mixin.py:190} INFO - Fetching data for year 2002
[2025-03-02T19:17:44.613+0000] {logging_mixin.py:190} INFO - Sleeping for a while to respect API rate limits...
[2025-03-02T19:18:14.627+0000] {logging_mixin.py:190} INFO - Fetching data for year 2003
[2025-03-02T19:18:16.089+0000] {logging_mixin.py:190} INFO - Sleeping for a while to respect API rate limits...
[2025-03-02T19:18:46.105+0000] {logging_mixin.py:190} INFO - Fetching data for year 2004
[2025-03-02T19:18:47.604+0000] {logging_mixin.py:190} INFO - Sleeping for a while to respect API rate limits...
[2025-03-02T19:19:17.619+0000] {logging_mixin.py:190} INFO - Fetching data for year 2005
[2025-03-02T19:19:19.102+0000] {logging_mixin.py:190} INFO - Sleeping for a while to respect API rate limits...
[2025-03-02T19:19:49.121+0000] {logging_mixin.py:190} INFO - Fetching data for year 2006
[2025-03-02T19:19:50.498+0000] {logging_mixin.py:190} INFO - Sleeping for a while to respect API rate limits...
[2025-03-02T19:20:20.506+0000] {logging_mixin.py:190} INFO - Fetching data for year 2007
[2025-03-02T19:20:22.043+0000] {logging_mixin.py:190} INFO - Sleeping for a while to respect API rate limits...
[2025-03-02T19:20:52.057+0000] {logging_mixin.py:190} INFO - Fetching data for year 2008
[2025-03-02T19:20:53.519+0000] {logging_mixin.py:190} INFO - Sleeping for a while to respect API rate limits...
[2025-03-02T19:21:23.521+0000] {logging_mixin.py:190} INFO - Fetching data for year 2009
[2025-03-02T19:21:24.974+0000] {logging_mixin.py:190} INFO - Sleeping for a while to respect API rate limits...
[2025-03-02T19:21:54.988+0000] {logging_mixin.py:190} INFO - Fetching data for year 2010
[2025-03-02T19:21:56.670+0000] {logging_mixin.py:190} INFO - Sleeping for a while to respect API rate limits...
[2025-03-02T19:22:26.684+0000] {logging_mixin.py:190} INFO - Fetching data for year 2011
[2025-03-02T19:22:28.123+0000] {logging_mixin.py:190} INFO - Sleeping for a while to respect API rate limits...
[2025-03-02T19:22:58.133+0000] {logging_mixin.py:190} INFO - Fetching data for year 2012
[2025-03-02T19:22:59.587+0000] {logging_mixin.py:190} INFO - Sleeping for a while to respect API rate limits...
[2025-03-02T19:23:29.600+0000] {logging_mixin.py:190} INFO - Fetching data for year 2013
[2025-03-02T19:23:31.084+0000] {logging_mixin.py:190} INFO - Sleeping for a while to respect API rate limits...
[2025-03-02T19:24:01.101+0000] {logging_mixin.py:190} INFO - Fetching data for year 2014
[2025-03-02T19:24:02.608+0000] {logging_mixin.py:190} INFO - Sleeping for a while to respect API rate limits...
[2025-03-02T19:24:32.622+0000] {logging_mixin.py:190} INFO - Fetching data for year 2015
[2025-03-02T19:24:34.174+0000] {logging_mixin.py:190} INFO - Sleeping for a while to respect API rate limits...
[2025-03-02T19:25:04.188+0000] {logging_mixin.py:190} INFO - Fetching data for year 2016
[2025-03-02T19:25:05.742+0000] {logging_mixin.py:190} INFO - Sleeping for a while to respect API rate limits...
[2025-03-02T19:25:35.757+0000] {logging_mixin.py:190} INFO - Fetching data for year 2017
[2025-03-02T19:25:39.695+0000] {logging_mixin.py:190} INFO - Sleeping for a while to respect API rate limits...
[2025-03-02T19:26:09.836+0000] {logging_mixin.py:190} INFO - Done fetching all years!
[2025-03-02T19:26:09.838+0000] {logging_mixin.py:190} INFO - Extraction completed
[2025-03-02T19:26:13.024+0000] {logging_mixin.py:190} INFO - File hourlyData1967.parquet uploaded to GCS bucket solar-crops-analysis-gcs-bucket
[2025-03-02T19:26:13.118+0000] {logging_mixin.py:190} INFO - File dailyData1967.parquet uploaded to GCS bucket solar-crops-analysis-gcs-bucket
[2025-03-02T19:26:13.394+0000] {logging_mixin.py:190} INFO - File hourlyData1968.parquet uploaded to GCS bucket solar-crops-analysis-gcs-bucket
[2025-03-02T19:26:13.477+0000] {logging_mixin.py:190} INFO - File dailyData1968.parquet uploaded to GCS bucket solar-crops-analysis-gcs-bucket
[2025-03-02T19:26:13.694+0000] {logging_mixin.py:190} INFO - File hourlyData1969.parquet uploaded to GCS bucket solar-crops-analysis-gcs-bucket
[2025-03-02T19:26:13.777+0000] {logging_mixin.py:190} INFO - File dailyData1969.parquet uploaded to GCS bucket solar-crops-analysis-gcs-bucket
[2025-03-02T19:26:14.904+0000] {logging_mixin.py:190} INFO - File hourlyData1970.parquet uploaded to GCS bucket solar-crops-analysis-gcs-bucket
[2025-03-02T19:26:14.979+0000] {logging_mixin.py:190} INFO - File dailyData1970.parquet uploaded to GCS bucket solar-crops-analysis-gcs-bucket
[2025-03-02T19:26:15.157+0000] {logging_mixin.py:190} INFO - File hourlyData1971.parquet uploaded to GCS bucket solar-crops-analysis-gcs-bucket
[2025-03-02T19:26:15.243+0000] {logging_mixin.py:190} INFO - File dailyData1971.parquet uploaded to GCS bucket solar-crops-analysis-gcs-bucket
[2025-03-02T19:26:15.424+0000] {logging_mixin.py:190} INFO - File hourlyData1972.parquet uploaded to GCS bucket solar-crops-analysis-gcs-bucket
[2025-03-02T19:26:15.507+0000] {logging_mixin.py:190} INFO - File dailyData1972.parquet uploaded to GCS bucket solar-crops-analysis-gcs-bucket
[2025-03-02T19:26:15.676+0000] {logging_mixin.py:190} INFO - File hourlyData1973.parquet uploaded to GCS bucket solar-crops-analysis-gcs-bucket
[2025-03-02T19:26:15.767+0000] {logging_mixin.py:190} INFO - File dailyData1973.parquet uploaded to GCS bucket solar-crops-analysis-gcs-bucket
[2025-03-02T19:26:15.940+0000] {logging_mixin.py:190} INFO - File hourlyData1974.parquet uploaded to GCS bucket solar-crops-analysis-gcs-bucket
[2025-03-02T19:26:16.023+0000] {logging_mixin.py:190} INFO - File dailyData1974.parquet uploaded to GCS bucket solar-crops-analysis-gcs-bucket
[2025-03-02T19:26:16.182+0000] {logging_mixin.py:190} INFO - File hourlyData1975.parquet uploaded to GCS bucket solar-crops-analysis-gcs-bucket
[2025-03-02T19:26:16.264+0000] {logging_mixin.py:190} INFO - File dailyData1975.parquet uploaded to GCS bucket solar-crops-analysis-gcs-bucket
[2025-03-02T19:26:16.452+0000] {logging_mixin.py:190} INFO - File hourlyData1976.parquet uploaded to GCS bucket solar-crops-analysis-gcs-bucket
[2025-03-02T19:26:16.530+0000] {logging_mixin.py:190} INFO - File dailyData1976.parquet uploaded to GCS bucket solar-crops-analysis-gcs-bucket
[2025-03-02T19:26:16.712+0000] {logging_mixin.py:190} INFO - File hourlyData1977.parquet uploaded to GCS bucket solar-crops-analysis-gcs-bucket
[2025-03-02T19:26:16.790+0000] {logging_mixin.py:190} INFO - File dailyData1977.parquet uploaded to GCS bucket solar-crops-analysis-gcs-bucket
[2025-03-02T19:26:16.950+0000] {logging_mixin.py:190} INFO - File hourlyData1978.parquet uploaded to GCS bucket solar-crops-analysis-gcs-bucket
[2025-03-02T19:26:17.032+0000] {logging_mixin.py:190} INFO - File dailyData1978.parquet uploaded to GCS bucket solar-crops-analysis-gcs-bucket
[2025-03-02T19:26:17.215+0000] {logging_mixin.py:190} INFO - File hourlyData1979.parquet uploaded to GCS bucket solar-crops-analysis-gcs-bucket
[2025-03-02T19:26:17.291+0000] {logging_mixin.py:190} INFO - File dailyData1979.parquet uploaded to GCS bucket solar-crops-analysis-gcs-bucket
[2025-03-02T19:26:17.451+0000] {logging_mixin.py:190} INFO - File hourlyData1980.parquet uploaded to GCS bucket solar-crops-analysis-gcs-bucket
[2025-03-02T19:26:17.526+0000] {logging_mixin.py:190} INFO - File dailyData1980.parquet uploaded to GCS bucket solar-crops-analysis-gcs-bucket
[2025-03-02T19:26:17.733+0000] {logging_mixin.py:190} INFO - File hourlyData1981.parquet uploaded to GCS bucket solar-crops-analysis-gcs-bucket
[2025-03-02T19:26:17.811+0000] {logging_mixin.py:190} INFO - File dailyData1981.parquet uploaded to GCS bucket solar-crops-analysis-gcs-bucket
[2025-03-02T19:26:17.967+0000] {logging_mixin.py:190} INFO - File hourlyData1982.parquet uploaded to GCS bucket solar-crops-analysis-gcs-bucket
[2025-03-02T19:26:18.044+0000] {logging_mixin.py:190} INFO - File dailyData1982.parquet uploaded to GCS bucket solar-crops-analysis-gcs-bucket
[2025-03-02T19:26:18.201+0000] {logging_mixin.py:190} INFO - File hourlyData1983.parquet uploaded to GCS bucket solar-crops-analysis-gcs-bucket
[2025-03-02T19:26:18.280+0000] {logging_mixin.py:190} INFO - File dailyData1983.parquet uploaded to GCS bucket solar-crops-analysis-gcs-bucket
[2025-03-02T19:26:18.496+0000] {logging_mixin.py:190} INFO - File hourlyData1984.parquet uploaded to GCS bucket solar-crops-analysis-gcs-bucket
[2025-03-02T19:26:18.588+0000] {logging_mixin.py:190} INFO - File dailyData1984.parquet uploaded to GCS bucket solar-crops-analysis-gcs-bucket
[2025-03-02T19:26:18.780+0000] {logging_mixin.py:190} INFO - File hourlyData1985.parquet uploaded to GCS bucket solar-crops-analysis-gcs-bucket
[2025-03-02T19:26:18.860+0000] {logging_mixin.py:190} INFO - File dailyData1985.parquet uploaded to GCS bucket solar-crops-analysis-gcs-bucket
[2025-03-02T19:26:19.018+0000] {logging_mixin.py:190} INFO - File hourlyData1986.parquet uploaded to GCS bucket solar-crops-analysis-gcs-bucket
[2025-03-02T19:26:19.096+0000] {logging_mixin.py:190} INFO - File dailyData1986.parquet uploaded to GCS bucket solar-crops-analysis-gcs-bucket
[2025-03-02T19:26:19.275+0000] {logging_mixin.py:190} INFO - File hourlyData1987.parquet uploaded to GCS bucket solar-crops-analysis-gcs-bucket
[2025-03-02T19:26:19.352+0000] {logging_mixin.py:190} INFO - File dailyData1987.parquet uploaded to GCS bucket solar-crops-analysis-gcs-bucket
[2025-03-02T19:26:19.546+0000] {logging_mixin.py:190} INFO - File hourlyData1988.parquet uploaded to GCS bucket solar-crops-analysis-gcs-bucket
[2025-03-02T19:26:19.621+0000] {logging_mixin.py:190} INFO - File dailyData1988.parquet uploaded to GCS bucket solar-crops-analysis-gcs-bucket
[2025-03-02T19:26:19.786+0000] {logging_mixin.py:190} INFO - File hourlyData1989.parquet uploaded to GCS bucket solar-crops-analysis-gcs-bucket
[2025-03-02T19:26:19.868+0000] {logging_mixin.py:190} INFO - File dailyData1989.parquet uploaded to GCS bucket solar-crops-analysis-gcs-bucket
[2025-03-02T19:26:20.087+0000] {logging_mixin.py:190} INFO - File hourlyData1990.parquet uploaded to GCS bucket solar-crops-analysis-gcs-bucket
[2025-03-02T19:26:20.176+0000] {logging_mixin.py:190} INFO - File dailyData1990.parquet uploaded to GCS bucket solar-crops-analysis-gcs-bucket
[2025-03-02T19:26:20.391+0000] {logging_mixin.py:190} INFO - File hourlyData1991.parquet uploaded to GCS bucket solar-crops-analysis-gcs-bucket
[2025-03-02T19:26:20.471+0000] {logging_mixin.py:190} INFO - File dailyData1991.parquet uploaded to GCS bucket solar-crops-analysis-gcs-bucket
[2025-03-02T19:26:20.682+0000] {logging_mixin.py:190} INFO - File hourlyData1992.parquet uploaded to GCS bucket solar-crops-analysis-gcs-bucket
[2025-03-02T19:26:20.756+0000] {logging_mixin.py:190} INFO - File dailyData1992.parquet uploaded to GCS bucket solar-crops-analysis-gcs-bucket
[2025-03-02T19:26:20.913+0000] {logging_mixin.py:190} INFO - File hourlyData1993.parquet uploaded to GCS bucket solar-crops-analysis-gcs-bucket
[2025-03-02T19:26:20.992+0000] {logging_mixin.py:190} INFO - File dailyData1993.parquet uploaded to GCS bucket solar-crops-analysis-gcs-bucket
[2025-03-02T19:26:21.180+0000] {logging_mixin.py:190} INFO - File hourlyData1994.parquet uploaded to GCS bucket solar-crops-analysis-gcs-bucket
[2025-03-02T19:26:21.271+0000] {logging_mixin.py:190} INFO - File dailyData1994.parquet uploaded to GCS bucket solar-crops-analysis-gcs-bucket
[2025-03-02T19:26:21.471+0000] {logging_mixin.py:190} INFO - File hourlyData1995.parquet uploaded to GCS bucket solar-crops-analysis-gcs-bucket
[2025-03-02T19:26:21.554+0000] {logging_mixin.py:190} INFO - File dailyData1995.parquet uploaded to GCS bucket solar-crops-analysis-gcs-bucket
[2025-03-02T19:26:21.788+0000] {logging_mixin.py:190} INFO - File hourlyData1996.parquet uploaded to GCS bucket solar-crops-analysis-gcs-bucket
[2025-03-02T19:26:21.884+0000] {logging_mixin.py:190} INFO - File dailyData1996.parquet uploaded to GCS bucket solar-crops-analysis-gcs-bucket
[2025-03-02T19:26:22.047+0000] {logging_mixin.py:190} INFO - File hourlyData1997.parquet uploaded to GCS bucket solar-crops-analysis-gcs-bucket
[2025-03-02T19:26:22.137+0000] {logging_mixin.py:190} INFO - File dailyData1997.parquet uploaded to GCS bucket solar-crops-analysis-gcs-bucket
[2025-03-02T19:26:22.331+0000] {logging_mixin.py:190} INFO - File hourlyData1998.parquet uploaded to GCS bucket solar-crops-analysis-gcs-bucket
[2025-03-02T19:26:22.407+0000] {logging_mixin.py:190} INFO - File dailyData1998.parquet uploaded to GCS bucket solar-crops-analysis-gcs-bucket
[2025-03-02T19:26:22.592+0000] {logging_mixin.py:190} INFO - File hourlyData1999.parquet uploaded to GCS bucket solar-crops-analysis-gcs-bucket
[2025-03-02T19:26:22.664+0000] {logging_mixin.py:190} INFO - File dailyData1999.parquet uploaded to GCS bucket solar-crops-analysis-gcs-bucket
[2025-03-02T19:26:22.833+0000] {logging_mixin.py:190} INFO - File hourlyData2000.parquet uploaded to GCS bucket solar-crops-analysis-gcs-bucket
[2025-03-02T19:26:22.911+0000] {logging_mixin.py:190} INFO - File dailyData2000.parquet uploaded to GCS bucket solar-crops-analysis-gcs-bucket
[2025-03-02T19:26:23.068+0000] {logging_mixin.py:190} INFO - File hourlyData2001.parquet uploaded to GCS bucket solar-crops-analysis-gcs-bucket
[2025-03-02T19:26:23.159+0000] {logging_mixin.py:190} INFO - File dailyData2001.parquet uploaded to GCS bucket solar-crops-analysis-gcs-bucket
[2025-03-02T19:26:23.317+0000] {logging_mixin.py:190} INFO - File hourlyData2002.parquet uploaded to GCS bucket solar-crops-analysis-gcs-bucket
[2025-03-02T19:26:23.397+0000] {logging_mixin.py:190} INFO - File dailyData2002.parquet uploaded to GCS bucket solar-crops-analysis-gcs-bucket
[2025-03-02T19:26:23.604+0000] {logging_mixin.py:190} INFO - File hourlyData2003.parquet uploaded to GCS bucket solar-crops-analysis-gcs-bucket
[2025-03-02T19:26:23.687+0000] {logging_mixin.py:190} INFO - File dailyData2003.parquet uploaded to GCS bucket solar-crops-analysis-gcs-bucket
[2025-03-02T19:26:23.844+0000] {logging_mixin.py:190} INFO - File hourlyData2004.parquet uploaded to GCS bucket solar-crops-analysis-gcs-bucket
[2025-03-02T19:26:23.922+0000] {logging_mixin.py:190} INFO - File dailyData2004.parquet uploaded to GCS bucket solar-crops-analysis-gcs-bucket
[2025-03-02T19:26:24.078+0000] {logging_mixin.py:190} INFO - File hourlyData2005.parquet uploaded to GCS bucket solar-crops-analysis-gcs-bucket
[2025-03-02T19:26:24.158+0000] {logging_mixin.py:190} INFO - File dailyData2005.parquet uploaded to GCS bucket solar-crops-analysis-gcs-bucket
[2025-03-02T19:26:24.364+0000] {logging_mixin.py:190} INFO - File hourlyData2006.parquet uploaded to GCS bucket solar-crops-analysis-gcs-bucket
[2025-03-02T19:26:24.443+0000] {logging_mixin.py:190} INFO - File dailyData2006.parquet uploaded to GCS bucket solar-crops-analysis-gcs-bucket
[2025-03-02T19:26:24.594+0000] {logging_mixin.py:190} INFO - File hourlyData2007.parquet uploaded to GCS bucket solar-crops-analysis-gcs-bucket
[2025-03-02T19:26:24.671+0000] {logging_mixin.py:190} INFO - File dailyData2007.parquet uploaded to GCS bucket solar-crops-analysis-gcs-bucket
[2025-03-02T19:26:24.824+0000] {logging_mixin.py:190} INFO - File hourlyData2008.parquet uploaded to GCS bucket solar-crops-analysis-gcs-bucket
[2025-03-02T19:26:24.904+0000] {logging_mixin.py:190} INFO - File dailyData2008.parquet uploaded to GCS bucket solar-crops-analysis-gcs-bucket
[2025-03-02T19:26:25.107+0000] {logging_mixin.py:190} INFO - File hourlyData2009.parquet uploaded to GCS bucket solar-crops-analysis-gcs-bucket
[2025-03-02T19:26:25.212+0000] {logging_mixin.py:190} INFO - File dailyData2009.parquet uploaded to GCS bucket solar-crops-analysis-gcs-bucket
[2025-03-02T19:26:25.363+0000] {logging_mixin.py:190} INFO - File hourlyData2010.parquet uploaded to GCS bucket solar-crops-analysis-gcs-bucket
[2025-03-02T19:26:25.440+0000] {logging_mixin.py:190} INFO - File dailyData2010.parquet uploaded to GCS bucket solar-crops-analysis-gcs-bucket
[2025-03-02T19:26:25.631+0000] {logging_mixin.py:190} INFO - File hourlyData2011.parquet uploaded to GCS bucket solar-crops-analysis-gcs-bucket
[2025-03-02T19:26:25.711+0000] {logging_mixin.py:190} INFO - File dailyData2011.parquet uploaded to GCS bucket solar-crops-analysis-gcs-bucket
[2025-03-02T19:26:25.866+0000] {logging_mixin.py:190} INFO - File hourlyData2012.parquet uploaded to GCS bucket solar-crops-analysis-gcs-bucket
[2025-03-02T19:26:25.946+0000] {logging_mixin.py:190} INFO - File dailyData2012.parquet uploaded to GCS bucket solar-crops-analysis-gcs-bucket
[2025-03-02T19:26:26.121+0000] {logging_mixin.py:190} INFO - File hourlyData2013.parquet uploaded to GCS bucket solar-crops-analysis-gcs-bucket
[2025-03-02T19:26:26.200+0000] {logging_mixin.py:190} INFO - File dailyData2013.parquet uploaded to GCS bucket solar-crops-analysis-gcs-bucket
[2025-03-02T19:26:26.366+0000] {logging_mixin.py:190} INFO - File hourlyData2014.parquet uploaded to GCS bucket solar-crops-analysis-gcs-bucket
[2025-03-02T19:26:26.442+0000] {logging_mixin.py:190} INFO - File dailyData2014.parquet uploaded to GCS bucket solar-crops-analysis-gcs-bucket
[2025-03-02T19:26:26.606+0000] {logging_mixin.py:190} INFO - File hourlyData2015.parquet uploaded to GCS bucket solar-crops-analysis-gcs-bucket
[2025-03-02T19:26:26.676+0000] {logging_mixin.py:190} INFO - File dailyData2015.parquet uploaded to GCS bucket solar-crops-analysis-gcs-bucket
[2025-03-02T19:26:26.850+0000] {logging_mixin.py:190} INFO - File hourlyData2016.parquet uploaded to GCS bucket solar-crops-analysis-gcs-bucket
[2025-03-02T19:26:26.931+0000] {logging_mixin.py:190} INFO - File dailyData2016.parquet uploaded to GCS bucket solar-crops-analysis-gcs-bucket
[2025-03-02T19:26:27.093+0000] {logging_mixin.py:190} INFO - File hourlyData2017.parquet uploaded to GCS bucket solar-crops-analysis-gcs-bucket
[2025-03-02T19:26:27.170+0000] {logging_mixin.py:190} INFO - File dailyData2017.parquet uploaded to GCS bucket solar-crops-analysis-gcs-bucket
[2025-03-02T19:26:41.886+0000] {job.py:229} INFO - Heartbeat recovered after 14.82 seconds
[2025-03-02T19:26:42.081+0000] {local_task_job_runner.py:266} INFO - Task exited with return code -9. For more information, see https://***.apache.org/docs/apache-***/stable/troubleshooting.html#LocalTaskJob-killed
[2025-03-02T19:26:42.429+0000] {taskinstance.py:3895} INFO - 0 downstream tasks scheduled from follow-on schedule check
[2025-03-02T19:26:42.435+0000] {local_task_job_runner.py:245} INFO - ::endgroup::
